    {
      "event_id": 10000,
      "provider": "Microsoft-Windows-NetworkProfile",
      "timestamp": "2026-07-28T17:39:59.687875+00:00",
      "computer": "DESKTOP-M3EFNJH",
      "level": "4",
      "channel": "Microsoft-Windows-NetworkProfile/Operational",
      "record_id": "18",
      "event_data": {
        "Name": "Network",
        "Description": "Network",
        "Guid": "DCDD2477-0578-4437-9532-AEE69ACD2CDE",
        "Type": "0",
        "State": "17",
        "Category": "0"
      },
      "source_format": "evtx",
      "file": "Microsoft-Windows-NetworkProfile%4Operational.evtx"
    },
    {
      "event_id": 4002,
      "provider": "Microsoft-Windows-NetworkProfile",
      "timestamp": "2026-07-28T17:39:59.569472+00:00",
      "computer": "DESKTOP-M3EFNJH",
      "level": "4",
      "channel": "Microsoft-Windows-NetworkProfile/Operational",
      "record_id": "17",
      "event_data": {
        "InterfaceGuid": "64ABF016-C8E4-44C6-A223-9B5614B7734F",
        "CurrentOrNextState": "1"
      },
      "source_format": "evtx",
      "file": "Microsoft-Windows-NetworkProfile%4Operational.evtx"
    },
    {
      "event_id": 10000,
      "provider": "Microsoft-Windows-NetworkProfile",
      "timestamp": "2026-07-28T17:39:56.211767+00:00",
      "computer": "DESKTOP-M3EFNJH",
      "level": "4",
      "channel": "Microsoft-Windows-NetworkProfile/Operational",
      "record_id": "15",
      "event_data": {
        "Name": "Identifying...",
        "Description": "Identifying...",
        "Guid": "1835A996-D209-4540-8D32-5D04D3081027",
        "Type": "0",
        "State": "1",
        "Category": "0"
      },
      "source_format": "evtx",
      "file": "Microsoft-Windows-NetworkProfile%4Operational.evtx"
    },
    {
      "event_id": 4001,
      "provider": "Microsoft-Windows-NetworkProfile",
      "timestamp": "2026-07-28T17:39:56.211274+00:00",
      "computer": "DESKTOP-M3EFNJH",
      "level": "4",
      "channel": "Microsoft-Windows-NetworkProfile/Operational",
      "record_id": "14",
      "event_data": {
        "InterfaceGuid": "64ABF016-C8E4-44C6-A223-9B5614B7734F",
        "CurrentOrNextState": "0"
      },
      "source_format": "evtx",
      "file": "Microsoft-Windows-NetworkProfile%4Operational.evtx"
    },
    {
      "event_id": 576,
      "provider": "Microsoft-Windows-StorPort",
      "timestamp": "2026-07-28T17:38:51.278028+00:00",
      "computer": "DESKTOP-M3EFNJH",
      "level": "4",
      "channel": "Microsoft-Windows-Storage-Storport/Operational",
      "record_id": "24",
      "event_data": {
        "AdapterGuid": "9CCF5A3B-8A13-11F1-BEEE-806E6F6E6963",
        "PortNumber": "4294967295",
        "AdapterHardwareId": "PCI\\VEN_8086&DEV_2829&SUBSYS_00000000&REV_02",
        "MiniportName": "storahci",
        "AdapterInterfaceType": "5",
        "Flags": "4535619747872",
        "AllowStorageD3": "true",
        "AcpiDsdProperty": "4294967295",
        "StorageD3RegistryState": "4294967295",
        "StorageD3Enable": "true",
        "DirectedFxEnable": "true",
        "TunneledDevice": "false"
      },
      "source_format": "evtx",
      "file": "Microsoft-Windows-Storage-Storport%4Operational.evtx"
    },
    {
      "event_id": 3,
      "provider": "Microsoft-Windows-Kernel-ShimEngine",
      "timestamp": "2026-07-28T17:38:51.200222+00:00",
      "computer": "DESKTOP-M3EFNJH",
      "level": "4",
      "channel": "Microsoft-Windows-Kernel-ShimEngine/Operational",
      "record_id": "34",
      "event_data": {
        "DriverName": "storahci.sys",
        "ShimSource": "0",
        "ShimCount": "1",
        "AppliedGuids": "{434abafd-08fa-4c3d-a88d-d09a88e2ab17}"
      },
      "source_format": "evtx",
      "file": "Microsoft-Windows-Kernel-ShimEngine%4Operational.evtx"
    },
    {
      "event_id": 1002,
      "provider": "Microsoft-Windows-Resource-Exhaustion-Detector",
      "timestamp": "2026-07-27T23:50:08.898944+00:00",
      "computer": "DESKTOP-M3EFNJH",
      "level": "4",
      "channel": "Microsoft-Windows-Resource-Exhaustion-Detector/Operational",
      "record_id": "6",
      "event_data": {},
      "source_format": "evtx",
      "file": "Microsoft-Windows-Resource-Exhaustion-Detector%4Operational.evtx"
    },
    {
      "event_id": 3,
      "provider": "Microsoft-Windows-User Profiles Service",
      "timestamp": "2026-07-27T23:50:07.772664+00:00",
      "computer": "DESKTOP-M3EFNJH",
      "level": "4",
      "channel": "Microsoft-Windows-User Profile Service/Operational",
      "record_id": "44",
      "event_data": {
        "Session": "1"
      },
      "source_format": "evtx",
      "file": "Microsoft-Windows-User Profile Service%4Operational.evtx"
    },
    {
      "event_id": 8001,
      "provider": "Microsoft-Windows-Store",
      "timestamp": "2026-07-27T23:50:05.864358+00:00",
      "computer": "DESKTOP-M3EFNJH",
      "level": "4",
      "channel": "Microsoft-Windows-Store/Operational",
      "record_id": "3483",
      "event_data": {
        "Message": "Skipping license manager: PFN MicrosoftWindows.Client.WebExperience_526.17301.40.0_x64__cw5n1h2txyewy",
        "Function": "InvokeLicenseManagerRequired",
        "Source": "onecoreuap\\enduser\\winstore\\licensemanager\\apisethost\\activationapis.cpp",
        "Line Number": "373"
      },
      "source_format": "evtx",
      "file": "Microsoft-Windows-Store%4Operational.evtx"
    },
    {
      "event_id": 8001,
      "provider": "Microsoft-Windows-Store",
      "timestamp": "2026-07-27T23:50:05.834502+00:00",
      "computer": "DESKTOP-M3EFNJH",
      "level": "4",
      "channel": "Microsoft-Windows-Store/Operational",
      "record_id": "3482",
      "event_data": {
        "Message": "Skipping license manager: PFN Microsoft.WidgetsPlatformRuntime_1.6.14.0_x64__8wekyb3d8bbwe",
        "Function": "InvokeLicenseManagerRequired",
        "Source": "onecoreuap\\enduser\\winstore\\licensemanager\\apisethost\\activationapis.cpp",
        "Line Number": "373"
      },
      "source_format": "evtx",
      "file": "Microsoft-Windows-Store%4Operational.evtx"
    },
    {
      "event_id": 3,
      "provider": "Microsoft-Windows-User Profiles Service",
      "timestamp": "2026-07-27T23:50:05.528837+00:00",
      "computer": "DESKTOP-M3EFNJH",
      "level": "4",
      "channel": "Microsoft-Windows-User Profile Service/Operational",
      "record_id": "42",
      "event_data": {
        "Session": "2"
      },
      "source_format": "evtx",
      "file": "Microsoft-Windows-User Profile Service%4Operational.evtx"
    },
    {
      "event_id": 3008,
      "provider": "Microsoft-Windows-PushNotifications-Platform",
      "timestamp": "2026-07-27T23:50:05.197796+00:00",
      "computer": "DESKTOP-M3EFNJH",
      "level": "4",
      "channel": "Microsoft-Windows-PushNotification-Platform/Operational",
      "record_id": "735",
      "event_data": {
        "SessionId": "1"
      },
      "source_format": "evtx",
      "file": "Microsoft-Windows-PushNotification-Platform%4Operational.evtx"
    },
    {
      "event_id": 8001,
      "provider": "Microsoft-Windows-Store",
      "timestamp": "2026-07-27T23:50:04.284038+00:00",
      "computer": "DESKTOP-M3EFNJH",
      "level": "4",
      "channel": "Microsoft-Windows-Store/Operational",
      "record_id": "3481",
      "event_data": {
        "Message": "Skipping license manager: PFN MicrosoftWindows.CrossDevice_0.25112.60.0_x64__cw5n1h2txyewy",
        "Function": "InvokeLicenseManagerRequired",
        "Source": "onecoreuap\\enduser\\winstore\\licensemanager\\apisethost\\activationapis.cpp",
        "Line Number": "373"
      },
      "source_format": "evtx",
      "file": "Microsoft-Windows-Store%4Operational.evtx"
    },
    {
      "event_id": 8001,
      "provider": "Microsoft-Windows-Store",
      "timestamp": "2026-07-27T23:50:04.263215+00:00",
      "computer": "DESKTOP-M3EFNJH",
      "level": "4",
      "channel": "Microsoft-Windows-Store/Operational",
      "record_id": "3480",
      "event_data": {
        "Message": "Skipping license manager: PFN Microsoft.WindowsStore_22606.1401.10.0_x64__8wekyb3d8bbwe",
        "Function": "InvokeLicenseManagerRequired",
        "Source": "onecoreuap\\enduser\\winstore\\licensemanager\\apisethost\\activationapis.cpp",
        "Line Number": "373"
      },
      "source_format": "evtx",
      "file": "Microsoft-Windows-Store%4Operational.evtx"
    },
    {
      "event_id": 8001,
      "provider": "Microsoft-Windows-Store",
      "timestamp": "2026-07-27T23:50:04.251440+00:00",
      "computer": "DESKTOP-M3EFNJH",
      "level": "4",
      "channel": "Microsoft-Windows-Store/Operational",
      "record_id": "3479",
      "event_data": {
        "Message": "Skipping license manager: PFN Microsoft.YourPhone_0.25112.39.0_x64__8wekyb3d8bbwe",
        "Function": "InvokeLicenseManagerRequired",
        "Source": "onecoreuap\\enduser\\winstore\\licensemanager\\apisethost\\activationapis.cpp",
        "Line Number": "373"
      },
      "source_format": "evtx",
      "file": "Microsoft-Windows-Store%4Operational.evtx"
    },
    {
      "event_id": 8001,
      "provider": "Microsoft-Windows-Store",
      "timestamp": "2026-07-27T23:50:03.614869+00:00",
      "computer": "DESKTOP-M3EFNJH",
      "level": "4",
      "channel": "Microsoft-Windows-Store/Operational",
      "record_id": "3478",
      "event_data": {
        "Message": "Skipping license manager: PFN MicrosoftWindows.Client.WebExperience_526.17301.40.0_x64__cw5n1h2txyewy",
        "Function": "InvokeLicenseManagerRequired",
        "Source": "onecoreuap\\enduser\\winstore\\licensemanager\\apisethost\\activationapis.cpp",
        "Line Number": "373"
      },
      "source_format": "evtx",
      "file": "Microsoft-Windows-Store%4Operational.evtx"
    },
    {
      "event_id": 8001,
      "provider": "Microsoft-Windows-Store",
      "timestamp": "2026-07-27T23:50:03.556623+00:00",
      "computer": "DESKTOP-M3EFNJH",
      "level": "4",
      "channel": "Microsoft-Windows-Store/Operational",
      "record_id": "3477",
      "event_data": {
        "Message": "Skipping license manager: PFN Microsoft.WidgetsPlatformRuntime_1.6.14.0_x64__8wekyb3d8bbwe",
        "Function": "InvokeLicenseManagerRequired",
        "Source": "onecoreuap\\enduser\\winstore\\licensemanager\\apisethost\\activationapis.cpp",
        "Line Number": "373"
      },
      "source_format": "evtx",
      "file": "Microsoft-Windows-Store%4Operational.evtx"
    },
    {
      "event_id": 1002,
      "provider": "Microsoft-Windows-KnownFolders",
      "timestamp": "2026-07-27T23:48:35.449154+00:00",
      "computer": "DESKTOP-M3EFNJH",
      "level": "3",
      "channel": "Microsoft-Windows-Known Folders API Service",
      "record_id": "82",
      "event_data": {
        "hrError": "0x80070005",
        "FolderId": "62AB5D82-FDC1-4DC3-A9DD-070D1D495D97",
        "Path": "C:\\ProgramData"
      },
      "source_format": "evtx",
      "file": "Microsoft-Windows-Known Folders API Service.evtx"
    },
    {
      "event_id": 8001,
      "provider": "Microsoft-Windows-Store",
      "timestamp": "2026-07-27T23:48:32.643409+00:00",
      "computer": "DESKTOP-M3EFNJH",
      "level": "4",
      "channel": "Microsoft-Windows-Store/Operational",
      "record_id": "3476",
      "event_data": {
        "Message": "Set results for lease = 0x0, policy = 0, operation = 0, Leasebehavior = 0",
        "Function": "KeyMachine::DoSetResult",
        "Source": "onecoreuap\\enduser\\winstore\\licensemanager\\lib\\keymachine.cpp",
        "Line Number": "1520"
      },
      "source_format": "evtx",
      "file": "Microsoft-Windows-Store%4Operational.evtx"
    },
    {
      "event_id": 8001,
      "provider": "Microsoft-Windows-Store",
      "timestamp": "2026-07-27T23:48:32.642414+00:00",
      "computer": "DESKTOP-M3EFNJH",
      "level": "4",
      "channel": "Microsoft-Windows-Store/Operational",
      "record_id": "3473",
      "event_data": {
        "Message": "Failure Message: onecoreuap\\enduser\\winstore\\licensemanager\\lib\\applicensemanager.cpp(447)\\LicenseManager.dll!00007FFA5996F624: (caller: 00007FFA715436B3) Exception(16) tid(1470) 803F7001 ",
        "Function": "",
        "Source": "onecoreuap\\enduser\\winstore\\licensemanager\\lib\\applicensemanager.cpp",
        "Line Number": "450"
      },
      "source_format": "evtx",
      "file": "Microsoft-Windows-Store%4Operational.evtx"
    },
    {
      "event_id": 8002,
      "provider": "Microsoft-Windows-Store",
      "timestamp": "2026-07-27T23:48:32.642383+00:00",
      "computer": "DESKTOP-M3EFNJH",
      "level": "3",
      "channel": "Microsoft-Windows-Store/Operational",
      "record_id": "3472",
      "event_data": {
        "Message": "Failure Message: hr: 0x803f7001",
        "Function": "",
        "Source": "onecoreuap\\enduser\\winstore\\licensemanager\\lib\\applicensemanager.cpp",
        "Line Number": "447"
      },
      "source_format": "evtx",
      "file": "Microsoft-Windows-Store%4Operational.evtx"
    },
    {
      "event_id": 8002,
      "provider": "Microsoft-Windows-Store",
      "timestamp": "2026-07-27T23:48:32.642342+00:00",
      "computer": "DESKTOP-M3EFNJH",
      "level": "3",
      "channel": "Microsoft-Windows-Store/Operational",
      "record_id": "3471",
      "event_data": {
        "Message": "Failure Message: hr: 0x803f7001",
        "Function": "",
        "Source": "onecoreuap\\enduser\\winstore\\licensemanager\\lib\\managercore.cpp",
        "Line Number": "171"
      },
      "source_format": "evtx",
      "file": "Microsoft-Windows-Store%4Operational.evtx"
    },
    {
      "event_id": 8001,
      "provider": "Microsoft-Windows-Store",
      "timestamp": "2026-07-27T23:48:32.642207+00:00",
      "computer": "DESKTOP-M3EFNJH",
      "level": "4",
      "channel": "Microsoft-Windows-Store/Operational",
      "record_id": "3469",
      "event_data": {
        "Message": "Set results for lease = 0x0, policy = 0, operation = 3, Leasebehavior = 0",
        "Function": "KeyMachine::DoSetResult",
        "Source": "onecoreuap\\enduser\\winstore\\licensemanager\\lib\\keymachine.cpp",
        "Line Number": "1520"
      },
      "source_format": "evtx",
      "file": "Microsoft-Windows-Store%4Operational.evtx"
    },
    {
      "event_id": 8001,
      "provider": "Microsoft-Windows-Store",
      "timestamp": "2026-07-27T23:48:32.642194+00:00",
      "computer": "DESKTOP-M3EFNJH",
      "level": "4",
      "channel": "Microsoft-Windows-Store/Operational",
      "record_id": "3467",
      "event_data": {
        "Message": "Failure Message: onecoreuap\\enduser\\winstore\\licensemanager\\lib\\managercore.cpp(1817)\\LicenseManager.dll!00007FFA599374CB: (caller: 00007FFA5993DE12) Exception(14) tid(11a0) 803F7001 ",
        "Function": "",
        "Source": "onecoreuap\\enduser\\winstore\\licensemanager\\lib\\keymachine.cpp",
        "Line Number": "1012"
      },
      "source_format": "evtx",
      "file": "Microsoft-Windows-Store%4Operational.evtx"
    },
    {
      "event_id": 8002,
      "provider": "Microsoft-Windows-Store",
      "timestamp": "2026-07-27T23:48:32.642160+00:00",
      "computer": "DESKTOP-M3EFNJH",
      "level": "3",
      "channel": "Microsoft-Windows-Store/Operational",
      "record_id": "3466",
      "event_data": {
        "Message": "Failure Message: hr: 0x803f7001",
        "Function": "",
        "Source": "onecoreuap\\enduser\\winstore\\licensemanager\\lib\\managercore.cpp",
        "Line Number": "1817"
      },
      "source_format": "evtx",
      "file": "Microsoft-Windows-Store%4Operational.evtx"
    },
    {
      "event_id": 8001,
      "provider": "Microsoft-Windows-Store",
      "timestamp": "2026-07-27T23:48:32.642147+00:00",
      "computer": "DESKTOP-M3EFNJH",
      "level": "4",
      "channel": "Microsoft-Windows-Store/Operational",
      "record_id": "3465",
      "event_data": {
        "Message": "Error 0x803f7001 in getting response, not retrying",
        "Function": "LicenseProxyService::RequestLicenseForContentWithId",
        "Source": "onecoreuap\\enduser\\winstore\\licensemanager\\lib\\proxy.cpp",
        "Line Number": "381"
      },
      "source_format": "evtx",
      "file": "Microsoft-Windows-Store%4Operational.evtx"
    },
    {
      "event_id": 8001,
      "provider": "Microsoft-Windows-Store",
      "timestamp": "2026-07-27T23:48:32.642146+00:00",
      "computer": "DESKTOP-M3EFNJH",
      "level": "4",
      "channel": "Microsoft-Windows-Store/Operational",
      "record_id": "3464",
      "event_data": {
        "Message": "Failure Message: onecoreuap\\enduser\\winstore\\licensemanager\\lib\\proxy.cpp(358)\\LicenseManager.dll!00007FFA59945498: (caller: 00007FFA5993704A) Exception(13) tid(11a0) 803F7001 ",
        "Function": "",
        "Source": "onecoreuap\\enduser\\winstore\\licensemanager\\lib\\proxy.cpp",
        "Line Number": "367"
      },
      "source_format": "evtx",
      "file": "Microsoft-Windows-Store%4Operational.evtx"
    },
    {
      "event_id": 8002,
      "provider": "Microsoft-Windows-Store",
      "timestamp": "2026-07-27T23:48:32.642052+00:00",
      "computer": "DESKTOP-M3EFNJH",
      "level": "3",
      "channel": "Microsoft-Windows-Store/Operational",
      "record_id": "3463",
      "event_data": {
        "Message": "Failure Message: hr: 0x803f7001",
        "Function": "",
        "Source": "onecoreuap\\enduser\\winstore\\licensemanager\\lib\\proxy.cpp",
        "Line Number": "358"
      },
      "source_format": "evtx",
      "file": "Microsoft-Windows-Store%4Operational.evtx"
    },
    {
      "event_id": 8003,
      "provider": "Microsoft-Windows-Store",
      "timestamp": "2026-07-27T23:48:32.642037+00:00",
      "computer": "DESKTOP-M3EFNJH",
      "level": "2",
      "channel": "Microsoft-Windows-Store/Operational",
      "record_id": "3462",
      "event_data": {
        "Message": "Satisfaction error from service: 4096: Users do not possess any satisfying entitlements for the operating system content id in question. (Corr: 3FAql8UzSEqm8qM+.4, Svr: ent-7d76669b56-xvm6w), token broker error: 0x00000000, number of MSA tickets: 0, number of AAD tickets: 0, ContentId: 1a1aa123-c15c-5111-d443-bc9613e219dd, PackageFamilyName: (null), ValidExistingKey: False, HResult: 0x803f7001",
        "Function": "LogSatisfactionError",
        "Source": "onecoreuap\\enduser\\winstore\\licensemanager\\lib\\telemetry.cpp",
        "Line Number": "186"
      },
      "source_format": "evtx",
      "file": "Microsoft-Windows-Store%4Operational.evtx"
    },
    {
      "event_id": 8001,
      "provider": "Microsoft-Windows-Store",
      "timestamp": "2026-07-27T23:48:32.642007+00:00",
      "computer": "DESKTOP-M3EFNJH",
      "level": "4",
      "channel": "Microsoft-Windows-Store/Operational",
      "record_id": "3461",
      "event_data": {
        "Message": "License Response: 0 leases, 0 keys for contentId 1a1aa123-c15c-5111-d443-bc9613e219dd (Corr: 3FAql8UzSEqm8qM+.4, Svr: ent-7d76669b56-xvm6w)",
        "Function": "LogRequestLicenseSuccess",
        "Source": "onecoreuap\\enduser\\winstore\\licensemanager\\lib\\telemetry.cpp",
        "Line Number": "246"
      },
      "source_format": "evtx",
      "file": "Microsoft-Windows-Store%4Operational.evtx"
    },
    {
      "event_id": 8001,
      "provider": "Microsoft-Windows-Store",
      "timestamp": "2026-07-27T23:48:32.308616+00:00",
      "computer": "DESKTOP-M3EFNJH",
      "level": "4",
      "channel": "Microsoft-Windows-Store/Operational",
      "record_id": "3460",
      "event_data": {
        "Message": "Requesting license for 1a1aa123-c15c-5111-d443-bc9613e219dd at /v7.0/licenses/content (https://licensing.mp.microsoft.com) (Corr: 3FAql8UzSEqm8qM+.4)",
        "Function": "LicenseProxyService::DoRequestLicense",
        "Source": "onecoreuap\\enduser\\winstore\\licensemanager\\lib\\proxy.cpp",
        "Line Number": "2044"
      },
      "source_format": "evtx",
      "file": "Microsoft-Windows-Store%4Operational.evtx"
    },
    {
      "event_id": 8001,
      "provider": "Microsoft-Windows-Store",
      "timestamp": "2026-07-27T23:48:32.290798+00:00",
      "computer": "DESKTOP-M3EFNJH",
      "level": "4",
      "channel": "Microsoft-Windows-Store/Operational",
      "record_id": "3459",
      "event_data": {
        "Message": "Identity capture succeeded",
        "Function": "SingleUserStoredIdentitySnapshot::CaptureIdentity",
        "Source": "onecoreuap\\enduser\\winstore\\licensemanager\\lib\\identity.cpp",
        "Line Number": "441"
      },
      "source_format": "evtx",
      "file": "Microsoft-Windows-Store%4Operational.evtx"
    },
    {
      "event_id": 8002,
      "provider": "Microsoft-Windows-Store",
      "timestamp": "2026-07-27T23:48:32.290789+00:00",
      "computer": "DESKTOP-M3EFNJH",
      "level": "3",
      "channel": "Microsoft-Windows-Store/Operational",
      "record_id": "3458",
      "event_data": {
        "Message": "No user tickets captured for S-1-5-21-2258862260-369175572-2896348786-1002, so this might not end well. HRESULT of WAM call: 0x00000000.",
        "Function": "SingleUserStoredIdentitySnapshot::CaptureIdentity",
        "Source": "onecoreuap\\enduser\\winstore\\licensemanager\\lib\\identity.cpp",
        "Line Number": "419"
      },
      "source_format": "evtx",
      "file": "Microsoft-Windows-Store%4Operational.evtx"
    },
    {
      "event_id": 8001,
      "provider": "Microsoft-Windows-Store",
      "timestamp": "2026-07-27T23:48:32.091364+00:00",
      "computer": "DESKTOP-M3EFNJH",
      "level": "4",
      "channel": "Microsoft-Windows-Store/Operational",
      "record_id": "3457",
      "event_data": {
        "Message": "Getting user tickets for S-1-5-21-2258862260-369175572-2896348786-1002",
        "Function": "SingleUserStoredIdentitySnapshot::CaptureIdentity",
        "Source": "onecoreuap\\enduser\\winstore\\licensemanager\\lib\\identity.cpp",
        "Line Number": "351"
      },
      "source_format": "evtx",
      "file": "Microsoft-Windows-Store%4Operational.evtx"
    },
    {
      "event_id": 8001,
      "provider": "Microsoft-Windows-Store",
      "timestamp": "2026-07-27T23:48:32.078260+00:00",
      "computer": "DESKTOP-M3EFNJH",
      "level": "4",
      "channel": "Microsoft-Windows-Store/Operational",
      "record_id": "3456",
      "event_data": {
        "Message": "No key document found for contentid 1a1aa123-c15c-5111-d443-bc9613e219dd",
        "Function": "ClipStorage::GetKeyDocumentForContentWithIdAndMinQuality",
        "Source": "onecoreuap\\enduser\\winstore\\licensemanager\\lib\\clipstorage.cpp",
        "Line Number": "269"
      },
      "source_format": "evtx",
      "file": "Microsoft-Windows-Store%4Operational.evtx"
    },
    {
      "event_id": 8001,
      "provider": "Microsoft-Windows-Store",
      "timestamp": "2026-07-27T23:48:32.063621+00:00",
      "computer": "DESKTOP-M3EFNJH",
      "level": "4",
      "channel": "Microsoft-Windows-Store/Operational",
      "record_id": "3454",
      "event_data": {
        "Message": "000002385F1E9FF0: BeginLicense: Operation 3, CachedLeaseOK true, RequireServiceValidation false",
        "Function": "KeyMachine::DoBeginLicense",
        "Source": "onecoreuap\\enduser\\winstore\\licensemanager\\lib\\keymachine.cpp",
        "Line Number": "819"
      },
      "source_format": "evtx",
      "file": "Microsoft-Windows-Store%4Operational.evtx"
    },
    {
      "event_id": 8001,
      "provider": "Microsoft-Windows-Store",
      "timestamp": "2026-07-27T23:48:32.059207+00:00",
      "computer": "DESKTOP-M3EFNJH",
      "level": "4",
      "channel": "Microsoft-Windows-Store/Operational",
      "record_id": "3451",
      "event_data": {
        "Message": "000002385F1E9FF0: Key Machine for content: 1a1aa123-c15c-5111-d443-bc9613e219dd",
        "Function": "KeyMachine::KeyMachine",
        "Source": "onecoreuap\\enduser\\winstore\\licensemanager\\lib\\keymachine.cpp",
        "Line Number": "95"
      },
      "source_format": "evtx",
      "file": "Microsoft-Windows-Store%4Operational.evtx"
    },
    {
      "event_id": 8001,
      "provider": "Microsoft-Windows-Store",
      "timestamp": "2026-07-27T23:48:32.059158+00:00",
      "computer": "DESKTOP-M3EFNJH",
      "level": "4",
      "channel": "Microsoft-Windows-Store/Operational",
      "record_id": "3450",
      "event_data": {
        "Message": "Licensing 1a1aa123-c15c-5111-d443-bc9613e219dd (Active)",
        "Function": "LicenseManager::LicenseContentWithId",
        "Source": "onecoreuap\\enduser\\winstore\\licensemanager\\lib\\manager.cpp",
        "Line Number": "88"
      },
      "source_format": "evtx",
      "file": "Microsoft-Windows-Store%4Operational.evtx"
    },
    {
      "event_id": 8001,
      "provider": "Microsoft-Windows-Store",
      "timestamp": "2026-07-27T23:48:32.059154+00:00",
      "computer": "DESKTOP-M3EFNJH",
      "level": "4",
      "channel": "Microsoft-Windows-Store/Operational",
      "record_id": "3449",
      "event_data": {
        "Message": "Licensing content 1a1aa123-c15c-5111-d443-bc9613e219dd",
        "Function": "OneStoreApplicationLicenseManager::ActivateLicenseForContent",
        "Source": "onecoreuap\\enduser\\winstore\\licensemanager\\lib\\onestoreapplicensemanager.cpp",
        "Line Number": "410"
      },
      "source_format": "evtx",
      "file": "Microsoft-Windows-Store%4Operational.evtx"
    },
    {
      "event_id": 1002,
      "provider": "Microsoft-Windows-KnownFolders",
      "timestamp": "2026-07-27T23:48:28.205941+00:00",
      "computer": "DESKTOP-M3EFNJH",
      "level": "3",
      "channel": "Microsoft-Windows-Known Folders API Service",
      "record_id": "81",
      "event_data": {
        "hrError": "0x80070005",
        "FolderId": "5E6C858F-0E22-4760-9AFE-EA3317B67173",
        "Path": "C:\\Users\\Bob Milton"
      },
      "source_format": "evtx",
      "file": "Microsoft-Windows-Known Folders API Service.evtx"
    },
    {
      "event_id": 8001,
      "provider": "Microsoft-Windows-Store",
      "timestamp": "2026-07-27T23:48:27.511190+00:00",
      "computer": "DESKTOP-M3EFNJH",
      "level": "4",
      "channel": "Microsoft-Windows-Store/Operational",
      "record_id": "3448",
      "event_data": {
        "Message": "Skipping license manager: PFN Microsoft.WidgetsPlatformRuntime_1.6.14.0_x64__8wekyb3d8bbwe",
        "Function": "InvokeLicenseManagerRequired",
        "Source": "onecoreuap\\enduser\\winstore\\licensemanager\\apisethost\\activationapis.cpp",
        "Line Number": "373"
      },
      "source_format": "evtx",
      "file": "Microsoft-Windows-Store%4Operational.evtx"
    },
    {
      "event_id": 1002,
      "provider": "Microsoft-Windows-KnownFolders",
      "timestamp": "2026-07-27T23:48:25.006008+00:00",
      "computer": "DESKTOP-M3EFNJH",
      "level": "3",
      "channel": "Microsoft-Windows-Known Folders API Service",
      "record_id": "80",
      "event_data": {
        "hrError": "0x80070005",
        "FolderId": "5E6C858F-0E22-4760-9AFE-EA3317B67173",
        "Path": "C:\\Users\\Adam Sed"
      },
      "source_format": "evtx",
      "file": "Microsoft-Windows-Known Folders API Service.evtx"
    },
    {
      "event_id": 1002,
      "provider": "Microsoft-Windows-KnownFolders",
      "timestamp": "2026-07-27T23:48:24.952830+00:00",
      "computer": "DESKTOP-M3EFNJH",
      "level": "3",
      "channel": "Microsoft-Windows-Known Folders API Service",
      "record_id": "79",
      "event_data": {
        "hrError": "0x80070005",
        "FolderId": "B4BFCC3A-DB2C-424C-B029-7FE99A87C641",
        "Path": "C:\\Users\\Adam Sed\\Desktop"
      },
      "source_format": "evtx",
      "file": "Microsoft-Windows-Known Folders API Service.evtx"
    },
    {
      "event_id": 1002,
      "provider": "Microsoft-Windows-KnownFolders",
      "timestamp": "2026-07-27T23:48:24.925929+00:00",
      "computer": "DESKTOP-M3EFNJH",
      "level": "3",
      "channel": "Microsoft-Windows-Known Folders API Service",
      "record_id": "78",
      "event_data": {
        "hrError": "0x80070005",
        "FolderId": "62AB5D82-FDC1-4DC3-A9DD-070D1D495D97",
        "Path": "C:\\ProgramData"
      },
      "source_format": "evtx",
      "file": "Microsoft-Windows-Known Folders API Service.evtx"
    },
    {
      "event_id": 8001,
      "provider": "Microsoft-Windows-Store",
      "timestamp": "2026-07-27T23:48:24.599984+00:00",
      "computer": "DESKTOP-M3EFNJH",
      "level": "4",
      "channel": "Microsoft-Windows-Store/Operational",
      "record_id": "3447",
      "event_data": {
        "Message": "Skipping license manager: PFN Microsoft.YourPhone_0.25112.39.0_x64__8wekyb3d8bbwe",
        "Function": "InvokeLicenseManagerRequired",
        "Source": "onecoreuap\\enduser\\winstore\\licensemanager\\apisethost\\activationapis.cpp",
        "Line Number": "373"
      },
      "source_format": "evtx",
      "file": "Microsoft-Windows-Store%4Operational.evtx"
    },
    {
      "event_id": 8001,
      "provider": "Microsoft-Windows-Store",
      "timestamp": "2026-07-27T23:48:24.599099+00:00",
      "computer": "DESKTOP-M3EFNJH",
      "level": "4",
      "channel": "Microsoft-Windows-Store/Operational",
      "record_id": "3446",
      "event_data": {
        "Message": "Skipping license manager: PFN Microsoft.YourPhone_0.25112.39.0_x64__8wekyb3d8bbwe",
        "Function": "InvokeLicenseManagerRequired",
        "Source": "onecoreuap\\enduser\\winstore\\licensemanager\\apisethost\\activationapis.cpp",
        "Line Number": "373"
      },
      "source_format": "evtx",
      "file": "Microsoft-Windows-Store%4Operational.evtx"
    },
    {
      "event_id": 8001,
      "provider": "Microsoft-Windows-Store",
      "timestamp": "2026-07-27T23:48:24.470595+00:00",
      "computer": "DESKTOP-M3EFNJH",
      "level": "4",
      "channel": "Microsoft-Windows-Store/Operational",
      "record_id": "3445",
      "event_data": {
        "Message": "Skipping license manager: PFN Microsoft.WindowsStore_22606.1401.10.0_x64__8wekyb3d8bbwe",
        "Function": "InvokeLicenseManagerRequired",
        "Source": "onecoreuap\\enduser\\winstore\\licensemanager\\apisethost\\activationapis.cpp",
        "Line Number": "373"
      },
      "source_format": "evtx",
      "file": "Microsoft-Windows-Store%4Operational.evtx"
    },
    {
      "event_id": 8001,
      "provider": "Microsoft-Windows-Store",
      "timestamp": "2026-07-27T23:48:24.468931+00:00",
      "computer": "DESKTOP-M3EFNJH",
      "level": "4",
      "channel": "Microsoft-Windows-Store/Operational",
      "record_id": "3444",
      "event_data": {
        "Message": "Skipping license manager: PFN Microsoft.WindowsStore_22606.1401.10.0_x64__8wekyb3d8bbwe",
        "Function": "InvokeLicenseManagerRequired",
        "Source": "onecoreuap\\enduser\\winstore\\licensemanager\\apisethost\\activationapis.cpp",
        "Line Number": "373"
      },
      "source_format": "evtx",
      "file": "Microsoft-Windows-Store%4Operational.evtx"
    },
    {
      "event_id": 8001,
      "provider": "Microsoft-Windows-Store",
      "timestamp": "2026-07-27T23:48:24.374014+00:00",
      "computer": "DESKTOP-M3EFNJH",
      "level": "4",
      "channel": "Microsoft-Windows-Store/Operational",
      "record_id": "3443",
      "event_data": {
        "Message": "Skipping license manager: PFN MicrosoftWindows.CrossDevice_0.25112.60.0_x64__cw5n1h2txyewy",
        "Function": "InvokeLicenseManagerRequired",
        "Source": "onecoreuap\\enduser\\winstore\\licensemanager\\apisethost\\activationapis.cpp",
        "Line Number": "373"
      },
      "source_format": "evtx",
      "file": "Microsoft-Windows-Store%4Operational.evtx"
    },
    {
      "event_id": 8001,
      "provider": "Microsoft-Windows-Store",
      "timestamp": "2026-07-27T23:48:24.373344+00:00",
      "computer": "DESKTOP-M3EFNJH",
      "level": "4",
      "channel": "Microsoft-Windows-Store/Operational",
      "record_id": "3442",
      "event_data": {
        "Message": "Skipping license manager: PFN MicrosoftWindows.CrossDevice_0.25112.60.0_x64__cw5n1h2txyewy",
        "Function": "InvokeLicenseManagerRequired",
        "Source": "onecoreuap\\enduser\\winstore\\licensemanager\\apisethost\\activationapis.cpp",
        "Line Number": "373"
      },
      "source_format": "evtx",
      "file": "Microsoft-Windows-Store%4Operational.evtx"
    },
    {
      "event_id": 1002,
      "provider": "Microsoft-Windows-KnownFolders",
      "timestamp": "2026-07-27T23:48:23.747263+00:00",
      "computer": "DESKTOP-M3EFNJH",
      "level": "3",
      "channel": "Microsoft-Windows-Known Folders API Service",
      "record_id": "77",
      "event_data": {
        "hrError": "0x80070005",
        "FolderId": "62AB5D82-FDC1-4DC3-A9DD-070D1D495D97",
        "Path": "C:\\ProgramData"
      },
      "source_format": "evtx",
      "file": "Microsoft-Windows-Known Folders API Service.evtx"
    },
    {
      "event_id": 2005,
      "provider": "Microsoft-Windows-Install-Agent",
      "timestamp": "2026-07-27T23:48:22.108274+00:00",
      "computer": "DESKTOP-M3EFNJH",
      "level": "5",
      "channel": "Microsoft-Windows-Store/Operational",
      "record_id": "3439",
      "event_data": {
        "Message": "oneSettingsconcurrentDefaultInstalls = 3, oneSettingsconcurrentMinInstalls = 3",
        "Function": "GetConcurrentInstallsFromOneSettings",
        "Error Code": "-1",
        "Source": "onecoreuap\\enduser\\winstore\\installservice\\lib\\settings.cpp",
        "Line Number": "692",
        "CorrelationVector": "NULL",
        "ProductId": "NULL"
      },
      "source_format": "evtx",
      "file": "Microsoft-Windows-Store%4Operational.evtx"
    },
    {
      "event_id": 8001,
      "provider": "Microsoft-Windows-Store",
      "timestamp": "2026-07-27T23:48:22.003682+00:00",
      "computer": "DESKTOP-M3EFNJH",
      "level": "4",
      "channel": "Microsoft-Windows-Store/Operational",
      "record_id": "3438",
      "event_data": {
        "Message": "Skipping license manager: PFN MicrosoftWindows.Client.WebExperience_526.17301.40.0_x64__cw5n1h2txyewy",
        "Function": "InvokeLicenseManagerRequired",
        "Source": "onecoreuap\\enduser\\winstore\\licensemanager\\apisethost\\activationapis.cpp",
        "Line Number": "373"
      },
      "source_format": "evtx",
      "file": "Microsoft-Windows-Store%4Operational.evtx"
    },
    {
      "event_id": 22,
      "provider": "Microsoft-Windows-TerminalServices-LocalSessionManager",
      "timestamp": "2026-07-27T23:48:15.797095+00:00",
      "computer": "DESKTOP-M3EFNJH",
      "level": "4",
      "channel": "Microsoft-Windows-TerminalServices-LocalSessionManager/Operational",
      "record_id": "104",
      "event_data": {},
      "source_format": "evtx",
      "file": "Microsoft-Windows-TerminalServices-LocalSessionManager%4Operational.evtx"
    },
    {
      "event_id": 8001,
      "provider": "Microsoft-Windows-GroupPolicy",
      "timestamp": "2026-07-27T23:48:15.521767+00:00",
      "computer": "DESKTOP-M3EFNJH",
      "level": "4",
      "channel": "Microsoft-Windows-GroupPolicy/Operational",
      "record_id": "240",
      "event_data": {
        "PolicyElaspedTimeInSeconds": "0",
        "ErrorCode": "0",
        "PrincipalSamName": "DESKTOP-M3EFNJH\\Adam Sed",
        "IsMachine": "0",
        "IsConnectivityFailure": "false"
      },
      "source_format": "evtx",
      "file": "Microsoft-Windows-GroupPolicy%4Operational.evtx"
    },
    {
      "event_id": 1002,
      "provider": "Microsoft-Windows-KnownFolders",
      "timestamp": "2026-07-27T23:48:15.482660+00:00",
      "computer": "DESKTOP-M3EFNJH",
      "level": "3",
      "channel": "Microsoft-Windows-Known Folders API Service",
      "record_id": "76",
      "event_data": {
        "hrError": "0x80070005",
        "FolderId": "352481E8-33BE-4251-BA85-6007CAEDCF9D",
        "Path": "C:\\WINDOWS\\system32\\config\\systemprofile\\AppData\\Local\\Microsoft\\Windows\\INetCache"
      },
      "source_format": "evtx",
      "file": "Microsoft-Windows-Known Folders API Service.evtx"
    },
    {
      "event_id": 4001,
      "provider": "Microsoft-Windows-GroupPolicy",
      "timestamp": "2026-07-27T23:48:15.323193+00:00",
      "computer": "DESKTOP-M3EFNJH",
      "level": "4",
      "channel": "Microsoft-Windows-GroupPolicy/Operational",
      "record_id": "229",
      "event_data": {
        "PolicyActivityId": "8D233E2C-DE92-4B54-B3C0-91E5C5FBFA76",
        "PrincipalSamName": "DESKTOP-M3EFNJH\\Adam Sed",
        "IsMachine": "0",
        "IsDomainJoined": "false",
        "IsBackgroundProcessing": "false",
        "IsAsyncProcessing": "true",
        "IsServiceRestart": "false",
        "ReasonForSyncProcessing": "0"
      },
      "source_format": "evtx",
      "file": "Microsoft-Windows-GroupPolicy%4Operational.evtx"
    },
    {
      "event_id": 1002,
      "provider": "Microsoft-Windows-KnownFolders",
      "timestamp": "2026-07-27T23:48:14.803893+00:00",
      "computer": "DESKTOP-M3EFNJH",
      "level": "3",
      "channel": "Microsoft-Windows-Known Folders API Service",
      "record_id": "75",
      "event_data": {
        "hrError": "0x80070002",
        "FolderId": "B4BFCC3A-DB2C-424C-B029-7FE99A87C641",
        "Path": "C:\\WINDOWS\\system32\\config\\systemprofile\\Desktop"
      },
      "source_format": "evtx",
      "file": "Microsoft-Windows-Known Folders API Service.evtx"
    },
    {
      "event_id": 1002,
      "provider": "Microsoft-Windows-KnownFolders",
      "timestamp": "2026-07-27T23:48:14.803400+00:00",
      "computer": "DESKTOP-M3EFNJH",
      "level": "3",
      "channel": "Microsoft-Windows-Known Folders API Service",
      "record_id": "74",
      "event_data": {
        "hrError": "0x80070002",
        "FolderId": "FDD39AD0-238F-46AF-ADB4-6C85480369C7",
        "Path": "C:\\WINDOWS\\system32\\config\\systemprofile\\Documents"
      },
      "source_format": "evtx",
      "file": "Microsoft-Windows-Known Folders API Service.evtx"
    },
    {
      "event_id": 1002,
      "provider": "Microsoft-Windows-KnownFolders",
      "timestamp": "2026-07-27T23:48:14.802857+00:00",
      "computer": "DESKTOP-M3EFNJH",
      "level": "3",
      "channel": "Microsoft-Windows-Known Folders API Service",
      "record_id": "73",
      "event_data": {
        "hrError": "0x80070003",
        "FolderId": "625B53C3-AB48-4EC1-BA1F-A1EF4146FC19",
        "Path": "C:\\WINDOWS\\system32\\config\\systemprofile\\AppData\\Roaming\\Microsoft\\Windows\\Start Menu"
      },
      "source_format": "evtx",
      "file": "Microsoft-Windows-Known Folders API Service.evtx"
    },
    {
      "event_id": 1002,
      "provider": "Microsoft-Windows-KnownFolders",
      "timestamp": "2026-07-27T23:48:14.802484+00:00",
      "computer": "DESKTOP-M3EFNJH",
      "level": "3",
      "channel": "Microsoft-Windows-Known Folders API Service",
      "record_id": "72",
      "event_data": {
        "hrError": "0x80070002",
        "FolderId": "1777F761-68AD-4D8A-87BD-30B759FA33DD",
        "Path": "C:\\WINDOWS\\system32\\config\\systemprofile\\Favorites"
      },
      "source_format": "evtx",
      "file": "Microsoft-Windows-Known Folders API Service.evtx"
    },
    {
      "event_id": 8001,
      "provider": "Microsoft-Windows-AppLocker",
      "timestamp": "2026-07-27T23:47:47.195454+00:00",
      "computer": "DESKTOP-M3EFNJH",
      "level": "4",
      "channel": "Microsoft-Windows-AppLocker/EXE and DLL",
      "record_id": "2",
      "event_data": {},
      "source_format": "evtx",
      "file": "Microsoft-Windows-AppLocker%4EXE and DLL.evtx"
    },
    {
      "event_id": 8001,
      "provider": "Microsoft-Windows-Store",
      "timestamp": "2026-07-27T23:47:16.036033+00:00",
      "computer": "DESKTOP-M3EFNJH",
      "level": "4",
      "channel": "Microsoft-Windows-Store/Operational",
      "record_id": "3434",
      "event_data": {
        "Message": "Skipping license manager: PFN Microsoft.WindowsStore_22606.1401.10.0_x64__8wekyb3d8bbwe",
        "Function": "InvokeLicenseManagerRequired",
        "Source": "onecoreuap\\enduser\\winstore\\licensemanager\\apisethost\\activationapis.cpp",
        "Line Number": "373"
      },
      "source_format": "evtx",
      "file": "Microsoft-Windows-Store%4Operational.evtx"
    },
    {
      "event_id": 8001,
      "provider": "Microsoft-Windows-Store",
      "timestamp": "2026-07-27T23:47:14.564850+00:00",
      "computer": "DESKTOP-M3EFNJH",
      "level": "4",
      "channel": "Microsoft-Windows-Store/Operational",
      "record_id": "3433",
      "event_data": {
        "Message": "Skipping license manager: PFN Microsoft.YourPhone_0.25112.39.0_x64__8wekyb3d8bbwe",
        "Function": "InvokeLicenseManagerRequired",
        "Source": "onecoreuap\\enduser\\winstore\\licensemanager\\apisethost\\activationapis.cpp",
        "Line Number": "373"
      },
      "source_format": "evtx",
      "file": "Microsoft-Windows-Store%4Operational.evtx"
    },
    {
      "event_id": 8001,
      "provider": "Microsoft-Windows-Store",
      "timestamp": "2026-07-27T23:47:14.534199+00:00",
      "computer": "DESKTOP-M3EFNJH",
      "level": "4",
      "channel": "Microsoft-Windows-Store/Operational",
      "record_id": "3432",
      "event_data": {
        "Message": "Skipping license manager: PFN MicrosoftWindows.CrossDevice_0.25112.60.0_x64__cw5n1h2txyewy",
        "Function": "InvokeLicenseManagerRequired",
        "Source": "onecoreuap\\enduser\\winstore\\licensemanager\\apisethost\\activationapis.cpp",
        "Line Number": "373"
      },
      "source_format": "evtx",
      "file": "Microsoft-Windows-Store%4Operational.evtx"
    },
    {
      "event_id": 3,
      "provider": "Microsoft-Windows-Bits-Client",
      "timestamp": "2026-07-27T23:46:58.242622+00:00",
      "computer": "DESKTOP-M3EFNJH",
      "level": "4",
      "channel": "Microsoft-Windows-Bits-Client/Operational",
      "record_id": "546",
      "event_data": {
        "jobTitle": "Edge Component Updater",
        "jobId": "C74748A5-4DBD-4244-9EC9-9427FC9574DC",
        "jobOwner": "DESKTOP-M3EFNJH\\Bob Milton",
        "processPath": "C:\\Program Files (x86)\\Microsoft\\EdgeWebView\\Application\\150.0.4078.105\\msedgewebview2.exe",
        "processId": "6088",
        "ClientProcessStartKey": "844424930132084"
      },
      "source_format": "evtx",
      "file": "Microsoft-Windows-Bits-Client%4Operational.evtx"
    },
    {
      "event_id": 3,
      "provider": "Microsoft-Windows-Bits-Client",
      "timestamp": "2026-07-27T23:46:17.805731+00:00",
      "computer": "DESKTOP-M3EFNJH",
      "level": "4",
      "channel": "Microsoft-Windows-Bits-Client/Operational",
      "record_id": "540",
      "event_data": {
        "jobTitle": "PreSignInSettingsConfigJSON",
        "jobId": "0A788047-9F56-4050-BBB8-569B2B2B7935",
        "jobOwner": "DESKTOP-M3EFNJH\\Bob Milton",
        "processPath": "C:\\Users\\Bob Milton\\AppData\\Local\\Microsoft\\OneDrive\\OneDriveStandaloneUpdater.exe",
        "processId": "7184",
        "ClientProcessStartKey": "844424930132140"
      },
      "source_format": "evtx",
      "file": "Microsoft-Windows-Bits-Client%4Operational.evtx"
    },
    {
      "event_id": 8001,
      "provider": "Microsoft-Windows-Store",
      "timestamp": "2026-07-27T23:46:08.413503+00:00",
      "computer": "DESKTOP-M3EFNJH",
      "level": "4",
      "channel": "Microsoft-Windows-Store/Operational",
      "record_id": "3431",
      "event_data": {
        "Message": "Skipping license manager: PFN Microsoft.WindowsTerminal_1.18.10301.0_x64__8wekyb3d8bbwe",
        "Function": "InvokeLicenseManagerRequired",
        "Source": "onecoreuap\\enduser\\winstore\\licensemanager\\apisethost\\activationapis.cpp",
        "Line Number": "373"
      },
      "source_format": "evtx",
      "file": "Microsoft-Windows-Store%4Operational.evtx"
    },
    {
      "event_id": 8001,
      "provider": "Microsoft-Windows-Store",
      "timestamp": "2026-07-27T23:46:06.994040+00:00",
      "computer": "DESKTOP-M3EFNJH",
      "level": "4",
      "channel": "Microsoft-Windows-Store/Operational",
      "record_id": "3430",
      "event_data": {
        "Message": "Skipping license manager: PFN Microsoft.WindowsTerminal_1.18.10301.0_x64__8wekyb3d8bbwe",
        "Function": "InvokeLicenseManagerRequired",
        "Source": "onecoreuap\\enduser\\winstore\\licensemanager\\apisethost\\activationapis.cpp",
        "Line Number": "373"
      },
      "source_format": "evtx",
      "file": "Microsoft-Windows-Store%4Operational.evtx"
    },
    {
      "event_id": 8001,
      "provider": "Microsoft-Windows-Store",
      "timestamp": "2026-07-27T23:46:05.478133+00:00",
      "computer": "DESKTOP-M3EFNJH",
      "level": "4",
      "channel": "Microsoft-Windows-Store/Operational",
      "record_id": "3429",
      "event_data": {
        "Message": "Skipping license manager: PFN Microsoft.WindowsTerminal_1.18.10301.0_x64__8wekyb3d8bbwe",
        "Function": "InvokeLicenseManagerRequired",
        "Source": "onecoreuap\\enduser\\winstore\\licensemanager\\apisethost\\activationapis.cpp",
        "Line Number": "373"
      },
      "source_format": "evtx",
      "file": "Microsoft-Windows-Store%4Operational.evtx"
    },
    {
      "event_id": 8001,
      "provider": "Microsoft-Windows-Store",
      "timestamp": "2026-07-27T23:46:05.448400+00:00",
      "computer": "DESKTOP-M3EFNJH",
      "level": "4",
      "channel": "Microsoft-Windows-Store/Operational",
      "record_id": "3428",
      "event_data": {
        "Message": "Skipping license manager: PFN Microsoft.WindowsTerminal_1.18.10301.0_x64__8wekyb3d8bbwe",
        "Function": "InvokeLicenseManagerRequired",
        "Source": "onecoreuap\\enduser\\winstore\\licensemanager\\apisethost\\activationapis.cpp",
        "Line Number": "373"
      },
      "source_format": "evtx",
      "file": "Microsoft-Windows-Store%4Operational.evtx"
    },
    {
      "event_id": 8001,
      "provider": "Microsoft-Windows-Store",
      "timestamp": "2026-07-27T23:46:05.149537+00:00",
      "computer": "DESKTOP-M3EFNJH",
      "level": "4",
      "channel": "Microsoft-Windows-Store/Operational",
      "record_id": "3427",
      "event_data": {
        "Message": "Skipping license manager: PFN Microsoft.WindowsTerminal_1.18.10301.0_x64__8wekyb3d8bbwe",
        "Function": "InvokeLicenseManagerRequired",
        "Source": "onecoreuap\\enduser\\winstore\\licensemanager\\apisethost\\activationapis.cpp",
        "Line Number": "373"
      },
      "source_format": "evtx",
      "file": "Microsoft-Windows-Store%4Operational.evtx"
    },
    {
      "event_id": 1002,
      "provider": "Microsoft-Windows-KnownFolders",
      "timestamp": "2026-07-27T23:45:45.434665+00:00",
      "computer": "DESKTOP-M3EFNJH",
      "level": "3",
      "channel": "Microsoft-Windows-Known Folders API Service",
      "record_id": "71",
      "event_data": {
        "hrError": "0x80070005",
        "FolderId": "62AB5D82-FDC1-4DC3-A9DD-070D1D495D97",
        "Path": "C:\\ProgramData"
      },
      "source_format": "evtx",
      "file": "Microsoft-Windows-Known Folders API Service.evtx"
    },
    {
      "event_id": 8001,
      "provider": "Microsoft-Windows-Store",
      "timestamp": "2026-07-27T23:45:40.704494+00:00",
      "computer": "DESKTOP-M3EFNJH",
      "level": "4",
      "channel": "Microsoft-Windows-Store/Operational",
      "record_id": "3426",
      "event_data": {
        "Message": "Set results for lease = 0x0, policy = 0, operation = 0, Leasebehavior = 0",
        "Function": "KeyMachine::DoSetResult",
        "Source": "onecoreuap\\enduser\\winstore\\licensemanager\\lib\\keymachine.cpp",
        "Line Number": "1520"
      },
      "source_format": "evtx",
      "file": "Microsoft-Windows-Store%4Operational.evtx"
    },
    {
      "event_id": 8001,
      "provider": "Microsoft-Windows-Store",
      "timestamp": "2026-07-27T23:45:40.699329+00:00",
      "computer": "DESKTOP-M3EFNJH",
      "level": "4",
      "channel": "Microsoft-Windows-Store/Operational",
      "record_id": "3423",
      "event_data": {
        "Message": "Failure Message: onecoreuap\\enduser\\winstore\\licensemanager\\lib\\applicensemanager.cpp(447)\\LicenseManager.dll!00007FFA5996F624: (caller: 00007FFA715436B3) Exception(12) tid(1470) 803F7001 ",
        "Function": "",
        "Source": "onecoreuap\\enduser\\winstore\\licensemanager\\lib\\applicensemanager.cpp",
        "Line Number": "450"
      },
      "source_format": "evtx",
      "file": "Microsoft-Windows-Store%4Operational.evtx"
    },
    {
      "event_id": 8002,
      "provider": "Microsoft-Windows-Store",
      "timestamp": "2026-07-27T23:45:40.699290+00:00",
      "computer": "DESKTOP-M3EFNJH",
      "level": "3",
      "channel": "Microsoft-Windows-Store/Operational",
      "record_id": "3422",
      "event_data": {
        "Message": "Failure Message: hr: 0x803f7001",
        "Function": "",
        "Source": "onecoreuap\\enduser\\winstore\\licensemanager\\lib\\applicensemanager.cpp",
        "Line Number": "447"
      },
      "source_format": "evtx",
      "file": "Microsoft-Windows-Store%4Operational.evtx"
    },
    {
      "event_id": 8002,
      "provider": "Microsoft-Windows-Store",
      "timestamp": "2026-07-27T23:45:40.699236+00:00",
      "computer": "DESKTOP-M3EFNJH",
      "level": "3",
      "channel": "Microsoft-Windows-Store/Operational",
      "record_id": "3421",
      "event_data": {
        "Message": "Failure Message: hr: 0x803f7001",
        "Function": "",
        "Source": "onecoreuap\\enduser\\winstore\\licensemanager\\lib\\managercore.cpp",
        "Line Number": "171"
      },
      "source_format": "evtx",
      "file": "Microsoft-Windows-Store%4Operational.evtx"
    },
