    {
      "event_id": 8001,
      "provider": "Microsoft-Windows-Store",
      "timestamp": "2026-07-28T17:47:18.842457+00:00",
      "computer": "DESKTOP-M3EFNJH",
      "level": "4",
      "channel": "Microsoft-Windows-Store/Operational",
      "record_id": "3656",
      "event_data": {
        "Message": "Skipping license manager: PFN Microsoft.WindowsStore_22606.1401.10.0_x64__8wekyb3d8bbwe",
        "Function": "InvokeLicenseManagerRequired",
        "Source": "onecoreuap\\enduser\\winstore\\licensemanager\\apisethost\\activationapis.cpp",
        "Line Number": "373"
      },
      "source_format": "evtx",
      "file": "Microsoft-Windows-Store%4Operational.evtx"
    },
    {
      "event_id": 8001,
      "provider": "Microsoft-Windows-Store",
      "timestamp": "2026-07-28T17:47:18.546911+00:00",
      "computer": "DESKTOP-M3EFNJH",
      "level": "4",
      "channel": "Microsoft-Windows-Store/Operational",
      "record_id": "3655",
      "event_data": {
        "Message": "Skipping license manager: PFN Microsoft.WindowsStore_22606.1401.10.0_x64__8wekyb3d8bbwe",
        "Function": "InvokeLicenseManagerRequired",
        "Source": "onecoreuap\\enduser\\winstore\\licensemanager\\apisethost\\activationapis.cpp",
        "Line Number": "373"
      },
      "source_format": "evtx",
      "file": "Microsoft-Windows-Store%4Operational.evtx"
    },
    {
      "event_id": 2005,
      "provider": "Microsoft-Windows-Install-Agent",
      "timestamp": "2026-07-28T17:46:38.390830+00:00",
      "computer": "DESKTOP-M3EFNJH",
      "level": "5",
      "channel": "Microsoft-Windows-Store/Operational",
      "record_id": "3652",
      "event_data": {
        "Message": "oneSettingsconcurrentDefaultInstalls = 3, oneSettingsconcurrentMinInstalls = 3",
        "Function": "GetConcurrentInstallsFromOneSettings",
        "Error Code": "-1",
        "Source": "onecoreuap\\enduser\\winstore\\installservice\\lib\\settings.cpp",
        "Line Number": "692",
        "CorrelationVector": "NULL",
        "ProductId": "NULL"
      },
      "source_format": "evtx",
      "file": "Microsoft-Windows-Store%4Operational.evtx"
    },
    {
      "event_id": 3,
      "provider": "Microsoft-Windows-Bits-Client",
      "timestamp": "2026-07-28T17:46:37.758009+00:00",
      "computer": "DESKTOP-M3EFNJH",
      "level": "4",
      "channel": "Microsoft-Windows-Bits-Client/Operational",
      "record_id": "552",
      "event_data": {
        "jobTitle": "PreSignInSettingsConfigJSON",
        "jobId": "17EC1036-AB9B-4F85-9ED5-C6F2D327EF44",
        "jobOwner": "DESKTOP-M3EFNJH\\Adam Sed",
        "processPath": "C:\\Users\\Adam Sed\\AppData\\Local\\Microsoft\\OneDrive\\OneDriveStandaloneUpdater.exe",
        "processId": "10028",
        "ClientProcessStartKey": "1125899906842968"
      },
      "source_format": "evtx",
      "file": "Microsoft-Windows-Bits-Client%4Operational.evtx"
    },
    {
      "event_id": 2005,
      "provider": "Microsoft-Windows-Install-Agent",
      "timestamp": "2026-07-28T17:46:33.486805+00:00",
      "computer": "DESKTOP-M3EFNJH",
      "level": "5",
      "channel": "Microsoft-Windows-Store/Operational",
      "record_id": "3641",
      "event_data": {
        "Message": "OneSettingsOnlineScanCooldown (in seconds) = 30",
        "Function": "DoInitializeOneSettingsConfiguration",
        "Error Code": "-1",
        "Source": "onecoreuap\\enduser\\winstore\\installservice\\lib\\settings.cpp",
        "Line Number": "1907",
        "CorrelationVector": "NULL",
        "ProductId": "NULL"
      },
      "source_format": "evtx",
      "file": "Microsoft-Windows-Store%4Operational.evtx"
    },
    {
      "event_id": 2005,
      "provider": "Microsoft-Windows-Install-Agent",
      "timestamp": "2026-07-28T17:46:33.486803+00:00",
      "computer": "DESKTOP-M3EFNJH",
      "level": "5",
      "channel": "Microsoft-Windows-Store/Operational",
      "record_id": "3640",
      "event_data": {
        "Message": "OneSettingsOnlineScansAllowedInInterval = 10",
        "Function": "DoInitializeOneSettingsConfiguration",
        "Error Code": "-1",
        "Source": "onecoreuap\\enduser\\winstore\\installservice\\lib\\settings.cpp",
        "Line Number": "1900",
        "CorrelationVector": "NULL",
        "ProductId": "NULL"
      },
      "source_format": "evtx",
      "file": "Microsoft-Windows-Store%4Operational.evtx"
    },
    {
      "event_id": 2005,
      "provider": "Microsoft-Windows-Install-Agent",
      "timestamp": "2026-07-28T17:46:33.486792+00:00",
      "computer": "DESKTOP-M3EFNJH",
      "level": "5",
      "channel": "Microsoft-Windows-Store/Operational",
      "record_id": "3639",
      "event_data": {
        "Message": "OneSettingsOnlineScanInterval (in seconds) = 86400",
        "Function": "DoInitializeOneSettingsConfiguration",
        "Error Code": "-1",
        "Source": "onecoreuap\\enduser\\winstore\\installservice\\lib\\settings.cpp",
        "Line Number": "1898",
        "CorrelationVector": "NULL",
        "ProductId": "NULL"
      },
      "source_format": "evtx",
      "file": "Microsoft-Windows-Store%4Operational.evtx"
    },
    {
      "event_id": 2005,
      "provider": "Microsoft-Windows-Install-Agent",
      "timestamp": "2026-07-28T17:46:33.257925+00:00",
      "computer": "DESKTOP-M3EFNJH",
      "level": "5",
      "channel": "Microsoft-Windows-Store/Operational",
      "record_id": "3638",
      "event_data": {
        "Message": "oneSettingsconcurrentDefaultInstalls = 3, oneSettingsconcurrentMinInstalls = 3",
        "Function": "GetConcurrentInstallsFromOneSettings",
        "Error Code": "-1",
        "Source": "onecoreuap\\enduser\\winstore\\installservice\\lib\\settings.cpp",
        "Line Number": "692",
        "CorrelationVector": "NULL",
        "ProductId": "NULL"
      },
      "source_format": "evtx",
      "file": "Microsoft-Windows-Store%4Operational.evtx"
    },
    {
      "event_id": 8001,
      "provider": "Microsoft-Windows-Store",
      "timestamp": "2026-07-28T17:46:16.593517+00:00",
      "computer": "DESKTOP-M3EFNJH",
      "level": "4",
      "channel": "Microsoft-Windows-Store/Operational",
      "record_id": "3627",
      "event_data": {
        "Message": "Skipping license manager: PFN Microsoft.DesktopAppInstaller_1.26.509.0_x64__8wekyb3d8bbwe",
        "Function": "InvokeLicenseManagerRequired",
        "Source": "onecoreuap\\enduser\\winstore\\licensemanager\\apisethost\\activationapis.cpp",
        "Line Number": "373"
      },
      "source_format": "evtx",
      "file": "Microsoft-Windows-Store%4Operational.evtx"
    },
    {
      "event_id": 3,
      "provider": "Windows-ApplicationModel-Store-SDK",
      "timestamp": "2026-07-28T17:46:14.677982+00:00",
      "computer": "DESKTOP-M3EFNJH",
      "level": "3",
      "channel": "Microsoft-Windows-Store/Operational",
      "record_id": "3626",
      "event_data": {
        "Message": "Task 'WinStore.Tasks.DigitalAttachDiscoveryTask+Runner' was canceled, reason: 'Abort'.",
        "Line Number": "99",
        "File Name": ".\\src\\Core\\WinStore.Tasks\\Helpers\\BackgroundTaskRunner.cs",
        "Member Name": "Run"
      },
      "source_format": "evtx",
      "file": "Microsoft-Windows-Store%4Operational.evtx"
    },
    {
      "event_id": 3,
      "provider": "Windows-ApplicationModel-Store-SDK",
      "timestamp": "2026-07-28T17:46:14.677581+00:00",
      "computer": "DESKTOP-M3EFNJH",
      "level": "3",
      "channel": "Microsoft-Windows-Store/Operational",
      "record_id": "3625",
      "event_data": {
        "Message": "Task 'WinStore.Tasks.DigitalAttachDiscoveryTask+Runner' was canceled, reason: 'Abort'.",
        "Line Number": "99",
        "File Name": ".\\src\\Core\\WinStore.Tasks\\Helpers\\BackgroundTaskRunner.cs",
        "Member Name": "Run"
      },
      "source_format": "evtx",
      "file": "Microsoft-Windows-Store%4Operational.evtx"
    },
    {
      "event_id": 3,
      "provider": "Microsoft-Windows-Crypto-NCrypt",
      "timestamp": "2026-07-28T17:46:14.190193+00:00",
      "computer": "DESKTOP-M3EFNJH",
      "level": "2",
      "channel": "Microsoft-Windows-Crypto-NCrypt/Operational",
      "record_id": "198",
      "event_data": {
        "ProviderName": "Microsoft Platform Crypto Provider",
        "KeyName": "SK-019b83a8-094d-6683-e2cc-ac107e6f68fb",
        "Status": "0x8029040e",
        "ProcessName": "lsass.exe"
      },
      "source_format": "evtx",
      "file": "Microsoft-Windows-Crypto-NCrypt%4Operational.evtx"
    },
    {
      "event_id": 3,
      "provider": "Microsoft-Windows-Crypto-NCrypt",
      "timestamp": "2026-07-28T17:46:14.125459+00:00",
      "computer": "DESKTOP-M3EFNJH",
      "level": "2",
      "channel": "Microsoft-Windows-Crypto-NCrypt/Operational",
      "record_id": "197",
      "event_data": {
        "ProviderName": "Microsoft Platform Crypto Provider",
        "KeyName": "SK-019b83a8-094d-6683-e2cc-ac107e6f68fb",
        "Status": "0x8029040e",
        "ProcessName": "lsass.exe"
      },
      "source_format": "evtx",
      "file": "Microsoft-Windows-Crypto-NCrypt%4Operational.evtx"
    },
    {
      "event_id": 3,
      "provider": "Microsoft-Windows-Crypto-NCrypt",
      "timestamp": "2026-07-28T17:46:14.099934+00:00",
      "computer": "DESKTOP-M3EFNJH",
      "level": "2",
      "channel": "Microsoft-Windows-Crypto-NCrypt/Operational",
      "record_id": "196",
      "event_data": {
        "ProviderName": "Microsoft Platform Crypto Provider",
        "KeyName": "SK-019b83a8-094d-6683-e2cc-ac107e6f68fb",
        "Status": "0x8029040e",
        "ProcessName": "lsass.exe"
      },
      "source_format": "evtx",
      "file": "Microsoft-Windows-Crypto-NCrypt%4Operational.evtx"
    },
    {
      "event_id": 3,
      "provider": "Microsoft-Windows-Crypto-NCrypt",
      "timestamp": "2026-07-28T17:46:13.849434+00:00",
      "computer": "DESKTOP-M3EFNJH",
      "level": "2",
      "channel": "Microsoft-Windows-Crypto-NCrypt/Operational",
      "record_id": "195",
      "event_data": {
        "ProviderName": "Microsoft Platform Crypto Provider",
        "KeyName": "SK-019b83a8-094d-6683-e2cc-ac107e6f68fb",
        "Status": "0x8029040e",
        "ProcessName": "lsass.exe"
      },
      "source_format": "evtx",
      "file": "Microsoft-Windows-Crypto-NCrypt%4Operational.evtx"
    },
    {
      "event_id": 3,
      "provider": "Microsoft-Windows-Crypto-NCrypt",
      "timestamp": "2026-07-28T17:46:13.826743+00:00",
      "computer": "DESKTOP-M3EFNJH",
      "level": "2",
      "channel": "Microsoft-Windows-Crypto-NCrypt/Operational",
      "record_id": "193",
      "event_data": {
        "ProviderName": "Microsoft Platform Crypto Provider",
        "KeyName": "SK-019b83a8-094d-6683-e2cc-ac107e6f68fb",
        "Status": "0x8029040e",
        "ProcessName": "lsass.exe"
      },
      "source_format": "evtx",
      "file": "Microsoft-Windows-Crypto-NCrypt%4Operational.evtx"
    },
    {
      "event_id": 3,
      "provider": "Microsoft-Windows-Crypto-NCrypt",
      "timestamp": "2026-07-28T17:46:13.801476+00:00",
      "computer": "DESKTOP-M3EFNJH",
      "level": "2",
      "channel": "Microsoft-Windows-Crypto-NCrypt/Operational",
      "record_id": "191",
      "event_data": {
        "ProviderName": "Microsoft Platform Crypto Provider",
        "KeyName": "SK-019b83a8-094d-6683-e2cc-ac107e6f68fb",
        "Status": "0x8029040e",
        "ProcessName": "lsass.exe"
      },
      "source_format": "evtx",
      "file": "Microsoft-Windows-Crypto-NCrypt%4Operational.evtx"
    },
    {
      "event_id": 1002,
      "provider": "Microsoft-Windows-KnownFolders",
      "timestamp": "2026-07-28T17:46:12.710696+00:00",
      "computer": "DESKTOP-M3EFNJH",
      "level": "3",
      "channel": "Microsoft-Windows-Known Folders API Service",
      "record_id": "105",
      "event_data": {
        "hrError": "0x80070005",
        "FolderId": "62AB5D82-FDC1-4DC3-A9DD-070D1D495D97",
        "Path": "C:\\ProgramData"
      },
      "source_format": "evtx",
      "file": "Microsoft-Windows-Known Folders API Service.evtx"
    },
    {
      "event_id": 1002,
      "provider": "Microsoft-Windows-KnownFolders",
      "timestamp": "2026-07-28T17:46:12.710208+00:00",
      "computer": "DESKTOP-M3EFNJH",
      "level": "3",
      "channel": "Microsoft-Windows-Known Folders API Service",
      "record_id": "104",
      "event_data": {
        "hrError": "0x80070005",
        "FolderId": "62AB5D82-FDC1-4DC3-A9DD-070D1D495D97",
        "Path": "C:\\ProgramData"
      },
      "source_format": "evtx",
      "file": "Microsoft-Windows-Known Folders API Service.evtx"
    },
    {
      "event_id": 1002,
      "provider": "Microsoft-Windows-KnownFolders",
      "timestamp": "2026-07-28T17:46:12.709915+00:00",
      "computer": "DESKTOP-M3EFNJH",
      "level": "3",
      "channel": "Microsoft-Windows-Known Folders API Service",
      "record_id": "103",
      "event_data": {
        "hrError": "0x80070005",
        "FolderId": "62AB5D82-FDC1-4DC3-A9DD-070D1D495D97",
        "Path": "C:\\ProgramData"
      },
      "source_format": "evtx",
      "file": "Microsoft-Windows-Known Folders API Service.evtx"
    },
    {
      "event_id": 8001,
      "provider": "Microsoft-Windows-Store",
      "timestamp": "2026-07-28T17:46:12.303226+00:00",
      "computer": "DESKTOP-M3EFNJH",
      "level": "4",
      "channel": "Microsoft-Windows-Store/Operational",
      "record_id": "3621",
      "event_data": {
        "Message": "Skipping license manager: PFN Microsoft.WindowsStore_22606.1401.10.0_x64__8wekyb3d8bbwe",
        "Function": "InvokeLicenseManagerRequired",
        "Source": "onecoreuap\\enduser\\winstore\\licensemanager\\apisethost\\activationapis.cpp",
        "Line Number": "373"
      },
      "source_format": "evtx",
      "file": "Microsoft-Windows-Store%4Operational.evtx"
    },
    {
      "event_id": 8001,
      "provider": "Microsoft-Windows-Store",
      "timestamp": "2026-07-28T17:46:11.787423+00:00",
      "computer": "DESKTOP-M3EFNJH",
      "level": "4",
      "channel": "Microsoft-Windows-Store/Operational",
      "record_id": "3619",
      "event_data": {
        "Message": "Skipping license manager: PFN Microsoft.WindowsStore_22606.1401.10.0_x64__8wekyb3d8bbwe",
        "Function": "InvokeLicenseManagerRequired",
        "Source": "onecoreuap\\enduser\\winstore\\licensemanager\\apisethost\\activationapis.cpp",
        "Line Number": "373"
      },
      "source_format": "evtx",
      "file": "Microsoft-Windows-Store%4Operational.evtx"
    },
    {
      "event_id": 8001,
      "provider": "Microsoft-Windows-Store",
      "timestamp": "2026-07-28T17:46:09.376306+00:00",
      "computer": "DESKTOP-M3EFNJH",
      "level": "4",
      "channel": "Microsoft-Windows-Store/Operational",
      "record_id": "3617",
      "event_data": {
        "Message": "Skipping license manager: PFN Microsoft.StorePurchaseApp_22509.1400.1.0_x64__8wekyb3d8bbwe",
        "Function": "InvokeLicenseManagerRequired",
        "Source": "onecoreuap\\enduser\\winstore\\licensemanager\\apisethost\\activationapis.cpp",
        "Line Number": "373"
      },
      "source_format": "evtx",
      "file": "Microsoft-Windows-Store%4Operational.evtx"
    },
    {
      "event_id": 8001,
      "provider": "Microsoft-Windows-Store",
      "timestamp": "2026-07-28T17:46:09.232294+00:00",
      "computer": "DESKTOP-M3EFNJH",
      "level": "4",
      "channel": "Microsoft-Windows-Store/Operational",
      "record_id": "3616",
      "event_data": {
        "Message": "Skipping license manager: PFN Microsoft.StorePurchaseApp_22509.1400.1.0_x64__8wekyb3d8bbwe",
        "Function": "InvokeLicenseManagerRequired",
        "Source": "onecoreuap\\enduser\\winstore\\licensemanager\\apisethost\\activationapis.cpp",
        "Line Number": "373"
      },
      "source_format": "evtx",
      "file": "Microsoft-Windows-Store%4Operational.evtx"
    },
    {
      "event_id": 8001,
      "provider": "Microsoft-Windows-Store",
      "timestamp": "2026-07-28T17:46:09.078910+00:00",
      "computer": "DESKTOP-M3EFNJH",
      "level": "4",
      "channel": "Microsoft-Windows-Store/Operational",
      "record_id": "3615",
      "event_data": {
        "Message": "Skipping license manager: PFN Microsoft.WindowsStore_22606.1401.10.0_x64__8wekyb3d8bbwe",
        "Function": "InvokeLicenseManagerRequired",
        "Source": "onecoreuap\\enduser\\winstore\\licensemanager\\apisethost\\activationapis.cpp",
        "Line Number": "373"
      },
      "source_format": "evtx",
      "file": "Microsoft-Windows-Store%4Operational.evtx"
    },
    {
      "event_id": 8001,
      "provider": "Microsoft-Windows-Store",
      "timestamp": "2026-07-28T17:46:09.003179+00:00",
      "computer": "DESKTOP-M3EFNJH",
      "level": "4",
      "channel": "Microsoft-Windows-Store/Operational",
      "record_id": "3614",
      "event_data": {
        "Message": "Skipping license manager: PFN Microsoft.WindowsStore_22606.1401.10.0_x64__8wekyb3d8bbwe",
        "Function": "InvokeLicenseManagerRequired",
        "Source": "onecoreuap\\enduser\\winstore\\licensemanager\\apisethost\\activationapis.cpp",
        "Line Number": "373"
      },
      "source_format": "evtx",
      "file": "Microsoft-Windows-Store%4Operational.evtx"
    },
    {
      "event_id": 8001,
      "provider": "Microsoft-Windows-Store",
      "timestamp": "2026-07-28T17:46:09.001499+00:00",
      "computer": "DESKTOP-M3EFNJH",
      "level": "4",
      "channel": "Microsoft-Windows-Store/Operational",
      "record_id": "3613",
      "event_data": {
        "Message": "Skipping license manager: PFN Microsoft.WindowsStore_22606.1401.10.0_x64__8wekyb3d8bbwe",
        "Function": "InvokeLicenseManagerRequired",
        "Source": "onecoreuap\\enduser\\winstore\\licensemanager\\apisethost\\activationapis.cpp",
        "Line Number": "373"
      },
      "source_format": "evtx",
      "file": "Microsoft-Windows-Store%4Operational.evtx"
    },
    {
      "event_id": 8001,
      "provider": "Microsoft-Windows-Store",
      "timestamp": "2026-07-28T17:46:08.955077+00:00",
      "computer": "DESKTOP-M3EFNJH",
      "level": "4",
      "channel": "Microsoft-Windows-Store/Operational",
      "record_id": "3612",
      "event_data": {
        "Message": "Skipping license manager: PFN Microsoft.WindowsStore_22606.1401.10.0_x64__8wekyb3d8bbwe",
        "Function": "InvokeLicenseManagerRequired",
        "Source": "onecoreuap\\enduser\\winstore\\licensemanager\\apisethost\\activationapis.cpp",
        "Line Number": "373"
      },
      "source_format": "evtx",
      "file": "Microsoft-Windows-Store%4Operational.evtx"
    },
    {
      "event_id": 8001,
      "provider": "Microsoft-Windows-Store",
      "timestamp": "2026-07-28T17:46:08.952587+00:00",
      "computer": "DESKTOP-M3EFNJH",
      "level": "4",
      "channel": "Microsoft-Windows-Store/Operational",
      "record_id": "3611",
      "event_data": {
        "Message": "Skipping license manager: PFN Microsoft.WindowsStore_22606.1401.10.0_x64__8wekyb3d8bbwe",
        "Function": "InvokeLicenseManagerRequired",
        "Source": "onecoreuap\\enduser\\winstore\\licensemanager\\apisethost\\activationapis.cpp",
        "Line Number": "373"
      },
      "source_format": "evtx",
      "file": "Microsoft-Windows-Store%4Operational.evtx"
    },
    {
      "event_id": 1002,
      "provider": "Microsoft-Windows-KnownFolders",
      "timestamp": "2026-07-28T17:44:02.220586+00:00",
      "computer": "DESKTOP-M3EFNJH",
      "level": "3",
      "channel": "Microsoft-Windows-Known Folders API Service",
      "record_id": "102",
      "event_data": {
        "hrError": "0x80070005",
        "FolderId": "5E6C858F-0E22-4760-9AFE-EA3317B67173",
        "Path": "C:\\Users\\Bob Milton"
      },
      "source_format": "evtx",
      "file": "Microsoft-Windows-Known Folders API Service.evtx"
    },
    {
      "event_id": 1002,
      "provider": "Microsoft-Windows-KnownFolders",
      "timestamp": "2026-07-28T17:43:11.675687+00:00",
      "computer": "DESKTOP-M3EFNJH",
      "level": "3",
      "channel": "Microsoft-Windows-Known Folders API Service",
      "record_id": "101",
      "event_data": {
        "hrError": "0x80070005",
        "FolderId": "5E6C858F-0E22-4760-9AFE-EA3317B67173",
        "Path": "C:\\Users\\Adam Sed"
      },
      "source_format": "evtx",
      "file": "Microsoft-Windows-Known Folders API Service.evtx"
    },
    {
      "event_id": 8001,
      "provider": "Microsoft-Windows-Store",
      "timestamp": "2026-07-28T17:43:02.969994+00:00",
      "computer": "DESKTOP-M3EFNJH",
      "level": "4",
      "channel": "Microsoft-Windows-Store/Operational",
      "record_id": "3610",
      "event_data": {
        "Message": "Skipping license manager: PFN Microsoft.WindowsStore_22606.1401.10.0_x64__8wekyb3d8bbwe",
        "Function": "InvokeLicenseManagerRequired",
        "Source": "onecoreuap\\enduser\\winstore\\licensemanager\\apisethost\\activationapis.cpp",
        "Line Number": "373"
      },
      "source_format": "evtx",
      "file": "Microsoft-Windows-Store%4Operational.evtx"
    },
    {
      "event_id": 8001,
      "provider": "Microsoft-Windows-Store",
      "timestamp": "2026-07-28T17:43:02.759032+00:00",
      "computer": "DESKTOP-M3EFNJH",
      "level": "4",
      "channel": "Microsoft-Windows-Store/Operational",
      "record_id": "3609",
      "event_data": {
        "Message": "Skipping license manager: PFN Microsoft.WindowsStore_22606.1401.10.0_x64__8wekyb3d8bbwe",
        "Function": "InvokeLicenseManagerRequired",
        "Source": "onecoreuap\\enduser\\winstore\\licensemanager\\apisethost\\activationapis.cpp",
        "Line Number": "373"
      },
      "source_format": "evtx",
      "file": "Microsoft-Windows-Store%4Operational.evtx"
    },
    {
      "event_id": 8001,
      "provider": "Microsoft-Windows-Store",
      "timestamp": "2026-07-28T17:42:37.047840+00:00",
      "computer": "DESKTOP-M3EFNJH",
      "level": "4",
      "channel": "Microsoft-Windows-Store/Operational",
      "record_id": "3608",
      "event_data": {
        "Message": "Skipping license manager: PFN Microsoft.YourPhone_0.25112.39.0_x64__8wekyb3d8bbwe",
        "Function": "InvokeLicenseManagerRequired",
        "Source": "onecoreuap\\enduser\\winstore\\licensemanager\\apisethost\\activationapis.cpp",
        "Line Number": "373"
      },
      "source_format": "evtx",
      "file": "Microsoft-Windows-Store%4Operational.evtx"
    },
    {
      "event_id": 8001,
      "provider": "Microsoft-Windows-Store",
      "timestamp": "2026-07-28T17:42:37.043284+00:00",
      "computer": "DESKTOP-M3EFNJH",
      "level": "4",
      "channel": "Microsoft-Windows-Store/Operational",
      "record_id": "3607",
      "event_data": {
        "Message": "Skipping license manager: PFN Microsoft.YourPhone_0.25112.39.0_x64__8wekyb3d8bbwe",
        "Function": "InvokeLicenseManagerRequired",
        "Source": "onecoreuap\\enduser\\winstore\\licensemanager\\apisethost\\activationapis.cpp",
        "Line Number": "373"
      },
      "source_format": "evtx",
      "file": "Microsoft-Windows-Store%4Operational.evtx"
    },
    {
      "event_id": 8001,
      "provider": "Microsoft-Windows-Store",
      "timestamp": "2026-07-28T17:42:37.032317+00:00",
      "computer": "DESKTOP-M3EFNJH",
      "level": "4",
      "channel": "Microsoft-Windows-Store/Operational",
      "record_id": "3606",
      "event_data": {
        "Message": "Skipping license manager: PFN MicrosoftWindows.CrossDevice_0.25112.60.0_x64__cw5n1h2txyewy",
        "Function": "InvokeLicenseManagerRequired",
        "Source": "onecoreuap\\enduser\\winstore\\licensemanager\\apisethost\\activationapis.cpp",
        "Line Number": "373"
      },
      "source_format": "evtx",
      "file": "Microsoft-Windows-Store%4Operational.evtx"
    },
    {
      "event_id": 8001,
      "provider": "Microsoft-Windows-Store",
      "timestamp": "2026-07-28T17:42:36.819304+00:00",
      "computer": "DESKTOP-M3EFNJH",
      "level": "4",
      "channel": "Microsoft-Windows-Store/Operational",
      "record_id": "3605",
      "event_data": {
        "Message": "Skipping license manager: PFN MicrosoftWindows.CrossDevice_0.25112.60.0_x64__cw5n1h2txyewy",
        "Function": "InvokeLicenseManagerRequired",
        "Source": "onecoreuap\\enduser\\winstore\\licensemanager\\apisethost\\activationapis.cpp",
        "Line Number": "373"
      },
      "source_format": "evtx",
      "file": "Microsoft-Windows-Store%4Operational.evtx"
    },
    {
      "event_id": 1002,
      "provider": "Microsoft-Windows-KnownFolders",
      "timestamp": "2026-07-28T17:41:56.407525+00:00",
      "computer": "DESKTOP-M3EFNJH",
      "level": "3",
      "channel": "Microsoft-Windows-Known Folders API Service",
      "record_id": "100",
      "event_data": {
        "hrError": "0x80070005",
        "FolderId": "5E6C858F-0E22-4760-9AFE-EA3317B67173",
        "Path": "C:\\Users\\Bob Milton"
      },
      "source_format": "evtx",
      "file": "Microsoft-Windows-Known Folders API Service.evtx"
    },
    {
      "event_id": 1002,
      "provider": "Microsoft-Windows-KnownFolders",
      "timestamp": "2026-07-28T17:41:56.368674+00:00",
      "computer": "DESKTOP-M3EFNJH",
      "level": "3",
      "channel": "Microsoft-Windows-Known Folders API Service",
      "record_id": "99",
      "event_data": {
        "hrError": "0x80070005",
        "FolderId": "B4BFCC3A-DB2C-424C-B029-7FE99A87C641",
        "Path": "C:\\Users\\Bob Milton\\Desktop"
      },
      "source_format": "evtx",
      "file": "Microsoft-Windows-Known Folders API Service.evtx"
    },
    {
      "event_id": 1002,
      "provider": "Microsoft-Windows-KnownFolders",
      "timestamp": "2026-07-28T17:41:56.360078+00:00",
      "computer": "DESKTOP-M3EFNJH",
      "level": "3",
      "channel": "Microsoft-Windows-Known Folders API Service",
      "record_id": "98",
      "event_data": {
        "hrError": "0x80070005",
        "FolderId": "62AB5D82-FDC1-4DC3-A9DD-070D1D495D97",
        "Path": "C:\\ProgramData"
      },
      "source_format": "evtx",
      "file": "Microsoft-Windows-Known Folders API Service.evtx"
    },
    {
      "event_id": 3,
      "provider": "Microsoft-Windows-Crypto-NCrypt",
      "timestamp": "2026-07-28T17:41:55.954191+00:00",
      "computer": "DESKTOP-M3EFNJH",
      "level": "2",
      "channel": "Microsoft-Windows-Crypto-NCrypt/Operational",
      "record_id": "177",
      "event_data": {
        "ProviderName": "Microsoft Platform Crypto Provider",
        "KeyName": "SK-019b83a8-094d-6683-e2cc-ac107e6f68fb",
        "Status": "0x8029040e",
        "ProcessName": "lsass.exe"
      },
      "source_format": "evtx",
      "file": "Microsoft-Windows-Crypto-NCrypt%4Operational.evtx"
    },
    {
      "event_id": 1002,
      "provider": "Microsoft-Windows-KnownFolders",
      "timestamp": "2026-07-28T17:41:55.945298+00:00",
      "computer": "DESKTOP-M3EFNJH",
      "level": "3",
      "channel": "Microsoft-Windows-Known Folders API Service",
      "record_id": "97",
      "event_data": {
        "hrError": "0x80070005",
        "FolderId": "62AB5D82-FDC1-4DC3-A9DD-070D1D495D97",
        "Path": "C:\\ProgramData"
      },
      "source_format": "evtx",
      "file": "Microsoft-Windows-Known Folders API Service.evtx"
    },
    {
      "event_id": 8001,
      "provider": "Microsoft-Windows-AppLocker",
      "timestamp": "2026-07-28T17:41:52.047402+00:00",
      "computer": "DESKTOP-M3EFNJH",
      "level": "4",
      "channel": "Microsoft-Windows-AppLocker/EXE and DLL",
      "record_id": "3",
      "event_data": {},
      "source_format": "evtx",
      "file": "Microsoft-Windows-AppLocker%4EXE and DLL.evtx"
    },
    {
      "event_id": 1002,
      "provider": "Microsoft-Windows-KnownFolders",
      "timestamp": "2026-07-28T17:41:38.437223+00:00",
      "computer": "DESKTOP-M3EFNJH",
      "level": "3",
      "channel": "Microsoft-Windows-Known Folders API Service",
      "record_id": "96",
      "event_data": {
        "hrError": "0x80070005",
        "FolderId": "62AB5D82-FDC1-4DC3-A9DD-070D1D495D97",
        "Path": "C:\\ProgramData"
      },
      "source_format": "evtx",
      "file": "Microsoft-Windows-Known Folders API Service.evtx"
    },
    {
      "event_id": 1002,
      "provider": "Microsoft-Windows-KnownFolders",
      "timestamp": "2026-07-28T17:41:38.435891+00:00",
      "computer": "DESKTOP-M3EFNJH",
      "level": "3",
      "channel": "Microsoft-Windows-Known Folders API Service",
      "record_id": "95",
      "event_data": {
        "hrError": "0x80070005",
        "FolderId": "62AB5D82-FDC1-4DC3-A9DD-070D1D495D97",
        "Path": "C:\\ProgramData"
      },
      "source_format": "evtx",
      "file": "Microsoft-Windows-Known Folders API Service.evtx"
    },
    {
      "event_id": 3,
      "provider": "Microsoft-Windows-Crypto-NCrypt",
      "timestamp": "2026-07-28T17:41:24.906926+00:00",
      "computer": "DESKTOP-M3EFNJH",
      "level": "2",
      "channel": "Microsoft-Windows-Crypto-NCrypt/Operational",
      "record_id": "167",
      "event_data": {
        "ProviderName": "Microsoft Platform Crypto Provider",
        "KeyName": "SK-019b83a8-094d-6683-e2cc-ac107e6f68fb",
        "Status": "0x8029040e",
        "ProcessName": "lsass.exe"
      },
      "source_format": "evtx",
      "file": "Microsoft-Windows-Crypto-NCrypt%4Operational.evtx"
    },
    {
      "event_id": 3,
      "provider": "Microsoft-Windows-Crypto-NCrypt",
      "timestamp": "2026-07-28T17:41:16.317354+00:00",
      "computer": "DESKTOP-M3EFNJH",
      "level": "2",
      "channel": "Microsoft-Windows-Crypto-NCrypt/Operational",
      "record_id": "162",
      "event_data": {
        "ProviderName": "Microsoft Platform Crypto Provider",
        "KeyName": "Windows AIK",
        "Status": "0x80090016",
        "ProcessName": "taskhostw.exe"
      },
      "source_format": "evtx",
      "file": "Microsoft-Windows-Crypto-NCrypt%4Operational.evtx"
    },
    {
      "event_id": 1002,
      "provider": "Microsoft-Windows-KnownFolders",
      "timestamp": "2026-07-28T17:41:14.746744+00:00",
      "computer": "DESKTOP-M3EFNJH",
      "level": "3",
      "channel": "Microsoft-Windows-Known Folders API Service",
      "record_id": "94",
      "event_data": {
        "hrError": "0x80070005",
        "FolderId": "5E6C858F-0E22-4760-9AFE-EA3317B67173",
        "Path": "C:\\Users\\Adam Sed"
      },
      "source_format": "evtx",
      "file": "Microsoft-Windows-Known Folders API Service.evtx"
    },
    {
      "event_id": 1002,
      "provider": "Microsoft-Windows-KnownFolders",
      "timestamp": "2026-07-28T17:41:14.704965+00:00",
      "computer": "DESKTOP-M3EFNJH",
      "level": "3",
      "channel": "Microsoft-Windows-Known Folders API Service",
      "record_id": "93",
      "event_data": {
        "hrError": "0x80070005",
        "FolderId": "B4BFCC3A-DB2C-424C-B029-7FE99A87C641",
        "Path": "C:\\Users\\Adam Sed\\Desktop"
      },
      "source_format": "evtx",
      "file": "Microsoft-Windows-Known Folders API Service.evtx"
    },
    {
      "event_id": 1002,
      "provider": "Microsoft-Windows-KnownFolders",
      "timestamp": "2026-07-28T17:41:14.697291+00:00",
      "computer": "DESKTOP-M3EFNJH",
      "level": "3",
      "channel": "Microsoft-Windows-Known Folders API Service",
      "record_id": "92",
      "event_data": {
        "hrError": "0x80070005",
        "FolderId": "62AB5D82-FDC1-4DC3-A9DD-070D1D495D97",
        "Path": "C:\\ProgramData"
      },
      "source_format": "evtx",
      "file": "Microsoft-Windows-Known Folders API Service.evtx"
    },
    {
      "event_id": 3,
      "provider": "Microsoft-Windows-Crypto-NCrypt",
      "timestamp": "2026-07-28T17:41:13.806117+00:00",
      "computer": "DESKTOP-M3EFNJH",
      "level": "2",
      "channel": "Microsoft-Windows-Crypto-NCrypt/Operational",
      "record_id": "161",
      "event_data": {
        "ProviderName": "Microsoft Platform Crypto Provider",
        "KeyName": "SK-019b83a8-094d-6683-e2cc-ac107e6f68fb",
        "Status": "0x8029040e",
        "ProcessName": "lsass.exe"
      },
      "source_format": "evtx",
      "file": "Microsoft-Windows-Crypto-NCrypt%4Operational.evtx"
    },
    {
      "event_id": 1002,
      "provider": "Microsoft-Windows-KnownFolders",
      "timestamp": "2026-07-28T17:41:13.741755+00:00",
      "computer": "DESKTOP-M3EFNJH",
      "level": "3",
      "channel": "Microsoft-Windows-Known Folders API Service",
      "record_id": "91",
      "event_data": {
        "hrError": "0x80070005",
        "FolderId": "62AB5D82-FDC1-4DC3-A9DD-070D1D495D97",
        "Path": "C:\\ProgramData"
      },
      "source_format": "evtx",
      "file": "Microsoft-Windows-Known Folders API Service.evtx"
    },
    {
      "event_id": 3,
      "provider": "Microsoft-Windows-Crypto-NCrypt",
      "timestamp": "2026-07-28T17:41:13.704181+00:00",
      "computer": "DESKTOP-M3EFNJH",
      "level": "2",
      "channel": "Microsoft-Windows-Crypto-NCrypt/Operational",
      "record_id": "160",
      "event_data": {
        "ProviderName": "Microsoft Platform Crypto Provider",
        "KeyName": "Windows AIK",
        "Status": "0x80090016",
        "ProcessName": "svchost.exe"
      },
      "source_format": "evtx",
      "file": "Microsoft-Windows-Crypto-NCrypt%4Operational.evtx"
    },
    {
      "event_id": 8001,
      "provider": "Microsoft-Windows-Store",
      "timestamp": "2026-07-28T17:41:11.706644+00:00",
      "computer": "DESKTOP-M3EFNJH",
      "level": "4",
      "channel": "Microsoft-Windows-Store/Operational",
      "record_id": "3602",
      "event_data": {
        "Message": "Set results for lease = 0x0, policy = 0, operation = 0, Leasebehavior = 0",
        "Function": "KeyMachine::DoSetResult",
        "Source": "onecoreuap\\enduser\\winstore\\licensemanager\\lib\\keymachine.cpp",
        "Line Number": "1520"
      },
      "source_format": "evtx",
      "file": "Microsoft-Windows-Store%4Operational.evtx"
    },
    {
      "event_id": 8001,
      "provider": "Microsoft-Windows-Store",
      "timestamp": "2026-07-28T17:41:11.639572+00:00",
      "computer": "DESKTOP-M3EFNJH",
      "level": "4",
      "channel": "Microsoft-Windows-Store/Operational",
      "record_id": "3599",
      "event_data": {
        "Message": "Failure Message: onecoreuap\\enduser\\winstore\\licensemanager\\lib\\applicensemanager.cpp(447)\\LicenseManager.dll!00007FF9CE8FF624: (caller: 00007FF9F29536B3) Exception(8) tid(21dc) 803F7001 ",
        "Function": "",
        "Source": "onecoreuap\\enduser\\winstore\\licensemanager\\lib\\applicensemanager.cpp",
        "Line Number": "450"
      },
      "source_format": "evtx",
      "file": "Microsoft-Windows-Store%4Operational.evtx"
    },
    {
      "event_id": 8002,
      "provider": "Microsoft-Windows-Store",
      "timestamp": "2026-07-28T17:41:11.639036+00:00",
      "computer": "DESKTOP-M3EFNJH",
      "level": "3",
      "channel": "Microsoft-Windows-Store/Operational",
      "record_id": "3598",
      "event_data": {
        "Message": "Failure Message: hr: 0x803f7001",
        "Function": "",
        "Source": "onecoreuap\\enduser\\winstore\\licensemanager\\lib\\applicensemanager.cpp",
        "Line Number": "447"
      },
      "source_format": "evtx",
      "file": "Microsoft-Windows-Store%4Operational.evtx"
    },
    {
      "event_id": 8002,
      "provider": "Microsoft-Windows-Store",
      "timestamp": "2026-07-28T17:41:11.638918+00:00",
      "computer": "DESKTOP-M3EFNJH",
      "level": "3",
      "channel": "Microsoft-Windows-Store/Operational",
      "record_id": "3597",
      "event_data": {
        "Message": "Failure Message: hr: 0x803f7001",
        "Function": "",
        "Source": "onecoreuap\\enduser\\winstore\\licensemanager\\lib\\managercore.cpp",
        "Line Number": "171"
      },
      "source_format": "evtx",
      "file": "Microsoft-Windows-Store%4Operational.evtx"
    },
    {
      "event_id": 8001,
      "provider": "Microsoft-Windows-Store",
      "timestamp": "2026-07-28T17:41:11.638503+00:00",
      "computer": "DESKTOP-M3EFNJH",
      "level": "4",
      "channel": "Microsoft-Windows-Store/Operational",
      "record_id": "3595",
      "event_data": {
        "Message": "Set results for lease = 0x0, policy = 0, operation = 3, Leasebehavior = 0",
        "Function": "KeyMachine::DoSetResult",
        "Source": "onecoreuap\\enduser\\winstore\\licensemanager\\lib\\keymachine.cpp",
        "Line Number": "1520"
      },
      "source_format": "evtx",
      "file": "Microsoft-Windows-Store%4Operational.evtx"
    },
    {
      "event_id": 8001,
      "provider": "Microsoft-Windows-Store",
      "timestamp": "2026-07-28T17:41:11.638203+00:00",
      "computer": "DESKTOP-M3EFNJH",
      "level": "4",
      "channel": "Microsoft-Windows-Store/Operational",
      "record_id": "3593",
      "event_data": {
        "Message": "Failure Message: onecoreuap\\enduser\\winstore\\licensemanager\\lib\\managercore.cpp(1817)\\LicenseManager.dll!00007FF9CE8C74CB: (caller: 00007FF9CE8CDE12) Exception(6) tid(2290) 803F7001 ",
        "Function": "",
        "Source": "onecoreuap\\enduser\\winstore\\licensemanager\\lib\\keymachine.cpp",
        "Line Number": "1012"
      },
      "source_format": "evtx",
      "file": "Microsoft-Windows-Store%4Operational.evtx"
    },
    {
      "event_id": 8002,
      "provider": "Microsoft-Windows-Store",
      "timestamp": "2026-07-28T17:41:11.638071+00:00",
      "computer": "DESKTOP-M3EFNJH",
      "level": "3",
      "channel": "Microsoft-Windows-Store/Operational",
      "record_id": "3592",
      "event_data": {
        "Message": "Failure Message: hr: 0x803f7001",
        "Function": "",
        "Source": "onecoreuap\\enduser\\winstore\\licensemanager\\lib\\managercore.cpp",
        "Line Number": "1817"
      },
      "source_format": "evtx",
      "file": "Microsoft-Windows-Store%4Operational.evtx"
    },
    {
      "event_id": 8001,
      "provider": "Microsoft-Windows-Store",
      "timestamp": "2026-07-28T17:41:11.638021+00:00",
      "computer": "DESKTOP-M3EFNJH",
      "level": "4",
      "channel": "Microsoft-Windows-Store/Operational",
      "record_id": "3591",
      "event_data": {
        "Message": "Error 0x803f7001 in getting response, not retrying",
        "Function": "LicenseProxyService::RequestLicenseForContentWithId",
        "Source": "onecoreuap\\enduser\\winstore\\licensemanager\\lib\\proxy.cpp",
        "Line Number": "381"
      },
      "source_format": "evtx",
      "file": "Microsoft-Windows-Store%4Operational.evtx"
    },
    {
      "event_id": 8001,
      "provider": "Microsoft-Windows-Store",
      "timestamp": "2026-07-28T17:41:11.638001+00:00",
      "computer": "DESKTOP-M3EFNJH",
      "level": "4",
      "channel": "Microsoft-Windows-Store/Operational",
      "record_id": "3590",
      "event_data": {
        "Message": "Failure Message: onecoreuap\\enduser\\winstore\\licensemanager\\lib\\proxy.cpp(358)\\LicenseManager.dll!00007FF9CE8D5498: (caller: 00007FF9CE8C704A) Exception(5) tid(2290) 803F7001 ",
        "Function": "",
        "Source": "onecoreuap\\enduser\\winstore\\licensemanager\\lib\\proxy.cpp",
        "Line Number": "367"
      },
      "source_format": "evtx",
      "file": "Microsoft-Windows-Store%4Operational.evtx"
    },
    {
      "event_id": 8002,
      "provider": "Microsoft-Windows-Store",
      "timestamp": "2026-07-28T17:41:11.635011+00:00",
      "computer": "DESKTOP-M3EFNJH",
      "level": "3",
      "channel": "Microsoft-Windows-Store/Operational",
      "record_id": "3589",
      "event_data": {
        "Message": "Failure Message: hr: 0x803f7001",
        "Function": "",
        "Source": "onecoreuap\\enduser\\winstore\\licensemanager\\lib\\proxy.cpp",
        "Line Number": "358"
      },
      "source_format": "evtx",
      "file": "Microsoft-Windows-Store%4Operational.evtx"
    },
    {
      "event_id": 8003,
      "provider": "Microsoft-Windows-Store",
      "timestamp": "2026-07-28T17:41:11.634922+00:00",
      "computer": "DESKTOP-M3EFNJH",
      "level": "2",
      "channel": "Microsoft-Windows-Store/Operational",
      "record_id": "3588",
      "event_data": {
        "Message": "Satisfaction error from service: 4096: Users do not possess any satisfying entitlements for the operating system content id in question. (Corr: oYkZHtrmhk2ytPRm.2, Svr: ent-7d76669b56-bndxf), token broker error: 0x00000000, number of MSA tickets: 0, number of AAD tickets: 0, ContentId: 1a1aa123-c15c-5111-d443-bc9613e219dd, PackageFamilyName: (null), ValidExistingKey: False, HResult: 0x803f7001",
        "Function": "LogSatisfactionError",
        "Source": "onecoreuap\\enduser\\winstore\\licensemanager\\lib\\telemetry.cpp",
        "Line Number": "186"
      },
      "source_format": "evtx",
      "file": "Microsoft-Windows-Store%4Operational.evtx"
    },
    {
      "event_id": 8001,
      "provider": "Microsoft-Windows-Store",
      "timestamp": "2026-07-28T17:41:11.634847+00:00",
      "computer": "DESKTOP-M3EFNJH",
      "level": "4",
      "channel": "Microsoft-Windows-Store/Operational",
      "record_id": "3587",
      "event_data": {
        "Message": "License Response: 0 leases, 0 keys for contentId 1a1aa123-c15c-5111-d443-bc9613e219dd (Corr: oYkZHtrmhk2ytPRm.2, Svr: ent-7d76669b56-bndxf)",
        "Function": "LogRequestLicenseSuccess",
        "Source": "onecoreuap\\enduser\\winstore\\licensemanager\\lib\\telemetry.cpp",
        "Line Number": "246"
      },
      "source_format": "evtx",
      "file": "Microsoft-Windows-Store%4Operational.evtx"
    },
    {
      "event_id": 8001,
      "provider": "Microsoft-Windows-Store",
      "timestamp": "2026-07-28T17:41:11.320473+00:00",
      "computer": "DESKTOP-M3EFNJH",
      "level": "4",
      "channel": "Microsoft-Windows-Store/Operational",
      "record_id": "3586",
      "event_data": {
        "Message": "Requesting license for 1a1aa123-c15c-5111-d443-bc9613e219dd at /v7.0/licenses/content (https://licensing.mp.microsoft.com) (Corr: oYkZHtrmhk2ytPRm.2)",
        "Function": "LicenseProxyService::DoRequestLicense",
        "Source": "onecoreuap\\enduser\\winstore\\licensemanager\\lib\\proxy.cpp",
        "Line Number": "2044"
      },
      "source_format": "evtx",
      "file": "Microsoft-Windows-Store%4Operational.evtx"
    },
    {
      "event_id": 8001,
      "provider": "Microsoft-Windows-Store",
      "timestamp": "2026-07-28T17:41:11.301714+00:00",
      "computer": "DESKTOP-M3EFNJH",
      "level": "4",
      "channel": "Microsoft-Windows-Store/Operational",
      "record_id": "3585",
      "event_data": {
        "Message": "Identity capture succeeded",
        "Function": "SingleUserStoredIdentitySnapshot::CaptureIdentity",
        "Source": "onecoreuap\\enduser\\winstore\\licensemanager\\lib\\identity.cpp",
        "Line Number": "441"
      },
      "source_format": "evtx",
      "file": "Microsoft-Windows-Store%4Operational.evtx"
    },
    {
      "event_id": 8002,
      "provider": "Microsoft-Windows-Store",
      "timestamp": "2026-07-28T17:41:11.301378+00:00",
      "computer": "DESKTOP-M3EFNJH",
      "level": "3",
      "channel": "Microsoft-Windows-Store/Operational",
      "record_id": "3584",
      "event_data": {
        "Message": "No user tickets captured for S-1-5-21-2258862260-369175572-2896348786-1001, so this might not end well. HRESULT of WAM call: 0x00000000.",
        "Function": "SingleUserStoredIdentitySnapshot::CaptureIdentity",
        "Source": "onecoreuap\\enduser\\winstore\\licensemanager\\lib\\identity.cpp",
        "Line Number": "419"
      },
      "source_format": "evtx",
      "file": "Microsoft-Windows-Store%4Operational.evtx"
    },
    {
      "event_id": 8001,
      "provider": "Microsoft-Windows-Store",
      "timestamp": "2026-07-28T17:41:11.188600+00:00",
      "computer": "DESKTOP-M3EFNJH",
      "level": "4",
      "channel": "Microsoft-Windows-Store/Operational",
      "record_id": "3583",
      "event_data": {
        "Message": "Getting user tickets for S-1-5-21-2258862260-369175572-2896348786-1001",
        "Function": "SingleUserStoredIdentitySnapshot::CaptureIdentity",
        "Source": "onecoreuap\\enduser\\winstore\\licensemanager\\lib\\identity.cpp",
        "Line Number": "351"
      },
      "source_format": "evtx",
      "file": "Microsoft-Windows-Store%4Operational.evtx"
    },
    {
      "event_id": 8001,
      "provider": "Microsoft-Windows-Store",
      "timestamp": "2026-07-28T17:41:11.113411+00:00",
      "computer": "DESKTOP-M3EFNJH",
      "level": "4",
      "channel": "Microsoft-Windows-Store/Operational",
      "record_id": "3582",
      "event_data": {
        "Message": "No key document found for contentid 1a1aa123-c15c-5111-d443-bc9613e219dd",
        "Function": "ClipStorage::GetKeyDocumentForContentWithIdAndMinQuality",
        "Source": "onecoreuap\\enduser\\winstore\\licensemanager\\lib\\clipstorage.cpp",
        "Line Number": "269"
      },
      "source_format": "evtx",
      "file": "Microsoft-Windows-Store%4Operational.evtx"
    },
    {
      "event_id": 8001,
      "provider": "Microsoft-Windows-Store",
      "timestamp": "2026-07-28T17:41:11.111278+00:00",
      "computer": "DESKTOP-M3EFNJH",
      "level": "4",
      "channel": "Microsoft-Windows-Store/Operational",
      "record_id": "3580",
      "event_data": {
        "Message": "0000027262190500: BeginLicense: Operation 3, CachedLeaseOK true, RequireServiceValidation false",
        "Function": "KeyMachine::DoBeginLicense",
        "Source": "onecoreuap\\enduser\\winstore\\licensemanager\\lib\\keymachine.cpp",
        "Line Number": "819"
      },
      "source_format": "evtx",
      "file": "Microsoft-Windows-Store%4Operational.evtx"
    },
    {
      "event_id": 8001,
      "provider": "Microsoft-Windows-Store",
      "timestamp": "2026-07-28T17:41:11.111258+00:00",
      "computer": "DESKTOP-M3EFNJH",
      "level": "4",
      "channel": "Microsoft-Windows-Store/Operational",
      "record_id": "3578",
      "event_data": {
        "Message": "0000027262190500: Key Machine for content: 1a1aa123-c15c-5111-d443-bc9613e219dd",
        "Function": "KeyMachine::KeyMachine",
        "Source": "onecoreuap\\enduser\\winstore\\licensemanager\\lib\\keymachine.cpp",
        "Line Number": "95"
      },
      "source_format": "evtx",
      "file": "Microsoft-Windows-Store%4Operational.evtx"
    },
    {
      "event_id": 8001,
      "provider": "Microsoft-Windows-Store",
      "timestamp": "2026-07-28T17:41:11.111206+00:00",
      "computer": "DESKTOP-M3EFNJH",
      "level": "4",
      "channel": "Microsoft-Windows-Store/Operational",
      "record_id": "3576",
      "event_data": {
        "Message": "Licensing 1a1aa123-c15c-5111-d443-bc9613e219dd (Active)",
        "Function": "LicenseManager::LicenseContentWithId",
        "Source": "onecoreuap\\enduser\\winstore\\licensemanager\\lib\\manager.cpp",
        "Line Number": "88"
      },
      "source_format": "evtx",
      "file": "Microsoft-Windows-Store%4Operational.evtx"
    },
    {
      "event_id": 8001,
      "provider": "Microsoft-Windows-Store",
      "timestamp": "2026-07-28T17:41:11.111204+00:00",
      "computer": "DESKTOP-M3EFNJH",
      "level": "4",
      "channel": "Microsoft-Windows-Store/Operational",
      "record_id": "3575",
      "event_data": {
        "Message": "Licensing content 1a1aa123-c15c-5111-d443-bc9613e219dd",
        "Function": "OneStoreApplicationLicenseManager::ActivateLicenseForContent",
        "Source": "onecoreuap\\enduser\\winstore\\licensemanager\\lib\\onestoreapplicensemanager.cpp",
        "Line Number": "410"
      },
      "source_format": "evtx",
      "file": "Microsoft-Windows-Store%4Operational.evtx"
    },
    {
      "event_id": 8001,
      "provider": "Microsoft-Windows-Store",
      "timestamp": "2026-07-28T17:41:00.271388+00:00",
      "computer": "DESKTOP-M3EFNJH",
      "level": "4",
      "channel": "Microsoft-Windows-Store/Operational",
      "record_id": "3574",
      "event_data": {
        "Message": "Skipping license manager: PFN Microsoft.WidgetsPlatformRuntime_1.6.14.0_x64__8wekyb3d8bbwe",
        "Function": "InvokeLicenseManagerRequired",
        "Source": "onecoreuap\\enduser\\winstore\\licensemanager\\apisethost\\activationapis.cpp",
        "Line Number": "373"
      },
      "source_format": "evtx",
      "file": "Microsoft-Windows-Store%4Operational.evtx"
    },
    {
      "event_id": 1002,
      "provider": "Microsoft-Windows-KnownFolders",
      "timestamp": "2026-07-28T17:40:58.093736+00:00",
      "computer": "DESKTOP-M3EFNJH",
      "level": "3",
      "channel": "Microsoft-Windows-Known Folders API Service",
      "record_id": "90",
      "event_data": {
        "hrError": "0x80070005",
        "FolderId": "5E6C858F-0E22-4760-9AFE-EA3317B67173",
        "Path": "C:\\Users\\Bob Milton"
      },
      "source_format": "evtx",
      "file": "Microsoft-Windows-Known Folders API Service.evtx"
    },
    {
      "event_id": 1002,
      "provider": "Microsoft-Windows-KnownFolders",
      "timestamp": "2026-07-28T17:40:57.986669+00:00",
      "computer": "DESKTOP-M3EFNJH",
      "level": "3",
      "channel": "Microsoft-Windows-Known Folders API Service",
      "record_id": "89",
      "event_data": {
        "hrError": "0x80070005",
        "FolderId": "B4BFCC3A-DB2C-424C-B029-7FE99A87C641",
        "Path": "C:\\Users\\Bob Milton\\Desktop"
      },
      "source_format": "evtx",
      "file": "Microsoft-Windows-Known Folders API Service.evtx"
    },
