    {
      "event_id": 8001,
      "provider": "Microsoft-Windows-Store",
      "timestamp": "2026-07-27T22:38:45.813590+00:00",
      "computer": "WIN-IN9ODUH5HLF",
      "level": "4",
      "channel": "Microsoft-Windows-Store/Operational",
      "record_id": "488",
      "event_data": {
        "Message": "Considering License ID {517CFCAF-138B-1796-2CEA-62892204250A} for content ID 97612282-D1E8-1D6A-9E92-C271E7F177EF...",
        "Function": "ClipStorage::GetKeyDocumentForContentWithIdAndMinQuality",
        "Source": "onecoreuap\\enduser\\winstore\\licensemanager\\lib\\clipstorage.cpp",
        "Line Number": "192"
      },
      "source_format": "evtx",
      "file": "Microsoft-Windows-Store%4Operational.evtx"
    },
    {
      "event_id": 8001,
      "provider": "Microsoft-Windows-Store",
      "timestamp": "2026-07-27T22:38:45.810788+00:00",
      "computer": "WIN-IN9ODUH5HLF",
      "level": "4",
      "channel": "Microsoft-Windows-Store/Operational",
      "record_id": "487",
      "event_data": {
        "Message": "Refreshing content 97612282-D1E8-1D6A-9E92-C271E7F177EF outside of KeyMachine",
        "Function": "LicenseManagerCore::Refresh",
        "Source": "onecoreuap\\enduser\\winstore\\licensemanager\\lib\\managercore.cpp",
        "Line Number": "835"
      },
      "source_format": "evtx",
      "file": "Microsoft-Windows-Store%4Operational.evtx"
    },
    {
      "event_id": 8002,
      "provider": "Microsoft-Windows-Store",
      "timestamp": "2026-07-27T22:38:45.777345+00:00",
      "computer": "WIN-IN9ODUH5HLF",
      "level": "3",
      "channel": "Microsoft-Windows-Store/Operational",
      "record_id": "485",
      "event_data": {
        "Message": "Capturing identity for LocalService, this probably isn't intended",
        "Function": "StoredIdentity::StoredIdentity",
        "Source": "onecoreuap\\enduser\\winstore\\licensemanager\\lib\\identity.cpp",
        "Line Number": "546"
      },
      "source_format": "evtx",
      "file": "Microsoft-Windows-Store%4Operational.evtx"
    },
    {
      "event_id": 8001,
      "provider": "Microsoft-Windows-Store",
      "timestamp": "2026-07-27T22:38:45.777316+00:00",
      "computer": "WIN-IN9ODUH5HLF",
      "level": "4",
      "channel": "Microsoft-Windows-Store/Operational",
      "record_id": "484",
      "event_data": {
        "Message": "Invalidating cache for 97612282-D1E8-1D6A-9E92-C271E7F177EF",
        "Function": "LicenseManager::RefreshCacheForContentWithId",
        "Source": "onecoreuap\\enduser\\winstore\\licensemanager\\lib\\manager.cpp",
        "Line Number": "174"
      },
      "source_format": "evtx",
      "file": "Microsoft-Windows-Store%4Operational.evtx"
    },
    {
      "event_id": 8001,
      "provider": "Microsoft-Windows-Store",
      "timestamp": "2026-07-27T22:38:45.777287+00:00",
      "computer": "WIN-IN9ODUH5HLF",
      "level": "4",
      "channel": "Microsoft-Windows-Store/Operational",
      "record_id": "483",
      "event_data": {
        "Message": "Decoding: {\"legacyProductId\":\"b6f48207-085a-4f7c-ab5a-9ff93242f74e\"}",
        "Function": "DecodeCustomPolicy",
        "Source": "onecoreuap\\enduser\\winstore\\licensemanager\\lib\\clipdocument.cpp",
        "Line Number": "50"
      },
      "source_format": "evtx",
      "file": "Microsoft-Windows-Store%4Operational.evtx"
    },
    {
      "event_id": 22,
      "provider": "Microsoft-Windows-TerminalServices-LocalSessionManager",
      "timestamp": "2026-07-27T22:38:45.771760+00:00",
      "computer": "WIN-IN9ODUH5HLF",
      "level": "4",
      "channel": "Microsoft-Windows-TerminalServices-LocalSessionManager/Operational",
      "record_id": "33",
      "event_data": {},
      "source_format": "evtx",
      "file": "Microsoft-Windows-TerminalServices-LocalSessionManager%4Operational.evtx"
    },
    {
      "event_id": 8001,
      "provider": "Microsoft-Windows-Store",
      "timestamp": "2026-07-27T22:38:45.691056+00:00",
      "computer": "WIN-IN9ODUH5HLF",
      "level": "4",
      "channel": "Microsoft-Windows-Store/Operational",
      "record_id": "482",
      "event_data": {
        "Message": "Installing key document",
        "Function": "ClipStorage::StoreKeyDocument",
        "Source": "onecoreuap\\enduser\\winstore\\licensemanager\\lib\\clipstorage.cpp",
        "Line Number": "67"
      },
      "source_format": "evtx",
      "file": "Microsoft-Windows-Store%4Operational.evtx"
    },
    {
      "event_id": 3,
      "provider": "Microsoft-Windows-Crypto-NCrypt",
      "timestamp": "2026-07-27T22:38:45.637931+00:00",
      "computer": "WIN-IN9ODUH5HLF",
      "level": "2",
      "channel": "Microsoft-Windows-Crypto-NCrypt/Operational",
      "record_id": "11",
      "event_data": {
        "ProviderName": "Microsoft Platform Crypto Provider",
        "KeyName": "Windows AIK",
        "Status": "0x80090016",
        "ProcessName": "svchost.exe"
      },
      "source_format": "evtx",
      "file": "Microsoft-Windows-Crypto-NCrypt%4Operational.evtx"
    },
    {
      "event_id": 8001,
      "provider": "Microsoft-Windows-Store",
      "timestamp": "2026-07-27T22:38:45.626509+00:00",
      "computer": "WIN-IN9ODUH5HLF",
      "level": "4",
      "channel": "Microsoft-Windows-Store/Operational",
      "record_id": "481",
      "event_data": {
        "Message": "Installing lease",
        "Function": "ClipStorage::StoreLeaseDocument",
        "Source": "onecoreuap\\enduser\\winstore\\licensemanager\\lib\\clipstorage.cpp",
        "Line Number": "285"
      },
      "source_format": "evtx",
      "file": "Microsoft-Windows-Store%4Operational.evtx"
    },
    {
      "event_id": 8001,
      "provider": "Microsoft-Windows-Store",
      "timestamp": "2026-07-27T22:38:45.602544+00:00",
      "computer": "WIN-IN9ODUH5HLF",
      "level": "4",
      "channel": "Microsoft-Windows-Store/Operational",
      "record_id": "480",
      "event_data": {
        "Message": "Ignoring lease removal with reason 0x803f9003 because this is an offline lease\n",
        "Function": "ClipStorage::RemoveLeaseDocumentWithIdAndReason",
        "Source": "onecoreuap\\enduser\\winstore\\licensemanager\\lib\\clipstorage.cpp",
        "Line Number": "501"
      },
      "source_format": "evtx",
      "file": "Microsoft-Windows-Store%4Operational.evtx"
    },
    {
      "event_id": 8001,
      "provider": "Microsoft-Windows-Store",
      "timestamp": "2026-07-27T22:38:45.602293+00:00",
      "computer": "WIN-IN9ODUH5HLF",
      "level": "4",
      "channel": "Microsoft-Windows-Store/Operational",
      "record_id": "479",
      "event_data": {
        "Message": "Decoding: {\"entitlementSatisfaction\":\"Open\",\"isOffline\":true,\"leaseEnforcement\":\"None\",\"leaseUri\":\"https://licensing.md.mp.microsoft.com/v7.0/licenses/?contentId=bdf6071e-638b-9e8f-1084-22daba0c3148&market=US&policyType=Open&productId=9MV0B5HZVK9Z&skuId=0010\",\"keyIds\":[\"498f6229-2508-a7bf-d6fd-d7b590a542ea\"],\"kind\":\"Content\",\"packages\":[{\"packageIdentifier\":\"bdf6071e-638b-9e8f-1084-22daba0c3148\",\"packageType\":\"msix\",\"productAddOns\":[],\"productId\":\"9MV0B5HZVK9Z\",\"skuId\":\"0010\"}],\"pollAt\":\"2026-10-25T05:32:00.7716397+00:00\",\"refreshOnStartup\":false,\"version\":7}",
        "Function": "DecodeCustomPolicy",
        "Source": "onecoreuap\\enduser\\winstore\\licensemanager\\lib\\clipdocument.cpp",
        "Line Number": "50"
      },
      "source_format": "evtx",
      "file": "Microsoft-Windows-Store%4Operational.evtx"
    },
    {
      "event_id": 8001,
      "provider": "Microsoft-Windows-Store",
      "timestamp": "2026-07-27T22:38:45.575706+00:00",
      "computer": "WIN-IN9ODUH5HLF",
      "level": "4",
      "channel": "Microsoft-Windows-Store/Operational",
      "record_id": "478",
      "event_data": {
        "Message": "Returning 1 lease documents for contentid BDF6071E-638B-9E8F-1084-22DABA0C3148",
        "Function": "ClipStorage::GetLeaseDocumentsForKeyDocument",
        "Source": "onecoreuap\\enduser\\winstore\\licensemanager\\lib\\clipstorage.cpp",
        "Line Number": "460"
      },
      "source_format": "evtx",
      "file": "Microsoft-Windows-Store%4Operational.evtx"
    },
    {
      "event_id": 8001,
      "provider": "Microsoft-Windows-Store",
      "timestamp": "2026-07-27T22:38:45.575704+00:00",
      "computer": "WIN-IN9ODUH5HLF",
      "level": "4",
      "channel": "Microsoft-Windows-Store/Operational",
      "record_id": "477",
      "event_data": {
        "Message": "Adding lease {B0D13C54-788D-A8A1-6380-3468517DEFF1} to results",
        "Function": "ClipStorage::GetLeaseDocumentsForKeyDocument",
        "Source": "onecoreuap\\enduser\\winstore\\licensemanager\\lib\\clipstorage.cpp",
        "Line Number": "387"
      },
      "source_format": "evtx",
      "file": "Microsoft-Windows-Store%4Operational.evtx"
    },
    {
      "event_id": 8001,
      "provider": "Microsoft-Windows-Store",
      "timestamp": "2026-07-27T22:38:45.575673+00:00",
      "computer": "WIN-IN9ODUH5HLF",
      "level": "4",
      "channel": "Microsoft-Windows-Store/Operational",
      "record_id": "476",
      "event_data": {
        "Message": "Decoding: {\"entitlementSatisfaction\":\"Open\",\"isOffline\":true,\"leaseEnforcement\":\"None\",\"leaseUri\":\"https://licensing.md.mp.microsoft.com/v7.0/licenses/?contentId=bdf6071e-638b-9e8f-1084-22daba0c3148&market=US&policyType=Open&productId=9MV0B5HZVK9Z&skuId=0010\",\"keyIds\":[\"498f6229-2508-a7bf-d6fd-d7b590a542ea\"],\"kind\":\"Content\",\"packages\":[{\"packageIdentifier\":\"bdf6071e-638b-9e8f-1084-22daba0c3148\",\"packageType\":\"msix\",\"productAddOns\":[],\"productId\":\"9MV0B5HZVK9Z\",\"skuId\":\"0010\"}],\"pollAt\":\"2026-10-25T05:32:00.7716397+00:00\",\"refreshOnStartup\":false,\"version\":7}",
        "Function": "DecodeCustomPolicy",
        "Source": "onecoreuap\\enduser\\winstore\\licensemanager\\lib\\clipdocument.cpp",
        "Line Number": "50"
      },
      "source_format": "evtx",
      "file": "Microsoft-Windows-Store%4Operational.evtx"
    },
    {
      "event_id": 8001,
      "provider": "Microsoft-Windows-GroupPolicy",
      "timestamp": "2026-07-27T22:38:45.574822+00:00",
      "computer": "WIN-IN9ODUH5HLF",
      "level": "4",
      "channel": "Microsoft-Windows-GroupPolicy/Operational",
      "record_id": "48",
      "event_data": {
        "PolicyElaspedTimeInSeconds": "1",
        "ErrorCode": "0",
        "PrincipalSamName": "DESKTOP-M3EFNJH\\defaultuser0",
        "IsMachine": "0",
        "IsConnectivityFailure": "false"
      },
      "source_format": "evtx",
      "file": "Microsoft-Windows-GroupPolicy%4Operational.evtx"
    },
    {
      "event_id": 8001,
      "provider": "Microsoft-Windows-Store",
      "timestamp": "2026-07-27T22:38:45.571166+00:00",
      "computer": "WIN-IN9ODUH5HLF",
      "level": "4",
      "channel": "Microsoft-Windows-Store/Operational",
      "record_id": "475",
      "event_data": {
        "Message": "License Response: 1 leases, 1 keys for contentId BDF6071E-638B-9E8F-1084-22DABA0C3148 (Corr: GuLxCS8C20iywnl5.9, Svr: 8)",
        "Function": "LogRequestLicenseSuccess",
        "Source": "onecoreuap\\enduser\\winstore\\licensemanager\\lib\\telemetry.cpp",
        "Line Number": "246"
      },
      "source_format": "evtx",
      "file": "Microsoft-Windows-Store%4Operational.evtx"
    },
    {
      "event_id": 8001,
      "provider": "Microsoft-Windows-Store",
      "timestamp": "2026-07-27T22:38:45.463303+00:00",
      "computer": "WIN-IN9ODUH5HLF",
      "level": "4",
      "channel": "Microsoft-Windows-Store/Operational",
      "record_id": "474",
      "event_data": {
        "Message": "Requesting license for BDF6071E-638B-9E8F-1084-22DABA0C3148 at /v7.0/licenses/content (https://licensing.mp.microsoft.com) (Corr: GuLxCS8C20iywnl5.9)",
        "Function": "LicenseProxyService::DoRequestLicense",
        "Source": "onecoreuap\\enduser\\winstore\\licensemanager\\lib\\proxy.cpp",
        "Line Number": "2044"
      },
      "source_format": "evtx",
      "file": "Microsoft-Windows-Store%4Operational.evtx"
    },
    {
      "event_id": 8001,
      "provider": "Microsoft-Windows-Store",
      "timestamp": "2026-07-27T22:38:45.462768+00:00",
      "computer": "WIN-IN9ODUH5HLF",
      "level": "4",
      "channel": "Microsoft-Windows-Store/Operational",
      "record_id": "473",
      "event_data": {
        "Message": "Transmitting old key for content ID BDF6071E-638B-9E8F-1084-22DABA0C3148 in request for content ID BDF6071E-638B-9E8F-1084-22DABA0C3148 with validity 7f000000 (detail 0x00000000)",
        "Function": "LicenseProxyService::CreateLicenseRequestBody",
        "Source": "onecoreuap\\enduser\\winstore\\licensemanager\\lib\\proxy.cpp",
        "Line Number": "1918"
      },
      "source_format": "evtx",
      "file": "Microsoft-Windows-Store%4Operational.evtx"
    },
    {
      "event_id": 8001,
      "provider": "Microsoft-Windows-Store",
      "timestamp": "2026-07-27T22:38:45.462132+00:00",
      "computer": "WIN-IN9ODUH5HLF",
      "level": "4",
      "channel": "Microsoft-Windows-Store/Operational",
      "record_id": "472",
      "event_data": {
        "Message": "Identity capture succeeded",
        "Function": "SingleUserStoredIdentitySnapshot::CaptureIdentity",
        "Source": "onecoreuap\\enduser\\winstore\\licensemanager\\lib\\identity.cpp",
        "Line Number": "441"
      },
      "source_format": "evtx",
      "file": "Microsoft-Windows-Store%4Operational.evtx"
    },
    {
      "event_id": 8002,
      "provider": "Microsoft-Windows-Store",
      "timestamp": "2026-07-27T22:38:45.462127+00:00",
      "computer": "WIN-IN9ODUH5HLF",
      "level": "3",
      "channel": "Microsoft-Windows-Store/Operational",
      "record_id": "471",
      "event_data": {
        "Message": "No user tickets captured for S-1-5-19, so this might not end well. HRESULT of WAM call: 0x80070520.",
        "Function": "SingleUserStoredIdentitySnapshot::CaptureIdentity",
        "Source": "onecoreuap\\enduser\\winstore\\licensemanager\\lib\\identity.cpp",
        "Line Number": "419"
      },
      "source_format": "evtx",
      "file": "Microsoft-Windows-Store%4Operational.evtx"
    },
    {
      "event_id": 8001,
      "provider": "Microsoft-Windows-Store",
      "timestamp": "2026-07-27T22:38:45.462124+00:00",
      "computer": "WIN-IN9ODUH5HLF",
      "level": "4",
      "channel": "Microsoft-Windows-Store/Operational",
      "record_id": "470",
      "event_data": {
        "Message": "Failure Message: hr: 0x80070002",
        "Function": "",
        "Source": "onecoreuap\\enduser\\winstore\\auth\\lib\\winstoreauth.cpp",
        "Line Number": "1396"
      },
      "source_format": "evtx",
      "file": "Microsoft-Windows-Store%4Operational.evtx"
    },
    {
      "event_id": 8001,
      "provider": "Microsoft-Windows-Store",
      "timestamp": "2026-07-27T22:38:45.462094+00:00",
      "computer": "WIN-IN9ODUH5HLF",
      "level": "4",
      "channel": "Microsoft-Windows-Store/Operational",
      "record_id": "469",
      "event_data": {
        "Message": "Failure Message: hr: 0x80070520",
        "Function": "",
        "Source": "onecoreuap\\enduser\\winstore\\auth\\lib\\winstoreauth.cpp",
        "Line Number": "751"
      },
      "source_format": "evtx",
      "file": "Microsoft-Windows-Store%4Operational.evtx"
    },
    {
      "event_id": 8001,
      "provider": "Microsoft-Windows-Store",
      "timestamp": "2026-07-27T22:38:45.462008+00:00",
      "computer": "WIN-IN9ODUH5HLF",
      "level": "4",
      "channel": "Microsoft-Windows-Store/Operational",
      "record_id": "468",
      "event_data": {
        "Message": "Failure Message: hr: 0x80070520",
        "Function": "",
        "Source": "onecoreuap\\enduser\\winstore\\auth\\lib\\winstoreauth.cpp",
        "Line Number": "564"
      },
      "source_format": "evtx",
      "file": "Microsoft-Windows-Store%4Operational.evtx"
    },
    {
      "event_id": 8001,
      "provider": "Microsoft-Windows-Store",
      "timestamp": "2026-07-27T22:38:45.462006+00:00",
      "computer": "WIN-IN9ODUH5HLF",
      "level": "4",
      "channel": "Microsoft-Windows-Store/Operational",
      "record_id": "467",
      "event_data": {
        "Message": "Failure Message: hr: 0x80070520",
        "Function": "",
        "Source": "onecoreuap\\enduser\\winstore\\auth\\lib\\winstoreauth.cpp",
        "Line Number": "1862"
      },
      "source_format": "evtx",
      "file": "Microsoft-Windows-Store%4Operational.evtx"
    },
    {
      "event_id": 8001,
      "provider": "Microsoft-Windows-Store",
      "timestamp": "2026-07-27T22:38:45.458501+00:00",
      "computer": "WIN-IN9ODUH5HLF",
      "level": "4",
      "channel": "Microsoft-Windows-Store/Operational",
      "record_id": "466",
      "event_data": {
        "Message": "Getting user tickets for S-1-5-19",
        "Function": "SingleUserStoredIdentitySnapshot::CaptureIdentity",
        "Source": "onecoreuap\\enduser\\winstore\\licensemanager\\lib\\identity.cpp",
        "Line Number": "351"
      },
      "source_format": "evtx",
      "file": "Microsoft-Windows-Store%4Operational.evtx"
    },
    {
      "event_id": 8001,
      "provider": "Microsoft-Windows-Store",
      "timestamp": "2026-07-27T22:38:45.456408+00:00",
      "computer": "WIN-IN9ODUH5HLF",
      "level": "4",
      "channel": "Microsoft-Windows-Store/Operational",
      "record_id": "465",
      "event_data": {
        "Message": "Returning 1 lease documents for contentid BDF6071E-638B-9E8F-1084-22DABA0C3148",
        "Function": "ClipStorage::GetLeaseDocumentsForKeyDocument",
        "Source": "onecoreuap\\enduser\\winstore\\licensemanager\\lib\\clipstorage.cpp",
        "Line Number": "460"
      },
      "source_format": "evtx",
      "file": "Microsoft-Windows-Store%4Operational.evtx"
    },
    {
      "event_id": 8001,
      "provider": "Microsoft-Windows-Store",
      "timestamp": "2026-07-27T22:38:45.456406+00:00",
      "computer": "WIN-IN9ODUH5HLF",
      "level": "4",
      "channel": "Microsoft-Windows-Store/Operational",
      "record_id": "464",
      "event_data": {
        "Message": "Adding lease {B0D13C54-788D-A8A1-6380-3468517DEFF1} to results",
        "Function": "ClipStorage::GetLeaseDocumentsForKeyDocument",
        "Source": "onecoreuap\\enduser\\winstore\\licensemanager\\lib\\clipstorage.cpp",
        "Line Number": "387"
      },
      "source_format": "evtx",
      "file": "Microsoft-Windows-Store%4Operational.evtx"
    },
    {
      "event_id": 8001,
      "provider": "Microsoft-Windows-Store",
      "timestamp": "2026-07-27T22:38:45.456377+00:00",
      "computer": "WIN-IN9ODUH5HLF",
      "level": "4",
      "channel": "Microsoft-Windows-Store/Operational",
      "record_id": "463",
      "event_data": {
        "Message": "Decoding: {\"entitlementSatisfaction\":\"Open\",\"isOffline\":true,\"leaseEnforcement\":\"None\",\"leaseUri\":\"https://licensing.md.mp.microsoft.com/v7.0/licenses/?contentId=bdf6071e-638b-9e8f-1084-22daba0c3148&market=US&policyType=Open&productId=9MV0B5HZVK9Z&skuId=0010\",\"keyIds\":[\"498f6229-2508-a7bf-d6fd-d7b590a542ea\"],\"kind\":\"Content\",\"packages\":[{\"packageIdentifier\":\"bdf6071e-638b-9e8f-1084-22daba0c3148\",\"packageType\":\"msix\",\"productAddOns\":[],\"productId\":\"9MV0B5HZVK9Z\",\"skuId\":\"0010\"}],\"pollAt\":\"2026-10-25T05:32:00.7716397+00:00\",\"refreshOnStartup\":false,\"version\":7}",
        "Function": "DecodeCustomPolicy",
        "Source": "onecoreuap\\enduser\\winstore\\licensemanager\\lib\\clipdocument.cpp",
        "Line Number": "50"
      },
      "source_format": "evtx",
      "file": "Microsoft-Windows-Store%4Operational.evtx"
    },
    {
      "event_id": 8001,
      "provider": "Microsoft-Windows-Store",
      "timestamp": "2026-07-27T22:38:45.454061+00:00",
      "computer": "WIN-IN9ODUH5HLF",
      "level": "4",
      "channel": "Microsoft-Windows-Store/Operational",
      "record_id": "462",
      "event_data": {
        "Message": "Getting lease for BDF6071E-638B-9E8F-1084-22DABA0C3148",
        "Function": "LicenseManagerCore::GetExistingLeaseAndLicense",
        "Source": "onecoreuap\\enduser\\winstore\\licensemanager\\lib\\managercore.cpp",
        "Line Number": "415"
      },
      "source_format": "evtx",
      "file": "Microsoft-Windows-Store%4Operational.evtx"
    },
    {
      "event_id": 8001,
      "provider": "Microsoft-Windows-Store",
      "timestamp": "2026-07-27T22:38:45.453918+00:00",
      "computer": "WIN-IN9ODUH5HLF",
      "level": "4",
      "channel": "Microsoft-Windows-Store/Operational",
      "record_id": "461",
      "event_data": {
        "Message": "Returning key document for contentid BDF6071E-638B-9E8F-1084-22DABA0C3148",
        "Function": "ClipStorage::GetKeyDocumentForContentWithIdAndMinQuality",
        "Source": "onecoreuap\\enduser\\winstore\\licensemanager\\lib\\clipstorage.cpp",
        "Line Number": "262"
      },
      "source_format": "evtx",
      "file": "Microsoft-Windows-Store%4Operational.evtx"
    },
    {
      "event_id": 8001,
      "provider": "Microsoft-Windows-Store",
      "timestamp": "2026-07-27T22:38:45.453917+00:00",
      "computer": "WIN-IN9ODUH5HLF",
      "level": "4",
      "channel": "Microsoft-Windows-Store/Operational",
      "record_id": "460",
      "event_data": {
        "Message": "Accepting key with License ID {498F6229-2508-A7BF-D6FD-D7B590A542EA} for Content ID BDF6071E-638B-9E8F-1084-22DABA0C3148 (first match)",
        "Function": "ClipStorage::GetKeyDocumentForContentWithIdAndMinQuality",
        "Source": "onecoreuap\\enduser\\winstore\\licensemanager\\lib\\clipstorage.cpp",
        "Line Number": "223"
      },
      "source_format": "evtx",
      "file": "Microsoft-Windows-Store%4Operational.evtx"
    },
    {
      "event_id": 8001,
      "provider": "Microsoft-Windows-Store",
      "timestamp": "2026-07-27T22:38:45.453910+00:00",
      "computer": "WIN-IN9ODUH5HLF",
      "level": "4",
      "channel": "Microsoft-Windows-Store/Operational",
      "record_id": "459",
      "event_data": {
        "Message": "Decoding: {\"legacyProductId\":\"b6f48207-085a-4f7c-ab5a-9ff93242f74e\"}",
        "Function": "DecodeCustomPolicy",
        "Source": "onecoreuap\\enduser\\winstore\\licensemanager\\lib\\clipdocument.cpp",
        "Line Number": "50"
      },
      "source_format": "evtx",
      "file": "Microsoft-Windows-Store%4Operational.evtx"
    },
    {
      "event_id": 8001,
      "provider": "Microsoft-Windows-Store",
      "timestamp": "2026-07-27T22:38:45.453904+00:00",
      "computer": "WIN-IN9ODUH5HLF",
      "level": "4",
      "channel": "Microsoft-Windows-Store/Operational",
      "record_id": "458",
      "event_data": {
        "Message": "Considering License ID {498F6229-2508-A7BF-D6FD-D7B590A542EA} for content ID BDF6071E-638B-9E8F-1084-22DABA0C3148...",
        "Function": "ClipStorage::GetKeyDocumentForContentWithIdAndMinQuality",
        "Source": "onecoreuap\\enduser\\winstore\\licensemanager\\lib\\clipstorage.cpp",
        "Line Number": "192"
      },
      "source_format": "evtx",
      "file": "Microsoft-Windows-Store%4Operational.evtx"
    },
    {
      "event_id": 8001,
      "provider": "Microsoft-Windows-Store",
      "timestamp": "2026-07-27T22:38:45.452554+00:00",
      "computer": "WIN-IN9ODUH5HLF",
      "level": "4",
      "channel": "Microsoft-Windows-Store/Operational",
      "record_id": "457",
      "event_data": {
        "Message": "Refreshing content BDF6071E-638B-9E8F-1084-22DABA0C3148 outside of KeyMachine",
        "Function": "LicenseManagerCore::Refresh",
        "Source": "onecoreuap\\enduser\\winstore\\licensemanager\\lib\\managercore.cpp",
        "Line Number": "835"
      },
      "source_format": "evtx",
      "file": "Microsoft-Windows-Store%4Operational.evtx"
    },
    {
      "event_id": 8002,
      "provider": "Microsoft-Windows-Store",
      "timestamp": "2026-07-27T22:38:45.452534+00:00",
      "computer": "WIN-IN9ODUH5HLF",
      "level": "3",
      "channel": "Microsoft-Windows-Store/Operational",
      "record_id": "455",
      "event_data": {
        "Message": "Capturing identity for LocalService, this probably isn't intended",
        "Function": "StoredIdentity::StoredIdentity",
        "Source": "onecoreuap\\enduser\\winstore\\licensemanager\\lib\\identity.cpp",
        "Line Number": "546"
      },
      "source_format": "evtx",
      "file": "Microsoft-Windows-Store%4Operational.evtx"
    },
    {
      "event_id": 8001,
      "provider": "Microsoft-Windows-Store",
      "timestamp": "2026-07-27T22:38:45.452509+00:00",
      "computer": "WIN-IN9ODUH5HLF",
      "level": "4",
      "channel": "Microsoft-Windows-Store/Operational",
      "record_id": "454",
      "event_data": {
        "Message": "Invalidating cache for BDF6071E-638B-9E8F-1084-22DABA0C3148",
        "Function": "LicenseManager::RefreshCacheForContentWithId",
        "Source": "onecoreuap\\enduser\\winstore\\licensemanager\\lib\\manager.cpp",
        "Line Number": "174"
      },
      "source_format": "evtx",
      "file": "Microsoft-Windows-Store%4Operational.evtx"
    },
    {
      "event_id": 8001,
      "provider": "Microsoft-Windows-Store",
      "timestamp": "2026-07-27T22:38:45.452486+00:00",
      "computer": "WIN-IN9ODUH5HLF",
      "level": "4",
      "channel": "Microsoft-Windows-Store/Operational",
      "record_id": "453",
      "event_data": {
        "Message": "Decoding: {\"legacyProductId\":\"1b481e5d-c525-4e46-9240-5f16b5fc1593\"}",
        "Function": "DecodeCustomPolicy",
        "Source": "onecoreuap\\enduser\\winstore\\licensemanager\\lib\\clipdocument.cpp",
        "Line Number": "50"
      },
      "source_format": "evtx",
      "file": "Microsoft-Windows-Store%4Operational.evtx"
    },
    {
      "event_id": 8001,
      "provider": "Microsoft-Windows-Store",
      "timestamp": "2026-07-27T22:38:45.444676+00:00",
      "computer": "WIN-IN9ODUH5HLF",
      "level": "4",
      "channel": "Microsoft-Windows-Store/Operational",
      "record_id": "452",
      "event_data": {
        "Message": "Installing key document",
        "Function": "ClipStorage::StoreKeyDocument",
        "Source": "onecoreuap\\enduser\\winstore\\licensemanager\\lib\\clipstorage.cpp",
        "Line Number": "67"
      },
      "source_format": "evtx",
      "file": "Microsoft-Windows-Store%4Operational.evtx"
    },
    {
      "event_id": 8001,
      "provider": "Microsoft-Windows-Store",
      "timestamp": "2026-07-27T22:38:45.440239+00:00",
      "computer": "WIN-IN9ODUH5HLF",
      "level": "4",
      "channel": "Microsoft-Windows-Store/Operational",
      "record_id": "451",
      "event_data": {
        "Message": "Installing lease",
        "Function": "ClipStorage::StoreLeaseDocument",
        "Source": "onecoreuap\\enduser\\winstore\\licensemanager\\lib\\clipstorage.cpp",
        "Line Number": "285"
      },
      "source_format": "evtx",
      "file": "Microsoft-Windows-Store%4Operational.evtx"
    },
    {
      "event_id": 8001,
      "provider": "Microsoft-Windows-Store",
      "timestamp": "2026-07-27T22:38:45.440103+00:00",
      "computer": "WIN-IN9ODUH5HLF",
      "level": "4",
      "channel": "Microsoft-Windows-Store/Operational",
      "record_id": "450",
      "event_data": {
        "Message": "Ignoring lease removal with reason 0x803f9003 because this is an offline lease\n",
        "Function": "ClipStorage::RemoveLeaseDocumentWithIdAndReason",
        "Source": "onecoreuap\\enduser\\winstore\\licensemanager\\lib\\clipstorage.cpp",
        "Line Number": "501"
      },
      "source_format": "evtx",
      "file": "Microsoft-Windows-Store%4Operational.evtx"
    },
    {
      "event_id": 8001,
      "provider": "Microsoft-Windows-Store",
      "timestamp": "2026-07-27T22:38:45.440075+00:00",
      "computer": "WIN-IN9ODUH5HLF",
      "level": "4",
      "channel": "Microsoft-Windows-Store/Operational",
      "record_id": "449",
      "event_data": {
        "Message": "Decoding: {\"entitlementId\":\"1157824a-54c9-4277-1618-52948c7315cf\",\"entitlementSatisfaction\":\"Device\",\"isOffline\":true,\"leaseEnforcement\":\"None\",\"leaseUri\":\"https://licensing.md.mp.microsoft.com/v7.0/licenses/?beneficiaryId=msa%3a1759221167179310&contentId=4eea8ad1-4483-e2d6-caff-91cb047e74c2&entitlementId=1157824a-54c9-4277-1618-52948c7315cf&market=US&policyType=Device\",\"keyIds\":[\"39e95c3a-b028-fd1b-c193-5827c7ef688f\"],\"kind\":\"Content\",\"packages\":[{\"packageIdentifier\":\"4eea8ad1-4483-e2d6-caff-91cb047e74c2\",\"packageType\":\"msix\",\"productAddOns\":[],\"productId\":\"9NFTCH6J7FHV\",\"skuId\":\"0010\"}],\"pollAt\":\"2026-08-10T00:05:24.6414225+00:00\",\"refreshOnStartup\":false,\"version\":7}",
        "Function": "DecodeCustomPolicy",
        "Source": "onecoreuap\\enduser\\winstore\\licensemanager\\lib\\clipdocument.cpp",
        "Line Number": "50"
      },
      "source_format": "evtx",
      "file": "Microsoft-Windows-Store%4Operational.evtx"
    },
    {
      "event_id": 8001,
      "provider": "Microsoft-Windows-Store",
      "timestamp": "2026-07-27T22:38:45.439190+00:00",
      "computer": "WIN-IN9ODUH5HLF",
      "level": "4",
      "channel": "Microsoft-Windows-Store/Operational",
      "record_id": "448",
      "event_data": {
        "Message": "Returning 1 lease documents for contentid 4EEA8AD1-4483-E2D6-CAFF-91CB047E74C2",
        "Function": "ClipStorage::GetLeaseDocumentsForKeyDocument",
        "Source": "onecoreuap\\enduser\\winstore\\licensemanager\\lib\\clipstorage.cpp",
        "Line Number": "460"
      },
      "source_format": "evtx",
      "file": "Microsoft-Windows-Store%4Operational.evtx"
    },
    {
      "event_id": 8001,
      "provider": "Microsoft-Windows-Store",
      "timestamp": "2026-07-27T22:38:45.439188+00:00",
      "computer": "WIN-IN9ODUH5HLF",
      "level": "4",
      "channel": "Microsoft-Windows-Store/Operational",
      "record_id": "447",
      "event_data": {
        "Message": "Adding lease {90A4CBFB-4688-F111-B8E3-9152B1908E84} to results",
        "Function": "ClipStorage::GetLeaseDocumentsForKeyDocument",
        "Source": "onecoreuap\\enduser\\winstore\\licensemanager\\lib\\clipstorage.cpp",
        "Line Number": "387"
      },
      "source_format": "evtx",
      "file": "Microsoft-Windows-Store%4Operational.evtx"
    },
    {
      "event_id": 8001,
      "provider": "Microsoft-Windows-Store",
      "timestamp": "2026-07-27T22:38:45.439154+00:00",
      "computer": "WIN-IN9ODUH5HLF",
      "level": "4",
      "channel": "Microsoft-Windows-Store/Operational",
      "record_id": "446",
      "event_data": {
        "Message": "Decoding: {\"entitlementId\":\"1157824a-54c9-4277-1618-52948c7315cf\",\"entitlementSatisfaction\":\"Device\",\"isOffline\":true,\"leaseEnforcement\":\"None\",\"leaseUri\":\"https://licensing.md.mp.microsoft.com/v7.0/licenses/?beneficiaryId=msa%3a1759221167179310&contentId=4eea8ad1-4483-e2d6-caff-91cb047e74c2&entitlementId=1157824a-54c9-4277-1618-52948c7315cf&market=US&policyType=Device\",\"keyIds\":[\"39e95c3a-b028-fd1b-c193-5827c7ef688f\"],\"kind\":\"Content\",\"packages\":[{\"packageIdentifier\":\"4eea8ad1-4483-e2d6-caff-91cb047e74c2\",\"packageType\":\"msix\",\"productAddOns\":[],\"productId\":\"9NFTCH6J7FHV\",\"skuId\":\"0010\"}],\"pollAt\":\"2026-08-10T00:05:24.6414225+00:00\",\"refreshOnStartup\":false,\"version\":7}",
        "Function": "DecodeCustomPolicy",
        "Source": "onecoreuap\\enduser\\winstore\\licensemanager\\lib\\clipdocument.cpp",
        "Line Number": "50"
      },
      "source_format": "evtx",
      "file": "Microsoft-Windows-Store%4Operational.evtx"
    },
    {
      "event_id": 8001,
      "provider": "Microsoft-Windows-Store",
      "timestamp": "2026-07-27T22:38:45.434999+00:00",
      "computer": "WIN-IN9ODUH5HLF",
      "level": "4",
      "channel": "Microsoft-Windows-Store/Operational",
      "record_id": "445",
      "event_data": {
        "Message": "License Response: 1 leases, 1 keys for contentId 4EEA8AD1-4483-E2D6-CAFF-91CB047E74C2 (Corr: GuLxCS8C20iywnl5.8, Svr: ent-7d76669b56-2kzxx)",
        "Function": "LogRequestLicenseSuccess",
        "Source": "onecoreuap\\enduser\\winstore\\licensemanager\\lib\\telemetry.cpp",
        "Line Number": "246"
      },
      "source_format": "evtx",
      "file": "Microsoft-Windows-Store%4Operational.evtx"
    },
    {
      "event_id": 8001,
      "provider": "Microsoft-Windows-Store",
      "timestamp": "2026-07-27T22:38:45.314886+00:00",
      "computer": "WIN-IN9ODUH5HLF",
      "level": "4",
      "channel": "Microsoft-Windows-Store/Operational",
      "record_id": "444",
      "event_data": {
        "Message": "Requesting license for 4EEA8AD1-4483-E2D6-CAFF-91CB047E74C2 at /v7.0/licenses/content (https://licensing.mp.microsoft.com) (Corr: GuLxCS8C20iywnl5.8)",
        "Function": "LicenseProxyService::DoRequestLicense",
        "Source": "onecoreuap\\enduser\\winstore\\licensemanager\\lib\\proxy.cpp",
        "Line Number": "2044"
      },
      "source_format": "evtx",
      "file": "Microsoft-Windows-Store%4Operational.evtx"
    },
    {
      "event_id": 8001,
      "provider": "Microsoft-Windows-Store",
      "timestamp": "2026-07-27T22:38:45.312234+00:00",
      "computer": "WIN-IN9ODUH5HLF",
      "level": "4",
      "channel": "Microsoft-Windows-Store/Operational",
      "record_id": "443",
      "event_data": {
        "Message": "Transmitting old key for content ID 4EEA8AD1-4483-E2D6-CAFF-91CB047E74C2 in request for content ID 4EEA8AD1-4483-E2D6-CAFF-91CB047E74C2 with validity 7f000000 (detail 0x00000000)",
        "Function": "LicenseProxyService::CreateLicenseRequestBody",
        "Source": "onecoreuap\\enduser\\winstore\\licensemanager\\lib\\proxy.cpp",
        "Line Number": "1918"
      },
      "source_format": "evtx",
      "file": "Microsoft-Windows-Store%4Operational.evtx"
    },
    {
      "event_id": 8001,
      "provider": "Microsoft-Windows-Store",
      "timestamp": "2026-07-27T22:38:45.311595+00:00",
      "computer": "WIN-IN9ODUH5HLF",
      "level": "4",
      "channel": "Microsoft-Windows-Store/Operational",
      "record_id": "442",
      "event_data": {
        "Message": "Identity capture succeeded",
        "Function": "SingleUserStoredIdentitySnapshot::CaptureIdentity",
        "Source": "onecoreuap\\enduser\\winstore\\licensemanager\\lib\\identity.cpp",
        "Line Number": "441"
      },
      "source_format": "evtx",
      "file": "Microsoft-Windows-Store%4Operational.evtx"
    },
    {
      "event_id": 8002,
      "provider": "Microsoft-Windows-Store",
      "timestamp": "2026-07-27T22:38:45.311590+00:00",
      "computer": "WIN-IN9ODUH5HLF",
      "level": "3",
      "channel": "Microsoft-Windows-Store/Operational",
      "record_id": "441",
      "event_data": {
        "Message": "No user tickets captured for S-1-5-19, so this might not end well. HRESULT of WAM call: 0x80070520.",
        "Function": "SingleUserStoredIdentitySnapshot::CaptureIdentity",
        "Source": "onecoreuap\\enduser\\winstore\\licensemanager\\lib\\identity.cpp",
        "Line Number": "419"
      },
      "source_format": "evtx",
      "file": "Microsoft-Windows-Store%4Operational.evtx"
    },
    {
      "event_id": 8001,
      "provider": "Microsoft-Windows-Store",
      "timestamp": "2026-07-27T22:38:45.311586+00:00",
      "computer": "WIN-IN9ODUH5HLF",
      "level": "4",
      "channel": "Microsoft-Windows-Store/Operational",
      "record_id": "440",
      "event_data": {
        "Message": "Failure Message: hr: 0x80070002",
        "Function": "",
        "Source": "onecoreuap\\enduser\\winstore\\auth\\lib\\winstoreauth.cpp",
        "Line Number": "1396"
      },
      "source_format": "evtx",
      "file": "Microsoft-Windows-Store%4Operational.evtx"
    },
    {
      "event_id": 8001,
      "provider": "Microsoft-Windows-Store",
      "timestamp": "2026-07-27T22:38:45.311552+00:00",
      "computer": "WIN-IN9ODUH5HLF",
      "level": "4",
      "channel": "Microsoft-Windows-Store/Operational",
      "record_id": "439",
      "event_data": {
        "Message": "Failure Message: hr: 0x80070520",
        "Function": "",
        "Source": "onecoreuap\\enduser\\winstore\\auth\\lib\\winstoreauth.cpp",
        "Line Number": "751"
      },
      "source_format": "evtx",
      "file": "Microsoft-Windows-Store%4Operational.evtx"
    },
    {
      "event_id": 8001,
      "provider": "Microsoft-Windows-Store",
      "timestamp": "2026-07-27T22:38:45.311475+00:00",
      "computer": "WIN-IN9ODUH5HLF",
      "level": "4",
      "channel": "Microsoft-Windows-Store/Operational",
      "record_id": "438",
      "event_data": {
        "Message": "Failure Message: hr: 0x80070520",
        "Function": "",
        "Source": "onecoreuap\\enduser\\winstore\\auth\\lib\\winstoreauth.cpp",
        "Line Number": "564"
      },
      "source_format": "evtx",
      "file": "Microsoft-Windows-Store%4Operational.evtx"
    },
    {
      "event_id": 8001,
      "provider": "Microsoft-Windows-Store",
      "timestamp": "2026-07-27T22:38:45.311474+00:00",
      "computer": "WIN-IN9ODUH5HLF",
      "level": "4",
      "channel": "Microsoft-Windows-Store/Operational",
      "record_id": "437",
      "event_data": {
        "Message": "Failure Message: hr: 0x80070520",
        "Function": "",
        "Source": "onecoreuap\\enduser\\winstore\\auth\\lib\\winstoreauth.cpp",
        "Line Number": "1862"
      },
      "source_format": "evtx",
      "file": "Microsoft-Windows-Store%4Operational.evtx"
    },
    {
      "event_id": 8001,
      "provider": "Microsoft-Windows-Store",
      "timestamp": "2026-07-27T22:38:45.308977+00:00",
      "computer": "WIN-IN9ODUH5HLF",
      "level": "4",
      "channel": "Microsoft-Windows-Store/Operational",
      "record_id": "436",
      "event_data": {
        "Message": "Getting user tickets for S-1-5-19",
        "Function": "SingleUserStoredIdentitySnapshot::CaptureIdentity",
        "Source": "onecoreuap\\enduser\\winstore\\licensemanager\\lib\\identity.cpp",
        "Line Number": "351"
      },
      "source_format": "evtx",
      "file": "Microsoft-Windows-Store%4Operational.evtx"
    },
    {
      "event_id": 8001,
      "provider": "Microsoft-Windows-Store",
      "timestamp": "2026-07-27T22:38:45.307083+00:00",
      "computer": "WIN-IN9ODUH5HLF",
      "level": "4",
      "channel": "Microsoft-Windows-Store/Operational",
      "record_id": "435",
      "event_data": {
        "Message": "Returning 1 lease documents for contentid 4EEA8AD1-4483-E2D6-CAFF-91CB047E74C2",
        "Function": "ClipStorage::GetLeaseDocumentsForKeyDocument",
        "Source": "onecoreuap\\enduser\\winstore\\licensemanager\\lib\\clipstorage.cpp",
        "Line Number": "460"
      },
      "source_format": "evtx",
      "file": "Microsoft-Windows-Store%4Operational.evtx"
    },
    {
      "event_id": 8001,
      "provider": "Microsoft-Windows-Store",
      "timestamp": "2026-07-27T22:38:45.307081+00:00",
      "computer": "WIN-IN9ODUH5HLF",
      "level": "4",
      "channel": "Microsoft-Windows-Store/Operational",
      "record_id": "434",
      "event_data": {
        "Message": "Adding lease {90A4CBFB-4688-F111-B8E3-9152B1908E84} to results",
        "Function": "ClipStorage::GetLeaseDocumentsForKeyDocument",
        "Source": "onecoreuap\\enduser\\winstore\\licensemanager\\lib\\clipstorage.cpp",
        "Line Number": "387"
      },
      "source_format": "evtx",
      "file": "Microsoft-Windows-Store%4Operational.evtx"
    },
    {
      "event_id": 8001,
      "provider": "Microsoft-Windows-Store",
      "timestamp": "2026-07-27T22:38:45.307050+00:00",
      "computer": "WIN-IN9ODUH5HLF",
      "level": "4",
      "channel": "Microsoft-Windows-Store/Operational",
      "record_id": "433",
      "event_data": {
        "Message": "Decoding: {\"entitlementId\":\"1157824a-54c9-4277-1618-52948c7315cf\",\"entitlementSatisfaction\":\"Device\",\"isOffline\":true,\"leaseEnforcement\":\"None\",\"leaseUri\":\"https://licensing.md.mp.microsoft.com/v7.0/licenses/?beneficiaryId=msa%3a1759221167179310&contentId=4eea8ad1-4483-e2d6-caff-91cb047e74c2&entitlementId=1157824a-54c9-4277-1618-52948c7315cf&market=US&policyType=Device\",\"keyIds\":[\"39e95c3a-b028-fd1b-c193-5827c7ef688f\"],\"kind\":\"Content\",\"packages\":[{\"packageIdentifier\":\"4eea8ad1-4483-e2d6-caff-91cb047e74c2\",\"packageType\":\"msix\",\"productAddOns\":[],\"productId\":\"9NFTCH6J7FHV\",\"skuId\":\"0010\"}],\"pollAt\":\"2026-08-10T00:05:24.6414225+00:00\",\"refreshOnStartup\":false,\"version\":7}",
        "Function": "DecodeCustomPolicy",
        "Source": "onecoreuap\\enduser\\winstore\\licensemanager\\lib\\clipdocument.cpp",
        "Line Number": "50"
      },
      "source_format": "evtx",
      "file": "Microsoft-Windows-Store%4Operational.evtx"
    },
    {
      "event_id": 8001,
      "provider": "Microsoft-Windows-Store",
      "timestamp": "2026-07-27T22:38:45.301355+00:00",
      "computer": "WIN-IN9ODUH5HLF",
      "level": "4",
      "channel": "Microsoft-Windows-Store/Operational",
      "record_id": "432",
      "event_data": {
        "Message": "Getting lease for 4EEA8AD1-4483-E2D6-CAFF-91CB047E74C2",
        "Function": "LicenseManagerCore::GetExistingLeaseAndLicense",
        "Source": "onecoreuap\\enduser\\winstore\\licensemanager\\lib\\managercore.cpp",
        "Line Number": "415"
      },
      "source_format": "evtx",
      "file": "Microsoft-Windows-Store%4Operational.evtx"
    },
    {
      "event_id": 8001,
      "provider": "Microsoft-Windows-Store",
      "timestamp": "2026-07-27T22:38:45.300355+00:00",
      "computer": "WIN-IN9ODUH5HLF",
      "level": "4",
      "channel": "Microsoft-Windows-Store/Operational",
      "record_id": "431",
      "event_data": {
        "Message": "Returning key document for contentid 4EEA8AD1-4483-E2D6-CAFF-91CB047E74C2",
        "Function": "ClipStorage::GetKeyDocumentForContentWithIdAndMinQuality",
        "Source": "onecoreuap\\enduser\\winstore\\licensemanager\\lib\\clipstorage.cpp",
        "Line Number": "262"
      },
      "source_format": "evtx",
      "file": "Microsoft-Windows-Store%4Operational.evtx"
    },
    {
      "event_id": 8001,
      "provider": "Microsoft-Windows-Store",
      "timestamp": "2026-07-27T22:38:45.300353+00:00",
      "computer": "WIN-IN9ODUH5HLF",
      "level": "4",
      "channel": "Microsoft-Windows-Store/Operational",
      "record_id": "430",
      "event_data": {
        "Message": "Accepting key with License ID {39E95C3A-B028-FD1B-C193-5827C7EF688F} for Content ID 4EEA8AD1-4483-E2D6-CAFF-91CB047E74C2 (first match)",
        "Function": "ClipStorage::GetKeyDocumentForContentWithIdAndMinQuality",
        "Source": "onecoreuap\\enduser\\winstore\\licensemanager\\lib\\clipstorage.cpp",
        "Line Number": "223"
      },
      "source_format": "evtx",
      "file": "Microsoft-Windows-Store%4Operational.evtx"
    },
    {
      "event_id": 8001,
      "provider": "Microsoft-Windows-Store",
      "timestamp": "2026-07-27T22:38:45.300340+00:00",
      "computer": "WIN-IN9ODUH5HLF",
      "level": "4",
      "channel": "Microsoft-Windows-Store/Operational",
      "record_id": "429",
      "event_data": {
        "Message": "Decoding: {\"legacyProductId\":\"1b481e5d-c525-4e46-9240-5f16b5fc1593\"}",
        "Function": "DecodeCustomPolicy",
        "Source": "onecoreuap\\enduser\\winstore\\licensemanager\\lib\\clipdocument.cpp",
        "Line Number": "50"
      },
      "source_format": "evtx",
      "file": "Microsoft-Windows-Store%4Operational.evtx"
    },
    {
      "event_id": 8001,
      "provider": "Microsoft-Windows-Store",
      "timestamp": "2026-07-27T22:38:45.300288+00:00",
      "computer": "WIN-IN9ODUH5HLF",
      "level": "4",
      "channel": "Microsoft-Windows-Store/Operational",
      "record_id": "428",
      "event_data": {
        "Message": "Considering License ID {39E95C3A-B028-FD1B-C193-5827C7EF688F} for content ID 4EEA8AD1-4483-E2D6-CAFF-91CB047E74C2...",
        "Function": "ClipStorage::GetKeyDocumentForContentWithIdAndMinQuality",
        "Source": "onecoreuap\\enduser\\winstore\\licensemanager\\lib\\clipstorage.cpp",
        "Line Number": "192"
      },
      "source_format": "evtx",
      "file": "Microsoft-Windows-Store%4Operational.evtx"
    },
    {
      "event_id": 8001,
      "provider": "Microsoft-Windows-Store",
      "timestamp": "2026-07-27T22:38:45.298921+00:00",
      "computer": "WIN-IN9ODUH5HLF",
      "level": "4",
      "channel": "Microsoft-Windows-Store/Operational",
      "record_id": "427",
      "event_data": {
        "Message": "Refreshing content 4EEA8AD1-4483-E2D6-CAFF-91CB047E74C2 outside of KeyMachine",
        "Function": "LicenseManagerCore::Refresh",
        "Source": "onecoreuap\\enduser\\winstore\\licensemanager\\lib\\managercore.cpp",
        "Line Number": "835"
      },
      "source_format": "evtx",
      "file": "Microsoft-Windows-Store%4Operational.evtx"
    },
    {
      "event_id": 8002,
      "provider": "Microsoft-Windows-Store",
      "timestamp": "2026-07-27T22:38:45.298872+00:00",
      "computer": "WIN-IN9ODUH5HLF",
      "level": "3",
      "channel": "Microsoft-Windows-Store/Operational",
      "record_id": "425",
      "event_data": {
        "Message": "Capturing identity for LocalService, this probably isn't intended",
        "Function": "StoredIdentity::StoredIdentity",
        "Source": "onecoreuap\\enduser\\winstore\\licensemanager\\lib\\identity.cpp",
        "Line Number": "546"
      },
      "source_format": "evtx",
      "file": "Microsoft-Windows-Store%4Operational.evtx"
    },
    {
      "event_id": 8001,
      "provider": "Microsoft-Windows-Store",
      "timestamp": "2026-07-27T22:38:45.298842+00:00",
      "computer": "WIN-IN9ODUH5HLF",
      "level": "4",
      "channel": "Microsoft-Windows-Store/Operational",
      "record_id": "424",
      "event_data": {
        "Message": "Invalidating cache for 4EEA8AD1-4483-E2D6-CAFF-91CB047E74C2",
        "Function": "LicenseManager::RefreshCacheForContentWithId",
        "Source": "onecoreuap\\enduser\\winstore\\licensemanager\\lib\\manager.cpp",
        "Line Number": "174"
      },
      "source_format": "evtx",
      "file": "Microsoft-Windows-Store%4Operational.evtx"
    },
    {
      "event_id": 8001,
      "provider": "Microsoft-Windows-Store",
      "timestamp": "2026-07-27T22:38:45.298815+00:00",
      "computer": "WIN-IN9ODUH5HLF",
      "level": "4",
      "channel": "Microsoft-Windows-Store/Operational",
      "record_id": "423",
      "event_data": {
        "Message": "Decoding: {\"legacyProductId\":\"d877664f-6681-4559-b54e-b70c6e000ed8\"}",
        "Function": "DecodeCustomPolicy",
        "Source": "onecoreuap\\enduser\\winstore\\licensemanager\\lib\\clipdocument.cpp",
        "Line Number": "50"
      },
      "source_format": "evtx",
      "file": "Microsoft-Windows-Store%4Operational.evtx"
    },
    {
      "event_id": 8001,
      "provider": "Microsoft-Windows-Store",
      "timestamp": "2026-07-27T22:38:45.290486+00:00",
      "computer": "WIN-IN9ODUH5HLF",
      "level": "4",
      "channel": "Microsoft-Windows-Store/Operational",
      "record_id": "422",
      "event_data": {
        "Message": "Installing key document",
        "Function": "ClipStorage::StoreKeyDocument",
        "Source": "onecoreuap\\enduser\\winstore\\licensemanager\\lib\\clipstorage.cpp",
        "Line Number": "67"
      },
      "source_format": "evtx",
      "file": "Microsoft-Windows-Store%4Operational.evtx"
    },
    {
      "event_id": 8001,
      "provider": "Microsoft-Windows-Store",
      "timestamp": "2026-07-27T22:38:45.283881+00:00",
      "computer": "WIN-IN9ODUH5HLF",
      "level": "4",
      "channel": "Microsoft-Windows-Store/Operational",
      "record_id": "421",
      "event_data": {
        "Message": "Installing lease",
        "Function": "ClipStorage::StoreLeaseDocument",
        "Source": "onecoreuap\\enduser\\winstore\\licensemanager\\lib\\clipstorage.cpp",
        "Line Number": "285"
      },
      "source_format": "evtx",
      "file": "Microsoft-Windows-Store%4Operational.evtx"
    },
    {
      "event_id": 8001,
      "provider": "Microsoft-Windows-Store",
      "timestamp": "2026-07-27T22:38:45.283743+00:00",
      "computer": "WIN-IN9ODUH5HLF",
      "level": "4",
      "channel": "Microsoft-Windows-Store/Operational",
      "record_id": "420",
      "event_data": {
        "Message": "Ignoring lease removal with reason 0x803f9003 because this is an offline lease\n",
        "Function": "ClipStorage::RemoveLeaseDocumentWithIdAndReason",
        "Source": "onecoreuap\\enduser\\winstore\\licensemanager\\lib\\clipstorage.cpp",
        "Line Number": "501"
      },
      "source_format": "evtx",
      "file": "Microsoft-Windows-Store%4Operational.evtx"
    },
