    {
      "event_id": 8001,
      "provider": "Microsoft-Windows-Store",
      "timestamp": "2026-07-27T22:58:19.492848+00:00",
      "computer": "WIN-IN9ODUH5HLF",
      "level": "4",
      "channel": "Microsoft-Windows-Store/Operational",
      "record_id": "2291",
      "event_data": {
        "Message": "00000183E581AC70: Key Machine for content: 05900109-7bf4-436b-0ac6-b0810b7806e1",
        "Function": "KeyMachine::KeyMachine",
        "Source": "onecoreuap\\enduser\\winstore\\licensemanager\\lib\\keymachine.cpp",
        "Line Number": "95"
      },
      "source_format": "evtx",
      "file": "Microsoft-Windows-Store%4Operational.evtx"
    },
    {
      "event_id": 8002,
      "provider": "Microsoft-Windows-Store",
      "timestamp": "2026-07-27T22:58:19.492825+00:00",
      "computer": "WIN-IN9ODUH5HLF",
      "level": "3",
      "channel": "Microsoft-Windows-Store/Operational",
      "record_id": "2290",
      "event_data": {
        "Message": "Capturing identity for LocalSystem, this probably isn't intended",
        "Function": "StoredIdentity::StoredIdentity",
        "Source": "onecoreuap\\enduser\\winstore\\licensemanager\\lib\\identity.cpp",
        "Line Number": "536"
      },
      "source_format": "evtx",
      "file": "Microsoft-Windows-Store%4Operational.evtx"
    },
    {
      "event_id": 8001,
      "provider": "Microsoft-Windows-Store",
      "timestamp": "2026-07-27T22:58:19.492815+00:00",
      "computer": "WIN-IN9ODUH5HLF",
      "level": "4",
      "channel": "Microsoft-Windows-Store/Operational",
      "record_id": "2289",
      "event_data": {
        "Message": "Licensing 05900109-7bf4-436b-0ac6-b0810b7806e1 (Inactive)",
        "Function": "LicenseManager::GetInactiveLicenseForContentWithId",
        "Source": "onecoreuap\\enduser\\winstore\\licensemanager\\lib\\manager.cpp",
        "Line Number": "140"
      },
      "source_format": "evtx",
      "file": "Microsoft-Windows-Store%4Operational.evtx"
    },
    {
      "event_id": 8002,
      "provider": "Microsoft-Windows-Store",
      "timestamp": "2026-07-27T22:58:19.492792+00:00",
      "computer": "WIN-IN9ODUH5HLF",
      "level": "3",
      "channel": "Microsoft-Windows-Store/Operational",
      "record_id": "2288",
      "event_data": {
        "Message": "ContentId: 05900109-7bf4-436b-0ac6-b0810b7806e1, Salt: none, Payload: none",
        "Function": "ApplicationLicenseManager::EnsureLicenseForApplicationDeployment",
        "Source": "onecoreuap\\enduser\\winstore\\licensemanager\\lib\\applicensemanager.cpp",
        "Line Number": "212"
      },
      "source_format": "evtx",
      "file": "Microsoft-Windows-Store%4Operational.evtx"
    },
    {
      "event_id": 2005,
      "provider": "Microsoft-Windows-Install-Agent",
      "timestamp": "2026-07-27T22:58:17.215641+00:00",
      "computer": "WIN-IN9ODUH5HLF",
      "level": "5",
      "channel": "Microsoft-Windows-Store/Operational",
      "record_id": "2255",
      "event_data": {
        "Message": "Created task progress for Microsoft.ScreenSketch_8wekyb3d8bbwe with parentbundleId ",
        "Function": "UWAInstallWork::_DoDownload",
        "Error Code": "-1",
        "Source": "onecoreuap\\enduser\\winstore\\installservice\\lib\\uwainstallwork.cpp",
        "Line Number": "3694",
        "CorrelationVector": "yTN+PaSlmEyF7tvE.1.2",
        "ProductId": "9MZ95KL8MR0L"
      },
      "source_format": "evtx",
      "file": "Microsoft-Windows-Store%4Operational.evtx"
    },
    {
      "event_id": 8001,
      "provider": "Microsoft-Windows-Store",
      "timestamp": "2026-07-27T22:58:17.205654+00:00",
      "computer": "WIN-IN9ODUH5HLF",
      "level": "4",
      "channel": "Microsoft-Windows-Store/Operational",
      "record_id": "2250",
      "event_data": {
        "Message": "Set results for lease = 0x0, policy = 0, operation = 0, Leasebehavior = 0",
        "Function": "KeyMachine::DoSetResult",
        "Source": "onecoreuap\\enduser\\winstore\\licensemanager\\lib\\keymachine.cpp",
        "Line Number": "1520"
      },
      "source_format": "evtx",
      "file": "Microsoft-Windows-Store%4Operational.evtx"
    },
    {
      "event_id": 8001,
      "provider": "Microsoft-Windows-Store",
      "timestamp": "2026-07-27T22:58:17.205459+00:00",
      "computer": "WIN-IN9ODUH5HLF",
      "level": "4",
      "channel": "Microsoft-Windows-Store/Operational",
      "record_id": "2246",
      "event_data": {
        "Message": "Decoding: {\"entitlementId\":\"0f15aeee-9a64-94e1-a205-d1345572cc3b\",\"entitlementSatisfaction\":\"Device\",\"isOffline\":true,\"leaseEnforcement\":\"None\",\"leaseUri\":\"https://licensing.md.mp.microsoft.com/v7.0/licenses/?beneficiaryId=msahw%3a6896192952242761&contentId=42493de9-7734-949c-ad90-1d11f59f45cb&entitlementId=0f15aeee-9a64-94e1-a205-d1345572cc3b&market=US&policyType=Device\",\"keyIds\":[\"f1d940d0-b5b2-0083-8403-807a8db430d5\"],\"kind\":\"Content\",\"packages\":[{\"packageIdentifier\":\"42493de9-7734-949c-ad90-1d11f59f45cb\",\"packageType\":\"msix\",\"productAddOns\":[],\"productId\":\"9MZ95KL8MR0L\",\"skuId\":\"0010\"}],\"pollAt\":\"2026-08-10T07:50:28.3352544+00:00\",\"refreshOnStartup\":false,\"version\":7}",
        "Function": "DecodeCustomPolicy",
        "Source": "onecoreuap\\enduser\\winstore\\licensemanager\\lib\\clipdocument.cpp",
        "Line Number": "50"
      },
      "source_format": "evtx",
      "file": "Microsoft-Windows-Store%4Operational.evtx"
    },
    {
      "event_id": 8001,
      "provider": "Microsoft-Windows-Store",
      "timestamp": "2026-07-27T22:58:17.205424+00:00",
      "computer": "WIN-IN9ODUH5HLF",
      "level": "4",
      "channel": "Microsoft-Windows-Store/Operational",
      "record_id": "2245",
      "event_data": {
        "Message": "Decoding: {\"entitlementId\":\"0f15aeee-9a64-94e1-a205-d1345572cc3b\",\"entitlementSatisfaction\":\"Device\",\"isOffline\":true,\"leaseEnforcement\":\"None\",\"leaseUri\":\"https://licensing.md.mp.microsoft.com/v7.0/licenses/?beneficiaryId=msahw%3a6896192952242761&contentId=42493de9-7734-949c-ad90-1d11f59f45cb&entitlementId=0f15aeee-9a64-94e1-a205-d1345572cc3b&market=US&policyType=Device\",\"keyIds\":[\"f1d940d0-b5b2-0083-8403-807a8db430d5\"],\"kind\":\"Content\",\"packages\":[{\"packageIdentifier\":\"42493de9-7734-949c-ad90-1d11f59f45cb\",\"packageType\":\"msix\",\"productAddOns\":[],\"productId\":\"9MZ95KL8MR0L\",\"skuId\":\"0010\"}],\"pollAt\":\"2026-08-10T07:50:28.3352544+00:00\",\"refreshOnStartup\":false,\"version\":7}",
        "Function": "DecodeCustomPolicy",
        "Source": "onecoreuap\\enduser\\winstore\\licensemanager\\lib\\clipdocument.cpp",
        "Line Number": "50"
      },
      "source_format": "evtx",
      "file": "Microsoft-Windows-Store%4Operational.evtx"
    },
    {
      "event_id": 8001,
      "provider": "Microsoft-Windows-Store",
      "timestamp": "2026-07-27T22:58:17.205415+00:00",
      "computer": "WIN-IN9ODUH5HLF",
      "level": "4",
      "channel": "Microsoft-Windows-Store/Operational",
      "record_id": "2244",
      "event_data": {
        "Message": "Decoding: {\"legacyProductId\":\"74a4d5f7-a2f1-401f-9768-d26e2dfe0273\"}",
        "Function": "DecodeCustomPolicy",
        "Source": "onecoreuap\\enduser\\winstore\\licensemanager\\lib\\clipdocument.cpp",
        "Line Number": "50"
      },
      "source_format": "evtx",
      "file": "Microsoft-Windows-Store%4Operational.evtx"
    },
    {
      "event_id": 8001,
      "provider": "Microsoft-Windows-Store",
      "timestamp": "2026-07-27T22:58:17.205312+00:00",
      "computer": "WIN-IN9ODUH5HLF",
      "level": "4",
      "channel": "Microsoft-Windows-Store/Operational",
      "record_id": "2242",
      "event_data": {
        "Message": "Set results for lease = 0xe58428c8, policy = 1, operation = 2, Leasebehavior = 0",
        "Function": "KeyMachine::DoSetResult",
        "Source": "onecoreuap\\enduser\\winstore\\licensemanager\\lib\\keymachine.cpp",
        "Line Number": "1520"
      },
      "source_format": "evtx",
      "file": "Microsoft-Windows-Store%4Operational.evtx"
    },
    {
      "event_id": 8001,
      "provider": "Microsoft-Windows-Store",
      "timestamp": "2026-07-27T22:58:17.205250+00:00",
      "computer": "WIN-IN9ODUH5HLF",
      "level": "4",
      "channel": "Microsoft-Windows-Store/Operational",
      "record_id": "2240",
      "event_data": {
        "Message": "lease = 0xe58428c8, usage = 0, policy = 1, operation = 2, leaseBehavior = 0, shouldContentBeDeactivated = 0",
        "Function": "KeyMachine::DoLicenseThreadProc",
        "Source": "onecoreuap\\enduser\\winstore\\licensemanager\\lib\\keymachine.cpp",
        "Line Number": "905"
      },
      "source_format": "evtx",
      "file": "Microsoft-Windows-Store%4Operational.evtx"
    },
    {
      "event_id": 8001,
      "provider": "Microsoft-Windows-Store",
      "timestamp": "2026-07-27T22:58:17.204907+00:00",
      "computer": "WIN-IN9ODUH5HLF",
      "level": "4",
      "channel": "Microsoft-Windows-Store/Operational",
      "record_id": "2239",
      "event_data": {
        "Message": "Returning 1 lease documents for contentid 42493DE9-7734-949C-AD90-1D11F59F45CB",
        "Function": "ClipStorage::GetLeaseDocumentsForKeyDocument",
        "Source": "onecoreuap\\enduser\\winstore\\licensemanager\\lib\\clipstorage.cpp",
        "Line Number": "460"
      },
      "source_format": "evtx",
      "file": "Microsoft-Windows-Store%4Operational.evtx"
    },
    {
      "event_id": 8001,
      "provider": "Microsoft-Windows-Store",
      "timestamp": "2026-07-27T22:58:17.204906+00:00",
      "computer": "WIN-IN9ODUH5HLF",
      "level": "4",
      "channel": "Microsoft-Windows-Store/Operational",
      "record_id": "2238",
      "event_data": {
        "Message": "Adding lease {306E67C8-9A1D-38DE-8654-054BD8A6E6D6} to results",
        "Function": "ClipStorage::GetLeaseDocumentsForKeyDocument",
        "Source": "onecoreuap\\enduser\\winstore\\licensemanager\\lib\\clipstorage.cpp",
        "Line Number": "387"
      },
      "source_format": "evtx",
      "file": "Microsoft-Windows-Store%4Operational.evtx"
    },
    {
      "event_id": 8001,
      "provider": "Microsoft-Windows-Store",
      "timestamp": "2026-07-27T22:58:17.204874+00:00",
      "computer": "WIN-IN9ODUH5HLF",
      "level": "4",
      "channel": "Microsoft-Windows-Store/Operational",
      "record_id": "2237",
      "event_data": {
        "Message": "Decoding: {\"entitlementId\":\"0f15aeee-9a64-94e1-a205-d1345572cc3b\",\"entitlementSatisfaction\":\"Device\",\"isOffline\":true,\"leaseEnforcement\":\"None\",\"leaseUri\":\"https://licensing.md.mp.microsoft.com/v7.0/licenses/?beneficiaryId=msahw%3a6896192952242761&contentId=42493de9-7734-949c-ad90-1d11f59f45cb&entitlementId=0f15aeee-9a64-94e1-a205-d1345572cc3b&market=US&policyType=Device\",\"keyIds\":[\"f1d940d0-b5b2-0083-8403-807a8db430d5\"],\"kind\":\"Content\",\"packages\":[{\"packageIdentifier\":\"42493de9-7734-949c-ad90-1d11f59f45cb\",\"packageType\":\"msix\",\"productAddOns\":[],\"productId\":\"9MZ95KL8MR0L\",\"skuId\":\"0010\"}],\"pollAt\":\"2026-08-10T07:50:28.3352544+00:00\",\"refreshOnStartup\":false,\"version\":7}",
        "Function": "DecodeCustomPolicy",
        "Source": "onecoreuap\\enduser\\winstore\\licensemanager\\lib\\clipdocument.cpp",
        "Line Number": "50"
      },
      "source_format": "evtx",
      "file": "Microsoft-Windows-Store%4Operational.evtx"
    },
    {
      "event_id": 8001,
      "provider": "Microsoft-Windows-Store",
      "timestamp": "2026-07-27T22:58:17.202649+00:00",
      "computer": "WIN-IN9ODUH5HLF",
      "level": "4",
      "channel": "Microsoft-Windows-Store/Operational",
      "record_id": "2236",
      "event_data": {
        "Message": "Getting lease for 42493de9-7734-949c-ad90-1d11f59f45cb",
        "Function": "LicenseManagerCore::GetExistingLeaseAndLicense",
        "Source": "onecoreuap\\enduser\\winstore\\licensemanager\\lib\\managercore.cpp",
        "Line Number": "415"
      },
      "source_format": "evtx",
      "file": "Microsoft-Windows-Store%4Operational.evtx"
    },
    {
      "event_id": 8001,
      "provider": "Microsoft-Windows-Store",
      "timestamp": "2026-07-27T22:58:17.202504+00:00",
      "computer": "WIN-IN9ODUH5HLF",
      "level": "4",
      "channel": "Microsoft-Windows-Store/Operational",
      "record_id": "2235",
      "event_data": {
        "Message": "Returning key document for contentid 42493de9-7734-949c-ad90-1d11f59f45cb",
        "Function": "ClipStorage::GetKeyDocumentForContentWithIdAndMinQuality",
        "Source": "onecoreuap\\enduser\\winstore\\licensemanager\\lib\\clipstorage.cpp",
        "Line Number": "262"
      },
      "source_format": "evtx",
      "file": "Microsoft-Windows-Store%4Operational.evtx"
    },
    {
      "event_id": 8001,
      "provider": "Microsoft-Windows-Store",
      "timestamp": "2026-07-27T22:58:17.202503+00:00",
      "computer": "WIN-IN9ODUH5HLF",
      "level": "4",
      "channel": "Microsoft-Windows-Store/Operational",
      "record_id": "2234",
      "event_data": {
        "Message": "Accepting key with License ID {F1D940D0-B5B2-0083-8403-807A8DB430D5} for Content ID 42493de9-7734-949c-ad90-1d11f59f45cb (first match)",
        "Function": "ClipStorage::GetKeyDocumentForContentWithIdAndMinQuality",
        "Source": "onecoreuap\\enduser\\winstore\\licensemanager\\lib\\clipstorage.cpp",
        "Line Number": "223"
      },
      "source_format": "evtx",
      "file": "Microsoft-Windows-Store%4Operational.evtx"
    },
    {
      "event_id": 8001,
      "provider": "Microsoft-Windows-Store",
      "timestamp": "2026-07-27T22:58:17.202492+00:00",
      "computer": "WIN-IN9ODUH5HLF",
      "level": "4",
      "channel": "Microsoft-Windows-Store/Operational",
      "record_id": "2233",
      "event_data": {
        "Message": "Decoding: {\"legacyProductId\":\"74a4d5f7-a2f1-401f-9768-d26e2dfe0273\"}",
        "Function": "DecodeCustomPolicy",
        "Source": "onecoreuap\\enduser\\winstore\\licensemanager\\lib\\clipdocument.cpp",
        "Line Number": "50"
      },
      "source_format": "evtx",
      "file": "Microsoft-Windows-Store%4Operational.evtx"
    },
    {
      "event_id": 8001,
      "provider": "Microsoft-Windows-Store",
      "timestamp": "2026-07-27T22:58:17.202480+00:00",
      "computer": "WIN-IN9ODUH5HLF",
      "level": "4",
      "channel": "Microsoft-Windows-Store/Operational",
      "record_id": "2232",
      "event_data": {
        "Message": "Considering License ID {F1D940D0-B5B2-0083-8403-807A8DB430D5} for content ID 42493de9-7734-949c-ad90-1d11f59f45cb...",
        "Function": "ClipStorage::GetKeyDocumentForContentWithIdAndMinQuality",
        "Source": "onecoreuap\\enduser\\winstore\\licensemanager\\lib\\clipstorage.cpp",
        "Line Number": "192"
      },
      "source_format": "evtx",
      "file": "Microsoft-Windows-Store%4Operational.evtx"
    },
    {
      "event_id": 8001,
      "provider": "Microsoft-Windows-Store",
      "timestamp": "2026-07-27T22:58:17.200636+00:00",
      "computer": "WIN-IN9ODUH5HLF",
      "level": "4",
      "channel": "Microsoft-Windows-Store/Operational",
      "record_id": "2230",
      "event_data": {
        "Message": "00000183E581A950: BeginLicense: Operation 2, CachedLeaseOK true, RequireServiceValidation true",
        "Function": "KeyMachine::DoBeginLicense",
        "Source": "onecoreuap\\enduser\\winstore\\licensemanager\\lib\\keymachine.cpp",
        "Line Number": "819"
      },
      "source_format": "evtx",
      "file": "Microsoft-Windows-Store%4Operational.evtx"
    },
    {
      "event_id": 8001,
      "provider": "Microsoft-Windows-Store",
      "timestamp": "2026-07-27T22:58:17.200506+00:00",
      "computer": "WIN-IN9ODUH5HLF",
      "level": "4",
      "channel": "Microsoft-Windows-Store/Operational",
      "record_id": "2227",
      "event_data": {
        "Message": "00000183E581A950: Key Machine for content: 42493de9-7734-949c-ad90-1d11f59f45cb",
        "Function": "KeyMachine::KeyMachine",
        "Source": "onecoreuap\\enduser\\winstore\\licensemanager\\lib\\keymachine.cpp",
        "Line Number": "95"
      },
      "source_format": "evtx",
      "file": "Microsoft-Windows-Store%4Operational.evtx"
    },
    {
      "event_id": 8002,
      "provider": "Microsoft-Windows-Store",
      "timestamp": "2026-07-27T22:58:17.200435+00:00",
      "computer": "WIN-IN9ODUH5HLF",
      "level": "3",
      "channel": "Microsoft-Windows-Store/Operational",
      "record_id": "2226",
      "event_data": {
        "Message": "Capturing identity for LocalSystem, this probably isn't intended",
        "Function": "StoredIdentity::StoredIdentity",
        "Source": "onecoreuap\\enduser\\winstore\\licensemanager\\lib\\identity.cpp",
        "Line Number": "536"
      },
      "source_format": "evtx",
      "file": "Microsoft-Windows-Store%4Operational.evtx"
    },
    {
      "event_id": 8001,
      "provider": "Microsoft-Windows-Store",
      "timestamp": "2026-07-27T22:58:17.200424+00:00",
      "computer": "WIN-IN9ODUH5HLF",
      "level": "4",
      "channel": "Microsoft-Windows-Store/Operational",
      "record_id": "2225",
      "event_data": {
        "Message": "Licensing 42493de9-7734-949c-ad90-1d11f59f45cb (Inactive)",
        "Function": "LicenseManager::GetInactiveLicenseForContentWithId",
        "Source": "onecoreuap\\enduser\\winstore\\licensemanager\\lib\\manager.cpp",
        "Line Number": "140"
      },
      "source_format": "evtx",
      "file": "Microsoft-Windows-Store%4Operational.evtx"
    },
    {
      "event_id": 8002,
      "provider": "Microsoft-Windows-Store",
      "timestamp": "2026-07-27T22:58:17.200400+00:00",
      "computer": "WIN-IN9ODUH5HLF",
      "level": "3",
      "channel": "Microsoft-Windows-Store/Operational",
      "record_id": "2224",
      "event_data": {
        "Message": "ContentId: 42493de9-7734-949c-ad90-1d11f59f45cb, Salt: none, Payload: none",
        "Function": "ApplicationLicenseManager::EnsureLicenseForApplicationDeployment",
        "Source": "onecoreuap\\enduser\\winstore\\licensemanager\\lib\\applicensemanager.cpp",
        "Line Number": "212"
      },
      "source_format": "evtx",
      "file": "Microsoft-Windows-Store%4Operational.evtx"
    },
    {
      "event_id": 3,
      "provider": "Microsoft-Windows-Bits-Client",
      "timestamp": "2026-07-27T22:58:14.548362+00:00",
      "computer": "WIN-IN9ODUH5HLF",
      "level": "4",
      "channel": "Microsoft-Windows-Bits-Client/Operational",
      "record_id": "327",
      "event_data": {
        "jobTitle": "Edge Component Updater",
        "jobId": "57A7BE9B-B1A7-4C9F-8693-EF49FE72E3AE",
        "jobOwner": "DESKTOP-M3EFNJH\\Adam Sed",
        "processPath": "C:\\Program Files (x86)\\Microsoft\\Edge\\Application\\msedge.exe",
        "processId": "2596",
        "ClientProcessStartKey": "562949953421899"
      },
      "source_format": "evtx",
      "file": "Microsoft-Windows-Bits-Client%4Operational.evtx"
    },
    {
      "event_id": 2005,
      "provider": "Microsoft-Windows-Install-Agent",
      "timestamp": "2026-07-27T22:57:39.451465+00:00",
      "computer": "WIN-IN9ODUH5HLF",
      "level": "5",
      "channel": "Microsoft-Windows-Store/Operational",
      "record_id": "2108",
      "event_data": {
        "Message": "Device Info: DeviceFamily = Windows.Desktop, Version = 2814751484157797, Arch = AMD64 (K8) ",
        "Function": "FindFulfillmentInfo",
        "Error Code": "0",
        "Source": "onecoreuap\\enduser\\winstore\\installservice\\libqueue2\\productdocument2helper.cpp",
        "Line Number": "380",
        "CorrelationVector": "",
        "ProductId": ""
      },
      "source_format": "evtx",
      "file": "Microsoft-Windows-Store%4Operational.evtx"
    },
    {
      "event_id": 2005,
      "provider": "Microsoft-Windows-Install-Agent",
      "timestamp": "2026-07-27T22:57:38.224108+00:00",
      "computer": "WIN-IN9ODUH5HLF",
      "level": "5",
      "channel": "Microsoft-Windows-Store/Operational",
      "record_id": "2090",
      "event_data": {
        "Message": "Device Info: DeviceFamily = Windows.Desktop, Version = 2814751484157797, Arch = AMD64 (K8) ",
        "Function": "FindFulfillmentInfo",
        "Error Code": "0",
        "Source": "onecoreuap\\enduser\\winstore\\installservice\\libqueue2\\productdocument2helper.cpp",
        "Line Number": "380",
        "CorrelationVector": "",
        "ProductId": ""
      },
      "source_format": "evtx",
      "file": "Microsoft-Windows-Store%4Operational.evtx"
    },
    {
      "event_id": 2005,
      "provider": "Microsoft-Windows-Install-Agent",
      "timestamp": "2026-07-27T22:57:36.116502+00:00",
      "computer": "WIN-IN9ODUH5HLF",
      "level": "5",
      "channel": "Microsoft-Windows-Store/Operational",
      "record_id": "2072",
      "event_data": {
        "Message": "Device Info: DeviceFamily = Windows.Desktop, Version = 2814751484157797, Arch = AMD64 (K8) ",
        "Function": "FindFulfillmentInfo",
        "Error Code": "0",
        "Source": "onecoreuap\\enduser\\winstore\\installservice\\libqueue2\\productdocument2helper.cpp",
        "Line Number": "380",
        "CorrelationVector": "",
        "ProductId": ""
      },
      "source_format": "evtx",
      "file": "Microsoft-Windows-Store%4Operational.evtx"
    },
    {
      "event_id": 2005,
      "provider": "Microsoft-Windows-Install-Agent",
      "timestamp": "2026-07-27T22:57:34.094478+00:00",
      "computer": "WIN-IN9ODUH5HLF",
      "level": "5",
      "channel": "Microsoft-Windows-Store/Operational",
      "record_id": "2054",
      "event_data": {
        "Message": "Device Info: DeviceFamily = Windows.Desktop, Version = 2814751484157797, Arch = AMD64 (K8) ",
        "Function": "FindFulfillmentInfo",
        "Error Code": "0",
        "Source": "onecoreuap\\enduser\\winstore\\installservice\\libqueue2\\productdocument2helper.cpp",
        "Line Number": "380",
        "CorrelationVector": "",
        "ProductId": ""
      },
      "source_format": "evtx",
      "file": "Microsoft-Windows-Store%4Operational.evtx"
    },
    {
      "event_id": 2005,
      "provider": "Microsoft-Windows-Install-Agent",
      "timestamp": "2026-07-27T22:57:33.966062+00:00",
      "computer": "WIN-IN9ODUH5HLF",
      "level": "5",
      "channel": "Microsoft-Windows-Store/Operational",
      "record_id": "2036",
      "event_data": {
        "Message": "Device Info: DeviceFamily = Windows.Desktop, Version = 2814751484157797, Arch = AMD64 (K8) ",
        "Function": "FindFulfillmentInfo",
        "Error Code": "0",
        "Source": "onecoreuap\\enduser\\winstore\\installservice\\libqueue2\\productdocument2helper.cpp",
        "Line Number": "380",
        "CorrelationVector": "",
        "ProductId": ""
      },
      "source_format": "evtx",
      "file": "Microsoft-Windows-Store%4Operational.evtx"
    },
    {
      "event_id": 3,
      "provider": "Microsoft-Windows-Bits-Client",
      "timestamp": "2026-07-27T22:57:33.711495+00:00",
      "computer": "WIN-IN9ODUH5HLF",
      "level": "4",
      "channel": "Microsoft-Windows-Bits-Client/Operational",
      "record_id": "322",
      "event_data": {
        "jobTitle": "Edge Component Updater",
        "jobId": "365E079C-1E1A-4E5A-A8C8-C01990601432",
        "jobOwner": "DESKTOP-M3EFNJH\\Bob Milton",
        "processPath": "C:\\Program Files (x86)\\Microsoft\\Edge\\Application\\msedge.exe",
        "processId": "8992",
        "ClientProcessStartKey": "562949953421635"
      },
      "source_format": "evtx",
      "file": "Microsoft-Windows-Bits-Client%4Operational.evtx"
    },
    {
      "event_id": 2005,
      "provider": "Microsoft-Windows-Install-Agent",
      "timestamp": "2026-07-27T22:57:33.278485+00:00",
      "computer": "WIN-IN9ODUH5HLF",
      "level": "5",
      "channel": "Microsoft-Windows-Store/Operational",
      "record_id": "2013",
      "event_data": {
        "Message": "OneSettingsOnlineScanCooldown (in seconds) = 30",
        "Function": "DoInitializeOneSettingsConfiguration",
        "Error Code": "-1",
        "Source": "onecoreuap\\enduser\\winstore\\installservice\\lib\\settings.cpp",
        "Line Number": "1907",
        "CorrelationVector": "NULL",
        "ProductId": "NULL"
      },
      "source_format": "evtx",
      "file": "Microsoft-Windows-Store%4Operational.evtx"
    },
    {
      "event_id": 2005,
      "provider": "Microsoft-Windows-Install-Agent",
      "timestamp": "2026-07-27T22:57:33.278483+00:00",
      "computer": "WIN-IN9ODUH5HLF",
      "level": "5",
      "channel": "Microsoft-Windows-Store/Operational",
      "record_id": "2012",
      "event_data": {
        "Message": "OneSettingsOnlineScansAllowedInInterval = 10",
        "Function": "DoInitializeOneSettingsConfiguration",
        "Error Code": "-1",
        "Source": "onecoreuap\\enduser\\winstore\\installservice\\lib\\settings.cpp",
        "Line Number": "1900",
        "CorrelationVector": "NULL",
        "ProductId": "NULL"
      },
      "source_format": "evtx",
      "file": "Microsoft-Windows-Store%4Operational.evtx"
    },
    {
      "event_id": 2005,
      "provider": "Microsoft-Windows-Install-Agent",
      "timestamp": "2026-07-27T22:57:33.278480+00:00",
      "computer": "WIN-IN9ODUH5HLF",
      "level": "5",
      "channel": "Microsoft-Windows-Store/Operational",
      "record_id": "2011",
      "event_data": {
        "Message": "OneSettingsOnlineScanInterval (in seconds) = 86400",
        "Function": "DoInitializeOneSettingsConfiguration",
        "Error Code": "-1",
        "Source": "onecoreuap\\enduser\\winstore\\installservice\\lib\\settings.cpp",
        "Line Number": "1898",
        "CorrelationVector": "NULL",
        "ProductId": "NULL"
      },
      "source_format": "evtx",
      "file": "Microsoft-Windows-Store%4Operational.evtx"
    },
    {
      "event_id": 2005,
      "provider": "Microsoft-Windows-Install-Agent",
      "timestamp": "2026-07-27T22:57:33.212749+00:00",
      "computer": "WIN-IN9ODUH5HLF",
      "level": "5",
      "channel": "Microsoft-Windows-Store/Operational",
      "record_id": "2008",
      "event_data": {
        "Message": "oneSettingsconcurrentDefaultInstalls = 3, oneSettingsconcurrentMinInstalls = 3",
        "Function": "GetConcurrentInstallsFromOneSettings",
        "Error Code": "-1",
        "Source": "onecoreuap\\enduser\\winstore\\installservice\\lib\\settings.cpp",
        "Line Number": "692",
        "CorrelationVector": "NULL",
        "ProductId": "NULL"
      },
      "source_format": "evtx",
      "file": "Microsoft-Windows-Store%4Operational.evtx"
    },
    {
      "event_id": 534,
      "provider": "Microsoft-Windows-StorPort",
      "timestamp": "2026-07-27T22:57:29.506645+00:00",
      "computer": "WIN-IN9ODUH5HLF",
      "level": "2",
      "channel": "Microsoft-Windows-Storage-Storport/Operational",
      "record_id": "16",
      "event_data": {
        "PortNumber": "0",
        "PathID": "0",
        "TargetID": "0",
        "LUN": "0",
        "ClassDeviceGuid": "7915EDF1-2733-C7A5-600C-B6E44F0D6713",
        "AdapterGuid": "9CCF5A3B-8A13-11F1-BEEE-806E6F6E6963",
        "MiniportName": "storahci",
        "VendorId": "VBOX    ",
        "ProductId": "HARDDISK",
        "SerialNumber": "VBe87b51b9-d7d26e90 ",
        "BootDevice": "true",
        "DataLength": "176",
        "Data": "02000000B000000031E01000000000001600000000010000080028020000000058425253010000009000000002000000C00000000000000000000000020000001E000000000000000000000080000000000000003D000000C0A6BC2F0EB1FFFF0000000000000000A04960300EB1FFFF000000000000000030C0FB5E008AFFFFA0C4FB5E008AFFFF0000000000000000000000000000000000000000000000000000000000000000FF41040000000000",
        "MiniportEventId": "52",
        "MiniportEventDescription": "Finished I/O with error"
      },
      "source_format": "evtx",
      "file": "Microsoft-Windows-Storage-Storport%4Operational.evtx"
    },
    {
      "event_id": 3,
      "provider": "Microsoft-Windows-Bits-Client",
      "timestamp": "2026-07-27T22:57:17.506860+00:00",
      "computer": "WIN-IN9ODUH5HLF",
      "level": "4",
      "channel": "Microsoft-Windows-Bits-Client/Operational",
      "record_id": "317",
      "event_data": {
        "jobTitle": "Edge Component Updater",
        "jobId": "918C4897-8FFE-41B5-B9D1-53FBAE00EFEE",
        "jobOwner": "DESKTOP-M3EFNJH\\Adam Sed",
        "processPath": "C:\\Program Files (x86)\\Microsoft\\Edge\\Application\\msedge.exe",
        "processId": "2596",
        "ClientProcessStartKey": "562949953421899"
      },
      "source_format": "evtx",
      "file": "Microsoft-Windows-Bits-Client%4Operational.evtx"
    },
    {
      "event_id": 8001,
      "provider": "Microsoft-Windows-Store",
      "timestamp": "2026-07-27T22:57:16.703458+00:00",
      "computer": "WIN-IN9ODUH5HLF",
      "level": "4",
      "channel": "Microsoft-Windows-Store/Operational",
      "record_id": "2005",
      "event_data": {
        "Message": "Skipping license manager: PFN Microsoft.WindowsTerminal_1.18.10301.0_x64__8wekyb3d8bbwe",
        "Function": "InvokeLicenseManagerRequired",
        "Source": "onecoreuap\\enduser\\winstore\\licensemanager\\apisethost\\activationapis.cpp",
        "Line Number": "373"
      },
      "source_format": "evtx",
      "file": "Microsoft-Windows-Store%4Operational.evtx"
    },
    {
      "event_id": 8001,
      "provider": "Microsoft-Windows-Store",
      "timestamp": "2026-07-27T22:57:16.510599+00:00",
      "computer": "WIN-IN9ODUH5HLF",
      "level": "4",
      "channel": "Microsoft-Windows-Store/Operational",
      "record_id": "2004",
      "event_data": {
        "Message": "Skipping license manager: PFN Microsoft.WindowsTerminal_1.18.10301.0_x64__8wekyb3d8bbwe",
        "Function": "InvokeLicenseManagerRequired",
        "Source": "onecoreuap\\enduser\\winstore\\licensemanager\\apisethost\\activationapis.cpp",
        "Line Number": "373"
      },
      "source_format": "evtx",
      "file": "Microsoft-Windows-Store%4Operational.evtx"
    },
    {
      "event_id": 3,
      "provider": "Windows-ApplicationModel-Store-SDK",
      "timestamp": "2026-07-27T22:57:16.093709+00:00",
      "computer": "WIN-IN9ODUH5HLF",
      "level": "3",
      "channel": "Microsoft-Windows-Store/Operational",
      "record_id": "2003",
      "event_data": {
        "Message": "Task \"\" was canceled, reason: \"SystemPolicy\".",
        "Line Number": "96",
        "File Name": ".\\src\\Core\\WinStore.Tasks\\Helpers\\BackgroundTaskRunner.cs",
        "Member Name": "Run"
      },
      "source_format": "evtx",
      "file": "Microsoft-Windows-Store%4Operational.evtx"
    },
    {
      "event_id": 3,
      "provider": "Windows-ApplicationModel-Store-SDK",
      "timestamp": "2026-07-27T22:57:16.093480+00:00",
      "computer": "WIN-IN9ODUH5HLF",
      "level": "3",
      "channel": "Microsoft-Windows-Store/Operational",
      "record_id": "2002",
      "event_data": {
        "Message": "Task \"\" was canceled, reason: \"SystemPolicy\".",
        "Line Number": "96",
        "File Name": ".\\src\\Core\\WinStore.Tasks\\Helpers\\BackgroundTaskRunner.cs",
        "Member Name": "Run"
      },
      "source_format": "evtx",
      "file": "Microsoft-Windows-Store%4Operational.evtx"
    },
    {
      "event_id": 8001,
      "provider": "Microsoft-Windows-Store",
      "timestamp": "2026-07-27T22:57:15.527234+00:00",
      "computer": "WIN-IN9ODUH5HLF",
      "level": "4",
      "channel": "Microsoft-Windows-Store/Operational",
      "record_id": "2001",
      "event_data": {
        "Message": "Skipping license manager: PFN Microsoft.WindowsStore_22506.1400.2.0_x64__8wekyb3d8bbwe",
        "Function": "InvokeLicenseManagerRequired",
        "Source": "onecoreuap\\enduser\\winstore\\licensemanager\\apisethost\\activationapis.cpp",
        "Line Number": "373"
      },
      "source_format": "evtx",
      "file": "Microsoft-Windows-Store%4Operational.evtx"
    },
    {
      "event_id": 8001,
      "provider": "Microsoft-Windows-Store",
      "timestamp": "2026-07-27T22:57:15.526748+00:00",
      "computer": "WIN-IN9ODUH5HLF",
      "level": "4",
      "channel": "Microsoft-Windows-Store/Operational",
      "record_id": "2000",
      "event_data": {
        "Message": "Skipping license manager: PFN Microsoft.WindowsStore_22506.1400.2.0_x64__8wekyb3d8bbwe",
        "Function": "InvokeLicenseManagerRequired",
        "Source": "onecoreuap\\enduser\\winstore\\licensemanager\\apisethost\\activationapis.cpp",
        "Line Number": "373"
      },
      "source_format": "evtx",
      "file": "Microsoft-Windows-Store%4Operational.evtx"
    },
    {
      "event_id": 8001,
      "provider": "Microsoft-Windows-Store",
      "timestamp": "2026-07-27T22:56:32.867920+00:00",
      "computer": "WIN-IN9ODUH5HLF",
      "level": "4",
      "channel": "Microsoft-Windows-Store/Operational",
      "record_id": "1999",
      "event_data": {
        "Message": "Skipping license manager: PFN Microsoft.WindowsTerminal_1.18.10301.0_x64__8wekyb3d8bbwe",
        "Function": "InvokeLicenseManagerRequired",
        "Source": "onecoreuap\\enduser\\winstore\\licensemanager\\apisethost\\activationapis.cpp",
        "Line Number": "373"
      },
      "source_format": "evtx",
      "file": "Microsoft-Windows-Store%4Operational.evtx"
    },
    {
      "event_id": 3,
      "provider": "Microsoft-Windows-Bits-Client",
      "timestamp": "2026-07-27T22:56:25.317052+00:00",
      "computer": "WIN-IN9ODUH5HLF",
      "level": "4",
      "channel": "Microsoft-Windows-Bits-Client/Operational",
      "record_id": "312",
      "event_data": {
        "jobTitle": "Edge Component Updater",
        "jobId": "69CB8644-36A2-4513-9E24-BFE09649A5B8",
        "jobOwner": "DESKTOP-M3EFNJH\\Adam Sed",
        "processPath": "C:\\Program Files (x86)\\Microsoft\\Edge\\Application\\msedge.exe",
        "processId": "2596",
        "ClientProcessStartKey": "562949953421899"
      },
      "source_format": "evtx",
      "file": "Microsoft-Windows-Bits-Client%4Operational.evtx"
    },
    {
      "event_id": 8001,
      "provider": "Microsoft-Windows-Store",
      "timestamp": "2026-07-27T22:56:21.140383+00:00",
      "computer": "WIN-IN9ODUH5HLF",
      "level": "4",
      "channel": "Microsoft-Windows-Store/Operational",
      "record_id": "1998",
      "event_data": {
        "Message": "Skipping license manager: PFN Microsoft.WidgetsPlatformRuntime_1.6.14.0_x64__8wekyb3d8bbwe",
        "Function": "InvokeLicenseManagerRequired",
        "Source": "onecoreuap\\enduser\\winstore\\licensemanager\\apisethost\\activationapis.cpp",
        "Line Number": "373"
      },
      "source_format": "evtx",
      "file": "Microsoft-Windows-Store%4Operational.evtx"
    },
    {
      "event_id": 8001,
      "provider": "Microsoft-Windows-Store",
      "timestamp": "2026-07-27T22:56:20.991855+00:00",
      "computer": "WIN-IN9ODUH5HLF",
      "level": "4",
      "channel": "Microsoft-Windows-Store/Operational",
      "record_id": "1997",
      "event_data": {
        "Message": "Skipping license manager: PFN MicrosoftWindows.Client.WebExperience_526.17301.40.0_x64__cw5n1h2txyewy",
        "Function": "InvokeLicenseManagerRequired",
        "Source": "onecoreuap\\enduser\\winstore\\licensemanager\\apisethost\\activationapis.cpp",
        "Line Number": "373"
      },
      "source_format": "evtx",
      "file": "Microsoft-Windows-Store%4Operational.evtx"
    },
    {
      "event_id": 8001,
      "provider": "Microsoft-Windows-Store",
      "timestamp": "2026-07-27T22:56:20.969350+00:00",
      "computer": "WIN-IN9ODUH5HLF",
      "level": "4",
      "channel": "Microsoft-Windows-Store/Operational",
      "record_id": "1996",
      "event_data": {
        "Message": "Skipping license manager: PFN MicrosoftWindows.Client.WebExperience_526.17301.40.0_x64__cw5n1h2txyewy",
        "Function": "InvokeLicenseManagerRequired",
        "Source": "onecoreuap\\enduser\\winstore\\licensemanager\\apisethost\\activationapis.cpp",
        "Line Number": "373"
      },
      "source_format": "evtx",
      "file": "Microsoft-Windows-Store%4Operational.evtx"
    },
    {
      "event_id": 8001,
      "provider": "Microsoft-Windows-Store",
      "timestamp": "2026-07-27T22:56:20.147619+00:00",
      "computer": "WIN-IN9ODUH5HLF",
      "level": "4",
      "channel": "Microsoft-Windows-Store/Operational",
      "record_id": "1995",
      "event_data": {
        "Message": "Skipping license manager: PFN MicrosoftWindows.Client.WebExperience_526.17301.40.0_x64__cw5n1h2txyewy",
        "Function": "InvokeLicenseManagerRequired",
        "Source": "onecoreuap\\enduser\\winstore\\licensemanager\\apisethost\\activationapis.cpp",
        "Line Number": "373"
      },
      "source_format": "evtx",
      "file": "Microsoft-Windows-Store%4Operational.evtx"
    },
    {
      "event_id": 3,
      "provider": "Microsoft-Windows-Bits-Client",
      "timestamp": "2026-07-27T22:56:06.862468+00:00",
      "computer": "WIN-IN9ODUH5HLF",
      "level": "4",
      "channel": "Microsoft-Windows-Bits-Client/Operational",
      "record_id": "307",
      "event_data": {
        "jobTitle": "Edge Component Updater",
        "jobId": "E6FFEF48-6DE1-4551-A4A1-52275808E3B5",
        "jobOwner": "DESKTOP-M3EFNJH\\Adam Sed",
        "processPath": "C:\\Program Files (x86)\\Microsoft\\EdgeWebView\\Application\\150.0.4078.105\\msedgewebview2.exe",
        "processId": "11552",
        "ClientProcessStartKey": "562949953421961"
      },
      "source_format": "evtx",
      "file": "Microsoft-Windows-Bits-Client%4Operational.evtx"
    },
    {
      "event_id": 8001,
      "provider": "Microsoft-Windows-Store",
      "timestamp": "2026-07-27T22:56:04.487180+00:00",
      "computer": "WIN-IN9ODUH5HLF",
      "level": "4",
      "channel": "Microsoft-Windows-Store/Operational",
      "record_id": "1994",
      "event_data": {
        "Message": "Skipping license manager: PFN Microsoft.WindowsTerminal_1.18.10301.0_x64__8wekyb3d8bbwe",
        "Function": "InvokeLicenseManagerRequired",
        "Source": "onecoreuap\\enduser\\winstore\\licensemanager\\apisethost\\activationapis.cpp",
        "Line Number": "373"
      },
      "source_format": "evtx",
      "file": "Microsoft-Windows-Store%4Operational.evtx"
    },
    {
      "event_id": 3,
      "provider": "Microsoft-Windows-Bits-Client",
      "timestamp": "2026-07-27T22:56:02.188784+00:00",
      "computer": "WIN-IN9ODUH5HLF",
      "level": "4",
      "channel": "Microsoft-Windows-Bits-Client/Operational",
      "record_id": "302",
      "event_data": {
        "jobTitle": "Edge Component Updater",
        "jobId": "466D549A-B028-4F91-BFD7-7F4F5A012D04",
        "jobOwner": "DESKTOP-M3EFNJH\\Bob Milton",
        "processPath": "C:\\Program Files (x86)\\Microsoft\\Edge\\Application\\msedge.exe",
        "processId": "8992",
        "ClientProcessStartKey": "562949953421635"
      },
      "source_format": "evtx",
      "file": "Microsoft-Windows-Bits-Client%4Operational.evtx"
    },
    {
      "event_id": 8001,
      "provider": "Microsoft-Windows-Store",
      "timestamp": "2026-07-27T22:56:00.652453+00:00",
      "computer": "WIN-IN9ODUH5HLF",
      "level": "4",
      "channel": "Microsoft-Windows-Store/Operational",
      "record_id": "1993",
      "event_data": {
        "Message": "Skipping license manager: PFN Microsoft.WindowsTerminal_1.18.10301.0_x64__8wekyb3d8bbwe",
        "Function": "InvokeLicenseManagerRequired",
        "Source": "onecoreuap\\enduser\\winstore\\licensemanager\\apisethost\\activationapis.cpp",
        "Line Number": "373"
      },
      "source_format": "evtx",
      "file": "Microsoft-Windows-Store%4Operational.evtx"
    },
    {
      "event_id": 3,
      "provider": "Microsoft-Windows-Bits-Client",
      "timestamp": "2026-07-27T22:55:37.583440+00:00",
      "computer": "WIN-IN9ODUH5HLF",
      "level": "4",
      "channel": "Microsoft-Windows-Bits-Client/Operational",
      "record_id": "297",
      "event_data": {
        "jobTitle": "Edge Component Updater",
        "jobId": "8C157A1F-BC77-4B3B-B2CB-8A2CEFA4BBFD",
        "jobOwner": "DESKTOP-M3EFNJH\\Adam Sed",
        "processPath": "C:\\Program Files (x86)\\Microsoft\\Edge\\Application\\msedge.exe",
        "processId": "2596",
        "ClientProcessStartKey": "562949953421899"
      },
      "source_format": "evtx",
      "file": "Microsoft-Windows-Bits-Client%4Operational.evtx"
    },
    {
      "event_id": 3,
      "provider": "Microsoft-Windows-Bits-Client",
      "timestamp": "2026-07-27T22:55:27.093879+00:00",
      "computer": "WIN-IN9ODUH5HLF",
      "level": "4",
      "channel": "Microsoft-Windows-Bits-Client/Operational",
      "record_id": "292",
      "event_data": {
        "jobTitle": "Edge Component Updater",
        "jobId": "0496EE76-9E36-47BF-8ECA-9C40FF3DF83B",
        "jobOwner": "DESKTOP-M3EFNJH\\Adam Sed",
        "processPath": "C:\\Program Files (x86)\\Microsoft\\EdgeWebView\\Application\\150.0.4078.105\\msedgewebview2.exe",
        "processId": "11552",
        "ClientProcessStartKey": "562949953421961"
      },
      "source_format": "evtx",
      "file": "Microsoft-Windows-Bits-Client%4Operational.evtx"
    },
    {
      "event_id": 8001,
      "provider": "Microsoft-Windows-Store",
      "timestamp": "2026-07-27T22:54:56.332705+00:00",
      "computer": "WIN-IN9ODUH5HLF",
      "level": "4",
      "channel": "Microsoft-Windows-Store/Operational",
      "record_id": "1992",
      "event_data": {
        "Message": "Skipping license manager: PFN Microsoft.WindowsNotepad_11.2501.31.0_x64__8wekyb3d8bbwe",
        "Function": "InvokeLicenseManagerRequired",
        "Source": "onecoreuap\\enduser\\winstore\\licensemanager\\apisethost\\activationapis.cpp",
        "Line Number": "373"
      },
      "source_format": "evtx",
      "file": "Microsoft-Windows-Store%4Operational.evtx"
    },
    {
      "event_id": 8001,
      "provider": "Microsoft-Windows-Store",
      "timestamp": "2026-07-27T22:54:56.293248+00:00",
      "computer": "WIN-IN9ODUH5HLF",
      "level": "4",
      "channel": "Microsoft-Windows-Store/Operational",
      "record_id": "1991",
      "event_data": {
        "Message": "Skipping license manager: PFN Microsoft.WindowsNotepad_11.2501.31.0_x64__8wekyb3d8bbwe",
        "Function": "InvokeLicenseManagerRequired",
        "Source": "onecoreuap\\enduser\\winstore\\licensemanager\\apisethost\\activationapis.cpp",
        "Line Number": "373"
      },
      "source_format": "evtx",
      "file": "Microsoft-Windows-Store%4Operational.evtx"
    },
    {
      "event_id": 3,
      "provider": "Microsoft-Windows-Bits-Client",
      "timestamp": "2026-07-27T22:54:54.129988+00:00",
      "computer": "WIN-IN9ODUH5HLF",
      "level": "4",
      "channel": "Microsoft-Windows-Bits-Client/Operational",
      "record_id": "286",
      "event_data": {
        "jobTitle": "Edge Component Updater",
        "jobId": "F5C6C3AA-BB8D-4BAC-B39A-8C08CB1E47E2",
        "jobOwner": "DESKTOP-M3EFNJH\\Adam Sed",
        "processPath": "C:\\Program Files (x86)\\Microsoft\\Edge\\Application\\msedge.exe",
        "processId": "2596",
        "ClientProcessStartKey": "562949953421899"
      },
      "source_format": "evtx",
      "file": "Microsoft-Windows-Bits-Client%4Operational.evtx"
    },
    {
      "event_id": 3,
      "provider": "Microsoft-Windows-Bits-Client",
      "timestamp": "2026-07-27T22:54:51.584898+00:00",
      "computer": "WIN-IN9ODUH5HLF",
      "level": "4",
      "channel": "Microsoft-Windows-Bits-Client/Operational",
      "record_id": "282",
      "event_data": {
        "jobTitle": "Edge Component Updater",
        "jobId": "7EDCA139-1459-4511-8076-D1994466605D",
        "jobOwner": "DESKTOP-M3EFNJH\\Adam Sed",
        "processPath": "C:\\Program Files (x86)\\Microsoft\\EdgeWebView\\Application\\150.0.4078.105\\msedgewebview2.exe",
        "processId": "11552",
        "ClientProcessStartKey": "562949953421961"
      },
      "source_format": "evtx",
      "file": "Microsoft-Windows-Bits-Client%4Operational.evtx"
    },
    {
      "event_id": 3,
      "provider": "Microsoft-Windows-Bits-Client",
      "timestamp": "2026-07-27T22:54:38.584711+00:00",
      "computer": "WIN-IN9ODUH5HLF",
      "level": "4",
      "channel": "Microsoft-Windows-Bits-Client/Operational",
      "record_id": "277",
      "event_data": {
        "jobTitle": "Edge Component Updater",
        "jobId": "CD862211-02D1-4FDB-B7BB-675BFC6BB5B4",
        "jobOwner": "DESKTOP-M3EFNJH\\Bob Milton",
        "processPath": "C:\\Program Files (x86)\\Microsoft\\Edge\\Application\\msedge.exe",
        "processId": "8992",
        "ClientProcessStartKey": "562949953421635"
      },
      "source_format": "evtx",
      "file": "Microsoft-Windows-Bits-Client%4Operational.evtx"
    },
    {
      "event_id": 8001,
      "provider": "Microsoft-Windows-Store",
      "timestamp": "2026-07-27T22:54:29.405929+00:00",
      "computer": "WIN-IN9ODUH5HLF",
      "level": "4",
      "channel": "Microsoft-Windows-Store/Operational",
      "record_id": "1990",
      "event_data": {
        "Message": "Skipping license manager: PFN MicrosoftWindows.Client.WebExperience_526.17301.40.0_x64__cw5n1h2txyewy",
        "Function": "InvokeLicenseManagerRequired",
        "Source": "onecoreuap\\enduser\\winstore\\licensemanager\\apisethost\\activationapis.cpp",
        "Line Number": "373"
      },
      "source_format": "evtx",
      "file": "Microsoft-Windows-Store%4Operational.evtx"
    },
    {
      "event_id": 3,
      "provider": "Microsoft-Windows-Bits-Client",
      "timestamp": "2026-07-27T22:54:20.356378+00:00",
      "computer": "WIN-IN9ODUH5HLF",
      "level": "4",
      "channel": "Microsoft-Windows-Bits-Client/Operational",
      "record_id": "272",
      "event_data": {
        "jobTitle": "Edge Component Updater",
        "jobId": "B6B86E5B-36E0-464A-AE9E-57D35A7360EF",
        "jobOwner": "DESKTOP-M3EFNJH\\Adam Sed",
        "processPath": "C:\\Program Files (x86)\\Microsoft\\EdgeWebView\\Application\\150.0.4078.105\\msedgewebview2.exe",
        "processId": "11552",
        "ClientProcessStartKey": "562949953421961"
      },
      "source_format": "evtx",
      "file": "Microsoft-Windows-Bits-Client%4Operational.evtx"
    },
    {
      "event_id": 3,
      "provider": "Microsoft-Windows-Bits-Client",
      "timestamp": "2026-07-27T22:54:16.479753+00:00",
      "computer": "WIN-IN9ODUH5HLF",
      "level": "4",
      "channel": "Microsoft-Windows-Bits-Client/Operational",
      "record_id": "266",
      "event_data": {
        "jobTitle": "NucleusUpdateRingConfigJSON",
        "jobId": "EEA9339B-F807-4DBC-AE4E-45870F134024",
        "jobOwner": "DESKTOP-M3EFNJH\\Adam Sed",
        "processPath": "C:\\Users\\Adam Sed\\AppData\\Local\\Microsoft\\OneDrive\\26.129.0706.0003\\OneDrive.Sync.Service.exe",
        "processId": "12652",
        "ClientProcessStartKey": "562949953422047"
      },
      "source_format": "evtx",
      "file": "Microsoft-Windows-Bits-Client%4Operational.evtx"
    },
    {
      "event_id": 3,
      "provider": "Microsoft-Windows-Bits-Client",
      "timestamp": "2026-07-27T22:54:14.795406+00:00",
      "computer": "WIN-IN9ODUH5HLF",
      "level": "4",
      "channel": "Microsoft-Windows-Bits-Client/Operational",
      "record_id": "262",
      "event_data": {
        "jobTitle": "Edge Component Updater",
        "jobId": "E75DA735-8778-49C7-A693-EF7C04F6E410",
        "jobOwner": "DESKTOP-M3EFNJH\\Adam Sed",
        "processPath": "C:\\Program Files (x86)\\Microsoft\\Edge\\Application\\msedge.exe",
        "processId": "2596",
        "ClientProcessStartKey": "562949953421899"
      },
      "source_format": "evtx",
      "file": "Microsoft-Windows-Bits-Client%4Operational.evtx"
    },
    {
      "event_id": 8001,
      "provider": "Microsoft-Windows-Store",
      "timestamp": "2026-07-27T22:53:59.948819+00:00",
      "computer": "WIN-IN9ODUH5HLF",
      "level": "4",
      "channel": "Microsoft-Windows-Store/Operational",
      "record_id": "1989",
      "event_data": {
        "Message": "Skipping license manager: PFN Microsoft.Paint_11.2605.71.0_x64__8wekyb3d8bbwe",
        "Function": "InvokeLicenseManagerRequired",
        "Source": "onecoreuap\\enduser\\winstore\\licensemanager\\apisethost\\activationapis.cpp",
        "Line Number": "373"
      },
      "source_format": "evtx",
      "file": "Microsoft-Windows-Store%4Operational.evtx"
    },
    {
      "event_id": 3,
      "provider": "Microsoft-Windows-Bits-Client",
      "timestamp": "2026-07-27T22:53:53.159983+00:00",
      "computer": "WIN-IN9ODUH5HLF",
      "level": "4",
      "channel": "Microsoft-Windows-Bits-Client/Operational",
      "record_id": "257",
      "event_data": {
        "jobTitle": "Edge Component Updater",
        "jobId": "EDD0458A-CF12-4F46-89C8-627A547623BC",
        "jobOwner": "DESKTOP-M3EFNJH\\Adam Sed",
        "processPath": "C:\\Program Files (x86)\\Microsoft\\EdgeWebView\\Application\\150.0.4078.105\\msedgewebview2.exe",
        "processId": "11552",
        "ClientProcessStartKey": "562949953421961"
      },
      "source_format": "evtx",
      "file": "Microsoft-Windows-Bits-Client%4Operational.evtx"
    },
    {
      "event_id": 1002,
      "provider": "Microsoft-Windows-KnownFolders",
      "timestamp": "2026-07-27T22:53:49.703068+00:00",
      "computer": "WIN-IN9ODUH5HLF",
      "level": "3",
      "channel": "Microsoft-Windows-Known Folders API Service",
      "record_id": "39",
      "event_data": {
        "hrError": "0x80070005",
        "FolderId": "5E6C858F-0E22-4760-9AFE-EA3317B67173",
        "Path": "C:\\Users\\Adam Sed"
      },
      "source_format": "evtx",
      "file": "Microsoft-Windows-Known Folders API Service.evtx"
    },
