    {
      "event_id": 8001,
      "provider": "Microsoft-Windows-Store",
      "timestamp": "2026-07-27T22:38:35.857421+00:00",
      "computer": "WIN-IN9ODUH5HLF",
      "level": "4",
      "channel": "Microsoft-Windows-Store/Operational",
      "record_id": "131",
      "event_data": {
        "Message": "Decoding: {\"legacyProductId\":\"44afa56f-c460-473a-a65c-bed3aacd1a63\"}",
        "Function": "DecodeCustomPolicy",
        "Source": "onecoreuap\\enduser\\winstore\\licensemanager\\lib\\clipdocument.cpp",
        "Line Number": "50"
      },
      "source_format": "evtx",
      "file": "Microsoft-Windows-Store%4Operational.evtx"
    },
    {
      "event_id": 8001,
      "provider": "Microsoft-Windows-Store",
      "timestamp": "2026-07-27T22:38:35.857417+00:00",
      "computer": "WIN-IN9ODUH5HLF",
      "level": "4",
      "channel": "Microsoft-Windows-Store/Operational",
      "record_id": "130",
      "event_data": {
        "Message": "Decoding: {\"legacyProductId\":\"3ddd873a-1639-4331-a9a2-d99e568b2a5f\"}",
        "Function": "DecodeCustomPolicy",
        "Source": "onecoreuap\\enduser\\winstore\\licensemanager\\lib\\clipdocument.cpp",
        "Line Number": "50"
      },
      "source_format": "evtx",
      "file": "Microsoft-Windows-Store%4Operational.evtx"
    },
    {
      "event_id": 8001,
      "provider": "Microsoft-Windows-Store",
      "timestamp": "2026-07-27T22:38:35.857411+00:00",
      "computer": "WIN-IN9ODUH5HLF",
      "level": "4",
      "channel": "Microsoft-Windows-Store/Operational",
      "record_id": "129",
      "event_data": {
        "Message": "Decoding: {\"legacyProductId\":\"eaaf2ce3-d5a3-4a59-ae31-276fbc44a7cd\"}",
        "Function": "DecodeCustomPolicy",
        "Source": "onecoreuap\\enduser\\winstore\\licensemanager\\lib\\clipdocument.cpp",
        "Line Number": "50"
      },
      "source_format": "evtx",
      "file": "Microsoft-Windows-Store%4Operational.evtx"
    },
    {
      "event_id": 8001,
      "provider": "Microsoft-Windows-Store",
      "timestamp": "2026-07-27T22:38:35.857406+00:00",
      "computer": "WIN-IN9ODUH5HLF",
      "level": "4",
      "channel": "Microsoft-Windows-Store/Operational",
      "record_id": "128",
      "event_data": {
        "Message": "Decoding: {\"legacyProductId\":\"af95a600-99a8-4161-9736-448c60b83f29\"}",
        "Function": "DecodeCustomPolicy",
        "Source": "onecoreuap\\enduser\\winstore\\licensemanager\\lib\\clipdocument.cpp",
        "Line Number": "50"
      },
      "source_format": "evtx",
      "file": "Microsoft-Windows-Store%4Operational.evtx"
    },
    {
      "event_id": 8001,
      "provider": "Microsoft-Windows-Store",
      "timestamp": "2026-07-27T22:38:35.857402+00:00",
      "computer": "WIN-IN9ODUH5HLF",
      "level": "4",
      "channel": "Microsoft-Windows-Store/Operational",
      "record_id": "127",
      "event_data": {
        "Message": "Decoding: {\"legacyProductId\":\"b6f48207-085a-4f7c-ab5a-9ff93242f74e\"}",
        "Function": "DecodeCustomPolicy",
        "Source": "onecoreuap\\enduser\\winstore\\licensemanager\\lib\\clipdocument.cpp",
        "Line Number": "50"
      },
      "source_format": "evtx",
      "file": "Microsoft-Windows-Store%4Operational.evtx"
    },
    {
      "event_id": 8001,
      "provider": "Microsoft-Windows-Store",
      "timestamp": "2026-07-27T22:38:35.857397+00:00",
      "computer": "WIN-IN9ODUH5HLF",
      "level": "4",
      "channel": "Microsoft-Windows-Store/Operational",
      "record_id": "126",
      "event_data": {
        "Message": "Decoding: {\"legacyProductId\":\"1b481e5d-c525-4e46-9240-5f16b5fc1593\"}",
        "Function": "DecodeCustomPolicy",
        "Source": "onecoreuap\\enduser\\winstore\\licensemanager\\lib\\clipdocument.cpp",
        "Line Number": "50"
      },
      "source_format": "evtx",
      "file": "Microsoft-Windows-Store%4Operational.evtx"
    },
    {
      "event_id": 8001,
      "provider": "Microsoft-Windows-Store",
      "timestamp": "2026-07-27T22:38:35.857392+00:00",
      "computer": "WIN-IN9ODUH5HLF",
      "level": "4",
      "channel": "Microsoft-Windows-Store/Operational",
      "record_id": "125",
      "event_data": {
        "Message": "Decoding: {\"legacyProductId\":\"d877664f-6681-4559-b54e-b70c6e000ed8\"}",
        "Function": "DecodeCustomPolicy",
        "Source": "onecoreuap\\enduser\\winstore\\licensemanager\\lib\\clipdocument.cpp",
        "Line Number": "50"
      },
      "source_format": "evtx",
      "file": "Microsoft-Windows-Store%4Operational.evtx"
    },
    {
      "event_id": 8001,
      "provider": "Microsoft-Windows-Store",
      "timestamp": "2026-07-27T22:38:35.857388+00:00",
      "computer": "WIN-IN9ODUH5HLF",
      "level": "4",
      "channel": "Microsoft-Windows-Store/Operational",
      "record_id": "124",
      "event_data": {
        "Message": "Decoding: {\"legacyProductId\":\"725cceab-f360-49d0-9ec9-a20fd77202fe\"}",
        "Function": "DecodeCustomPolicy",
        "Source": "onecoreuap\\enduser\\winstore\\licensemanager\\lib\\clipdocument.cpp",
        "Line Number": "50"
      },
      "source_format": "evtx",
      "file": "Microsoft-Windows-Store%4Operational.evtx"
    },
    {
      "event_id": 8001,
      "provider": "Microsoft-Windows-Store",
      "timestamp": "2026-07-27T22:38:35.857382+00:00",
      "computer": "WIN-IN9ODUH5HLF",
      "level": "4",
      "channel": "Microsoft-Windows-Store/Operational",
      "record_id": "123",
      "event_data": {
        "Message": "Decoding: {\"legacyProductId\":\"454a759b-ff5b-4a79-80d3-1cf15eba0908\"}",
        "Function": "DecodeCustomPolicy",
        "Source": "onecoreuap\\enduser\\winstore\\licensemanager\\lib\\clipdocument.cpp",
        "Line Number": "50"
      },
      "source_format": "evtx",
      "file": "Microsoft-Windows-Store%4Operational.evtx"
    },
    {
      "event_id": 8001,
      "provider": "Microsoft-Windows-Store",
      "timestamp": "2026-07-27T22:38:35.857377+00:00",
      "computer": "WIN-IN9ODUH5HLF",
      "level": "4",
      "channel": "Microsoft-Windows-Store/Operational",
      "record_id": "122",
      "event_data": {
        "Message": "Decoding: {\"legacyProductId\":\"751efe15-c3cf-4439-9dc1-348db9e54265\"}",
        "Function": "DecodeCustomPolicy",
        "Source": "onecoreuap\\enduser\\winstore\\licensemanager\\lib\\clipdocument.cpp",
        "Line Number": "50"
      },
      "source_format": "evtx",
      "file": "Microsoft-Windows-Store%4Operational.evtx"
    },
    {
      "event_id": 8001,
      "provider": "Microsoft-Windows-Store",
      "timestamp": "2026-07-27T22:38:35.857372+00:00",
      "computer": "WIN-IN9ODUH5HLF",
      "level": "4",
      "channel": "Microsoft-Windows-Store/Operational",
      "record_id": "121",
      "event_data": {
        "Message": "Decoding: {\"legacyProductId\":\"6ead4a77-d076-4866-9188-621a5b1f414f\"}",
        "Function": "DecodeCustomPolicy",
        "Source": "onecoreuap\\enduser\\winstore\\licensemanager\\lib\\clipdocument.cpp",
        "Line Number": "50"
      },
      "source_format": "evtx",
      "file": "Microsoft-Windows-Store%4Operational.evtx"
    },
    {
      "event_id": 8001,
      "provider": "Microsoft-Windows-Store",
      "timestamp": "2026-07-27T22:38:35.857367+00:00",
      "computer": "WIN-IN9ODUH5HLF",
      "level": "4",
      "channel": "Microsoft-Windows-Store/Operational",
      "record_id": "120",
      "event_data": {
        "Message": "Decoding: {\"legacyProductId\":\"1808d2f8-9482-44ac-9fdb-995e555b58ce\"}",
        "Function": "DecodeCustomPolicy",
        "Source": "onecoreuap\\enduser\\winstore\\licensemanager\\lib\\clipdocument.cpp",
        "Line Number": "50"
      },
      "source_format": "evtx",
      "file": "Microsoft-Windows-Store%4Operational.evtx"
    },
    {
      "event_id": 8001,
      "provider": "Microsoft-Windows-Store",
      "timestamp": "2026-07-27T22:38:35.857341+00:00",
      "computer": "WIN-IN9ODUH5HLF",
      "level": "4",
      "channel": "Microsoft-Windows-Store/Operational",
      "record_id": "119",
      "event_data": {
        "Message": "Decoding: {\"legacyProductId\":\"3409c046-ddd2-4657-9e37-cccf9904f7ee\"}",
        "Function": "DecodeCustomPolicy",
        "Source": "onecoreuap\\enduser\\winstore\\licensemanager\\lib\\clipdocument.cpp",
        "Line Number": "50"
      },
      "source_format": "evtx",
      "file": "Microsoft-Windows-Store%4Operational.evtx"
    },
    {
      "event_id": 8002,
      "provider": "Microsoft-Windows-Store",
      "timestamp": "2026-07-27T22:38:35.843607+00:00",
      "computer": "WIN-IN9ODUH5HLF",
      "level": "3",
      "channel": "Microsoft-Windows-Store/Operational",
      "record_id": "118",
      "event_data": {
        "Message": "Capturing identity for LocalService, this probably isn't intended",
        "Function": "StoredIdentity::StoredIdentity",
        "Source": "onecoreuap\\enduser\\winstore\\licensemanager\\lib\\identity.cpp",
        "Line Number": "546"
      },
      "source_format": "evtx",
      "file": "Microsoft-Windows-Store%4Operational.evtx"
    },
    {
      "event_id": 8001,
      "provider": "Microsoft-Windows-Store",
      "timestamp": "2026-07-27T22:38:35.843495+00:00",
      "computer": "WIN-IN9ODUH5HLF",
      "level": "4",
      "channel": "Microsoft-Windows-Store/Operational",
      "record_id": "117",
      "event_data": {
        "Message": "Network connectivity level initialized to 0x3",
        "Function": "NetworkStatusMonitor::Initialize",
        "Source": "onecoreuap\\enduser\\winstore\\licensemanager\\lib\\networkstatusmonitor.cpp",
        "Line Number": "57"
      },
      "source_format": "evtx",
      "file": "Microsoft-Windows-Store%4Operational.evtx"
    },
    {
      "event_id": 8001,
      "provider": "Microsoft-Windows-Store",
      "timestamp": "2026-07-27T22:38:35.755353+00:00",
      "computer": "WIN-IN9ODUH5HLF",
      "level": "4",
      "channel": "Microsoft-Windows-Store/Operational",
      "record_id": "116",
      "event_data": {
        "Message": "Refreshing licenses with quality 2130706432",
        "Function": "OneStoreApplicationLicenseManager::GetInstalledLicensesWithMinQuality",
        "Source": "onecoreuap\\enduser\\winstore\\licensemanager\\lib\\onestoreapplicensemanager.cpp",
        "Line Number": "736"
      },
      "source_format": "evtx",
      "file": "Microsoft-Windows-Store%4Operational.evtx"
    },
    {
      "event_id": 8001,
      "provider": "Microsoft-Windows-Store",
      "timestamp": "2026-07-27T22:38:35.751015+00:00",
      "computer": "WIN-IN9ODUH5HLF",
      "level": "4",
      "channel": "Microsoft-Windows-Store/Operational",
      "record_id": "115",
      "event_data": {
        "Message": "Wnf for device id change received",
        "Function": "WnfEventHandlerForDeviceIdChangeImpl",
        "Source": "onecoreuap\\enduser\\winstore\\licensemanager\\lib\\service.cpp",
        "Line Number": "2653"
      },
      "source_format": "evtx",
      "file": "Microsoft-Windows-Store%4Operational.evtx"
    },
    {
      "event_id": 8001,
      "provider": "Microsoft-Windows-Store",
      "timestamp": "2026-07-27T22:38:35.743947+00:00",
      "computer": "WIN-IN9ODUH5HLF",
      "level": "4",
      "channel": "Microsoft-Windows-Store/Operational",
      "record_id": "114",
      "event_data": {
        "Message": "License Manager started",
        "Function": "ServiceInitializeImpl",
        "Source": "onecoreuap\\enduser\\winstore\\licensemanager\\lib\\service.cpp",
        "Line Number": "2141"
      },
      "source_format": "evtx",
      "file": "Microsoft-Windows-Store%4Operational.evtx"
    },
    {
      "event_id": 8001,
      "provider": "Microsoft-Windows-Store",
      "timestamp": "2026-07-27T22:38:35.743118+00:00",
      "computer": "WIN-IN9ODUH5HLF",
      "level": "4",
      "channel": "Microsoft-Windows-Store/Operational",
      "record_id": "113",
      "event_data": {
        "Message": "00000183E5130BF0: Root Machine",
        "Function": "RootMachine::RootMachine",
        "Source": "onecoreuap\\enduser\\winstore\\licensemanager\\lib\\rootmachine.cpp",
        "Line Number": "63"
      },
      "source_format": "evtx",
      "file": "Microsoft-Windows-Store%4Operational.evtx"
    },
    {
      "event_id": 8001,
      "provider": "Microsoft-Windows-Store",
      "timestamp": "2026-07-27T22:38:35.737016+00:00",
      "computer": "WIN-IN9ODUH5HLF",
      "level": "4",
      "channel": "Microsoft-Windows-Store/Operational",
      "record_id": "112",
      "event_data": {
        "Message": "Creating LM",
        "Function": "CreateLicenseManager",
        "Source": "onecoreuap\\enduser\\winstore\\licensemanager\\lib\\manager.cpp",
        "Line Number": "609"
      },
      "source_format": "evtx",
      "file": "Microsoft-Windows-Store%4Operational.evtx"
    },
    {
      "event_id": 8001,
      "provider": "Microsoft-Windows-Store",
      "timestamp": "2026-07-27T22:38:35.734037+00:00",
      "computer": "WIN-IN9ODUH5HLF",
      "level": "4",
      "channel": "Microsoft-Windows-Store/Operational",
      "record_id": "111",
      "event_data": {
        "Message": "License Manager starting...",
        "Function": "ServiceInitializeImpl",
        "Source": "onecoreuap\\enduser\\winstore\\licensemanager\\lib\\service.cpp",
        "Line Number": "2113"
      },
      "source_format": "evtx",
      "file": "Microsoft-Windows-Store%4Operational.evtx"
    },
    {
      "event_id": 8001,
      "provider": "Microsoft-Windows-Store",
      "timestamp": "2026-07-27T22:38:35.727348+00:00",
      "computer": "WIN-IN9ODUH5HLF",
      "level": "4",
      "channel": "Microsoft-Windows-Store/Operational",
      "record_id": "110",
      "event_data": {
        "Message": "Failure Message: Setting MSA Client Id for Token requests: {f0c62012-2cef-4831-b1f7-930682874c86}",
        "Function": "",
        "Source": "onecoreuap\\enduser\\winstore\\auth\\lib\\winstoreauth.cpp",
        "Line Number": "206"
      },
      "source_format": "evtx",
      "file": "Microsoft-Windows-Store%4Operational.evtx"
    },
    {
      "event_id": 3,
      "provider": "Microsoft-Windows-Crypto-NCrypt",
      "timestamp": "2026-07-27T22:37:20.481981+00:00",
      "computer": "WIN-IN9ODUH5HLF",
      "level": "2",
      "channel": "Microsoft-Windows-Crypto-NCrypt/Operational",
      "record_id": "6",
      "event_data": {
        "ProviderName": "Microsoft Platform Crypto Provider",
        "KeyName": "Windows AIK",
        "Status": "0x80090016",
        "ProcessName": "svchost.exe"
      },
      "source_format": "evtx",
      "file": "Microsoft-Windows-Crypto-NCrypt%4Operational.evtx"
    },
    {
      "event_id": 3,
      "provider": "Microsoft-Windows-Crypto-NCrypt",
      "timestamp": "2026-07-27T22:37:10.155445+00:00",
      "computer": "WIN-IN9ODUH5HLF",
      "level": "2",
      "channel": "Microsoft-Windows-Crypto-NCrypt/Operational",
      "record_id": "3",
      "event_data": {
        "ProviderName": "Microsoft Software Key Storage Provider",
        "KeyName": "Microsoft Connected Devices Platform device certificate",
        "Status": "0x80090016",
        "ProcessName": "svchost.exe"
      },
      "source_format": "evtx",
      "file": "Microsoft-Windows-Crypto-NCrypt%4Operational.evtx"
    },
    {
      "event_id": 3,
      "provider": "Microsoft-Windows-Crypto-NCrypt",
      "timestamp": "2026-07-27T22:37:10.154412+00:00",
      "computer": "WIN-IN9ODUH5HLF",
      "level": "2",
      "channel": "Microsoft-Windows-Crypto-NCrypt/Operational",
      "record_id": "2",
      "event_data": {
        "ProviderName": "Microsoft Software Key Storage Provider",
        "KeyName": "Microsoft Connected Devices Platform device certificate",
        "Status": "0x80090016",
        "ProcessName": "svchost.exe"
      },
      "source_format": "evtx",
      "file": "Microsoft-Windows-Crypto-NCrypt%4Operational.evtx"
    },
    {
      "event_id": 3,
      "provider": "Microsoft-Windows-Crypto-NCrypt",
      "timestamp": "2026-07-27T22:37:10.152931+00:00",
      "computer": "WIN-IN9ODUH5HLF",
      "level": "2",
      "channel": "Microsoft-Windows-Crypto-NCrypt/Operational",
      "record_id": "1",
      "event_data": {
        "ProviderName": "Microsoft Software Key Storage Provider",
        "KeyName": "Microsoft Connected Devices Platform device certificate",
        "Status": "0x80090016",
        "ProcessName": "svchost.exe"
      },
      "source_format": "evtx",
      "file": "Microsoft-Windows-Crypto-NCrypt%4Operational.evtx"
    },
    {
      "event_id": 1002,
      "provider": "Microsoft-Windows-KnownFolders",
      "timestamp": "2026-07-27T22:37:09.877468+00:00",
      "computer": "WIN-IN9ODUH5HLF",
      "level": "3",
      "channel": "Microsoft-Windows-Known Folders API Service",
      "record_id": "6",
      "event_data": {
        "hrError": "0x80070002",
        "FolderId": "B4BFCC3A-DB2C-424C-B029-7FE99A87C641",
        "Path": "C:\\WINDOWS\\system32\\config\\systemprofile\\Desktop"
      },
      "source_format": "evtx",
      "file": "Microsoft-Windows-Known Folders API Service.evtx"
    },
    {
      "event_id": 1002,
      "provider": "Microsoft-Windows-KnownFolders",
      "timestamp": "2026-07-27T22:37:09.819506+00:00",
      "computer": "WIN-IN9ODUH5HLF",
      "level": "3",
      "channel": "Microsoft-Windows-Known Folders API Service",
      "record_id": "5",
      "event_data": {
        "hrError": "0x80070002",
        "FolderId": "FDD39AD0-238F-46AF-ADB4-6C85480369C7",
        "Path": "C:\\WINDOWS\\system32\\config\\systemprofile\\Documents"
      },
      "source_format": "evtx",
      "file": "Microsoft-Windows-Known Folders API Service.evtx"
    },
    {
      "event_id": 1002,
      "provider": "Microsoft-Windows-KnownFolders",
      "timestamp": "2026-07-27T22:37:09.808419+00:00",
      "computer": "WIN-IN9ODUH5HLF",
      "level": "3",
      "channel": "Microsoft-Windows-Known Folders API Service",
      "record_id": "4",
      "event_data": {
        "hrError": "0x80070003",
        "FolderId": "625B53C3-AB48-4EC1-BA1F-A1EF4146FC19",
        "Path": "C:\\WINDOWS\\system32\\config\\systemprofile\\AppData\\Roaming\\Microsoft\\Windows\\Start Menu"
      },
      "source_format": "evtx",
      "file": "Microsoft-Windows-Known Folders API Service.evtx"
    },
    {
      "event_id": 1002,
      "provider": "Microsoft-Windows-KnownFolders",
      "timestamp": "2026-07-27T22:37:09.804881+00:00",
      "computer": "WIN-IN9ODUH5HLF",
      "level": "3",
      "channel": "Microsoft-Windows-Known Folders API Service",
      "record_id": "3",
      "event_data": {
        "hrError": "0x80070002",
        "FolderId": "1777F761-68AD-4D8A-87BD-30B759FA33DD",
        "Path": "C:\\WINDOWS\\system32\\config\\systemprofile\\Favorites"
      },
      "source_format": "evtx",
      "file": "Microsoft-Windows-Known Folders API Service.evtx"
    },
    {
      "event_id": 4004,
      "provider": "Microsoft-Windows-NetworkProfile",
      "timestamp": "2026-07-27T22:36:59.291272+00:00",
      "computer": "WIN-IN9ODUH5HLF",
      "level": "4",
      "channel": "Microsoft-Windows-NetworkProfile/Operational",
      "record_id": "6",
      "event_data": {
        "NewInternetConnectionProfile": "true",
        "ConnectionCostChanged": "true",
        "DomainConnectivityLevelChanged": "false",
        "NetworkConnectivityLevelChanged": "true",
        "HostNameChanged": "true",
        "WwanRegistrationStateChanged": "false",
        "TetheringOperationalStateChanged": "false",
        "TetheringClientCountChanged": "false"
      },
      "source_format": "evtx",
      "file": "Microsoft-Windows-NetworkProfile%4Operational.evtx"
    },
    {
      "event_id": 10001,
      "provider": "Microsoft-Windows-Wcmsvc",
      "timestamp": "2026-07-27T22:36:56.388166+00:00",
      "computer": "WIN-IN9ODUH5HLF",
      "level": "4",
      "channel": "Microsoft-Windows-Wcmsvc/Operational",
      "record_id": "9",
      "event_data": {},
      "source_format": "evtx",
      "file": "Microsoft-Windows-Wcmsvc%4Operational.evtx"
    },
    {
      "event_id": 10000,
      "provider": "Microsoft-Windows-NetworkProfile",
      "timestamp": "2026-07-27T22:36:56.307195+00:00",
      "computer": "WIN-IN9ODUH5HLF",
      "level": "4",
      "channel": "Microsoft-Windows-NetworkProfile/Operational",
      "record_id": "5",
      "event_data": {
        "Name": "Network",
        "Description": "Network",
        "Guid": "DCDD2477-0578-4437-9532-AEE69ACD2CDE",
        "Type": "0",
        "State": "1",
        "Category": "0"
      },
      "source_format": "evtx",
      "file": "Microsoft-Windows-NetworkProfile%4Operational.evtx"
    },
    {
      "event_id": 4002,
      "provider": "Microsoft-Windows-NetworkProfile",
      "timestamp": "2026-07-27T22:36:56.305430+00:00",
      "computer": "WIN-IN9ODUH5HLF",
      "level": "4",
      "channel": "Microsoft-Windows-NetworkProfile/Operational",
      "record_id": "4",
      "event_data": {
        "InterfaceGuid": "64ABF016-C8E4-44C6-A223-9B5614B7734F",
        "CurrentOrNextState": "1"
      },
      "source_format": "evtx",
      "file": "Microsoft-Windows-NetworkProfile%4Operational.evtx"
    },
    {
      "event_id": 10000,
      "provider": "Microsoft-Windows-NetworkProfile",
      "timestamp": "2026-07-27T22:36:56.053478+00:00",
      "computer": "WIN-IN9ODUH5HLF",
      "level": "4",
      "channel": "Microsoft-Windows-NetworkProfile/Operational",
      "record_id": "2",
      "event_data": {
        "Name": "Identifying...",
        "Description": "Identifying...",
        "Guid": "EFAFE2B6-2DD8-47C4-84AC-9EB33770FE22",
        "Type": "0",
        "State": "1",
        "Category": "0"
      },
      "source_format": "evtx",
      "file": "Microsoft-Windows-NetworkProfile%4Operational.evtx"
    },
    {
      "event_id": 4001,
      "provider": "Microsoft-Windows-NetworkProfile",
      "timestamp": "2026-07-27T22:36:56.052883+00:00",
      "computer": "WIN-IN9ODUH5HLF",
      "level": "4",
      "channel": "Microsoft-Windows-NetworkProfile/Operational",
      "record_id": "1",
      "event_data": {
        "InterfaceGuid": "64ABF016-C8E4-44C6-A223-9B5614B7734F",
        "CurrentOrNextState": "0"
      },
      "source_format": "evtx",
      "file": "Microsoft-Windows-NetworkProfile%4Operational.evtx"
    },
    {
      "event_id": 8001,
      "provider": "Microsoft-Windows-UserPnp",
      "timestamp": "2026-07-27T22:36:50.435764+00:00",
      "computer": "WIN-IN9ODUH5HLF",
      "level": "4",
      "channel": "Microsoft-Windows-UserPnp/DeviceInstall",
      "record_id": "8",
      "event_data": {},
      "source_format": "evtx",
      "file": "Microsoft-Windows-UserPnp%4DeviceInstall.evtx"
    },
    {
      "event_id": 576,
      "provider": "Microsoft-Windows-StorPort",
      "timestamp": "2026-07-27T22:36:46.041739+00:00",
      "computer": "WIN-IN9ODUH5HLF",
      "level": "4",
      "channel": "Microsoft-Windows-Storage-Storport/Operational",
      "record_id": "6",
      "event_data": {
        "AdapterGuid": "9CCF5A3B-8A13-11F1-BEEE-806E6F6E6963",
        "PortNumber": "4294967295",
        "AdapterHardwareId": "PCI\\VEN_8086&DEV_2829&SUBSYS_00000000&REV_02",
        "MiniportName": "storahci",
        "AdapterInterfaceType": "5",
        "Flags": "4535619747872",
        "AllowStorageD3": "true",
        "AcpiDsdProperty": "4294967295",
        "StorageD3RegistryState": "4294967295",
        "StorageD3Enable": "true",
        "DirectedFxEnable": "true",
        "TunneledDevice": "false"
      },
      "source_format": "evtx",
      "file": "Microsoft-Windows-Storage-Storport%4Operational.evtx"
    },
    {
      "event_id": 3,
      "provider": "Microsoft-Windows-Kernel-ShimEngine",
      "timestamp": "2026-07-27T22:36:46.008725+00:00",
      "computer": "WIN-IN9ODUH5HLF",
      "level": "4",
      "channel": "Microsoft-Windows-Kernel-ShimEngine/Operational",
      "record_id": "12",
      "event_data": {
        "DriverName": "storahci.sys",
        "ShimSource": "0",
        "ShimCount": "1",
        "AppliedGuids": "{434abafd-08fa-4c3d-a88d-d09a88e2ab17}"
      },
      "source_format": "evtx",
      "file": "Microsoft-Windows-Kernel-ShimEngine%4Operational.evtx"
    },
    {
      "event_id": 2004,
      "provider": "Microsoft-Windows-Setup",
      "timestamp": "2026-07-27T22:36:38.986877+00:00",
      "computer": "WIN-IN9ODUH5HLF",
      "level": "4",
      "channel": "System",
      "record_id": "182",
      "event_data": {
        "OSName": "Windows 10 Education",
        "OSEditionID": "Education",
        "OSmajorversion": "10",
        "OSminorversion": "0",
        "OSbuildversion": "26200",
        "OSservicepackName": "",
        "OSservicepackmajorversion": "0",
        "OSservicepackminorversion": "0"
      },
      "source_format": "evtx",
      "file": "System.evtx"
    },
    {
      "event_id": 22,
      "provider": "Microsoft-Windows-UserModePowerService",
      "timestamp": "2026-07-27T22:36:32.871019+00:00",
      "computer": "WIN-IN9ODUH5HLF",
      "level": "4",
      "channel": "System",
      "record_id": "181",
      "event_data": {
        "Turn": "1"
      },
      "source_format": "evtx",
      "file": "System.evtx"
    },
    {
      "event_id": 3,
      "provider": "Microsoft-Windows-Diagnosis-PCW",
      "timestamp": "2026-07-27T22:36:14.478069+00:00",
      "computer": "WIN-IN9ODUH5HLF",
      "level": "0",
      "channel": "Microsoft-Windows-Diagnosis-PCW/Operational",
      "record_id": "1",
      "event_data": {
        "Error": "183",
        "CounterSetGuid": "3976ADCC-B8EC-4FF9-AE0C-6943A79F212A",
        "InstanceName": "WMIProv",
        "InstanceId": "0"
      },
      "source_format": "evtx",
      "file": "Microsoft-Windows-Diagnosis-PCW%4Operational.evtx"
    },
    {
      "event_id": 3,
      "provider": "Microsoft-Windows-Security-Mitigations",
      "timestamp": "2026-07-27T22:36:09.030091+00:00",
      "computer": "WIN-IN9ODUH5HLF",
      "level": "0",
      "channel": "Microsoft-Windows-Security-Mitigations/KernelMode",
      "record_id": "2",
      "event_data": {
        "ProcessPathLength": "52",
        "ProcessPath": "\\Device\\HarddiskVolume3\\Windows\\System32\\spoolsv.exe",
        "ProcessCommandLineLength": "31",
        "ProcessCommandLine": "C:\\WINDOWS\\System32\\spoolsv.exe",
        "CallingProcessId": "2340",
        "CallingProcessCreateTime": "2026-07-27T22:34:05.947868Z",
        "CallingProcessStartKey": "281474976710713",
        "CallingProcessSignatureLevel": "2",
        "CallingProcessSectionSignatureLevel": "2",
        "CallingProcessProtection": "0",
        "CallingThreadId": "4316",
        "CallingThreadCreateTime": "2026-07-27T22:36:06.383655Z",
        "ChildImagePathNameLength": "32",
        "ChildImagePathName": "C:\\WINDOWS\\SysWOW64\\regsvr32.exe",
        "ChildCommandLineLength": "73",
        "ChildCommandLine": "C:\\WINDOWS\\SysWOW64\\regsvr32.exe /s \"C:\\WINDOWS\\SysWOW64\\PrintConfig.dll\""
      },
      "source_format": "evtx",
      "file": "Microsoft-Windows-Security-Mitigations%4KernelMode.evtx"
    },
    {
      "event_id": 3,
      "provider": "Microsoft-Windows-Security-Mitigations",
      "timestamp": "2026-07-27T22:36:08.547177+00:00",
      "computer": "WIN-IN9ODUH5HLF",
      "level": "0",
      "channel": "Microsoft-Windows-Security-Mitigations/KernelMode",
      "record_id": "1",
      "event_data": {
        "ProcessPathLength": "52",
        "ProcessPath": "\\Device\\HarddiskVolume3\\Windows\\System32\\spoolsv.exe",
        "ProcessCommandLineLength": "31",
        "ProcessCommandLine": "C:\\WINDOWS\\System32\\spoolsv.exe",
        "CallingProcessId": "2340",
        "CallingProcessCreateTime": "2026-07-27T22:34:05.947868Z",
        "CallingProcessStartKey": "281474976710713",
        "CallingProcessSignatureLevel": "2",
        "CallingProcessSectionSignatureLevel": "2",
        "CallingProcessProtection": "0",
        "CallingThreadId": "4316",
        "CallingThreadCreateTime": "2026-07-27T22:36:06.383655Z",
        "ChildImagePathNameLength": "32",
        "ChildImagePathName": "C:\\WINDOWS\\system32\\regsvr32.exe",
        "ChildCommandLineLength": "93",
        "ChildCommandLine": "C:\\WINDOWS\\system32\\regsvr32.exe /s \"C:\\WINDOWS\\system32\\spool\\drivers\\x64\\3\\PrintConfig.dll\""
      },
      "source_format": "evtx",
      "file": "Microsoft-Windows-Security-Mitigations%4KernelMode.evtx"
    },
    {
      "event_id": 1002,
      "provider": "Microsoft-Windows-KnownFolders",
      "timestamp": "2026-07-27T22:36:06.731686+00:00",
      "computer": "WIN-IN9ODUH5HLF",
      "level": "3",
      "channel": "Microsoft-Windows-Known Folders API Service",
      "record_id": "2",
      "event_data": {
        "hrError": "0x80070002",
        "FolderId": "FDD39AD0-238F-46AF-ADB4-6C85480369C7",
        "Path": "C:\\WINDOWS\\system32\\config\\systemprofile\\Documents"
      },
      "source_format": "evtx",
      "file": "Microsoft-Windows-Known Folders API Service.evtx"
    },
    {
      "event_id": 2005,
      "provider": "Microsoft-Windows-Install-Agent",
      "timestamp": "2026-07-27T22:34:13.975267+00:00",
      "computer": "WIN-IN9ODUH5HLF",
      "level": "5",
      "channel": "Microsoft-Windows-Store/Operational",
      "record_id": "76",
      "event_data": {
        "Message": "Device Info: DeviceFamily = Windows.Desktop, Version = 2814751484157797, Arch = AMD64 (K8) ",
        "Function": "FindFulfillmentInfo",
        "Error Code": "0",
        "Source": "onecoreuap\\enduser\\winstore\\installservice\\libqueue2\\productdocument2helper.cpp",
        "Line Number": "380",
        "CorrelationVector": "",
        "ProductId": ""
      },
      "source_format": "evtx",
      "file": "Microsoft-Windows-Store%4Operational.evtx"
    },
    {
      "event_id": 2005,
      "provider": "Microsoft-Windows-Install-Agent",
      "timestamp": "2026-07-27T22:34:12.892094+00:00",
      "computer": "WIN-IN9ODUH5HLF",
      "level": "5",
      "channel": "Microsoft-Windows-Store/Operational",
      "record_id": "24",
      "event_data": {
        "Message": "ErrorErrorName = No signed in users  ErrorMessage = User sessions not ready during Install Service initialization  ErrorCode = 1312  ",
        "Function": "WindowsUpdate::CommonTelemetry::TraceError",
        "Error Code": "0",
        "Source": "onecoreuap\\enduser\\winstore\\installservice\\libqueue2\\commontelemetry.cpp",
        "Line Number": "722",
        "CorrelationVector": "",
        "ProductId": ""
      },
      "source_format": "evtx",
      "file": "Microsoft-Windows-Store%4Operational.evtx"
    },
    {
      "event_id": 1002,
      "provider": "Microsoft-Windows-KnownFolders",
      "timestamp": "2026-07-27T22:34:12.615870+00:00",
      "computer": "WIN-IN9ODUH5HLF",
      "level": "3",
      "channel": "Microsoft-Windows-Known Folders API Service",
      "record_id": "1",
      "event_data": {
        "hrError": "0x80070002",
        "FolderId": "352481E8-33BE-4251-BA85-6007CAEDCF9D",
        "Path": "C:\\WINDOWS\\system32\\config\\systemprofile\\AppData\\Local\\Microsoft\\Windows\\INetCache"
      },
      "source_format": "evtx",
      "file": "Microsoft-Windows-Known Folders API Service.evtx"
    },
    {
      "event_id": 2005,
      "provider": "Microsoft-Windows-Install-Agent",
      "timestamp": "2026-07-27T22:34:12.409326+00:00",
      "computer": "WIN-IN9ODUH5HLF",
      "level": "5",
      "channel": "Microsoft-Windows-Store/Operational",
      "record_id": "11",
      "event_data": {
        "Message": "Getting concurrent Install values from Local. Maximum concurrent queue item is  3",
        "Function": "DetermineConcurrentInstallsFromLocalMacros",
        "Error Code": "-1",
        "Source": "onecoreuap\\enduser\\winstore\\installservice\\lib\\settings.cpp",
        "Line Number": "741",
        "CorrelationVector": "NULL",
        "ProductId": "NULL"
      },
      "source_format": "evtx",
      "file": "Microsoft-Windows-Store%4Operational.evtx"
    },
    {
      "event_id": 2005,
      "provider": "Microsoft-Windows-Install-Agent",
      "timestamp": "2026-07-27T22:34:12.393678+00:00",
      "computer": "WIN-IN9ODUH5HLF",
      "level": "5",
      "channel": "Microsoft-Windows-Store/Operational",
      "record_id": "8",
      "event_data": {
        "Message": "Initializing InstallService",
        "Function": "InstallService::ServiceStarted",
        "Error Code": "-1",
        "Source": "onecoreuap\\enduser\\winstore\\installservice\\svc\\svcmain.cpp",
        "Line Number": "52",
        "CorrelationVector": "NULL",
        "ProductId": "NULL"
      },
      "source_format": "evtx",
      "file": "Microsoft-Windows-Store%4Operational.evtx"
    },
    {
      "event_id": 2005,
      "provider": "Microsoft-Windows-Install-Agent",
      "timestamp": "2026-07-27T22:34:12.387567+00:00",
      "computer": "WIN-IN9ODUH5HLF",
      "level": "5",
      "channel": "Microsoft-Windows-Store/Operational",
      "record_id": "7",
      "event_data": {
        "Message": "Initializing InstallService for shared",
        "Function": "ServiceMain",
        "Error Code": "-1",
        "Source": "onecoreuap\\enduser\\winstore\\installservice\\svc\\svcmain.cpp",
        "Line Number": "207",
        "CorrelationVector": "NULL",
        "ProductId": "NULL"
      },
      "source_format": "evtx",
      "file": "Microsoft-Windows-Store%4Operational.evtx"
    },
    {
      "event_id": 2005,
      "provider": "Microsoft-Windows-Install-Agent",
      "timestamp": "2026-07-27T22:34:12.267825+00:00",
      "computer": "WIN-IN9ODUH5HLF",
      "level": "5",
      "channel": "Microsoft-Windows-Store/Operational",
      "record_id": "4",
      "event_data": {
        "Message": "Getting concurrent Install values from Local. Maximum concurrent queue item is  3",
        "Function": "DetermineConcurrentInstallsFromLocalMacros",
        "Error Code": "-1",
        "Source": "onecoreuap\\enduser\\winstore\\installservice\\lib\\settings.cpp",
        "Line Number": "741",
        "CorrelationVector": "NULL",
        "ProductId": "NULL"
      },
      "source_format": "evtx",
      "file": "Microsoft-Windows-Store%4Operational.evtx"
    },
    {
      "event_id": 10001,
      "provider": "Microsoft-Windows-Wcmsvc",
      "timestamp": "2026-07-27T22:34:05.944997+00:00",
      "computer": "WIN-IN9ODUH5HLF",
      "level": "4",
      "channel": "Microsoft-Windows-Wcmsvc/Operational",
      "record_id": "1",
      "event_data": {},
      "source_format": "evtx",
      "file": "Microsoft-Windows-Wcmsvc%4Operational.evtx"
    },
    {
      "event_id": 2005,
      "provider": "Microsoft-Windows-SetupPlatform",
      "timestamp": "2026-07-27T22:34:02.465312+00:00",
      "computer": "WIN-IN9ODUH5HLF",
      "level": "4",
      "channel": "System",
      "record_id": "44",
      "event_data": {
        "Installation choice": "1",
        "Host OS Major version": "10",
        "Host OS Minor version": "0",
        "Host OS Build number": "26100",
        "Host OS Service pack major number": "0",
        "Host OS Service pack minor number": "0"
      },
      "source_format": "evtx",
      "file": "System.evtx"
    },
    {
      "event_id": 8001,
      "provider": "Microsoft-Windows-UserPnp",
      "timestamp": "2026-07-27T22:33:54.146497+00:00",
      "computer": "WIN-IN9ODUH5HLF",
      "level": "4",
      "channel": "Microsoft-Windows-UserPnp/DeviceInstall",
      "record_id": "2",
      "event_data": {},
      "source_format": "evtx",
      "file": "Microsoft-Windows-UserPnp%4DeviceInstall.evtx"
    },
    {
      "event_id": 576,
      "provider": "Microsoft-Windows-StorPort",
      "timestamp": "2026-07-27T22:33:47.017685+00:00",
      "computer": "WIN-IN9ODUH5HLF",
      "level": "4",
      "channel": "Microsoft-Windows-Storage-Storport/Operational",
      "record_id": "1",
      "event_data": {
        "AdapterGuid": "9CCF5A3B-8A13-11F1-BEEE-806E6F6E6963",
        "PortNumber": "4294967295",
        "AdapterHardwareId": "PCI\\VEN_8086&DEV_2829&SUBSYS_00000000&REV_02",
        "MiniportName": "storahci",
        "AdapterInterfaceType": "5",
        "Flags": "4535619747872",
        "AllowStorageD3": "true",
        "AcpiDsdProperty": "4294967295",
        "StorageD3RegistryState": "4294967295",
        "StorageD3Enable": "true",
        "DirectedFxEnable": "true",
        "TunneledDevice": "false"
      },
      "source_format": "evtx",
      "file": "Microsoft-Windows-Storage-Storport%4Operational.evtx"
    },
    {
      "event_id": 3,
      "provider": "Microsoft-Windows-Kernel-ShimEngine",
      "timestamp": "2026-07-27T22:33:46.982281+00:00",
      "computer": "WIN-IN9ODUH5HLF",
      "level": "4",
      "channel": "Microsoft-Windows-Kernel-ShimEngine/Operational",
      "record_id": "1",
      "event_data": {
        "DriverName": "storahci.sys",
        "ShimSource": "0",
        "ShimCount": "1",
        "AppliedGuids": "{434abafd-08fa-4c3d-a88d-d09a88e2ab17}"
      },
      "source_format": "evtx",
      "file": "Microsoft-Windows-Kernel-ShimEngine%4Operational.evtx"
    }
  ]
}