    {
      "event_id": 8001,
      "provider": "Microsoft-Windows-Store",
      "timestamp": "2026-07-27T22:38:50.796547+00:00",
      "computer": "WIN-IN9ODUH5HLF",
      "level": "4",
      "channel": "Microsoft-Windows-Store/Operational",
      "record_id": "671",
      "event_data": {
        "Message": "Failure Message: hr: 0x80070520",
        "Function": "",
        "Source": "onecoreuap\\enduser\\winstore\\auth\\lib\\winstoreauth.cpp",
        "Line Number": "564"
      },
      "source_format": "evtx",
      "file": "Microsoft-Windows-Store%4Operational.evtx"
    },
    {
      "event_id": 8001,
      "provider": "Microsoft-Windows-Store",
      "timestamp": "2026-07-27T22:38:50.796534+00:00",
      "computer": "WIN-IN9ODUH5HLF",
      "level": "4",
      "channel": "Microsoft-Windows-Store/Operational",
      "record_id": "670",
      "event_data": {
        "Message": "Failure Message: hr: 0x80070520",
        "Function": "",
        "Source": "onecoreuap\\enduser\\winstore\\auth\\lib\\winstoreauth.cpp",
        "Line Number": "1862"
      },
      "source_format": "evtx",
      "file": "Microsoft-Windows-Store%4Operational.evtx"
    },
    {
      "event_id": 8001,
      "provider": "Microsoft-Windows-Store",
      "timestamp": "2026-07-27T22:38:50.784802+00:00",
      "computer": "WIN-IN9ODUH5HLF",
      "level": "4",
      "channel": "Microsoft-Windows-Store/Operational",
      "record_id": "669",
      "event_data": {
        "Message": "Getting user tickets for S-1-5-19",
        "Function": "SingleUserStoredIdentitySnapshot::CaptureIdentity",
        "Source": "onecoreuap\\enduser\\winstore\\licensemanager\\lib\\identity.cpp",
        "Line Number": "351"
      },
      "source_format": "evtx",
      "file": "Microsoft-Windows-Store%4Operational.evtx"
    },
    {
      "event_id": 8001,
      "provider": "Microsoft-Windows-Store",
      "timestamp": "2026-07-27T22:38:50.750457+00:00",
      "computer": "WIN-IN9ODUH5HLF",
      "level": "4",
      "channel": "Microsoft-Windows-Store/Operational",
      "record_id": "668",
      "event_data": {
        "Message": "Returning 1 lease documents for contentid 4AF301E9-F5E0-C8BF-6B7C-938BDDDF84D5",
        "Function": "ClipStorage::GetLeaseDocumentsForKeyDocument",
        "Source": "onecoreuap\\enduser\\winstore\\licensemanager\\lib\\clipstorage.cpp",
        "Line Number": "460"
      },
      "source_format": "evtx",
      "file": "Microsoft-Windows-Store%4Operational.evtx"
    },
    {
      "event_id": 8001,
      "provider": "Microsoft-Windows-Store",
      "timestamp": "2026-07-27T22:38:50.750454+00:00",
      "computer": "WIN-IN9ODUH5HLF",
      "level": "4",
      "channel": "Microsoft-Windows-Store/Operational",
      "record_id": "667",
      "event_data": {
        "Message": "Adding lease {2E267D1C-9EF4-8EE3-57BE-E11F61EB9D03} to results",
        "Function": "ClipStorage::GetLeaseDocumentsForKeyDocument",
        "Source": "onecoreuap\\enduser\\winstore\\licensemanager\\lib\\clipstorage.cpp",
        "Line Number": "387"
      },
      "source_format": "evtx",
      "file": "Microsoft-Windows-Store%4Operational.evtx"
    },
    {
      "event_id": 8001,
      "provider": "Microsoft-Windows-Store",
      "timestamp": "2026-07-27T22:38:50.750400+00:00",
      "computer": "WIN-IN9ODUH5HLF",
      "level": "4",
      "channel": "Microsoft-Windows-Store/Operational",
      "record_id": "666",
      "event_data": {
        "Message": "Decoding: {\"entitlementId\":\"e121b4ab-3a73-e24a-f564-5b997b766388\",\"entitlementSatisfaction\":\"Device\",\"isOffline\":true,\"leaseEnforcement\":\"None\",\"leaseUri\":\"https://licensing.md.mp.microsoft.com/v7.0/licenses/?beneficiaryId=msahw%3a6966538201281438&contentId=4af301e9-f5e0-c8bf-6b7c-938bdddf84d5&entitlementId=e121b4ab-3a73-e24a-f564-5b997b766388&market=US&policyType=Device\",\"keyIds\":[\"5c834b0b-64f8-6383-854a-915ac7ddab77\"],\"kind\":\"Content\",\"packages\":[{\"packageIdentifier\":\"4af301e9-f5e0-c8bf-6b7c-938bdddf84d5\",\"packageType\":\"msix\",\"productAddOns\":[],\"productId\":\"9N4D0MSMP0PT\",\"skuId\":\"0010\"}],\"pollAt\":\"2026-08-10T08:07:23.6741573+00:00\",\"refreshOnStartup\":false,\"version\":7}",
        "Function": "DecodeCustomPolicy",
        "Source": "onecoreuap\\enduser\\winstore\\licensemanager\\lib\\clipdocument.cpp",
        "Line Number": "50"
      },
      "source_format": "evtx",
      "file": "Microsoft-Windows-Store%4Operational.evtx"
    },
    {
      "event_id": 8001,
      "provider": "Microsoft-Windows-Store",
      "timestamp": "2026-07-27T22:38:50.743130+00:00",
      "computer": "WIN-IN9ODUH5HLF",
      "level": "4",
      "channel": "Microsoft-Windows-Store/Operational",
      "record_id": "665",
      "event_data": {
        "Message": "Getting lease for 4AF301E9-F5E0-C8BF-6B7C-938BDDDF84D5",
        "Function": "LicenseManagerCore::GetExistingLeaseAndLicense",
        "Source": "onecoreuap\\enduser\\winstore\\licensemanager\\lib\\managercore.cpp",
        "Line Number": "415"
      },
      "source_format": "evtx",
      "file": "Microsoft-Windows-Store%4Operational.evtx"
    },
    {
      "event_id": 8001,
      "provider": "Microsoft-Windows-Store",
      "timestamp": "2026-07-27T22:38:50.732455+00:00",
      "computer": "WIN-IN9ODUH5HLF",
      "level": "4",
      "channel": "Microsoft-Windows-Store/Operational",
      "record_id": "664",
      "event_data": {
        "Message": "Returning key document for contentid 4AF301E9-F5E0-C8BF-6B7C-938BDDDF84D5",
        "Function": "ClipStorage::GetKeyDocumentForContentWithIdAndMinQuality",
        "Source": "onecoreuap\\enduser\\winstore\\licensemanager\\lib\\clipstorage.cpp",
        "Line Number": "262"
      },
      "source_format": "evtx",
      "file": "Microsoft-Windows-Store%4Operational.evtx"
    },
    {
      "event_id": 8001,
      "provider": "Microsoft-Windows-Store",
      "timestamp": "2026-07-27T22:38:50.732453+00:00",
      "computer": "WIN-IN9ODUH5HLF",
      "level": "4",
      "channel": "Microsoft-Windows-Store/Operational",
      "record_id": "663",
      "event_data": {
        "Message": "Accepting key with License ID {5C834B0B-64F8-6383-854A-915AC7DDAB77} for Content ID 4AF301E9-F5E0-C8BF-6B7C-938BDDDF84D5 (first match)",
        "Function": "ClipStorage::GetKeyDocumentForContentWithIdAndMinQuality",
        "Source": "onecoreuap\\enduser\\winstore\\licensemanager\\lib\\clipstorage.cpp",
        "Line Number": "223"
      },
      "source_format": "evtx",
      "file": "Microsoft-Windows-Store%4Operational.evtx"
    },
    {
      "event_id": 8001,
      "provider": "Microsoft-Windows-Store",
      "timestamp": "2026-07-27T22:38:50.732445+00:00",
      "computer": "WIN-IN9ODUH5HLF",
      "level": "4",
      "channel": "Microsoft-Windows-Store/Operational",
      "record_id": "662",
      "event_data": {
        "Message": "Decoding: {\"legacyProductId\":\"cce76b17-08bf-49c2-b665-aa9207915cb4\"}",
        "Function": "DecodeCustomPolicy",
        "Source": "onecoreuap\\enduser\\winstore\\licensemanager\\lib\\clipdocument.cpp",
        "Line Number": "50"
      },
      "source_format": "evtx",
      "file": "Microsoft-Windows-Store%4Operational.evtx"
    },
    {
      "event_id": 8001,
      "provider": "Microsoft-Windows-Store",
      "timestamp": "2026-07-27T22:38:50.732436+00:00",
      "computer": "WIN-IN9ODUH5HLF",
      "level": "4",
      "channel": "Microsoft-Windows-Store/Operational",
      "record_id": "661",
      "event_data": {
        "Message": "Considering License ID {5C834B0B-64F8-6383-854A-915AC7DDAB77} for content ID 4AF301E9-F5E0-C8BF-6B7C-938BDDDF84D5...",
        "Function": "ClipStorage::GetKeyDocumentForContentWithIdAndMinQuality",
        "Source": "onecoreuap\\enduser\\winstore\\licensemanager\\lib\\clipstorage.cpp",
        "Line Number": "192"
      },
      "source_format": "evtx",
      "file": "Microsoft-Windows-Store%4Operational.evtx"
    },
    {
      "event_id": 8001,
      "provider": "Microsoft-Windows-Store",
      "timestamp": "2026-07-27T22:38:50.730867+00:00",
      "computer": "WIN-IN9ODUH5HLF",
      "level": "4",
      "channel": "Microsoft-Windows-Store/Operational",
      "record_id": "660",
      "event_data": {
        "Message": "Refreshing content 4AF301E9-F5E0-C8BF-6B7C-938BDDDF84D5 outside of KeyMachine",
        "Function": "LicenseManagerCore::Refresh",
        "Source": "onecoreuap\\enduser\\winstore\\licensemanager\\lib\\managercore.cpp",
        "Line Number": "835"
      },
      "source_format": "evtx",
      "file": "Microsoft-Windows-Store%4Operational.evtx"
    },
    {
      "event_id": 8002,
      "provider": "Microsoft-Windows-Store",
      "timestamp": "2026-07-27T22:38:50.717864+00:00",
      "computer": "WIN-IN9ODUH5HLF",
      "level": "3",
      "channel": "Microsoft-Windows-Store/Operational",
      "record_id": "658",
      "event_data": {
        "Message": "Capturing identity for LocalService, this probably isn't intended",
        "Function": "StoredIdentity::StoredIdentity",
        "Source": "onecoreuap\\enduser\\winstore\\licensemanager\\lib\\identity.cpp",
        "Line Number": "546"
      },
      "source_format": "evtx",
      "file": "Microsoft-Windows-Store%4Operational.evtx"
    },
    {
      "event_id": 8001,
      "provider": "Microsoft-Windows-Store",
      "timestamp": "2026-07-27T22:38:50.717837+00:00",
      "computer": "WIN-IN9ODUH5HLF",
      "level": "4",
      "channel": "Microsoft-Windows-Store/Operational",
      "record_id": "657",
      "event_data": {
        "Message": "Invalidating cache for 4AF301E9-F5E0-C8BF-6B7C-938BDDDF84D5",
        "Function": "LicenseManager::RefreshCacheForContentWithId",
        "Source": "onecoreuap\\enduser\\winstore\\licensemanager\\lib\\manager.cpp",
        "Line Number": "174"
      },
      "source_format": "evtx",
      "file": "Microsoft-Windows-Store%4Operational.evtx"
    },
    {
      "event_id": 8001,
      "provider": "Microsoft-Windows-Store",
      "timestamp": "2026-07-27T22:38:50.717809+00:00",
      "computer": "WIN-IN9ODUH5HLF",
      "level": "4",
      "channel": "Microsoft-Windows-Store/Operational",
      "record_id": "656",
      "event_data": {
        "Message": "Decoding: {\"legacyProductId\":\"44afa56f-c460-473a-a65c-bed3aacd1a63\"}",
        "Function": "DecodeCustomPolicy",
        "Source": "onecoreuap\\enduser\\winstore\\licensemanager\\lib\\clipdocument.cpp",
        "Line Number": "50"
      },
      "source_format": "evtx",
      "file": "Microsoft-Windows-Store%4Operational.evtx"
    },
    {
      "event_id": 8001,
      "provider": "Microsoft-Windows-Store",
      "timestamp": "2026-07-27T22:38:50.705978+00:00",
      "computer": "WIN-IN9ODUH5HLF",
      "level": "4",
      "channel": "Microsoft-Windows-Store/Operational",
      "record_id": "655",
      "event_data": {
        "Message": "Installing key document",
        "Function": "ClipStorage::StoreKeyDocument",
        "Source": "onecoreuap\\enduser\\winstore\\licensemanager\\lib\\clipstorage.cpp",
        "Line Number": "67"
      },
      "source_format": "evtx",
      "file": "Microsoft-Windows-Store%4Operational.evtx"
    },
    {
      "event_id": 8001,
      "provider": "Microsoft-Windows-Store",
      "timestamp": "2026-07-27T22:38:50.683698+00:00",
      "computer": "WIN-IN9ODUH5HLF",
      "level": "4",
      "channel": "Microsoft-Windows-Store/Operational",
      "record_id": "654",
      "event_data": {
        "Message": "Installing lease",
        "Function": "ClipStorage::StoreLeaseDocument",
        "Source": "onecoreuap\\enduser\\winstore\\licensemanager\\lib\\clipstorage.cpp",
        "Line Number": "285"
      },
      "source_format": "evtx",
      "file": "Microsoft-Windows-Store%4Operational.evtx"
    },
    {
      "event_id": 8001,
      "provider": "Microsoft-Windows-Store",
      "timestamp": "2026-07-27T22:38:50.683530+00:00",
      "computer": "WIN-IN9ODUH5HLF",
      "level": "4",
      "channel": "Microsoft-Windows-Store/Operational",
      "record_id": "653",
      "event_data": {
        "Message": "Ignoring lease removal with reason 0x803f9003 because this is an offline lease\n",
        "Function": "ClipStorage::RemoveLeaseDocumentWithIdAndReason",
        "Source": "onecoreuap\\enduser\\winstore\\licensemanager\\lib\\clipstorage.cpp",
        "Line Number": "501"
      },
      "source_format": "evtx",
      "file": "Microsoft-Windows-Store%4Operational.evtx"
    },
    {
      "event_id": 8001,
      "provider": "Microsoft-Windows-Store",
      "timestamp": "2026-07-27T22:38:50.683497+00:00",
      "computer": "WIN-IN9ODUH5HLF",
      "level": "4",
      "channel": "Microsoft-Windows-Store/Operational",
      "record_id": "652",
      "event_data": {
        "Message": "Decoding: {\"entitlementId\":\"6f3f04bd-1178-a618-7726-27ac65c2c284\",\"entitlementSatisfaction\":\"Device\",\"isOffline\":true,\"leaseEnforcement\":\"None\",\"leaseUri\":\"https://licensing.md.mp.microsoft.com/v7.0/licenses/?beneficiaryId=msahw%3a6966556301992484&contentId=d06a1b07-dd36-5158-552a-2d1968c87690&entitlementId=6f3f04bd-1178-a618-7726-27ac65c2c284&market=US&policyType=Device\",\"keyIds\":[\"5c0db099-f413-5aa0-afc0-f40f668da91c\"],\"kind\":\"Content\",\"packages\":[{\"packageIdentifier\":\"d06a1b07-dd36-5158-552a-2d1968c87690\",\"packageType\":\"msix\",\"productAddOns\":[],\"productId\":\"9N0DX20HK701\",\"skuId\":\"0010\"}],\"pollAt\":\"2026-08-10T05:05:48.3019502+00:00\",\"refreshOnStartup\":false,\"version\":7}",
        "Function": "DecodeCustomPolicy",
        "Source": "onecoreuap\\enduser\\winstore\\licensemanager\\lib\\clipdocument.cpp",
        "Line Number": "50"
      },
      "source_format": "evtx",
      "file": "Microsoft-Windows-Store%4Operational.evtx"
    },
    {
      "event_id": 8001,
      "provider": "Microsoft-Windows-Store",
      "timestamp": "2026-07-27T22:38:50.680117+00:00",
      "computer": "WIN-IN9ODUH5HLF",
      "level": "4",
      "channel": "Microsoft-Windows-Store/Operational",
      "record_id": "651",
      "event_data": {
        "Message": "Returning 1 lease documents for contentid D06A1B07-DD36-5158-552A-2D1968C87690",
        "Function": "ClipStorage::GetLeaseDocumentsForKeyDocument",
        "Source": "onecoreuap\\enduser\\winstore\\licensemanager\\lib\\clipstorage.cpp",
        "Line Number": "460"
      },
      "source_format": "evtx",
      "file": "Microsoft-Windows-Store%4Operational.evtx"
    },
    {
      "event_id": 8001,
      "provider": "Microsoft-Windows-Store",
      "timestamp": "2026-07-27T22:38:50.680115+00:00",
      "computer": "WIN-IN9ODUH5HLF",
      "level": "4",
      "channel": "Microsoft-Windows-Store/Operational",
      "record_id": "650",
      "event_data": {
        "Message": "Adding lease {4D4F5721-9683-A595-79A1-53372F779B7E} to results",
        "Function": "ClipStorage::GetLeaseDocumentsForKeyDocument",
        "Source": "onecoreuap\\enduser\\winstore\\licensemanager\\lib\\clipstorage.cpp",
        "Line Number": "387"
      },
      "source_format": "evtx",
      "file": "Microsoft-Windows-Store%4Operational.evtx"
    },
    {
      "event_id": 8001,
      "provider": "Microsoft-Windows-Store",
      "timestamp": "2026-07-27T22:38:50.680079+00:00",
      "computer": "WIN-IN9ODUH5HLF",
      "level": "4",
      "channel": "Microsoft-Windows-Store/Operational",
      "record_id": "649",
      "event_data": {
        "Message": "Decoding: {\"entitlementId\":\"6f3f04bd-1178-a618-7726-27ac65c2c284\",\"entitlementSatisfaction\":\"Device\",\"isOffline\":true,\"leaseEnforcement\":\"None\",\"leaseUri\":\"https://licensing.md.mp.microsoft.com/v7.0/licenses/?beneficiaryId=msahw%3a6966556301992484&contentId=d06a1b07-dd36-5158-552a-2d1968c87690&entitlementId=6f3f04bd-1178-a618-7726-27ac65c2c284&market=US&policyType=Device\",\"keyIds\":[\"5c0db099-f413-5aa0-afc0-f40f668da91c\"],\"kind\":\"Content\",\"packages\":[{\"packageIdentifier\":\"d06a1b07-dd36-5158-552a-2d1968c87690\",\"packageType\":\"msix\",\"productAddOns\":[],\"productId\":\"9N0DX20HK701\",\"skuId\":\"0010\"}],\"pollAt\":\"2026-08-10T05:05:48.3019502+00:00\",\"refreshOnStartup\":false,\"version\":7}",
        "Function": "DecodeCustomPolicy",
        "Source": "onecoreuap\\enduser\\winstore\\licensemanager\\lib\\clipdocument.cpp",
        "Line Number": "50"
      },
      "source_format": "evtx",
      "file": "Microsoft-Windows-Store%4Operational.evtx"
    },
    {
      "event_id": 8001,
      "provider": "Microsoft-Windows-Store",
      "timestamp": "2026-07-27T22:38:50.671272+00:00",
      "computer": "WIN-IN9ODUH5HLF",
      "level": "4",
      "channel": "Microsoft-Windows-Store/Operational",
      "record_id": "648",
      "event_data": {
        "Message": "License Response: 1 leases, 1 keys for contentId D06A1B07-DD36-5158-552A-2D1968C87690 (Corr: GuLxCS8C20iywnl5.13, Svr: ent-7d76669b56-srltr)",
        "Function": "LogRequestLicenseSuccess",
        "Source": "onecoreuap\\enduser\\winstore\\licensemanager\\lib\\telemetry.cpp",
        "Line Number": "246"
      },
      "source_format": "evtx",
      "file": "Microsoft-Windows-Store%4Operational.evtx"
    },
    {
      "event_id": 2005,
      "provider": "Microsoft-Windows-Install-Agent",
      "timestamp": "2026-07-27T22:38:50.197881+00:00",
      "computer": "WIN-IN9ODUH5HLF",
      "level": "5",
      "channel": "Microsoft-Windows-Store/Operational",
      "record_id": "607",
      "event_data": {
        "Message": "Getting concurrent Install values from Local. Maximum concurrent queue item is  3",
        "Function": "DetermineConcurrentInstallsFromLocalMacros",
        "Error Code": "-1",
        "Source": "onecoreuap\\enduser\\winstore\\installservice\\lib\\settings.cpp",
        "Line Number": "741",
        "CorrelationVector": "NULL",
        "ProductId": "NULL"
      },
      "source_format": "evtx",
      "file": "Microsoft-Windows-Store%4Operational.evtx"
    },
    {
      "event_id": 2005,
      "provider": "Microsoft-Windows-Install-Agent",
      "timestamp": "2026-07-27T22:38:50.174123+00:00",
      "computer": "WIN-IN9ODUH5HLF",
      "level": "5",
      "channel": "Microsoft-Windows-Store/Operational",
      "record_id": "604",
      "event_data": {
        "Message": "Initializing InstallService",
        "Function": "InstallService::ServiceStarted",
        "Error Code": "-1",
        "Source": "onecoreuap\\enduser\\winstore\\installservice\\svc\\svcmain.cpp",
        "Line Number": "52",
        "CorrelationVector": "NULL",
        "ProductId": "NULL"
      },
      "source_format": "evtx",
      "file": "Microsoft-Windows-Store%4Operational.evtx"
    },
    {
      "event_id": 2005,
      "provider": "Microsoft-Windows-Install-Agent",
      "timestamp": "2026-07-27T22:38:50.168582+00:00",
      "computer": "WIN-IN9ODUH5HLF",
      "level": "5",
      "channel": "Microsoft-Windows-Store/Operational",
      "record_id": "603",
      "event_data": {
        "Message": "Initializing InstallService for shared",
        "Function": "ServiceMain",
        "Error Code": "-1",
        "Source": "onecoreuap\\enduser\\winstore\\installservice\\svc\\svcmain.cpp",
        "Line Number": "207",
        "CorrelationVector": "NULL",
        "ProductId": "NULL"
      },
      "source_format": "evtx",
      "file": "Microsoft-Windows-Store%4Operational.evtx"
    },
    {
      "event_id": 2005,
      "provider": "Microsoft-Windows-Install-Agent",
      "timestamp": "2026-07-27T22:38:50.087600+00:00",
      "computer": "WIN-IN9ODUH5HLF",
      "level": "5",
      "channel": "Microsoft-Windows-Store/Operational",
      "record_id": "600",
      "event_data": {
        "Message": "Getting concurrent Install values from Local. Maximum concurrent queue item is  3",
        "Function": "DetermineConcurrentInstallsFromLocalMacros",
        "Error Code": "-1",
        "Source": "onecoreuap\\enduser\\winstore\\installservice\\lib\\settings.cpp",
        "Line Number": "741",
        "CorrelationVector": "NULL",
        "ProductId": "NULL"
      },
      "source_format": "evtx",
      "file": "Microsoft-Windows-Store%4Operational.evtx"
    },
    {
      "event_id": 8001,
      "provider": "Microsoft-Windows-Store",
      "timestamp": "2026-07-27T22:38:48.841148+00:00",
      "computer": "WIN-IN9ODUH5HLF",
      "level": "4",
      "channel": "Microsoft-Windows-Store/Operational",
      "record_id": "596",
      "event_data": {
        "Message": "Requesting license for D06A1B07-DD36-5158-552A-2D1968C87690 at /v7.0/licenses/content (https://licensing.mp.microsoft.com) (Corr: GuLxCS8C20iywnl5.13)",
        "Function": "LicenseProxyService::DoRequestLicense",
        "Source": "onecoreuap\\enduser\\winstore\\licensemanager\\lib\\proxy.cpp",
        "Line Number": "2044"
      },
      "source_format": "evtx",
      "file": "Microsoft-Windows-Store%4Operational.evtx"
    },
    {
      "event_id": 8001,
      "provider": "Microsoft-Windows-Store",
      "timestamp": "2026-07-27T22:38:48.839378+00:00",
      "computer": "WIN-IN9ODUH5HLF",
      "level": "4",
      "channel": "Microsoft-Windows-Store/Operational",
      "record_id": "595",
      "event_data": {
        "Message": "Transmitting old key for content ID D06A1B07-DD36-5158-552A-2D1968C87690 in request for content ID D06A1B07-DD36-5158-552A-2D1968C87690 with validity 7f000000 (detail 0x00000000)",
        "Function": "LicenseProxyService::CreateLicenseRequestBody",
        "Source": "onecoreuap\\enduser\\winstore\\licensemanager\\lib\\proxy.cpp",
        "Line Number": "1918"
      },
      "source_format": "evtx",
      "file": "Microsoft-Windows-Store%4Operational.evtx"
    },
    {
      "event_id": 8001,
      "provider": "Microsoft-Windows-Store",
      "timestamp": "2026-07-27T22:38:48.835673+00:00",
      "computer": "WIN-IN9ODUH5HLF",
      "level": "4",
      "channel": "Microsoft-Windows-Store/Operational",
      "record_id": "594",
      "event_data": {
        "Message": "Identity capture succeeded",
        "Function": "SingleUserStoredIdentitySnapshot::CaptureIdentity",
        "Source": "onecoreuap\\enduser\\winstore\\licensemanager\\lib\\identity.cpp",
        "Line Number": "441"
      },
      "source_format": "evtx",
      "file": "Microsoft-Windows-Store%4Operational.evtx"
    },
    {
      "event_id": 8002,
      "provider": "Microsoft-Windows-Store",
      "timestamp": "2026-07-27T22:38:48.835668+00:00",
      "computer": "WIN-IN9ODUH5HLF",
      "level": "3",
      "channel": "Microsoft-Windows-Store/Operational",
      "record_id": "593",
      "event_data": {
        "Message": "No user tickets captured for S-1-5-19, so this might not end well. HRESULT of WAM call: 0x80070520.",
        "Function": "SingleUserStoredIdentitySnapshot::CaptureIdentity",
        "Source": "onecoreuap\\enduser\\winstore\\licensemanager\\lib\\identity.cpp",
        "Line Number": "419"
      },
      "source_format": "evtx",
      "file": "Microsoft-Windows-Store%4Operational.evtx"
    },
    {
      "event_id": 8001,
      "provider": "Microsoft-Windows-Store",
      "timestamp": "2026-07-27T22:38:48.835664+00:00",
      "computer": "WIN-IN9ODUH5HLF",
      "level": "4",
      "channel": "Microsoft-Windows-Store/Operational",
      "record_id": "592",
      "event_data": {
        "Message": "Failure Message: hr: 0x80070002",
        "Function": "",
        "Source": "onecoreuap\\enduser\\winstore\\auth\\lib\\winstoreauth.cpp",
        "Line Number": "1396"
      },
      "source_format": "evtx",
      "file": "Microsoft-Windows-Store%4Operational.evtx"
    },
    {
      "event_id": 8001,
      "provider": "Microsoft-Windows-Store",
      "timestamp": "2026-07-27T22:38:48.835634+00:00",
      "computer": "WIN-IN9ODUH5HLF",
      "level": "4",
      "channel": "Microsoft-Windows-Store/Operational",
      "record_id": "591",
      "event_data": {
        "Message": "Failure Message: hr: 0x80070520",
        "Function": "",
        "Source": "onecoreuap\\enduser\\winstore\\auth\\lib\\winstoreauth.cpp",
        "Line Number": "751"
      },
      "source_format": "evtx",
      "file": "Microsoft-Windows-Store%4Operational.evtx"
    },
    {
      "event_id": 8001,
      "provider": "Microsoft-Windows-Store",
      "timestamp": "2026-07-27T22:38:48.835526+00:00",
      "computer": "WIN-IN9ODUH5HLF",
      "level": "4",
      "channel": "Microsoft-Windows-Store/Operational",
      "record_id": "590",
      "event_data": {
        "Message": "Failure Message: hr: 0x80070520",
        "Function": "",
        "Source": "onecoreuap\\enduser\\winstore\\auth\\lib\\winstoreauth.cpp",
        "Line Number": "564"
      },
      "source_format": "evtx",
      "file": "Microsoft-Windows-Store%4Operational.evtx"
    },
    {
      "event_id": 8001,
      "provider": "Microsoft-Windows-Store",
      "timestamp": "2026-07-27T22:38:48.835517+00:00",
      "computer": "WIN-IN9ODUH5HLF",
      "level": "4",
      "channel": "Microsoft-Windows-Store/Operational",
      "record_id": "589",
      "event_data": {
        "Message": "Failure Message: hr: 0x80070520",
        "Function": "",
        "Source": "onecoreuap\\enduser\\winstore\\auth\\lib\\winstoreauth.cpp",
        "Line Number": "1862"
      },
      "source_format": "evtx",
      "file": "Microsoft-Windows-Store%4Operational.evtx"
    },
    {
      "event_id": 3,
      "provider": "Microsoft-Windows-Crypto-NCrypt",
      "timestamp": "2026-07-27T22:38:48.798095+00:00",
      "computer": "WIN-IN9ODUH5HLF",
      "level": "2",
      "channel": "Microsoft-Windows-Crypto-NCrypt/Operational",
      "record_id": "16",
      "event_data": {
        "ProviderName": "Microsoft Platform Crypto Provider",
        "KeyName": "Windows AIK",
        "Status": "0x80090016",
        "ProcessName": "svchost.exe"
      },
      "source_format": "evtx",
      "file": "Microsoft-Windows-Crypto-NCrypt%4Operational.evtx"
    },
    {
      "event_id": 8001,
      "provider": "Microsoft-Windows-Store",
      "timestamp": "2026-07-27T22:38:48.780627+00:00",
      "computer": "WIN-IN9ODUH5HLF",
      "level": "4",
      "channel": "Microsoft-Windows-Store/Operational",
      "record_id": "588",
      "event_data": {
        "Message": "Getting user tickets for S-1-5-19",
        "Function": "SingleUserStoredIdentitySnapshot::CaptureIdentity",
        "Source": "onecoreuap\\enduser\\winstore\\licensemanager\\lib\\identity.cpp",
        "Line Number": "351"
      },
      "source_format": "evtx",
      "file": "Microsoft-Windows-Store%4Operational.evtx"
    },
    {
      "event_id": 8001,
      "provider": "Microsoft-Windows-Store",
      "timestamp": "2026-07-27T22:38:48.762449+00:00",
      "computer": "WIN-IN9ODUH5HLF",
      "level": "4",
      "channel": "Microsoft-Windows-Store/Operational",
      "record_id": "587",
      "event_data": {
        "Message": "Returning 1 lease documents for contentid D06A1B07-DD36-5158-552A-2D1968C87690",
        "Function": "ClipStorage::GetLeaseDocumentsForKeyDocument",
        "Source": "onecoreuap\\enduser\\winstore\\licensemanager\\lib\\clipstorage.cpp",
        "Line Number": "460"
      },
      "source_format": "evtx",
      "file": "Microsoft-Windows-Store%4Operational.evtx"
    },
    {
      "event_id": 8001,
      "provider": "Microsoft-Windows-Store",
      "timestamp": "2026-07-27T22:38:48.762446+00:00",
      "computer": "WIN-IN9ODUH5HLF",
      "level": "4",
      "channel": "Microsoft-Windows-Store/Operational",
      "record_id": "586",
      "event_data": {
        "Message": "Adding lease {4D4F5721-9683-A595-79A1-53372F779B7E} to results",
        "Function": "ClipStorage::GetLeaseDocumentsForKeyDocument",
        "Source": "onecoreuap\\enduser\\winstore\\licensemanager\\lib\\clipstorage.cpp",
        "Line Number": "387"
      },
      "source_format": "evtx",
      "file": "Microsoft-Windows-Store%4Operational.evtx"
    },
    {
      "event_id": 8001,
      "provider": "Microsoft-Windows-Store",
      "timestamp": "2026-07-27T22:38:48.762320+00:00",
      "computer": "WIN-IN9ODUH5HLF",
      "level": "4",
      "channel": "Microsoft-Windows-Store/Operational",
      "record_id": "585",
      "event_data": {
        "Message": "Decoding: {\"entitlementId\":\"6f3f04bd-1178-a618-7726-27ac65c2c284\",\"entitlementSatisfaction\":\"Device\",\"isOffline\":true,\"leaseEnforcement\":\"None\",\"leaseUri\":\"https://licensing.md.mp.microsoft.com/v7.0/licenses/?beneficiaryId=msahw%3a6966556301992484&contentId=d06a1b07-dd36-5158-552a-2d1968c87690&entitlementId=6f3f04bd-1178-a618-7726-27ac65c2c284&market=US&policyType=Device\",\"keyIds\":[\"5c0db099-f413-5aa0-afc0-f40f668da91c\"],\"kind\":\"Content\",\"packages\":[{\"packageIdentifier\":\"d06a1b07-dd36-5158-552a-2d1968c87690\",\"packageType\":\"msix\",\"productAddOns\":[],\"productId\":\"9N0DX20HK701\",\"skuId\":\"0010\"}],\"pollAt\":\"2026-08-10T05:05:48.3019502+00:00\",\"refreshOnStartup\":false,\"version\":7}",
        "Function": "DecodeCustomPolicy",
        "Source": "onecoreuap\\enduser\\winstore\\licensemanager\\lib\\clipdocument.cpp",
        "Line Number": "50"
      },
      "source_format": "evtx",
      "file": "Microsoft-Windows-Store%4Operational.evtx"
    },
    {
      "event_id": 8001,
      "provider": "Microsoft-Windows-Store",
      "timestamp": "2026-07-27T22:38:48.755258+00:00",
      "computer": "WIN-IN9ODUH5HLF",
      "level": "4",
      "channel": "Microsoft-Windows-Store/Operational",
      "record_id": "584",
      "event_data": {
        "Message": "Getting lease for D06A1B07-DD36-5158-552A-2D1968C87690",
        "Function": "LicenseManagerCore::GetExistingLeaseAndLicense",
        "Source": "onecoreuap\\enduser\\winstore\\licensemanager\\lib\\managercore.cpp",
        "Line Number": "415"
      },
      "source_format": "evtx",
      "file": "Microsoft-Windows-Store%4Operational.evtx"
    },
    {
      "event_id": 8001,
      "provider": "Microsoft-Windows-Store",
      "timestamp": "2026-07-27T22:38:48.755078+00:00",
      "computer": "WIN-IN9ODUH5HLF",
      "level": "4",
      "channel": "Microsoft-Windows-Store/Operational",
      "record_id": "583",
      "event_data": {
        "Message": "Returning key document for contentid D06A1B07-DD36-5158-552A-2D1968C87690",
        "Function": "ClipStorage::GetKeyDocumentForContentWithIdAndMinQuality",
        "Source": "onecoreuap\\enduser\\winstore\\licensemanager\\lib\\clipstorage.cpp",
        "Line Number": "262"
      },
      "source_format": "evtx",
      "file": "Microsoft-Windows-Store%4Operational.evtx"
    },
    {
      "event_id": 8001,
      "provider": "Microsoft-Windows-Store",
      "timestamp": "2026-07-27T22:38:48.755077+00:00",
      "computer": "WIN-IN9ODUH5HLF",
      "level": "4",
      "channel": "Microsoft-Windows-Store/Operational",
      "record_id": "582",
      "event_data": {
        "Message": "Accepting key with License ID {5C0DB099-F413-5AA0-AFC0-F40F668DA91C} for Content ID D06A1B07-DD36-5158-552A-2D1968C87690 (first match)",
        "Function": "ClipStorage::GetKeyDocumentForContentWithIdAndMinQuality",
        "Source": "onecoreuap\\enduser\\winstore\\licensemanager\\lib\\clipstorage.cpp",
        "Line Number": "223"
      },
      "source_format": "evtx",
      "file": "Microsoft-Windows-Store%4Operational.evtx"
    },
    {
      "event_id": 8001,
      "provider": "Microsoft-Windows-Store",
      "timestamp": "2026-07-27T22:38:48.755068+00:00",
      "computer": "WIN-IN9ODUH5HLF",
      "level": "4",
      "channel": "Microsoft-Windows-Store/Operational",
      "record_id": "581",
      "event_data": {
        "Message": "Decoding: {\"legacyProductId\":\"44afa56f-c460-473a-a65c-bed3aacd1a63\"}",
        "Function": "DecodeCustomPolicy",
        "Source": "onecoreuap\\enduser\\winstore\\licensemanager\\lib\\clipdocument.cpp",
        "Line Number": "50"
      },
      "source_format": "evtx",
      "file": "Microsoft-Windows-Store%4Operational.evtx"
    },
    {
      "event_id": 8001,
      "provider": "Microsoft-Windows-Store",
      "timestamp": "2026-07-27T22:38:48.755059+00:00",
      "computer": "WIN-IN9ODUH5HLF",
      "level": "4",
      "channel": "Microsoft-Windows-Store/Operational",
      "record_id": "580",
      "event_data": {
        "Message": "Considering License ID {5C0DB099-F413-5AA0-AFC0-F40F668DA91C} for content ID D06A1B07-DD36-5158-552A-2D1968C87690...",
        "Function": "ClipStorage::GetKeyDocumentForContentWithIdAndMinQuality",
        "Source": "onecoreuap\\enduser\\winstore\\licensemanager\\lib\\clipstorage.cpp",
        "Line Number": "192"
      },
      "source_format": "evtx",
      "file": "Microsoft-Windows-Store%4Operational.evtx"
    },
    {
      "event_id": 8001,
      "provider": "Microsoft-Windows-Store",
      "timestamp": "2026-07-27T22:38:48.750886+00:00",
      "computer": "WIN-IN9ODUH5HLF",
      "level": "4",
      "channel": "Microsoft-Windows-Store/Operational",
      "record_id": "579",
      "event_data": {
        "Message": "Refreshing content D06A1B07-DD36-5158-552A-2D1968C87690 outside of KeyMachine",
        "Function": "LicenseManagerCore::Refresh",
        "Source": "onecoreuap\\enduser\\winstore\\licensemanager\\lib\\managercore.cpp",
        "Line Number": "835"
      },
      "source_format": "evtx",
      "file": "Microsoft-Windows-Store%4Operational.evtx"
    },
    {
      "event_id": 8002,
      "provider": "Microsoft-Windows-Store",
      "timestamp": "2026-07-27T22:38:48.745795+00:00",
      "computer": "WIN-IN9ODUH5HLF",
      "level": "3",
      "channel": "Microsoft-Windows-Store/Operational",
      "record_id": "577",
      "event_data": {
        "Message": "Capturing identity for LocalService, this probably isn't intended",
        "Function": "StoredIdentity::StoredIdentity",
        "Source": "onecoreuap\\enduser\\winstore\\licensemanager\\lib\\identity.cpp",
        "Line Number": "546"
      },
      "source_format": "evtx",
      "file": "Microsoft-Windows-Store%4Operational.evtx"
    },
    {
      "event_id": 8001,
      "provider": "Microsoft-Windows-Store",
      "timestamp": "2026-07-27T22:38:48.745766+00:00",
      "computer": "WIN-IN9ODUH5HLF",
      "level": "4",
      "channel": "Microsoft-Windows-Store/Operational",
      "record_id": "576",
      "event_data": {
        "Message": "Invalidating cache for D06A1B07-DD36-5158-552A-2D1968C87690",
        "Function": "LicenseManager::RefreshCacheForContentWithId",
        "Source": "onecoreuap\\enduser\\winstore\\licensemanager\\lib\\manager.cpp",
        "Line Number": "174"
      },
      "source_format": "evtx",
      "file": "Microsoft-Windows-Store%4Operational.evtx"
    },
    {
      "event_id": 8001,
      "provider": "Microsoft-Windows-Store",
      "timestamp": "2026-07-27T22:38:48.745739+00:00",
      "computer": "WIN-IN9ODUH5HLF",
      "level": "4",
      "channel": "Microsoft-Windows-Store/Operational",
      "record_id": "575",
      "event_data": {
        "Message": "Decoding: {\"legacyProductId\":\"3ddd873a-1639-4331-a9a2-d99e568b2a5f\"}",
        "Function": "DecodeCustomPolicy",
        "Source": "onecoreuap\\enduser\\winstore\\licensemanager\\lib\\clipdocument.cpp",
        "Line Number": "50"
      },
      "source_format": "evtx",
      "file": "Microsoft-Windows-Store%4Operational.evtx"
    },
    {
      "event_id": 8001,
      "provider": "Microsoft-Windows-Store",
      "timestamp": "2026-07-27T22:38:48.723804+00:00",
      "computer": "WIN-IN9ODUH5HLF",
      "level": "4",
      "channel": "Microsoft-Windows-Store/Operational",
      "record_id": "574",
      "event_data": {
        "Message": "Installing key document",
        "Function": "ClipStorage::StoreKeyDocument",
        "Source": "onecoreuap\\enduser\\winstore\\licensemanager\\lib\\clipstorage.cpp",
        "Line Number": "67"
      },
      "source_format": "evtx",
      "file": "Microsoft-Windows-Store%4Operational.evtx"
    },
    {
      "event_id": 8001,
      "provider": "Microsoft-Windows-Store",
      "timestamp": "2026-07-27T22:38:48.705115+00:00",
      "computer": "WIN-IN9ODUH5HLF",
      "level": "4",
      "channel": "Microsoft-Windows-Store/Operational",
      "record_id": "573",
      "event_data": {
        "Message": "Installing lease",
        "Function": "ClipStorage::StoreLeaseDocument",
        "Source": "onecoreuap\\enduser\\winstore\\licensemanager\\lib\\clipstorage.cpp",
        "Line Number": "285"
      },
      "source_format": "evtx",
      "file": "Microsoft-Windows-Store%4Operational.evtx"
    },
    {
      "event_id": 8001,
      "provider": "Microsoft-Windows-Store",
      "timestamp": "2026-07-27T22:38:48.704662+00:00",
      "computer": "WIN-IN9ODUH5HLF",
      "level": "4",
      "channel": "Microsoft-Windows-Store/Operational",
      "record_id": "572",
      "event_data": {
        "Message": "Ignoring lease removal with reason 0x803f9003 because this is an offline lease\n",
        "Function": "ClipStorage::RemoveLeaseDocumentWithIdAndReason",
        "Source": "onecoreuap\\enduser\\winstore\\licensemanager\\lib\\clipstorage.cpp",
        "Line Number": "501"
      },
      "source_format": "evtx",
      "file": "Microsoft-Windows-Store%4Operational.evtx"
    },
    {
      "event_id": 8001,
      "provider": "Microsoft-Windows-Store",
      "timestamp": "2026-07-27T22:38:48.704628+00:00",
      "computer": "WIN-IN9ODUH5HLF",
      "level": "4",
      "channel": "Microsoft-Windows-Store/Operational",
      "record_id": "571",
      "event_data": {
        "Message": "Decoding: {\"entitlementId\":\"55ef766e-6a1a-88cf-a215-5636914b6ffe\",\"entitlementSatisfaction\":\"Device\",\"isOffline\":true,\"leaseEnforcement\":\"None\",\"leaseUri\":\"https://licensing.md.mp.microsoft.com/v7.0/licenses/?beneficiaryId=msahw%3a6896240577397276&contentId=8d0b61b0-e8b7-45b8-bb6e-99e41d4a1dc5&entitlementId=55ef766e-6a1a-88cf-a215-5636914b6ffe&market=US&policyType=Device\",\"keyIds\":[\"5bc68026-7693-b4a5-b136-be3c909f232c\"],\"kind\":\"Content\",\"packages\":[{\"packageIdentifier\":\"8d0b61b0-e8b7-45b8-bb6e-99e41d4a1dc5\",\"packageType\":\"msix\",\"productAddOns\":[],\"productId\":\"9NRX63209R7B\",\"skuId\":\"0010\"}],\"pollAt\":\"2026-08-10T05:04:09.2575379+00:00\",\"refreshOnStartup\":false,\"version\":7}",
        "Function": "DecodeCustomPolicy",
        "Source": "onecoreuap\\enduser\\winstore\\licensemanager\\lib\\clipdocument.cpp",
        "Line Number": "50"
      },
      "source_format": "evtx",
      "file": "Microsoft-Windows-Store%4Operational.evtx"
    },
    {
      "event_id": 8001,
      "provider": "Microsoft-Windows-Store",
      "timestamp": "2026-07-27T22:38:48.700587+00:00",
      "computer": "WIN-IN9ODUH5HLF",
      "level": "4",
      "channel": "Microsoft-Windows-Store/Operational",
      "record_id": "570",
      "event_data": {
        "Message": "Returning 1 lease documents for contentid 8D0B61B0-E8B7-45B8-BB6E-99E41D4A1DC5",
        "Function": "ClipStorage::GetLeaseDocumentsForKeyDocument",
        "Source": "onecoreuap\\enduser\\winstore\\licensemanager\\lib\\clipstorage.cpp",
        "Line Number": "460"
      },
      "source_format": "evtx",
      "file": "Microsoft-Windows-Store%4Operational.evtx"
    },
    {
      "event_id": 8001,
      "provider": "Microsoft-Windows-Store",
      "timestamp": "2026-07-27T22:38:48.700585+00:00",
      "computer": "WIN-IN9ODUH5HLF",
      "level": "4",
      "channel": "Microsoft-Windows-Store/Operational",
      "record_id": "569",
      "event_data": {
        "Message": "Adding lease {88D0C4E8-7F95-9378-D8D7-4EEFFBF2C1CF} to results",
        "Function": "ClipStorage::GetLeaseDocumentsForKeyDocument",
        "Source": "onecoreuap\\enduser\\winstore\\licensemanager\\lib\\clipstorage.cpp",
        "Line Number": "387"
      },
      "source_format": "evtx",
      "file": "Microsoft-Windows-Store%4Operational.evtx"
    },
    {
      "event_id": 8001,
      "provider": "Microsoft-Windows-Store",
      "timestamp": "2026-07-27T22:38:48.700550+00:00",
      "computer": "WIN-IN9ODUH5HLF",
      "level": "4",
      "channel": "Microsoft-Windows-Store/Operational",
      "record_id": "568",
      "event_data": {
        "Message": "Decoding: {\"entitlementId\":\"55ef766e-6a1a-88cf-a215-5636914b6ffe\",\"entitlementSatisfaction\":\"Device\",\"isOffline\":true,\"leaseEnforcement\":\"None\",\"leaseUri\":\"https://licensing.md.mp.microsoft.com/v7.0/licenses/?beneficiaryId=msahw%3a6896240577397276&contentId=8d0b61b0-e8b7-45b8-bb6e-99e41d4a1dc5&entitlementId=55ef766e-6a1a-88cf-a215-5636914b6ffe&market=US&policyType=Device\",\"keyIds\":[\"5bc68026-7693-b4a5-b136-be3c909f232c\"],\"kind\":\"Content\",\"packages\":[{\"packageIdentifier\":\"8d0b61b0-e8b7-45b8-bb6e-99e41d4a1dc5\",\"packageType\":\"msix\",\"productAddOns\":[],\"productId\":\"9NRX63209R7B\",\"skuId\":\"0010\"}],\"pollAt\":\"2026-08-10T05:04:09.2575379+00:00\",\"refreshOnStartup\":false,\"version\":7}",
        "Function": "DecodeCustomPolicy",
        "Source": "onecoreuap\\enduser\\winstore\\licensemanager\\lib\\clipdocument.cpp",
        "Line Number": "50"
      },
      "source_format": "evtx",
      "file": "Microsoft-Windows-Store%4Operational.evtx"
    },
    {
      "event_id": 8001,
      "provider": "Microsoft-Windows-Store",
      "timestamp": "2026-07-27T22:38:48.692213+00:00",
      "computer": "WIN-IN9ODUH5HLF",
      "level": "4",
      "channel": "Microsoft-Windows-Store/Operational",
      "record_id": "567",
      "event_data": {
        "Message": "License Response: 1 leases, 1 keys for contentId 8D0B61B0-E8B7-45B8-BB6E-99E41D4A1DC5 (Corr: GuLxCS8C20iywnl5.12, Svr: ent-7d76669b56-gdrjm)",
        "Function": "LogRequestLicenseSuccess",
        "Source": "onecoreuap\\enduser\\winstore\\licensemanager\\lib\\telemetry.cpp",
        "Line Number": "246"
      },
      "source_format": "evtx",
      "file": "Microsoft-Windows-Store%4Operational.evtx"
    },
    {
      "event_id": 4002,
      "provider": "Microsoft-Windows-CloudStore",
      "timestamp": "2026-07-27T22:38:48.058797+00:00",
      "computer": "WIN-IN9ODUH5HLF",
      "level": "4",
      "channel": "Microsoft-Windows-CloudStore/Initialization",
      "record_id": "3",
      "event_data": {
        "BackupProfileId": "",
        "RestoreProfileId": "",
        "DeviceDisplayName": "",
        "Cv": "N5W8yUzpYuKqWNP4SeLeHN.0.0.0.1.2",
        "TypeName": "Windows.Data.Platform.BackupRestore.DeviceProfile"
      },
      "source_format": "evtx",
      "file": "Microsoft-Windows-CloudStore%4Initialization.evtx"
    },
    {
      "event_id": 8001,
      "provider": "Microsoft-Windows-Store",
      "timestamp": "2026-07-27T22:38:48.036173+00:00",
      "computer": "WIN-IN9ODUH5HLF",
      "level": "4",
      "channel": "Microsoft-Windows-Store/Operational",
      "record_id": "565",
      "event_data": {
        "Message": "Requesting license for 8D0B61B0-E8B7-45B8-BB6E-99E41D4A1DC5 at /v7.0/licenses/content (https://licensing.mp.microsoft.com) (Corr: GuLxCS8C20iywnl5.12)",
        "Function": "LicenseProxyService::DoRequestLicense",
        "Source": "onecoreuap\\enduser\\winstore\\licensemanager\\lib\\proxy.cpp",
        "Line Number": "2044"
      },
      "source_format": "evtx",
      "file": "Microsoft-Windows-Store%4Operational.evtx"
    },
    {
      "event_id": 4002,
      "provider": "Microsoft-Windows-CloudStore",
      "timestamp": "2026-07-27T22:38:48.026956+00:00",
      "computer": "WIN-IN9ODUH5HLF",
      "level": "4",
      "channel": "Microsoft-Windows-CloudStore/Initialization",
      "record_id": "1",
      "event_data": {
        "BackupProfileId": "",
        "RestoreProfileId": "",
        "DeviceDisplayName": "n/a",
        "Cv": "N5W8yUzpYuKqWNP4SeLeHN.0.0.0.0.2",
        "TypeName": "Windows.Data.Platform.Partitioning.DevicePartitions"
      },
      "source_format": "evtx",
      "file": "Microsoft-Windows-CloudStore%4Initialization.evtx"
    },
    {
      "event_id": 8001,
      "provider": "Microsoft-Windows-Store",
      "timestamp": "2026-07-27T22:38:48.025758+00:00",
      "computer": "WIN-IN9ODUH5HLF",
      "level": "4",
      "channel": "Microsoft-Windows-Store/Operational",
      "record_id": "564",
      "event_data": {
        "Message": "Transmitting old key for content ID 8D0B61B0-E8B7-45B8-BB6E-99E41D4A1DC5 in request for content ID 8D0B61B0-E8B7-45B8-BB6E-99E41D4A1DC5 with validity 7f000000 (detail 0x00000000)",
        "Function": "LicenseProxyService::CreateLicenseRequestBody",
        "Source": "onecoreuap\\enduser\\winstore\\licensemanager\\lib\\proxy.cpp",
        "Line Number": "1918"
      },
      "source_format": "evtx",
      "file": "Microsoft-Windows-Store%4Operational.evtx"
    },
    {
      "event_id": 8001,
      "provider": "Microsoft-Windows-Store",
      "timestamp": "2026-07-27T22:38:48.015656+00:00",
      "computer": "WIN-IN9ODUH5HLF",
      "level": "4",
      "channel": "Microsoft-Windows-Store/Operational",
      "record_id": "563",
      "event_data": {
        "Message": "Identity capture succeeded",
        "Function": "SingleUserStoredIdentitySnapshot::CaptureIdentity",
        "Source": "onecoreuap\\enduser\\winstore\\licensemanager\\lib\\identity.cpp",
        "Line Number": "441"
      },
      "source_format": "evtx",
      "file": "Microsoft-Windows-Store%4Operational.evtx"
    },
    {
      "event_id": 8002,
      "provider": "Microsoft-Windows-Store",
      "timestamp": "2026-07-27T22:38:48.015649+00:00",
      "computer": "WIN-IN9ODUH5HLF",
      "level": "3",
      "channel": "Microsoft-Windows-Store/Operational",
      "record_id": "562",
      "event_data": {
        "Message": "No user tickets captured for S-1-5-19, so this might not end well. HRESULT of WAM call: 0x80070520.",
        "Function": "SingleUserStoredIdentitySnapshot::CaptureIdentity",
        "Source": "onecoreuap\\enduser\\winstore\\licensemanager\\lib\\identity.cpp",
        "Line Number": "419"
      },
      "source_format": "evtx",
      "file": "Microsoft-Windows-Store%4Operational.evtx"
    },
    {
      "event_id": 8001,
      "provider": "Microsoft-Windows-Store",
      "timestamp": "2026-07-27T22:38:48.015645+00:00",
      "computer": "WIN-IN9ODUH5HLF",
      "level": "4",
      "channel": "Microsoft-Windows-Store/Operational",
      "record_id": "561",
      "event_data": {
        "Message": "Failure Message: hr: 0x80070002",
        "Function": "",
        "Source": "onecoreuap\\enduser\\winstore\\auth\\lib\\winstoreauth.cpp",
        "Line Number": "1396"
      },
      "source_format": "evtx",
      "file": "Microsoft-Windows-Store%4Operational.evtx"
    },
    {
      "event_id": 8001,
      "provider": "Microsoft-Windows-Store",
      "timestamp": "2026-07-27T22:38:48.015607+00:00",
      "computer": "WIN-IN9ODUH5HLF",
      "level": "4",
      "channel": "Microsoft-Windows-Store/Operational",
      "record_id": "560",
      "event_data": {
        "Message": "Failure Message: hr: 0x80070520",
        "Function": "",
        "Source": "onecoreuap\\enduser\\winstore\\auth\\lib\\winstoreauth.cpp",
        "Line Number": "751"
      },
      "source_format": "evtx",
      "file": "Microsoft-Windows-Store%4Operational.evtx"
    },
    {
      "event_id": 8001,
      "provider": "Microsoft-Windows-Store",
      "timestamp": "2026-07-27T22:38:48.012099+00:00",
      "computer": "WIN-IN9ODUH5HLF",
      "level": "4",
      "channel": "Microsoft-Windows-Store/Operational",
      "record_id": "559",
      "event_data": {
        "Message": "Failure Message: hr: 0x80070520",
        "Function": "",
        "Source": "onecoreuap\\enduser\\winstore\\auth\\lib\\winstoreauth.cpp",
        "Line Number": "564"
      },
      "source_format": "evtx",
      "file": "Microsoft-Windows-Store%4Operational.evtx"
    },
    {
      "event_id": 8001,
      "provider": "Microsoft-Windows-Store",
      "timestamp": "2026-07-27T22:38:48.012092+00:00",
      "computer": "WIN-IN9ODUH5HLF",
      "level": "4",
      "channel": "Microsoft-Windows-Store/Operational",
      "record_id": "558",
      "event_data": {
        "Message": "Failure Message: hr: 0x80070520",
        "Function": "",
        "Source": "onecoreuap\\enduser\\winstore\\auth\\lib\\winstoreauth.cpp",
        "Line Number": "1862"
      },
      "source_format": "evtx",
      "file": "Microsoft-Windows-Store%4Operational.evtx"
    },
    {
      "event_id": 8001,
      "provider": "Microsoft-Windows-Store",
      "timestamp": "2026-07-27T22:38:47.994163+00:00",
      "computer": "WIN-IN9ODUH5HLF",
      "level": "4",
      "channel": "Microsoft-Windows-Store/Operational",
      "record_id": "557",
      "event_data": {
        "Message": "Getting user tickets for S-1-5-19",
        "Function": "SingleUserStoredIdentitySnapshot::CaptureIdentity",
        "Source": "onecoreuap\\enduser\\winstore\\licensemanager\\lib\\identity.cpp",
        "Line Number": "351"
      },
      "source_format": "evtx",
      "file": "Microsoft-Windows-Store%4Operational.evtx"
    },
    {
      "event_id": 8001,
      "provider": "Microsoft-Windows-Store",
      "timestamp": "2026-07-27T22:38:47.931254+00:00",
      "computer": "WIN-IN9ODUH5HLF",
      "level": "4",
      "channel": "Microsoft-Windows-Store/Operational",
      "record_id": "556",
      "event_data": {
        "Message": "Returning 1 lease documents for contentid 8D0B61B0-E8B7-45B8-BB6E-99E41D4A1DC5",
        "Function": "ClipStorage::GetLeaseDocumentsForKeyDocument",
        "Source": "onecoreuap\\enduser\\winstore\\licensemanager\\lib\\clipstorage.cpp",
        "Line Number": "460"
      },
      "source_format": "evtx",
      "file": "Microsoft-Windows-Store%4Operational.evtx"
    },
