    {
      "event_id": 8001,
      "provider": "Microsoft-Windows-Store",
      "timestamp": "2026-07-27T22:39:17.768463+00:00",
      "computer": "WIN-IN9ODUH5HLF",
      "level": "4",
      "channel": "Microsoft-Windows-Store/Operational",
      "record_id": "1595",
      "event_data": {
        "Message": "Getting lease for 6D151227-6BD9-726D-B30E-A8A018DCC82B",
        "Function": "LicenseManagerCore::GetExistingLeaseAndLicense",
        "Source": "onecoreuap\\enduser\\winstore\\licensemanager\\lib\\managercore.cpp",
        "Line Number": "415"
      },
      "source_format": "evtx",
      "file": "Microsoft-Windows-Store%4Operational.evtx"
    },
    {
      "event_id": 8001,
      "provider": "Microsoft-Windows-Store",
      "timestamp": "2026-07-27T22:39:17.768313+00:00",
      "computer": "WIN-IN9ODUH5HLF",
      "level": "4",
      "channel": "Microsoft-Windows-Store/Operational",
      "record_id": "1594",
      "event_data": {
        "Message": "Returning key document for contentid 6D151227-6BD9-726D-B30E-A8A018DCC82B",
        "Function": "ClipStorage::GetKeyDocumentForContentWithIdAndMinQuality",
        "Source": "onecoreuap\\enduser\\winstore\\licensemanager\\lib\\clipstorage.cpp",
        "Line Number": "262"
      },
      "source_format": "evtx",
      "file": "Microsoft-Windows-Store%4Operational.evtx"
    },
    {
      "event_id": 8001,
      "provider": "Microsoft-Windows-Store",
      "timestamp": "2026-07-27T22:39:17.768312+00:00",
      "computer": "WIN-IN9ODUH5HLF",
      "level": "4",
      "channel": "Microsoft-Windows-Store/Operational",
      "record_id": "1593",
      "event_data": {
        "Message": "Accepting key with License ID {EEE47229-947D-2AC7-E8A3-49BAFEE251D1} for Content ID 6D151227-6BD9-726D-B30E-A8A018DCC82B (first match)",
        "Function": "ClipStorage::GetKeyDocumentForContentWithIdAndMinQuality",
        "Source": "onecoreuap\\enduser\\winstore\\licensemanager\\lib\\clipstorage.cpp",
        "Line Number": "223"
      },
      "source_format": "evtx",
      "file": "Microsoft-Windows-Store%4Operational.evtx"
    },
    {
      "event_id": 8001,
      "provider": "Microsoft-Windows-Store",
      "timestamp": "2026-07-27T22:39:17.768305+00:00",
      "computer": "WIN-IN9ODUH5HLF",
      "level": "4",
      "channel": "Microsoft-Windows-Store/Operational",
      "record_id": "1592",
      "event_data": {
        "Message": "Decoding: {\"legacyProductId\":\"16db93bf-8748-449a-96ba-e9ed3a5f872d\"}",
        "Function": "DecodeCustomPolicy",
        "Source": "onecoreuap\\enduser\\winstore\\licensemanager\\lib\\clipdocument.cpp",
        "Line Number": "50"
      },
      "source_format": "evtx",
      "file": "Microsoft-Windows-Store%4Operational.evtx"
    },
    {
      "event_id": 8001,
      "provider": "Microsoft-Windows-Store",
      "timestamp": "2026-07-27T22:39:17.768299+00:00",
      "computer": "WIN-IN9ODUH5HLF",
      "level": "4",
      "channel": "Microsoft-Windows-Store/Operational",
      "record_id": "1591",
      "event_data": {
        "Message": "Considering License ID {EEE47229-947D-2AC7-E8A3-49BAFEE251D1} for content ID 6D151227-6BD9-726D-B30E-A8A018DCC82B...",
        "Function": "ClipStorage::GetKeyDocumentForContentWithIdAndMinQuality",
        "Source": "onecoreuap\\enduser\\winstore\\licensemanager\\lib\\clipstorage.cpp",
        "Line Number": "192"
      },
      "source_format": "evtx",
      "file": "Microsoft-Windows-Store%4Operational.evtx"
    },
    {
      "event_id": 8001,
      "provider": "Microsoft-Windows-Store",
      "timestamp": "2026-07-27T22:39:17.766858+00:00",
      "computer": "WIN-IN9ODUH5HLF",
      "level": "4",
      "channel": "Microsoft-Windows-Store/Operational",
      "record_id": "1590",
      "event_data": {
        "Message": "Refreshing content 6D151227-6BD9-726D-B30E-A8A018DCC82B outside of KeyMachine",
        "Function": "LicenseManagerCore::Refresh",
        "Source": "onecoreuap\\enduser\\winstore\\licensemanager\\lib\\managercore.cpp",
        "Line Number": "835"
      },
      "source_format": "evtx",
      "file": "Microsoft-Windows-Store%4Operational.evtx"
    },
    {
      "event_id": 8002,
      "provider": "Microsoft-Windows-Store",
      "timestamp": "2026-07-27T22:39:17.766837+00:00",
      "computer": "WIN-IN9ODUH5HLF",
      "level": "3",
      "channel": "Microsoft-Windows-Store/Operational",
      "record_id": "1588",
      "event_data": {
        "Message": "Capturing identity for LocalService, this probably isn't intended",
        "Function": "StoredIdentity::StoredIdentity",
        "Source": "onecoreuap\\enduser\\winstore\\licensemanager\\lib\\identity.cpp",
        "Line Number": "546"
      },
      "source_format": "evtx",
      "file": "Microsoft-Windows-Store%4Operational.evtx"
    },
    {
      "event_id": 8001,
      "provider": "Microsoft-Windows-Store",
      "timestamp": "2026-07-27T22:39:17.766811+00:00",
      "computer": "WIN-IN9ODUH5HLF",
      "level": "4",
      "channel": "Microsoft-Windows-Store/Operational",
      "record_id": "1587",
      "event_data": {
        "Message": "Invalidating cache for 6D151227-6BD9-726D-B30E-A8A018DCC82B",
        "Function": "LicenseManager::RefreshCacheForContentWithId",
        "Source": "onecoreuap\\enduser\\winstore\\licensemanager\\lib\\manager.cpp",
        "Line Number": "174"
      },
      "source_format": "evtx",
      "file": "Microsoft-Windows-Store%4Operational.evtx"
    },
    {
      "event_id": 8001,
      "provider": "Microsoft-Windows-Store",
      "timestamp": "2026-07-27T22:39:17.766786+00:00",
      "computer": "WIN-IN9ODUH5HLF",
      "level": "4",
      "channel": "Microsoft-Windows-Store/Operational",
      "record_id": "1586",
      "event_data": {
        "Message": "Decoding: {\"legacyProductId\":\"64293252-5926-453c-9494-2d4021f1c78d\"}",
        "Function": "DecodeCustomPolicy",
        "Source": "onecoreuap\\enduser\\winstore\\licensemanager\\lib\\clipdocument.cpp",
        "Line Number": "50"
      },
      "source_format": "evtx",
      "file": "Microsoft-Windows-Store%4Operational.evtx"
    },
    {
      "event_id": 8001,
      "provider": "Microsoft-Windows-Store",
      "timestamp": "2026-07-27T22:39:17.758559+00:00",
      "computer": "WIN-IN9ODUH5HLF",
      "level": "4",
      "channel": "Microsoft-Windows-Store/Operational",
      "record_id": "1585",
      "event_data": {
        "Message": "Installing key document",
        "Function": "ClipStorage::StoreKeyDocument",
        "Source": "onecoreuap\\enduser\\winstore\\licensemanager\\lib\\clipstorage.cpp",
        "Line Number": "67"
      },
      "source_format": "evtx",
      "file": "Microsoft-Windows-Store%4Operational.evtx"
    },
    {
      "event_id": 8001,
      "provider": "Microsoft-Windows-Store",
      "timestamp": "2026-07-27T22:39:17.752916+00:00",
      "computer": "WIN-IN9ODUH5HLF",
      "level": "4",
      "channel": "Microsoft-Windows-Store/Operational",
      "record_id": "1584",
      "event_data": {
        "Message": "Installing lease",
        "Function": "ClipStorage::StoreLeaseDocument",
        "Source": "onecoreuap\\enduser\\winstore\\licensemanager\\lib\\clipstorage.cpp",
        "Line Number": "285"
      },
      "source_format": "evtx",
      "file": "Microsoft-Windows-Store%4Operational.evtx"
    },
    {
      "event_id": 8001,
      "provider": "Microsoft-Windows-Store",
      "timestamp": "2026-07-27T22:39:17.752687+00:00",
      "computer": "WIN-IN9ODUH5HLF",
      "level": "4",
      "channel": "Microsoft-Windows-Store/Operational",
      "record_id": "1583",
      "event_data": {
        "Message": "Ignoring lease removal with reason 0x803f9003 because this is an offline lease\n",
        "Function": "ClipStorage::RemoveLeaseDocumentWithIdAndReason",
        "Source": "onecoreuap\\enduser\\winstore\\licensemanager\\lib\\clipstorage.cpp",
        "Line Number": "501"
      },
      "source_format": "evtx",
      "file": "Microsoft-Windows-Store%4Operational.evtx"
    },
    {
      "event_id": 8001,
      "provider": "Microsoft-Windows-Store",
      "timestamp": "2026-07-27T22:39:17.752663+00:00",
      "computer": "WIN-IN9ODUH5HLF",
      "level": "4",
      "channel": "Microsoft-Windows-Store/Operational",
      "record_id": "1582",
      "event_data": {
        "Message": "Decoding: {\"entitlementSatisfaction\":\"Open\",\"isOffline\":true,\"leaseEnforcement\":\"None\",\"leaseUri\":\"https://licensing.md.mp.microsoft.com/v7.0/licenses/?contentId=9d4ded89-cabc-f4fb-8133-bc5edb1c7eda&market=US&policyType=Open&productId=9WZDNCRFJBMP&skuId=0010\",\"keyIds\":[\"e64ffef1-e246-b632-595b-56076a3fa776\"],\"kind\":\"Content\",\"packages\":[{\"packageIdentifier\":\"9d4ded89-cabc-f4fb-8133-bc5edb1c7eda\",\"packageType\":\"msix\",\"productAddOns\":[],\"productId\":\"9WZDNCRFJBMP\",\"skuId\":\"0010\"}],\"pollAt\":\"2026-10-25T05:14:10.1836531+00:00\",\"refreshOnStartup\":false,\"version\":7}",
        "Function": "DecodeCustomPolicy",
        "Source": "onecoreuap\\enduser\\winstore\\licensemanager\\lib\\clipdocument.cpp",
        "Line Number": "50"
      },
      "source_format": "evtx",
      "file": "Microsoft-Windows-Store%4Operational.evtx"
    },
    {
      "event_id": 8001,
      "provider": "Microsoft-Windows-Store",
      "timestamp": "2026-07-27T22:39:17.751921+00:00",
      "computer": "WIN-IN9ODUH5HLF",
      "level": "4",
      "channel": "Microsoft-Windows-Store/Operational",
      "record_id": "1581",
      "event_data": {
        "Message": "Returning 1 lease documents for contentid 9D4DED89-CABC-F4FB-8133-BC5EDB1C7EDA",
        "Function": "ClipStorage::GetLeaseDocumentsForKeyDocument",
        "Source": "onecoreuap\\enduser\\winstore\\licensemanager\\lib\\clipstorage.cpp",
        "Line Number": "460"
      },
      "source_format": "evtx",
      "file": "Microsoft-Windows-Store%4Operational.evtx"
    },
    {
      "event_id": 8001,
      "provider": "Microsoft-Windows-Store",
      "timestamp": "2026-07-27T22:39:17.751920+00:00",
      "computer": "WIN-IN9ODUH5HLF",
      "level": "4",
      "channel": "Microsoft-Windows-Store/Operational",
      "record_id": "1580",
      "event_data": {
        "Message": "Adding lease {4C4ECBC0-0EC0-3929-AEBB-A931A339FB23} to results",
        "Function": "ClipStorage::GetLeaseDocumentsForKeyDocument",
        "Source": "onecoreuap\\enduser\\winstore\\licensemanager\\lib\\clipstorage.cpp",
        "Line Number": "387"
      },
      "source_format": "evtx",
      "file": "Microsoft-Windows-Store%4Operational.evtx"
    },
    {
      "event_id": 8001,
      "provider": "Microsoft-Windows-Store",
      "timestamp": "2026-07-27T22:39:17.751889+00:00",
      "computer": "WIN-IN9ODUH5HLF",
      "level": "4",
      "channel": "Microsoft-Windows-Store/Operational",
      "record_id": "1579",
      "event_data": {
        "Message": "Decoding: {\"entitlementSatisfaction\":\"Open\",\"isOffline\":true,\"leaseEnforcement\":\"None\",\"leaseUri\":\"https://licensing.md.mp.microsoft.com/v7.0/licenses/?contentId=9d4ded89-cabc-f4fb-8133-bc5edb1c7eda&market=US&policyType=Open&productId=9WZDNCRFJBMP&skuId=0010\",\"keyIds\":[\"e64ffef1-e246-b632-595b-56076a3fa776\"],\"kind\":\"Content\",\"packages\":[{\"packageIdentifier\":\"9d4ded89-cabc-f4fb-8133-bc5edb1c7eda\",\"packageType\":\"msix\",\"productAddOns\":[],\"productId\":\"9WZDNCRFJBMP\",\"skuId\":\"0010\"}],\"pollAt\":\"2026-10-25T05:14:10.1836531+00:00\",\"refreshOnStartup\":false,\"version\":7}",
        "Function": "DecodeCustomPolicy",
        "Source": "onecoreuap\\enduser\\winstore\\licensemanager\\lib\\clipdocument.cpp",
        "Line Number": "50"
      },
      "source_format": "evtx",
      "file": "Microsoft-Windows-Store%4Operational.evtx"
    },
    {
      "event_id": 8001,
      "provider": "Microsoft-Windows-Store",
      "timestamp": "2026-07-27T22:39:17.746804+00:00",
      "computer": "WIN-IN9ODUH5HLF",
      "level": "4",
      "channel": "Microsoft-Windows-Store/Operational",
      "record_id": "1578",
      "event_data": {
        "Message": "License Response: 1 leases, 1 keys for contentId 9D4DED89-CABC-F4FB-8133-BC5EDB1C7EDA (Corr: GuLxCS8C20iywnl5.44, Svr: ent-7d76669b56-4stph)",
        "Function": "LogRequestLicenseSuccess",
        "Source": "onecoreuap\\enduser\\winstore\\licensemanager\\lib\\telemetry.cpp",
        "Line Number": "246"
      },
      "source_format": "evtx",
      "file": "Microsoft-Windows-Store%4Operational.evtx"
    },
    {
      "event_id": 8001,
      "provider": "Microsoft-Windows-Store",
      "timestamp": "2026-07-27T22:39:17.627680+00:00",
      "computer": "WIN-IN9ODUH5HLF",
      "level": "4",
      "channel": "Microsoft-Windows-Store/Operational",
      "record_id": "1577",
      "event_data": {
        "Message": "Requesting license for 9D4DED89-CABC-F4FB-8133-BC5EDB1C7EDA at /v7.0/licenses/content (https://licensing.mp.microsoft.com) (Corr: GuLxCS8C20iywnl5.44)",
        "Function": "LicenseProxyService::DoRequestLicense",
        "Source": "onecoreuap\\enduser\\winstore\\licensemanager\\lib\\proxy.cpp",
        "Line Number": "2044"
      },
      "source_format": "evtx",
      "file": "Microsoft-Windows-Store%4Operational.evtx"
    },
    {
      "event_id": 8001,
      "provider": "Microsoft-Windows-Store",
      "timestamp": "2026-07-27T22:39:17.627195+00:00",
      "computer": "WIN-IN9ODUH5HLF",
      "level": "4",
      "channel": "Microsoft-Windows-Store/Operational",
      "record_id": "1576",
      "event_data": {
        "Message": "Transmitting old key for content ID 9D4DED89-CABC-F4FB-8133-BC5EDB1C7EDA in request for content ID 9D4DED89-CABC-F4FB-8133-BC5EDB1C7EDA with validity 7f000000 (detail 0x00000000)",
        "Function": "LicenseProxyService::CreateLicenseRequestBody",
        "Source": "onecoreuap\\enduser\\winstore\\licensemanager\\lib\\proxy.cpp",
        "Line Number": "1918"
      },
      "source_format": "evtx",
      "file": "Microsoft-Windows-Store%4Operational.evtx"
    },
    {
      "event_id": 8001,
      "provider": "Microsoft-Windows-Store",
      "timestamp": "2026-07-27T22:39:17.626361+00:00",
      "computer": "WIN-IN9ODUH5HLF",
      "level": "4",
      "channel": "Microsoft-Windows-Store/Operational",
      "record_id": "1575",
      "event_data": {
        "Message": "Identity capture succeeded",
        "Function": "SingleUserStoredIdentitySnapshot::CaptureIdentity",
        "Source": "onecoreuap\\enduser\\winstore\\licensemanager\\lib\\identity.cpp",
        "Line Number": "441"
      },
      "source_format": "evtx",
      "file": "Microsoft-Windows-Store%4Operational.evtx"
    },
    {
      "event_id": 8002,
      "provider": "Microsoft-Windows-Store",
      "timestamp": "2026-07-27T22:39:17.626305+00:00",
      "computer": "WIN-IN9ODUH5HLF",
      "level": "3",
      "channel": "Microsoft-Windows-Store/Operational",
      "record_id": "1574",
      "event_data": {
        "Message": "No user tickets captured for S-1-5-19, so this might not end well. HRESULT of WAM call: 0x80070520.",
        "Function": "SingleUserStoredIdentitySnapshot::CaptureIdentity",
        "Source": "onecoreuap\\enduser\\winstore\\licensemanager\\lib\\identity.cpp",
        "Line Number": "419"
      },
      "source_format": "evtx",
      "file": "Microsoft-Windows-Store%4Operational.evtx"
    },
    {
      "event_id": 8001,
      "provider": "Microsoft-Windows-Store",
      "timestamp": "2026-07-27T22:39:17.626302+00:00",
      "computer": "WIN-IN9ODUH5HLF",
      "level": "4",
      "channel": "Microsoft-Windows-Store/Operational",
      "record_id": "1573",
      "event_data": {
        "Message": "Failure Message: hr: 0x80070002",
        "Function": "",
        "Source": "onecoreuap\\enduser\\winstore\\auth\\lib\\winstoreauth.cpp",
        "Line Number": "1396"
      },
      "source_format": "evtx",
      "file": "Microsoft-Windows-Store%4Operational.evtx"
    },
    {
      "event_id": 8001,
      "provider": "Microsoft-Windows-Store",
      "timestamp": "2026-07-27T22:39:17.626274+00:00",
      "computer": "WIN-IN9ODUH5HLF",
      "level": "4",
      "channel": "Microsoft-Windows-Store/Operational",
      "record_id": "1572",
      "event_data": {
        "Message": "Failure Message: hr: 0x80070520",
        "Function": "",
        "Source": "onecoreuap\\enduser\\winstore\\auth\\lib\\winstoreauth.cpp",
        "Line Number": "751"
      },
      "source_format": "evtx",
      "file": "Microsoft-Windows-Store%4Operational.evtx"
    },
    {
      "event_id": 8001,
      "provider": "Microsoft-Windows-Store",
      "timestamp": "2026-07-27T22:39:17.626215+00:00",
      "computer": "WIN-IN9ODUH5HLF",
      "level": "4",
      "channel": "Microsoft-Windows-Store/Operational",
      "record_id": "1571",
      "event_data": {
        "Message": "Failure Message: hr: 0x80070520",
        "Function": "",
        "Source": "onecoreuap\\enduser\\winstore\\auth\\lib\\winstoreauth.cpp",
        "Line Number": "564"
      },
      "source_format": "evtx",
      "file": "Microsoft-Windows-Store%4Operational.evtx"
    },
    {
      "event_id": 8001,
      "provider": "Microsoft-Windows-Store",
      "timestamp": "2026-07-27T22:39:17.626213+00:00",
      "computer": "WIN-IN9ODUH5HLF",
      "level": "4",
      "channel": "Microsoft-Windows-Store/Operational",
      "record_id": "1570",
      "event_data": {
        "Message": "Failure Message: hr: 0x80070520",
        "Function": "",
        "Source": "onecoreuap\\enduser\\winstore\\auth\\lib\\winstoreauth.cpp",
        "Line Number": "1862"
      },
      "source_format": "evtx",
      "file": "Microsoft-Windows-Store%4Operational.evtx"
    },
    {
      "event_id": 8001,
      "provider": "Microsoft-Windows-Store",
      "timestamp": "2026-07-27T22:39:17.624413+00:00",
      "computer": "WIN-IN9ODUH5HLF",
      "level": "4",
      "channel": "Microsoft-Windows-Store/Operational",
      "record_id": "1569",
      "event_data": {
        "Message": "Getting user tickets for S-1-5-19",
        "Function": "SingleUserStoredIdentitySnapshot::CaptureIdentity",
        "Source": "onecoreuap\\enduser\\winstore\\licensemanager\\lib\\identity.cpp",
        "Line Number": "351"
      },
      "source_format": "evtx",
      "file": "Microsoft-Windows-Store%4Operational.evtx"
    },
    {
      "event_id": 8001,
      "provider": "Microsoft-Windows-Store",
      "timestamp": "2026-07-27T22:39:17.570177+00:00",
      "computer": "WIN-IN9ODUH5HLF",
      "level": "4",
      "channel": "Microsoft-Windows-Store/Operational",
      "record_id": "1568",
      "event_data": {
        "Message": "Returning 1 lease documents for contentid 9D4DED89-CABC-F4FB-8133-BC5EDB1C7EDA",
        "Function": "ClipStorage::GetLeaseDocumentsForKeyDocument",
        "Source": "onecoreuap\\enduser\\winstore\\licensemanager\\lib\\clipstorage.cpp",
        "Line Number": "460"
      },
      "source_format": "evtx",
      "file": "Microsoft-Windows-Store%4Operational.evtx"
    },
    {
      "event_id": 8001,
      "provider": "Microsoft-Windows-Store",
      "timestamp": "2026-07-27T22:39:17.570175+00:00",
      "computer": "WIN-IN9ODUH5HLF",
      "level": "4",
      "channel": "Microsoft-Windows-Store/Operational",
      "record_id": "1567",
      "event_data": {
        "Message": "Adding lease {4C4ECBC0-0EC0-3929-AEBB-A931A339FB23} to results",
        "Function": "ClipStorage::GetLeaseDocumentsForKeyDocument",
        "Source": "onecoreuap\\enduser\\winstore\\licensemanager\\lib\\clipstorage.cpp",
        "Line Number": "387"
      },
      "source_format": "evtx",
      "file": "Microsoft-Windows-Store%4Operational.evtx"
    },
    {
      "event_id": 8001,
      "provider": "Microsoft-Windows-Store",
      "timestamp": "2026-07-27T22:39:17.570140+00:00",
      "computer": "WIN-IN9ODUH5HLF",
      "level": "4",
      "channel": "Microsoft-Windows-Store/Operational",
      "record_id": "1566",
      "event_data": {
        "Message": "Decoding: {\"entitlementSatisfaction\":\"Open\",\"isOffline\":true,\"leaseEnforcement\":\"None\",\"leaseUri\":\"https://licensing.md.mp.microsoft.com/v7.0/licenses/?contentId=9d4ded89-cabc-f4fb-8133-bc5edb1c7eda&market=US&policyType=Open&productId=9WZDNCRFJBMP&skuId=0010\",\"keyIds\":[\"e64ffef1-e246-b632-595b-56076a3fa776\"],\"kind\":\"Content\",\"packages\":[{\"packageIdentifier\":\"9d4ded89-cabc-f4fb-8133-bc5edb1c7eda\",\"packageType\":\"msix\",\"productAddOns\":[],\"productId\":\"9WZDNCRFJBMP\",\"skuId\":\"0010\"}],\"pollAt\":\"2026-10-25T05:14:10.1836531+00:00\",\"refreshOnStartup\":false,\"version\":7}",
        "Function": "DecodeCustomPolicy",
        "Source": "onecoreuap\\enduser\\winstore\\licensemanager\\lib\\clipdocument.cpp",
        "Line Number": "50"
      },
      "source_format": "evtx",
      "file": "Microsoft-Windows-Store%4Operational.evtx"
    },
    {
      "event_id": 8001,
      "provider": "Microsoft-Windows-Store",
      "timestamp": "2026-07-27T22:39:17.450170+00:00",
      "computer": "WIN-IN9ODUH5HLF",
      "level": "4",
      "channel": "Microsoft-Windows-Store/Operational",
      "record_id": "1565",
      "event_data": {
        "Message": "Getting lease for 9D4DED89-CABC-F4FB-8133-BC5EDB1C7EDA",
        "Function": "LicenseManagerCore::GetExistingLeaseAndLicense",
        "Source": "onecoreuap\\enduser\\winstore\\licensemanager\\lib\\managercore.cpp",
        "Line Number": "415"
      },
      "source_format": "evtx",
      "file": "Microsoft-Windows-Store%4Operational.evtx"
    },
    {
      "event_id": 8001,
      "provider": "Microsoft-Windows-Store",
      "timestamp": "2026-07-27T22:39:17.447558+00:00",
      "computer": "WIN-IN9ODUH5HLF",
      "level": "4",
      "channel": "Microsoft-Windows-Store/Operational",
      "record_id": "1564",
      "event_data": {
        "Message": "Returning key document for contentid 9D4DED89-CABC-F4FB-8133-BC5EDB1C7EDA",
        "Function": "ClipStorage::GetKeyDocumentForContentWithIdAndMinQuality",
        "Source": "onecoreuap\\enduser\\winstore\\licensemanager\\lib\\clipstorage.cpp",
        "Line Number": "262"
      },
      "source_format": "evtx",
      "file": "Microsoft-Windows-Store%4Operational.evtx"
    },
    {
      "event_id": 8001,
      "provider": "Microsoft-Windows-Store",
      "timestamp": "2026-07-27T22:39:17.447557+00:00",
      "computer": "WIN-IN9ODUH5HLF",
      "level": "4",
      "channel": "Microsoft-Windows-Store/Operational",
      "record_id": "1563",
      "event_data": {
        "Message": "Accepting key with License ID {E64FFEF1-E246-B632-595B-56076A3FA776} for Content ID 9D4DED89-CABC-F4FB-8133-BC5EDB1C7EDA (first match)",
        "Function": "ClipStorage::GetKeyDocumentForContentWithIdAndMinQuality",
        "Source": "onecoreuap\\enduser\\winstore\\licensemanager\\lib\\clipstorage.cpp",
        "Line Number": "223"
      },
      "source_format": "evtx",
      "file": "Microsoft-Windows-Store%4Operational.evtx"
    },
    {
      "event_id": 8001,
      "provider": "Microsoft-Windows-Store",
      "timestamp": "2026-07-27T22:39:17.447548+00:00",
      "computer": "WIN-IN9ODUH5HLF",
      "level": "4",
      "channel": "Microsoft-Windows-Store/Operational",
      "record_id": "1562",
      "event_data": {
        "Message": "Decoding: {\"legacyProductId\":\"64293252-5926-453c-9494-2d4021f1c78d\"}",
        "Function": "DecodeCustomPolicy",
        "Source": "onecoreuap\\enduser\\winstore\\licensemanager\\lib\\clipdocument.cpp",
        "Line Number": "50"
      },
      "source_format": "evtx",
      "file": "Microsoft-Windows-Store%4Operational.evtx"
    },
    {
      "event_id": 8001,
      "provider": "Microsoft-Windows-Store",
      "timestamp": "2026-07-27T22:39:17.447541+00:00",
      "computer": "WIN-IN9ODUH5HLF",
      "level": "4",
      "channel": "Microsoft-Windows-Store/Operational",
      "record_id": "1561",
      "event_data": {
        "Message": "Considering License ID {E64FFEF1-E246-B632-595B-56076A3FA776} for content ID 9D4DED89-CABC-F4FB-8133-BC5EDB1C7EDA...",
        "Function": "ClipStorage::GetKeyDocumentForContentWithIdAndMinQuality",
        "Source": "onecoreuap\\enduser\\winstore\\licensemanager\\lib\\clipstorage.cpp",
        "Line Number": "192"
      },
      "source_format": "evtx",
      "file": "Microsoft-Windows-Store%4Operational.evtx"
    },
    {
      "event_id": 8001,
      "provider": "Microsoft-Windows-Store",
      "timestamp": "2026-07-27T22:39:17.445895+00:00",
      "computer": "WIN-IN9ODUH5HLF",
      "level": "4",
      "channel": "Microsoft-Windows-Store/Operational",
      "record_id": "1560",
      "event_data": {
        "Message": "Refreshing content 9D4DED89-CABC-F4FB-8133-BC5EDB1C7EDA outside of KeyMachine",
        "Function": "LicenseManagerCore::Refresh",
        "Source": "onecoreuap\\enduser\\winstore\\licensemanager\\lib\\managercore.cpp",
        "Line Number": "835"
      },
      "source_format": "evtx",
      "file": "Microsoft-Windows-Store%4Operational.evtx"
    },
    {
      "event_id": 8002,
      "provider": "Microsoft-Windows-Store",
      "timestamp": "2026-07-27T22:39:17.444324+00:00",
      "computer": "WIN-IN9ODUH5HLF",
      "level": "3",
      "channel": "Microsoft-Windows-Store/Operational",
      "record_id": "1558",
      "event_data": {
        "Message": "Capturing identity for LocalService, this probably isn't intended",
        "Function": "StoredIdentity::StoredIdentity",
        "Source": "onecoreuap\\enduser\\winstore\\licensemanager\\lib\\identity.cpp",
        "Line Number": "546"
      },
      "source_format": "evtx",
      "file": "Microsoft-Windows-Store%4Operational.evtx"
    },
    {
      "event_id": 8001,
      "provider": "Microsoft-Windows-Store",
      "timestamp": "2026-07-27T22:39:17.444294+00:00",
      "computer": "WIN-IN9ODUH5HLF",
      "level": "4",
      "channel": "Microsoft-Windows-Store/Operational",
      "record_id": "1557",
      "event_data": {
        "Message": "Invalidating cache for 9D4DED89-CABC-F4FB-8133-BC5EDB1C7EDA",
        "Function": "LicenseManager::RefreshCacheForContentWithId",
        "Source": "onecoreuap\\enduser\\winstore\\licensemanager\\lib\\manager.cpp",
        "Line Number": "174"
      },
      "source_format": "evtx",
      "file": "Microsoft-Windows-Store%4Operational.evtx"
    },
    {
      "event_id": 8001,
      "provider": "Microsoft-Windows-Store",
      "timestamp": "2026-07-27T22:39:17.444266+00:00",
      "computer": "WIN-IN9ODUH5HLF",
      "level": "4",
      "channel": "Microsoft-Windows-Store/Operational",
      "record_id": "1556",
      "event_data": {
        "Message": "Decoding: {\"legacyProductId\":\"2caf7446-c4c6-49c4-afc7-cb350b7b5216\"}",
        "Function": "DecodeCustomPolicy",
        "Source": "onecoreuap\\enduser\\winstore\\licensemanager\\lib\\clipdocument.cpp",
        "Line Number": "50"
      },
      "source_format": "evtx",
      "file": "Microsoft-Windows-Store%4Operational.evtx"
    },
    {
      "event_id": 8001,
      "provider": "Microsoft-Windows-Store",
      "timestamp": "2026-07-27T22:39:17.371529+00:00",
      "computer": "WIN-IN9ODUH5HLF",
      "level": "4",
      "channel": "Microsoft-Windows-Store/Operational",
      "record_id": "1555",
      "event_data": {
        "Message": "Installing key document",
        "Function": "ClipStorage::StoreKeyDocument",
        "Source": "onecoreuap\\enduser\\winstore\\licensemanager\\lib\\clipstorage.cpp",
        "Line Number": "67"
      },
      "source_format": "evtx",
      "file": "Microsoft-Windows-Store%4Operational.evtx"
    },
    {
      "event_id": 8001,
      "provider": "Microsoft-Windows-Store",
      "timestamp": "2026-07-27T22:39:17.306143+00:00",
      "computer": "WIN-IN9ODUH5HLF",
      "level": "4",
      "channel": "Microsoft-Windows-Store/Operational",
      "record_id": "1554",
      "event_data": {
        "Message": "Installing lease",
        "Function": "ClipStorage::StoreLeaseDocument",
        "Source": "onecoreuap\\enduser\\winstore\\licensemanager\\lib\\clipstorage.cpp",
        "Line Number": "285"
      },
      "source_format": "evtx",
      "file": "Microsoft-Windows-Store%4Operational.evtx"
    },
    {
      "event_id": 8001,
      "provider": "Microsoft-Windows-Store",
      "timestamp": "2026-07-27T22:39:17.272980+00:00",
      "computer": "WIN-IN9ODUH5HLF",
      "level": "4",
      "channel": "Microsoft-Windows-Store/Operational",
      "record_id": "1553",
      "event_data": {
        "Message": "Ignoring lease removal with reason 0x803f9003 because this is an offline lease\n",
        "Function": "ClipStorage::RemoveLeaseDocumentWithIdAndReason",
        "Source": "onecoreuap\\enduser\\winstore\\licensemanager\\lib\\clipstorage.cpp",
        "Line Number": "501"
      },
      "source_format": "evtx",
      "file": "Microsoft-Windows-Store%4Operational.evtx"
    },
    {
      "event_id": 8001,
      "provider": "Microsoft-Windows-Store",
      "timestamp": "2026-07-27T22:39:17.272949+00:00",
      "computer": "WIN-IN9ODUH5HLF",
      "level": "4",
      "channel": "Microsoft-Windows-Store/Operational",
      "record_id": "1552",
      "event_data": {
        "Message": "Decoding: {\"entitlementId\":\"89c763e6-1efa-de20-d213-dd6ad611ba0d\",\"entitlementSatisfaction\":\"Device\",\"isOffline\":true,\"leaseEnforcement\":\"None\",\"leaseUri\":\"https://licensing.md.mp.microsoft.com/v7.0/licenses/?beneficiaryId=msahw%3a6755505568027547&contentId=2f75f580-7570-dd52-134a-d059971c4492&entitlementId=89c763e6-1efa-de20-d213-dd6ad611ba0d&market=US&policyType=Device\",\"keyIds\":[\"e640381f-38d1-aefe-ec2a-f2f90d8bbbea\"],\"kind\":\"Content\",\"packages\":[{\"packageIdentifier\":\"2f75f580-7570-dd52-134a-d059971c4492\",\"packageType\":\"msix\",\"productAddOns\":[],\"productId\":\"9NK0JLZT7JD0\",\"skuId\":\"0012\"}],\"pollAt\":\"2026-08-10T00:40:03.3429105+00:00\",\"refreshOnStartup\":false,\"version\":7}",
        "Function": "DecodeCustomPolicy",
        "Source": "onecoreuap\\enduser\\winstore\\licensemanager\\lib\\clipdocument.cpp",
        "Line Number": "50"
      },
      "source_format": "evtx",
      "file": "Microsoft-Windows-Store%4Operational.evtx"
    },
    {
      "event_id": 8001,
      "provider": "Microsoft-Windows-Store",
      "timestamp": "2026-07-27T22:39:17.269957+00:00",
      "computer": "WIN-IN9ODUH5HLF",
      "level": "4",
      "channel": "Microsoft-Windows-Store/Operational",
      "record_id": "1551",
      "event_data": {
        "Message": "Returning 1 lease documents for contentid 2F75F580-7570-DD52-134A-D059971C4492",
        "Function": "ClipStorage::GetLeaseDocumentsForKeyDocument",
        "Source": "onecoreuap\\enduser\\winstore\\licensemanager\\lib\\clipstorage.cpp",
        "Line Number": "460"
      },
      "source_format": "evtx",
      "file": "Microsoft-Windows-Store%4Operational.evtx"
    },
    {
      "event_id": 8001,
      "provider": "Microsoft-Windows-Store",
      "timestamp": "2026-07-27T22:39:17.269955+00:00",
      "computer": "WIN-IN9ODUH5HLF",
      "level": "4",
      "channel": "Microsoft-Windows-Store/Operational",
      "record_id": "1550",
      "event_data": {
        "Message": "Adding lease {24D27E38-2384-607A-AF60-5869EE8774E4} to results",
        "Function": "ClipStorage::GetLeaseDocumentsForKeyDocument",
        "Source": "onecoreuap\\enduser\\winstore\\licensemanager\\lib\\clipstorage.cpp",
        "Line Number": "387"
      },
      "source_format": "evtx",
      "file": "Microsoft-Windows-Store%4Operational.evtx"
    },
    {
      "event_id": 8001,
      "provider": "Microsoft-Windows-Store",
      "timestamp": "2026-07-27T22:39:17.269919+00:00",
      "computer": "WIN-IN9ODUH5HLF",
      "level": "4",
      "channel": "Microsoft-Windows-Store/Operational",
      "record_id": "1549",
      "event_data": {
        "Message": "Decoding: {\"entitlementId\":\"89c763e6-1efa-de20-d213-dd6ad611ba0d\",\"entitlementSatisfaction\":\"Device\",\"isOffline\":true,\"leaseEnforcement\":\"None\",\"leaseUri\":\"https://licensing.md.mp.microsoft.com/v7.0/licenses/?beneficiaryId=msahw%3a6755505568027547&contentId=2f75f580-7570-dd52-134a-d059971c4492&entitlementId=89c763e6-1efa-de20-d213-dd6ad611ba0d&market=US&policyType=Device\",\"keyIds\":[\"e640381f-38d1-aefe-ec2a-f2f90d8bbbea\"],\"kind\":\"Content\",\"packages\":[{\"packageIdentifier\":\"2f75f580-7570-dd52-134a-d059971c4492\",\"packageType\":\"msix\",\"productAddOns\":[],\"productId\":\"9NK0JLZT7JD0\",\"skuId\":\"0012\"}],\"pollAt\":\"2026-08-10T00:40:03.3429105+00:00\",\"refreshOnStartup\":false,\"version\":7}",
        "Function": "DecodeCustomPolicy",
        "Source": "onecoreuap\\enduser\\winstore\\licensemanager\\lib\\clipdocument.cpp",
        "Line Number": "50"
      },
      "source_format": "evtx",
      "file": "Microsoft-Windows-Store%4Operational.evtx"
    },
    {
      "event_id": 8001,
      "provider": "Microsoft-Windows-Store",
      "timestamp": "2026-07-27T22:39:17.255942+00:00",
      "computer": "WIN-IN9ODUH5HLF",
      "level": "4",
      "channel": "Microsoft-Windows-Store/Operational",
      "record_id": "1548",
      "event_data": {
        "Message": "License Response: 1 leases, 1 keys for contentId 2F75F580-7570-DD52-134A-D059971C4492 (Corr: GuLxCS8C20iywnl5.43, Svr: 9)",
        "Function": "LogRequestLicenseSuccess",
        "Source": "onecoreuap\\enduser\\winstore\\licensemanager\\lib\\telemetry.cpp",
        "Line Number": "246"
      },
      "source_format": "evtx",
      "file": "Microsoft-Windows-Store%4Operational.evtx"
    },
    {
      "event_id": 3,
      "provider": "Microsoft-Windows-Crypto-NCrypt",
      "timestamp": "2026-07-27T22:39:16.989247+00:00",
      "computer": "WIN-IN9ODUH5HLF",
      "level": "2",
      "channel": "Microsoft-Windows-Crypto-NCrypt/Operational",
      "record_id": "19",
      "event_data": {
        "ProviderName": "Microsoft Platform Crypto Provider",
        "KeyName": "Windows AIK",
        "Status": "0x80090016",
        "ProcessName": "svchost.exe"
      },
      "source_format": "evtx",
      "file": "Microsoft-Windows-Crypto-NCrypt%4Operational.evtx"
    },
    {
      "event_id": 8001,
      "provider": "Microsoft-Windows-Store",
      "timestamp": "2026-07-27T22:39:15.311110+00:00",
      "computer": "WIN-IN9ODUH5HLF",
      "level": "4",
      "channel": "Microsoft-Windows-Store/Operational",
      "record_id": "1547",
      "event_data": {
        "Message": "Requesting license for 2F75F580-7570-DD52-134A-D059971C4492 at /v7.0/licenses/content (https://licensing.mp.microsoft.com) (Corr: GuLxCS8C20iywnl5.43)",
        "Function": "LicenseProxyService::DoRequestLicense",
        "Source": "onecoreuap\\enduser\\winstore\\licensemanager\\lib\\proxy.cpp",
        "Line Number": "2044"
      },
      "source_format": "evtx",
      "file": "Microsoft-Windows-Store%4Operational.evtx"
    },
    {
      "event_id": 8001,
      "provider": "Microsoft-Windows-Store",
      "timestamp": "2026-07-27T22:39:15.310603+00:00",
      "computer": "WIN-IN9ODUH5HLF",
      "level": "4",
      "channel": "Microsoft-Windows-Store/Operational",
      "record_id": "1546",
      "event_data": {
        "Message": "Transmitting old key for content ID 2F75F580-7570-DD52-134A-D059971C4492 in request for content ID 2F75F580-7570-DD52-134A-D059971C4492 with validity 7f000000 (detail 0x00000000)",
        "Function": "LicenseProxyService::CreateLicenseRequestBody",
        "Source": "onecoreuap\\enduser\\winstore\\licensemanager\\lib\\proxy.cpp",
        "Line Number": "1918"
      },
      "source_format": "evtx",
      "file": "Microsoft-Windows-Store%4Operational.evtx"
    },
    {
      "event_id": 8001,
      "provider": "Microsoft-Windows-Store",
      "timestamp": "2026-07-27T22:39:15.309782+00:00",
      "computer": "WIN-IN9ODUH5HLF",
      "level": "4",
      "channel": "Microsoft-Windows-Store/Operational",
      "record_id": "1545",
      "event_data": {
        "Message": "Identity capture succeeded",
        "Function": "SingleUserStoredIdentitySnapshot::CaptureIdentity",
        "Source": "onecoreuap\\enduser\\winstore\\licensemanager\\lib\\identity.cpp",
        "Line Number": "441"
      },
      "source_format": "evtx",
      "file": "Microsoft-Windows-Store%4Operational.evtx"
    },
    {
      "event_id": 8002,
      "provider": "Microsoft-Windows-Store",
      "timestamp": "2026-07-27T22:39:15.309775+00:00",
      "computer": "WIN-IN9ODUH5HLF",
      "level": "3",
      "channel": "Microsoft-Windows-Store/Operational",
      "record_id": "1544",
      "event_data": {
        "Message": "No user tickets captured for S-1-5-19, so this might not end well. HRESULT of WAM call: 0x80070520.",
        "Function": "SingleUserStoredIdentitySnapshot::CaptureIdentity",
        "Source": "onecoreuap\\enduser\\winstore\\licensemanager\\lib\\identity.cpp",
        "Line Number": "419"
      },
      "source_format": "evtx",
      "file": "Microsoft-Windows-Store%4Operational.evtx"
    },
    {
      "event_id": 8001,
      "provider": "Microsoft-Windows-Store",
      "timestamp": "2026-07-27T22:39:15.309770+00:00",
      "computer": "WIN-IN9ODUH5HLF",
      "level": "4",
      "channel": "Microsoft-Windows-Store/Operational",
      "record_id": "1543",
      "event_data": {
        "Message": "Failure Message: hr: 0x80070002",
        "Function": "",
        "Source": "onecoreuap\\enduser\\winstore\\auth\\lib\\winstoreauth.cpp",
        "Line Number": "1396"
      },
      "source_format": "evtx",
      "file": "Microsoft-Windows-Store%4Operational.evtx"
    },
    {
      "event_id": 8001,
      "provider": "Microsoft-Windows-Store",
      "timestamp": "2026-07-27T22:39:15.309720+00:00",
      "computer": "WIN-IN9ODUH5HLF",
      "level": "4",
      "channel": "Microsoft-Windows-Store/Operational",
      "record_id": "1542",
      "event_data": {
        "Message": "Failure Message: hr: 0x80070520",
        "Function": "",
        "Source": "onecoreuap\\enduser\\winstore\\auth\\lib\\winstoreauth.cpp",
        "Line Number": "751"
      },
      "source_format": "evtx",
      "file": "Microsoft-Windows-Store%4Operational.evtx"
    },
    {
      "event_id": 8001,
      "provider": "Microsoft-Windows-Store",
      "timestamp": "2026-07-27T22:39:15.293156+00:00",
      "computer": "WIN-IN9ODUH5HLF",
      "level": "4",
      "channel": "Microsoft-Windows-Store/Operational",
      "record_id": "1541",
      "event_data": {
        "Message": "Failure Message: hr: 0x80070520",
        "Function": "",
        "Source": "onecoreuap\\enduser\\winstore\\auth\\lib\\winstoreauth.cpp",
        "Line Number": "564"
      },
      "source_format": "evtx",
      "file": "Microsoft-Windows-Store%4Operational.evtx"
    },
    {
      "event_id": 8001,
      "provider": "Microsoft-Windows-Store",
      "timestamp": "2026-07-27T22:39:15.293155+00:00",
      "computer": "WIN-IN9ODUH5HLF",
      "level": "4",
      "channel": "Microsoft-Windows-Store/Operational",
      "record_id": "1540",
      "event_data": {
        "Message": "Failure Message: hr: 0x80070520",
        "Function": "",
        "Source": "onecoreuap\\enduser\\winstore\\auth\\lib\\winstoreauth.cpp",
        "Line Number": "1862"
      },
      "source_format": "evtx",
      "file": "Microsoft-Windows-Store%4Operational.evtx"
    },
    {
      "event_id": 8001,
      "provider": "Microsoft-Windows-Store",
      "timestamp": "2026-07-27T22:39:15.280303+00:00",
      "computer": "WIN-IN9ODUH5HLF",
      "level": "4",
      "channel": "Microsoft-Windows-Store/Operational",
      "record_id": "1539",
      "event_data": {
        "Message": "Getting user tickets for S-1-5-19",
        "Function": "SingleUserStoredIdentitySnapshot::CaptureIdentity",
        "Source": "onecoreuap\\enduser\\winstore\\licensemanager\\lib\\identity.cpp",
        "Line Number": "351"
      },
      "source_format": "evtx",
      "file": "Microsoft-Windows-Store%4Operational.evtx"
    },
    {
      "event_id": 8001,
      "provider": "Microsoft-Windows-Store",
      "timestamp": "2026-07-27T22:39:15.196723+00:00",
      "computer": "WIN-IN9ODUH5HLF",
      "level": "4",
      "channel": "Microsoft-Windows-Store/Operational",
      "record_id": "1538",
      "event_data": {
        "Message": "Returning 1 lease documents for contentid 2F75F580-7570-DD52-134A-D059971C4492",
        "Function": "ClipStorage::GetLeaseDocumentsForKeyDocument",
        "Source": "onecoreuap\\enduser\\winstore\\licensemanager\\lib\\clipstorage.cpp",
        "Line Number": "460"
      },
      "source_format": "evtx",
      "file": "Microsoft-Windows-Store%4Operational.evtx"
    },
    {
      "event_id": 8001,
      "provider": "Microsoft-Windows-Store",
      "timestamp": "2026-07-27T22:39:15.196722+00:00",
      "computer": "WIN-IN9ODUH5HLF",
      "level": "4",
      "channel": "Microsoft-Windows-Store/Operational",
      "record_id": "1537",
      "event_data": {
        "Message": "Adding lease {24D27E38-2384-607A-AF60-5869EE8774E4} to results",
        "Function": "ClipStorage::GetLeaseDocumentsForKeyDocument",
        "Source": "onecoreuap\\enduser\\winstore\\licensemanager\\lib\\clipstorage.cpp",
        "Line Number": "387"
      },
      "source_format": "evtx",
      "file": "Microsoft-Windows-Store%4Operational.evtx"
    },
    {
      "event_id": 8001,
      "provider": "Microsoft-Windows-Store",
      "timestamp": "2026-07-27T22:39:15.196682+00:00",
      "computer": "WIN-IN9ODUH5HLF",
      "level": "4",
      "channel": "Microsoft-Windows-Store/Operational",
      "record_id": "1536",
      "event_data": {
        "Message": "Decoding: {\"entitlementId\":\"89c763e6-1efa-de20-d213-dd6ad611ba0d\",\"entitlementSatisfaction\":\"Device\",\"isOffline\":true,\"leaseEnforcement\":\"None\",\"leaseUri\":\"https://licensing.md.mp.microsoft.com/v7.0/licenses/?beneficiaryId=msahw%3a6755505568027547&contentId=2f75f580-7570-dd52-134a-d059971c4492&entitlementId=89c763e6-1efa-de20-d213-dd6ad611ba0d&market=US&policyType=Device\",\"keyIds\":[\"e640381f-38d1-aefe-ec2a-f2f90d8bbbea\"],\"kind\":\"Content\",\"packages\":[{\"packageIdentifier\":\"2f75f580-7570-dd52-134a-d059971c4492\",\"packageType\":\"msix\",\"productAddOns\":[],\"productId\":\"9NK0JLZT7JD0\",\"skuId\":\"0012\"}],\"pollAt\":\"2026-08-10T00:40:03.3429105+00:00\",\"refreshOnStartup\":false,\"version\":7}",
        "Function": "DecodeCustomPolicy",
        "Source": "onecoreuap\\enduser\\winstore\\licensemanager\\lib\\clipdocument.cpp",
        "Line Number": "50"
      },
      "source_format": "evtx",
      "file": "Microsoft-Windows-Store%4Operational.evtx"
    },
    {
      "event_id": 8001,
      "provider": "Microsoft-Windows-Store",
      "timestamp": "2026-07-27T22:39:15.173455+00:00",
      "computer": "WIN-IN9ODUH5HLF",
      "level": "4",
      "channel": "Microsoft-Windows-Store/Operational",
      "record_id": "1535",
      "event_data": {
        "Message": "Getting lease for 2F75F580-7570-DD52-134A-D059971C4492",
        "Function": "LicenseManagerCore::GetExistingLeaseAndLicense",
        "Source": "onecoreuap\\enduser\\winstore\\licensemanager\\lib\\managercore.cpp",
        "Line Number": "415"
      },
      "source_format": "evtx",
      "file": "Microsoft-Windows-Store%4Operational.evtx"
    },
    {
      "event_id": 8001,
      "provider": "Microsoft-Windows-Store",
      "timestamp": "2026-07-27T22:39:15.173290+00:00",
      "computer": "WIN-IN9ODUH5HLF",
      "level": "4",
      "channel": "Microsoft-Windows-Store/Operational",
      "record_id": "1534",
      "event_data": {
        "Message": "Returning key document for contentid 2F75F580-7570-DD52-134A-D059971C4492",
        "Function": "ClipStorage::GetKeyDocumentForContentWithIdAndMinQuality",
        "Source": "onecoreuap\\enduser\\winstore\\licensemanager\\lib\\clipstorage.cpp",
        "Line Number": "262"
      },
      "source_format": "evtx",
      "file": "Microsoft-Windows-Store%4Operational.evtx"
    },
    {
      "event_id": 8001,
      "provider": "Microsoft-Windows-Store",
      "timestamp": "2026-07-27T22:39:15.173288+00:00",
      "computer": "WIN-IN9ODUH5HLF",
      "level": "4",
      "channel": "Microsoft-Windows-Store/Operational",
      "record_id": "1533",
      "event_data": {
        "Message": "Accepting key with License ID {E640381F-38D1-AEFE-EC2A-F2F90D8BBBEA} for Content ID 2F75F580-7570-DD52-134A-D059971C4492 (first match)",
        "Function": "ClipStorage::GetKeyDocumentForContentWithIdAndMinQuality",
        "Source": "onecoreuap\\enduser\\winstore\\licensemanager\\lib\\clipstorage.cpp",
        "Line Number": "223"
      },
      "source_format": "evtx",
      "file": "Microsoft-Windows-Store%4Operational.evtx"
    },
    {
      "event_id": 8001,
      "provider": "Microsoft-Windows-Store",
      "timestamp": "2026-07-27T22:39:15.173279+00:00",
      "computer": "WIN-IN9ODUH5HLF",
      "level": "4",
      "channel": "Microsoft-Windows-Store/Operational",
      "record_id": "1532",
      "event_data": {
        "Message": "Decoding: {\"legacyProductId\":\"2caf7446-c4c6-49c4-afc7-cb350b7b5216\"}",
        "Function": "DecodeCustomPolicy",
        "Source": "onecoreuap\\enduser\\winstore\\licensemanager\\lib\\clipdocument.cpp",
        "Line Number": "50"
      },
      "source_format": "evtx",
      "file": "Microsoft-Windows-Store%4Operational.evtx"
    },
    {
      "event_id": 8001,
      "provider": "Microsoft-Windows-Store",
      "timestamp": "2026-07-27T22:39:15.173267+00:00",
      "computer": "WIN-IN9ODUH5HLF",
      "level": "4",
      "channel": "Microsoft-Windows-Store/Operational",
      "record_id": "1531",
      "event_data": {
        "Message": "Considering License ID {E640381F-38D1-AEFE-EC2A-F2F90D8BBBEA} for content ID 2F75F580-7570-DD52-134A-D059971C4492...",
        "Function": "ClipStorage::GetKeyDocumentForContentWithIdAndMinQuality",
        "Source": "onecoreuap\\enduser\\winstore\\licensemanager\\lib\\clipstorage.cpp",
        "Line Number": "192"
      },
      "source_format": "evtx",
      "file": "Microsoft-Windows-Store%4Operational.evtx"
    },
    {
      "event_id": 8001,
      "provider": "Microsoft-Windows-Store",
      "timestamp": "2026-07-27T22:39:15.164102+00:00",
      "computer": "WIN-IN9ODUH5HLF",
      "level": "4",
      "channel": "Microsoft-Windows-Store/Operational",
      "record_id": "1530",
      "event_data": {
        "Message": "Refreshing content 2F75F580-7570-DD52-134A-D059971C4492 outside of KeyMachine",
        "Function": "LicenseManagerCore::Refresh",
        "Source": "onecoreuap\\enduser\\winstore\\licensemanager\\lib\\managercore.cpp",
        "Line Number": "835"
      },
      "source_format": "evtx",
      "file": "Microsoft-Windows-Store%4Operational.evtx"
    },
    {
      "event_id": 8002,
      "provider": "Microsoft-Windows-Store",
      "timestamp": "2026-07-27T22:39:15.144908+00:00",
      "computer": "WIN-IN9ODUH5HLF",
      "level": "3",
      "channel": "Microsoft-Windows-Store/Operational",
      "record_id": "1528",
      "event_data": {
        "Message": "Capturing identity for LocalService, this probably isn't intended",
        "Function": "StoredIdentity::StoredIdentity",
        "Source": "onecoreuap\\enduser\\winstore\\licensemanager\\lib\\identity.cpp",
        "Line Number": "546"
      },
      "source_format": "evtx",
      "file": "Microsoft-Windows-Store%4Operational.evtx"
    },
    {
      "event_id": 8001,
      "provider": "Microsoft-Windows-Store",
      "timestamp": "2026-07-27T22:39:15.144878+00:00",
      "computer": "WIN-IN9ODUH5HLF",
      "level": "4",
      "channel": "Microsoft-Windows-Store/Operational",
      "record_id": "1527",
      "event_data": {
        "Message": "Invalidating cache for 2F75F580-7570-DD52-134A-D059971C4492",
        "Function": "LicenseManager::RefreshCacheForContentWithId",
        "Source": "onecoreuap\\enduser\\winstore\\licensemanager\\lib\\manager.cpp",
        "Line Number": "174"
      },
      "source_format": "evtx",
      "file": "Microsoft-Windows-Store%4Operational.evtx"
    },
    {
      "event_id": 8001,
      "provider": "Microsoft-Windows-Store",
      "timestamp": "2026-07-27T22:39:15.144841+00:00",
      "computer": "WIN-IN9ODUH5HLF",
      "level": "4",
      "channel": "Microsoft-Windows-Store/Operational",
      "record_id": "1526",
      "event_data": {
        "Message": "Decoding: {\"legacyProductId\":\"cd5d53b1-33f7-4a95-b111-f51f187c7130\"}",
        "Function": "DecodeCustomPolicy",
        "Source": "onecoreuap\\enduser\\winstore\\licensemanager\\lib\\clipdocument.cpp",
        "Line Number": "50"
      },
      "source_format": "evtx",
      "file": "Microsoft-Windows-Store%4Operational.evtx"
    },
    {
      "event_id": 8001,
      "provider": "Microsoft-Windows-Store",
      "timestamp": "2026-07-27T22:39:15.086655+00:00",
      "computer": "WIN-IN9ODUH5HLF",
      "level": "4",
      "channel": "Microsoft-Windows-Store/Operational",
      "record_id": "1525",
      "event_data": {
        "Message": "Installing key document",
        "Function": "ClipStorage::StoreKeyDocument",
        "Source": "onecoreuap\\enduser\\winstore\\licensemanager\\lib\\clipstorage.cpp",
        "Line Number": "67"
      },
      "source_format": "evtx",
      "file": "Microsoft-Windows-Store%4Operational.evtx"
    },
