    {
      "event_id": 8001,
      "provider": "Microsoft-Windows-Store",
      "timestamp": "2026-07-27T22:39:11.149837+00:00",
      "computer": "WIN-IN9ODUH5HLF",
      "level": "4",
      "channel": "Microsoft-Windows-Store/Operational",
      "record_id": "1384",
      "event_data": {
        "Message": "Returning key document for contentid 05900109-7BF4-436B-0AC6-B0810B7806E1",
        "Function": "ClipStorage::GetKeyDocumentForContentWithIdAndMinQuality",
        "Source": "onecoreuap\\enduser\\winstore\\licensemanager\\lib\\clipstorage.cpp",
        "Line Number": "262"
      },
      "source_format": "evtx",
      "file": "Microsoft-Windows-Store%4Operational.evtx"
    },
    {
      "event_id": 8001,
      "provider": "Microsoft-Windows-Store",
      "timestamp": "2026-07-27T22:39:11.149836+00:00",
      "computer": "WIN-IN9ODUH5HLF",
      "level": "4",
      "channel": "Microsoft-Windows-Store/Operational",
      "record_id": "1383",
      "event_data": {
        "Message": "Accepting key with License ID {C2A6D382-79FF-E5B0-F36C-550CFF0A1FBE} for Content ID 05900109-7BF4-436B-0AC6-B0810B7806E1 (first match)",
        "Function": "ClipStorage::GetKeyDocumentForContentWithIdAndMinQuality",
        "Source": "onecoreuap\\enduser\\winstore\\licensemanager\\lib\\clipstorage.cpp",
        "Line Number": "223"
      },
      "source_format": "evtx",
      "file": "Microsoft-Windows-Store%4Operational.evtx"
    },
    {
      "event_id": 8001,
      "provider": "Microsoft-Windows-Store",
      "timestamp": "2026-07-27T22:39:11.149830+00:00",
      "computer": "WIN-IN9ODUH5HLF",
      "level": "4",
      "channel": "Microsoft-Windows-Store/Operational",
      "record_id": "1382",
      "event_data": {
        "Message": "Decoding: {\"legacyProductId\":\"983beef3-6472-4a96-a26d-6fd8e8bcd42b\"}",
        "Function": "DecodeCustomPolicy",
        "Source": "onecoreuap\\enduser\\winstore\\licensemanager\\lib\\clipdocument.cpp",
        "Line Number": "50"
      },
      "source_format": "evtx",
      "file": "Microsoft-Windows-Store%4Operational.evtx"
    },
    {
      "event_id": 8001,
      "provider": "Microsoft-Windows-Store",
      "timestamp": "2026-07-27T22:39:11.149825+00:00",
      "computer": "WIN-IN9ODUH5HLF",
      "level": "4",
      "channel": "Microsoft-Windows-Store/Operational",
      "record_id": "1381",
      "event_data": {
        "Message": "Considering License ID {C2A6D382-79FF-E5B0-F36C-550CFF0A1FBE} for content ID 05900109-7BF4-436B-0AC6-B0810B7806E1...",
        "Function": "ClipStorage::GetKeyDocumentForContentWithIdAndMinQuality",
        "Source": "onecoreuap\\enduser\\winstore\\licensemanager\\lib\\clipstorage.cpp",
        "Line Number": "192"
      },
      "source_format": "evtx",
      "file": "Microsoft-Windows-Store%4Operational.evtx"
    },
    {
      "event_id": 8001,
      "provider": "Microsoft-Windows-Store",
      "timestamp": "2026-07-27T22:39:11.148533+00:00",
      "computer": "WIN-IN9ODUH5HLF",
      "level": "4",
      "channel": "Microsoft-Windows-Store/Operational",
      "record_id": "1380",
      "event_data": {
        "Message": "Refreshing content 05900109-7BF4-436B-0AC6-B0810B7806E1 outside of KeyMachine",
        "Function": "LicenseManagerCore::Refresh",
        "Source": "onecoreuap\\enduser\\winstore\\licensemanager\\lib\\managercore.cpp",
        "Line Number": "835"
      },
      "source_format": "evtx",
      "file": "Microsoft-Windows-Store%4Operational.evtx"
    },
    {
      "event_id": 8002,
      "provider": "Microsoft-Windows-Store",
      "timestamp": "2026-07-27T22:39:11.148513+00:00",
      "computer": "WIN-IN9ODUH5HLF",
      "level": "3",
      "channel": "Microsoft-Windows-Store/Operational",
      "record_id": "1378",
      "event_data": {
        "Message": "Capturing identity for LocalService, this probably isn't intended",
        "Function": "StoredIdentity::StoredIdentity",
        "Source": "onecoreuap\\enduser\\winstore\\licensemanager\\lib\\identity.cpp",
        "Line Number": "546"
      },
      "source_format": "evtx",
      "file": "Microsoft-Windows-Store%4Operational.evtx"
    },
    {
      "event_id": 8001,
      "provider": "Microsoft-Windows-Store",
      "timestamp": "2026-07-27T22:39:11.148492+00:00",
      "computer": "WIN-IN9ODUH5HLF",
      "level": "4",
      "channel": "Microsoft-Windows-Store/Operational",
      "record_id": "1377",
      "event_data": {
        "Message": "Invalidating cache for 05900109-7BF4-436B-0AC6-B0810B7806E1",
        "Function": "LicenseManager::RefreshCacheForContentWithId",
        "Source": "onecoreuap\\enduser\\winstore\\licensemanager\\lib\\manager.cpp",
        "Line Number": "174"
      },
      "source_format": "evtx",
      "file": "Microsoft-Windows-Store%4Operational.evtx"
    },
    {
      "event_id": 8001,
      "provider": "Microsoft-Windows-Store",
      "timestamp": "2026-07-27T22:39:11.148468+00:00",
      "computer": "WIN-IN9ODUH5HLF",
      "level": "4",
      "channel": "Microsoft-Windows-Store/Operational",
      "record_id": "1376",
      "event_data": {
        "Message": "Decoding: {\"legacyProductId\":\"f85d69d5-2e9e-46f5-a876-928bd1b899b8\"}",
        "Function": "DecodeCustomPolicy",
        "Source": "onecoreuap\\enduser\\winstore\\licensemanager\\lib\\clipdocument.cpp",
        "Line Number": "50"
      },
      "source_format": "evtx",
      "file": "Microsoft-Windows-Store%4Operational.evtx"
    },
    {
      "event_id": 8001,
      "provider": "Microsoft-Windows-Store",
      "timestamp": "2026-07-27T22:39:11.133154+00:00",
      "computer": "WIN-IN9ODUH5HLF",
      "level": "4",
      "channel": "Microsoft-Windows-Store/Operational",
      "record_id": "1375",
      "event_data": {
        "Message": "Installing key document",
        "Function": "ClipStorage::StoreKeyDocument",
        "Source": "onecoreuap\\enduser\\winstore\\licensemanager\\lib\\clipstorage.cpp",
        "Line Number": "67"
      },
      "source_format": "evtx",
      "file": "Microsoft-Windows-Store%4Operational.evtx"
    },
    {
      "event_id": 8001,
      "provider": "Microsoft-Windows-Store",
      "timestamp": "2026-07-27T22:39:11.124980+00:00",
      "computer": "WIN-IN9ODUH5HLF",
      "level": "4",
      "channel": "Microsoft-Windows-Store/Operational",
      "record_id": "1374",
      "event_data": {
        "Message": "Installing lease",
        "Function": "ClipStorage::StoreLeaseDocument",
        "Source": "onecoreuap\\enduser\\winstore\\licensemanager\\lib\\clipstorage.cpp",
        "Line Number": "285"
      },
      "source_format": "evtx",
      "file": "Microsoft-Windows-Store%4Operational.evtx"
    },
    {
      "event_id": 8001,
      "provider": "Microsoft-Windows-Store",
      "timestamp": "2026-07-27T22:39:11.123897+00:00",
      "computer": "WIN-IN9ODUH5HLF",
      "level": "4",
      "channel": "Microsoft-Windows-Store/Operational",
      "record_id": "1373",
      "event_data": {
        "Message": "Ignoring lease removal with reason 0x803f9003 because this is an offline lease\n",
        "Function": "ClipStorage::RemoveLeaseDocumentWithIdAndReason",
        "Source": "onecoreuap\\enduser\\winstore\\licensemanager\\lib\\clipstorage.cpp",
        "Line Number": "501"
      },
      "source_format": "evtx",
      "file": "Microsoft-Windows-Store%4Operational.evtx"
    },
    {
      "event_id": 8001,
      "provider": "Microsoft-Windows-Store",
      "timestamp": "2026-07-27T22:39:11.123861+00:00",
      "computer": "WIN-IN9ODUH5HLF",
      "level": "4",
      "channel": "Microsoft-Windows-Store/Operational",
      "record_id": "1372",
      "event_data": {
        "Message": "Decoding: {\"entitlementId\":\"280c25bb-f9b3-bb77-fb7a-cc8f9eabf8d5\",\"entitlementSatisfaction\":\"Device\",\"isOffline\":true,\"leaseEnforcement\":\"None\",\"leaseUri\":\"https://licensing.md.mp.microsoft.com/v7.0/licenses/?beneficiaryId=msa%3a914801271714948&contentId=48caba8a-2e62-2097-dcd8-4255c637b32d&entitlementId=280c25bb-f9b3-bb77-fb7a-cc8f9eabf8d5&market=US&policyType=Device\",\"keyIds\":[\"be0b63a6-5394-dcb0-7bc2-5187af85ce67\"],\"kind\":\"Content\",\"packages\":[{\"packageIdentifier\":\"48caba8a-2e62-2097-dcd8-4255c637b32d\",\"packageType\":\"msix\",\"productAddOns\":[],\"productId\":\"9MSSGKG348SP\",\"skuId\":\"0010\"}],\"pollAt\":\"2026-08-10T04:56:47.2052111+00:00\",\"refreshOnStartup\":false,\"version\":7}",
        "Function": "DecodeCustomPolicy",
        "Source": "onecoreuap\\enduser\\winstore\\licensemanager\\lib\\clipdocument.cpp",
        "Line Number": "50"
      },
      "source_format": "evtx",
      "file": "Microsoft-Windows-Store%4Operational.evtx"
    },
    {
      "event_id": 8001,
      "provider": "Microsoft-Windows-Store",
      "timestamp": "2026-07-27T22:39:10.880652+00:00",
      "computer": "WIN-IN9ODUH5HLF",
      "level": "4",
      "channel": "Microsoft-Windows-Store/Operational",
      "record_id": "1371",
      "event_data": {
        "Message": "Returning 1 lease documents for contentid 48CABA8A-2E62-2097-DCD8-4255C637B32D",
        "Function": "ClipStorage::GetLeaseDocumentsForKeyDocument",
        "Source": "onecoreuap\\enduser\\winstore\\licensemanager\\lib\\clipstorage.cpp",
        "Line Number": "460"
      },
      "source_format": "evtx",
      "file": "Microsoft-Windows-Store%4Operational.evtx"
    },
    {
      "event_id": 8001,
      "provider": "Microsoft-Windows-Store",
      "timestamp": "2026-07-27T22:39:10.880651+00:00",
      "computer": "WIN-IN9ODUH5HLF",
      "level": "4",
      "channel": "Microsoft-Windows-Store/Operational",
      "record_id": "1370",
      "event_data": {
        "Message": "Adding lease {CF9CA015-3F19-2212-EB18-F4713138A9E8} to results",
        "Function": "ClipStorage::GetLeaseDocumentsForKeyDocument",
        "Source": "onecoreuap\\enduser\\winstore\\licensemanager\\lib\\clipstorage.cpp",
        "Line Number": "387"
      },
      "source_format": "evtx",
      "file": "Microsoft-Windows-Store%4Operational.evtx"
    },
    {
      "event_id": 8001,
      "provider": "Microsoft-Windows-Store",
      "timestamp": "2026-07-27T22:39:10.880615+00:00",
      "computer": "WIN-IN9ODUH5HLF",
      "level": "4",
      "channel": "Microsoft-Windows-Store/Operational",
      "record_id": "1369",
      "event_data": {
        "Message": "Decoding: {\"entitlementId\":\"280c25bb-f9b3-bb77-fb7a-cc8f9eabf8d5\",\"entitlementSatisfaction\":\"Device\",\"isOffline\":true,\"leaseEnforcement\":\"None\",\"leaseUri\":\"https://licensing.md.mp.microsoft.com/v7.0/licenses/?beneficiaryId=msa%3a914801271714948&contentId=48caba8a-2e62-2097-dcd8-4255c637b32d&entitlementId=280c25bb-f9b3-bb77-fb7a-cc8f9eabf8d5&market=US&policyType=Device\",\"keyIds\":[\"be0b63a6-5394-dcb0-7bc2-5187af85ce67\"],\"kind\":\"Content\",\"packages\":[{\"packageIdentifier\":\"48caba8a-2e62-2097-dcd8-4255c637b32d\",\"packageType\":\"msix\",\"productAddOns\":[],\"productId\":\"9MSSGKG348SP\",\"skuId\":\"0010\"}],\"pollAt\":\"2026-08-10T04:56:47.2052111+00:00\",\"refreshOnStartup\":false,\"version\":7}",
        "Function": "DecodeCustomPolicy",
        "Source": "onecoreuap\\enduser\\winstore\\licensemanager\\lib\\clipdocument.cpp",
        "Line Number": "50"
      },
      "source_format": "evtx",
      "file": "Microsoft-Windows-Store%4Operational.evtx"
    },
    {
      "event_id": 8001,
      "provider": "Microsoft-Windows-Store",
      "timestamp": "2026-07-27T22:39:09.620723+00:00",
      "computer": "WIN-IN9ODUH5HLF",
      "level": "4",
      "channel": "Microsoft-Windows-Store/Operational",
      "record_id": "1368",
      "event_data": {
        "Message": "License Response: 1 leases, 1 keys for contentId 48CABA8A-2E62-2097-DCD8-4255C637B32D (Corr: GuLxCS8C20iywnl5.37, Svr: 8)",
        "Function": "LogRequestLicenseSuccess",
        "Source": "onecoreuap\\enduser\\winstore\\licensemanager\\lib\\telemetry.cpp",
        "Line Number": "246"
      },
      "source_format": "evtx",
      "file": "Microsoft-Windows-Store%4Operational.evtx"
    },
    {
      "event_id": 8001,
      "provider": "Microsoft-Windows-Store",
      "timestamp": "2026-07-27T22:39:06.811281+00:00",
      "computer": "WIN-IN9ODUH5HLF",
      "level": "4",
      "channel": "Microsoft-Windows-Store/Operational",
      "record_id": "1367",
      "event_data": {
        "Message": "Requesting license for 48CABA8A-2E62-2097-DCD8-4255C637B32D at /v7.0/licenses/content (https://licensing.mp.microsoft.com) (Corr: GuLxCS8C20iywnl5.37)",
        "Function": "LicenseProxyService::DoRequestLicense",
        "Source": "onecoreuap\\enduser\\winstore\\licensemanager\\lib\\proxy.cpp",
        "Line Number": "2044"
      },
      "source_format": "evtx",
      "file": "Microsoft-Windows-Store%4Operational.evtx"
    },
    {
      "event_id": 8001,
      "provider": "Microsoft-Windows-Store",
      "timestamp": "2026-07-27T22:39:06.810093+00:00",
      "computer": "WIN-IN9ODUH5HLF",
      "level": "4",
      "channel": "Microsoft-Windows-Store/Operational",
      "record_id": "1366",
      "event_data": {
        "Message": "Transmitting old key for content ID 48CABA8A-2E62-2097-DCD8-4255C637B32D in request for content ID 48CABA8A-2E62-2097-DCD8-4255C637B32D with validity 7f000000 (detail 0x00000000)",
        "Function": "LicenseProxyService::CreateLicenseRequestBody",
        "Source": "onecoreuap\\enduser\\winstore\\licensemanager\\lib\\proxy.cpp",
        "Line Number": "1918"
      },
      "source_format": "evtx",
      "file": "Microsoft-Windows-Store%4Operational.evtx"
    },
    {
      "event_id": 8001,
      "provider": "Microsoft-Windows-Store",
      "timestamp": "2026-07-27T22:39:06.809365+00:00",
      "computer": "WIN-IN9ODUH5HLF",
      "level": "4",
      "channel": "Microsoft-Windows-Store/Operational",
      "record_id": "1365",
      "event_data": {
        "Message": "Identity capture succeeded",
        "Function": "SingleUserStoredIdentitySnapshot::CaptureIdentity",
        "Source": "onecoreuap\\enduser\\winstore\\licensemanager\\lib\\identity.cpp",
        "Line Number": "441"
      },
      "source_format": "evtx",
      "file": "Microsoft-Windows-Store%4Operational.evtx"
    },
    {
      "event_id": 8002,
      "provider": "Microsoft-Windows-Store",
      "timestamp": "2026-07-27T22:39:06.809360+00:00",
      "computer": "WIN-IN9ODUH5HLF",
      "level": "3",
      "channel": "Microsoft-Windows-Store/Operational",
      "record_id": "1364",
      "event_data": {
        "Message": "No user tickets captured for S-1-5-19, so this might not end well. HRESULT of WAM call: 0x80070520.",
        "Function": "SingleUserStoredIdentitySnapshot::CaptureIdentity",
        "Source": "onecoreuap\\enduser\\winstore\\licensemanager\\lib\\identity.cpp",
        "Line Number": "419"
      },
      "source_format": "evtx",
      "file": "Microsoft-Windows-Store%4Operational.evtx"
    },
    {
      "event_id": 8001,
      "provider": "Microsoft-Windows-Store",
      "timestamp": "2026-07-27T22:39:06.809356+00:00",
      "computer": "WIN-IN9ODUH5HLF",
      "level": "4",
      "channel": "Microsoft-Windows-Store/Operational",
      "record_id": "1363",
      "event_data": {
        "Message": "Failure Message: hr: 0x80070002",
        "Function": "",
        "Source": "onecoreuap\\enduser\\winstore\\auth\\lib\\winstoreauth.cpp",
        "Line Number": "1396"
      },
      "source_format": "evtx",
      "file": "Microsoft-Windows-Store%4Operational.evtx"
    },
    {
      "event_id": 8001,
      "provider": "Microsoft-Windows-Store",
      "timestamp": "2026-07-27T22:39:06.809326+00:00",
      "computer": "WIN-IN9ODUH5HLF",
      "level": "4",
      "channel": "Microsoft-Windows-Store/Operational",
      "record_id": "1362",
      "event_data": {
        "Message": "Failure Message: hr: 0x80070520",
        "Function": "",
        "Source": "onecoreuap\\enduser\\winstore\\auth\\lib\\winstoreauth.cpp",
        "Line Number": "751"
      },
      "source_format": "evtx",
      "file": "Microsoft-Windows-Store%4Operational.evtx"
    },
    {
      "event_id": 8001,
      "provider": "Microsoft-Windows-Store",
      "timestamp": "2026-07-27T22:39:06.809241+00:00",
      "computer": "WIN-IN9ODUH5HLF",
      "level": "4",
      "channel": "Microsoft-Windows-Store/Operational",
      "record_id": "1361",
      "event_data": {
        "Message": "Failure Message: hr: 0x80070520",
        "Function": "",
        "Source": "onecoreuap\\enduser\\winstore\\auth\\lib\\winstoreauth.cpp",
        "Line Number": "564"
      },
      "source_format": "evtx",
      "file": "Microsoft-Windows-Store%4Operational.evtx"
    },
    {
      "event_id": 8001,
      "provider": "Microsoft-Windows-Store",
      "timestamp": "2026-07-27T22:39:06.809239+00:00",
      "computer": "WIN-IN9ODUH5HLF",
      "level": "4",
      "channel": "Microsoft-Windows-Store/Operational",
      "record_id": "1360",
      "event_data": {
        "Message": "Failure Message: hr: 0x80070520",
        "Function": "",
        "Source": "onecoreuap\\enduser\\winstore\\auth\\lib\\winstoreauth.cpp",
        "Line Number": "1862"
      },
      "source_format": "evtx",
      "file": "Microsoft-Windows-Store%4Operational.evtx"
    },
    {
      "event_id": 8001,
      "provider": "Microsoft-Windows-Store",
      "timestamp": "2026-07-27T22:39:06.786078+00:00",
      "computer": "WIN-IN9ODUH5HLF",
      "level": "4",
      "channel": "Microsoft-Windows-Store/Operational",
      "record_id": "1359",
      "event_data": {
        "Message": "Getting user tickets for S-1-5-19",
        "Function": "SingleUserStoredIdentitySnapshot::CaptureIdentity",
        "Source": "onecoreuap\\enduser\\winstore\\licensemanager\\lib\\identity.cpp",
        "Line Number": "351"
      },
      "source_format": "evtx",
      "file": "Microsoft-Windows-Store%4Operational.evtx"
    },
    {
      "event_id": 8001,
      "provider": "Microsoft-Windows-Store",
      "timestamp": "2026-07-27T22:39:06.730141+00:00",
      "computer": "WIN-IN9ODUH5HLF",
      "level": "4",
      "channel": "Microsoft-Windows-Store/Operational",
      "record_id": "1358",
      "event_data": {
        "Message": "Returning 1 lease documents for contentid 48CABA8A-2E62-2097-DCD8-4255C637B32D",
        "Function": "ClipStorage::GetLeaseDocumentsForKeyDocument",
        "Source": "onecoreuap\\enduser\\winstore\\licensemanager\\lib\\clipstorage.cpp",
        "Line Number": "460"
      },
      "source_format": "evtx",
      "file": "Microsoft-Windows-Store%4Operational.evtx"
    },
    {
      "event_id": 8001,
      "provider": "Microsoft-Windows-Store",
      "timestamp": "2026-07-27T22:39:06.730139+00:00",
      "computer": "WIN-IN9ODUH5HLF",
      "level": "4",
      "channel": "Microsoft-Windows-Store/Operational",
      "record_id": "1357",
      "event_data": {
        "Message": "Adding lease {CF9CA015-3F19-2212-EB18-F4713138A9E8} to results",
        "Function": "ClipStorage::GetLeaseDocumentsForKeyDocument",
        "Source": "onecoreuap\\enduser\\winstore\\licensemanager\\lib\\clipstorage.cpp",
        "Line Number": "387"
      },
      "source_format": "evtx",
      "file": "Microsoft-Windows-Store%4Operational.evtx"
    },
    {
      "event_id": 8001,
      "provider": "Microsoft-Windows-Store",
      "timestamp": "2026-07-27T22:39:06.730107+00:00",
      "computer": "WIN-IN9ODUH5HLF",
      "level": "4",
      "channel": "Microsoft-Windows-Store/Operational",
      "record_id": "1356",
      "event_data": {
        "Message": "Decoding: {\"entitlementId\":\"280c25bb-f9b3-bb77-fb7a-cc8f9eabf8d5\",\"entitlementSatisfaction\":\"Device\",\"isOffline\":true,\"leaseEnforcement\":\"None\",\"leaseUri\":\"https://licensing.md.mp.microsoft.com/v7.0/licenses/?beneficiaryId=msa%3a914801271714948&contentId=48caba8a-2e62-2097-dcd8-4255c637b32d&entitlementId=280c25bb-f9b3-bb77-fb7a-cc8f9eabf8d5&market=US&policyType=Device\",\"keyIds\":[\"be0b63a6-5394-dcb0-7bc2-5187af85ce67\"],\"kind\":\"Content\",\"packages\":[{\"packageIdentifier\":\"48caba8a-2e62-2097-dcd8-4255c637b32d\",\"packageType\":\"msix\",\"productAddOns\":[],\"productId\":\"9MSSGKG348SP\",\"skuId\":\"0010\"}],\"pollAt\":\"2026-08-10T04:56:47.2052111+00:00\",\"refreshOnStartup\":false,\"version\":7}",
        "Function": "DecodeCustomPolicy",
        "Source": "onecoreuap\\enduser\\winstore\\licensemanager\\lib\\clipdocument.cpp",
        "Line Number": "50"
      },
      "source_format": "evtx",
      "file": "Microsoft-Windows-Store%4Operational.evtx"
    },
    {
      "event_id": 8001,
      "provider": "Microsoft-Windows-Store",
      "timestamp": "2026-07-27T22:39:06.725934+00:00",
      "computer": "WIN-IN9ODUH5HLF",
      "level": "4",
      "channel": "Microsoft-Windows-Store/Operational",
      "record_id": "1355",
      "event_data": {
        "Message": "Getting lease for 48CABA8A-2E62-2097-DCD8-4255C637B32D",
        "Function": "LicenseManagerCore::GetExistingLeaseAndLicense",
        "Source": "onecoreuap\\enduser\\winstore\\licensemanager\\lib\\managercore.cpp",
        "Line Number": "415"
      },
      "source_format": "evtx",
      "file": "Microsoft-Windows-Store%4Operational.evtx"
    },
    {
      "event_id": 8001,
      "provider": "Microsoft-Windows-Store",
      "timestamp": "2026-07-27T22:39:06.725759+00:00",
      "computer": "WIN-IN9ODUH5HLF",
      "level": "4",
      "channel": "Microsoft-Windows-Store/Operational",
      "record_id": "1354",
      "event_data": {
        "Message": "Returning key document for contentid 48CABA8A-2E62-2097-DCD8-4255C637B32D",
        "Function": "ClipStorage::GetKeyDocumentForContentWithIdAndMinQuality",
        "Source": "onecoreuap\\enduser\\winstore\\licensemanager\\lib\\clipstorage.cpp",
        "Line Number": "262"
      },
      "source_format": "evtx",
      "file": "Microsoft-Windows-Store%4Operational.evtx"
    },
    {
      "event_id": 8001,
      "provider": "Microsoft-Windows-Store",
      "timestamp": "2026-07-27T22:39:06.725757+00:00",
      "computer": "WIN-IN9ODUH5HLF",
      "level": "4",
      "channel": "Microsoft-Windows-Store/Operational",
      "record_id": "1353",
      "event_data": {
        "Message": "Accepting key with License ID {BE0B63A6-5394-DCB0-7BC2-5187AF85CE67} for Content ID 48CABA8A-2E62-2097-DCD8-4255C637B32D (first match)",
        "Function": "ClipStorage::GetKeyDocumentForContentWithIdAndMinQuality",
        "Source": "onecoreuap\\enduser\\winstore\\licensemanager\\lib\\clipstorage.cpp",
        "Line Number": "223"
      },
      "source_format": "evtx",
      "file": "Microsoft-Windows-Store%4Operational.evtx"
    },
    {
      "event_id": 8001,
      "provider": "Microsoft-Windows-Store",
      "timestamp": "2026-07-27T22:39:06.725748+00:00",
      "computer": "WIN-IN9ODUH5HLF",
      "level": "4",
      "channel": "Microsoft-Windows-Store/Operational",
      "record_id": "1352",
      "event_data": {
        "Message": "Decoding: {\"legacyProductId\":\"f85d69d5-2e9e-46f5-a876-928bd1b899b8\"}",
        "Function": "DecodeCustomPolicy",
        "Source": "onecoreuap\\enduser\\winstore\\licensemanager\\lib\\clipdocument.cpp",
        "Line Number": "50"
      },
      "source_format": "evtx",
      "file": "Microsoft-Windows-Store%4Operational.evtx"
    },
    {
      "event_id": 8001,
      "provider": "Microsoft-Windows-Store",
      "timestamp": "2026-07-27T22:39:06.725738+00:00",
      "computer": "WIN-IN9ODUH5HLF",
      "level": "4",
      "channel": "Microsoft-Windows-Store/Operational",
      "record_id": "1351",
      "event_data": {
        "Message": "Considering License ID {BE0B63A6-5394-DCB0-7BC2-5187AF85CE67} for content ID 48CABA8A-2E62-2097-DCD8-4255C637B32D...",
        "Function": "ClipStorage::GetKeyDocumentForContentWithIdAndMinQuality",
        "Source": "onecoreuap\\enduser\\winstore\\licensemanager\\lib\\clipstorage.cpp",
        "Line Number": "192"
      },
      "source_format": "evtx",
      "file": "Microsoft-Windows-Store%4Operational.evtx"
    },
    {
      "event_id": 8001,
      "provider": "Microsoft-Windows-Store",
      "timestamp": "2026-07-27T22:39:06.709520+00:00",
      "computer": "WIN-IN9ODUH5HLF",
      "level": "4",
      "channel": "Microsoft-Windows-Store/Operational",
      "record_id": "1350",
      "event_data": {
        "Message": "Refreshing content 48CABA8A-2E62-2097-DCD8-4255C637B32D outside of KeyMachine",
        "Function": "LicenseManagerCore::Refresh",
        "Source": "onecoreuap\\enduser\\winstore\\licensemanager\\lib\\managercore.cpp",
        "Line Number": "835"
      },
      "source_format": "evtx",
      "file": "Microsoft-Windows-Store%4Operational.evtx"
    },
    {
      "event_id": 8002,
      "provider": "Microsoft-Windows-Store",
      "timestamp": "2026-07-27T22:39:06.690282+00:00",
      "computer": "WIN-IN9ODUH5HLF",
      "level": "3",
      "channel": "Microsoft-Windows-Store/Operational",
      "record_id": "1348",
      "event_data": {
        "Message": "Capturing identity for LocalService, this probably isn't intended",
        "Function": "StoredIdentity::StoredIdentity",
        "Source": "onecoreuap\\enduser\\winstore\\licensemanager\\lib\\identity.cpp",
        "Line Number": "546"
      },
      "source_format": "evtx",
      "file": "Microsoft-Windows-Store%4Operational.evtx"
    },
    {
      "event_id": 8001,
      "provider": "Microsoft-Windows-Store",
      "timestamp": "2026-07-27T22:39:06.690260+00:00",
      "computer": "WIN-IN9ODUH5HLF",
      "level": "4",
      "channel": "Microsoft-Windows-Store/Operational",
      "record_id": "1347",
      "event_data": {
        "Message": "Invalidating cache for 48CABA8A-2E62-2097-DCD8-4255C637B32D",
        "Function": "LicenseManager::RefreshCacheForContentWithId",
        "Source": "onecoreuap\\enduser\\winstore\\licensemanager\\lib\\manager.cpp",
        "Line Number": "174"
      },
      "source_format": "evtx",
      "file": "Microsoft-Windows-Store%4Operational.evtx"
    },
    {
      "event_id": 8001,
      "provider": "Microsoft-Windows-Store",
      "timestamp": "2026-07-27T22:39:06.690235+00:00",
      "computer": "WIN-IN9ODUH5HLF",
      "level": "4",
      "channel": "Microsoft-Windows-Store/Operational",
      "record_id": "1346",
      "event_data": {
        "Message": "Decoding: {\"legacyProductId\":\"e632fe90-a5ba-43aa-bf81-9de8413e83d8\"}",
        "Function": "DecodeCustomPolicy",
        "Source": "onecoreuap\\enduser\\winstore\\licensemanager\\lib\\clipdocument.cpp",
        "Line Number": "50"
      },
      "source_format": "evtx",
      "file": "Microsoft-Windows-Store%4Operational.evtx"
    },
    {
      "event_id": 8001,
      "provider": "Microsoft-Windows-Store",
      "timestamp": "2026-07-27T22:39:06.648236+00:00",
      "computer": "WIN-IN9ODUH5HLF",
      "level": "4",
      "channel": "Microsoft-Windows-Store/Operational",
      "record_id": "1345",
      "event_data": {
        "Message": "Installing key document",
        "Function": "ClipStorage::StoreKeyDocument",
        "Source": "onecoreuap\\enduser\\winstore\\licensemanager\\lib\\clipstorage.cpp",
        "Line Number": "67"
      },
      "source_format": "evtx",
      "file": "Microsoft-Windows-Store%4Operational.evtx"
    },
    {
      "event_id": 8001,
      "provider": "Microsoft-Windows-Store",
      "timestamp": "2026-07-27T22:39:06.606059+00:00",
      "computer": "WIN-IN9ODUH5HLF",
      "level": "4",
      "channel": "Microsoft-Windows-Store/Operational",
      "record_id": "1344",
      "event_data": {
        "Message": "Installing lease",
        "Function": "ClipStorage::StoreLeaseDocument",
        "Source": "onecoreuap\\enduser\\winstore\\licensemanager\\lib\\clipstorage.cpp",
        "Line Number": "285"
      },
      "source_format": "evtx",
      "file": "Microsoft-Windows-Store%4Operational.evtx"
    },
    {
      "event_id": 8001,
      "provider": "Microsoft-Windows-Store",
      "timestamp": "2026-07-27T22:39:06.586519+00:00",
      "computer": "WIN-IN9ODUH5HLF",
      "level": "4",
      "channel": "Microsoft-Windows-Store/Operational",
      "record_id": "1343",
      "event_data": {
        "Message": "Ignoring lease removal with reason 0x803f9003 because this is an offline lease\n",
        "Function": "ClipStorage::RemoveLeaseDocumentWithIdAndReason",
        "Source": "onecoreuap\\enduser\\winstore\\licensemanager\\lib\\clipstorage.cpp",
        "Line Number": "501"
      },
      "source_format": "evtx",
      "file": "Microsoft-Windows-Store%4Operational.evtx"
    },
    {
      "event_id": 8001,
      "provider": "Microsoft-Windows-Store",
      "timestamp": "2026-07-27T22:39:06.586333+00:00",
      "computer": "WIN-IN9ODUH5HLF",
      "level": "4",
      "channel": "Microsoft-Windows-Store/Operational",
      "record_id": "1342",
      "event_data": {
        "Message": "Decoding: {\"entitlementSatisfaction\":\"Open\",\"isOffline\":true,\"leaseEnforcement\":\"None\",\"leaseUri\":\"https://licensing.md.mp.microsoft.com/v7.0/licenses/?contentId=68bc3251-2d8b-a604-92ba-893638ca72ea&market=US&policyType=Open&productId=9WZDNCRFHVN5&skuId=0010\",\"keyIds\":[\"bcda97bb-bfd0-2a72-3c90-c8518f3d09ee\"],\"kind\":\"Content\",\"packages\":[{\"packageIdentifier\":\"68bc3251-2d8b-a604-92ba-893638ca72ea\",\"packageType\":\"msix\",\"productAddOns\":[],\"productId\":\"9WZDNCRFHVN5\",\"skuId\":\"0010\"}],\"pollAt\":\"2026-10-24T23:20:12.6606957+00:00\",\"refreshOnStartup\":false,\"version\":7}",
        "Function": "DecodeCustomPolicy",
        "Source": "onecoreuap\\enduser\\winstore\\licensemanager\\lib\\clipdocument.cpp",
        "Line Number": "50"
      },
      "source_format": "evtx",
      "file": "Microsoft-Windows-Store%4Operational.evtx"
    },
    {
      "event_id": 8001,
      "provider": "Microsoft-Windows-Store",
      "timestamp": "2026-07-27T22:39:06.582258+00:00",
      "computer": "WIN-IN9ODUH5HLF",
      "level": "4",
      "channel": "Microsoft-Windows-Store/Operational",
      "record_id": "1341",
      "event_data": {
        "Message": "Returning 1 lease documents for contentid 68BC3251-2D8B-A604-92BA-893638CA72EA",
        "Function": "ClipStorage::GetLeaseDocumentsForKeyDocument",
        "Source": "onecoreuap\\enduser\\winstore\\licensemanager\\lib\\clipstorage.cpp",
        "Line Number": "460"
      },
      "source_format": "evtx",
      "file": "Microsoft-Windows-Store%4Operational.evtx"
    },
    {
      "event_id": 8001,
      "provider": "Microsoft-Windows-Store",
      "timestamp": "2026-07-27T22:39:06.582257+00:00",
      "computer": "WIN-IN9ODUH5HLF",
      "level": "4",
      "channel": "Microsoft-Windows-Store/Operational",
      "record_id": "1340",
      "event_data": {
        "Message": "Adding lease {C94A6C18-D496-DA1C-8A02-FC6976E0145E} to results",
        "Function": "ClipStorage::GetLeaseDocumentsForKeyDocument",
        "Source": "onecoreuap\\enduser\\winstore\\licensemanager\\lib\\clipstorage.cpp",
        "Line Number": "387"
      },
      "source_format": "evtx",
      "file": "Microsoft-Windows-Store%4Operational.evtx"
    },
    {
      "event_id": 8001,
      "provider": "Microsoft-Windows-Store",
      "timestamp": "2026-07-27T22:39:06.582226+00:00",
      "computer": "WIN-IN9ODUH5HLF",
      "level": "4",
      "channel": "Microsoft-Windows-Store/Operational",
      "record_id": "1339",
      "event_data": {
        "Message": "Decoding: {\"entitlementSatisfaction\":\"Open\",\"isOffline\":true,\"leaseEnforcement\":\"None\",\"leaseUri\":\"https://licensing.md.mp.microsoft.com/v7.0/licenses/?contentId=68bc3251-2d8b-a604-92ba-893638ca72ea&market=US&policyType=Open&productId=9WZDNCRFHVN5&skuId=0010\",\"keyIds\":[\"bcda97bb-bfd0-2a72-3c90-c8518f3d09ee\"],\"kind\":\"Content\",\"packages\":[{\"packageIdentifier\":\"68bc3251-2d8b-a604-92ba-893638ca72ea\",\"packageType\":\"msix\",\"productAddOns\":[],\"productId\":\"9WZDNCRFHVN5\",\"skuId\":\"0010\"}],\"pollAt\":\"2026-10-24T23:20:12.6606957+00:00\",\"refreshOnStartup\":false,\"version\":7}",
        "Function": "DecodeCustomPolicy",
        "Source": "onecoreuap\\enduser\\winstore\\licensemanager\\lib\\clipdocument.cpp",
        "Line Number": "50"
      },
      "source_format": "evtx",
      "file": "Microsoft-Windows-Store%4Operational.evtx"
    },
    {
      "event_id": 8001,
      "provider": "Microsoft-Windows-Store",
      "timestamp": "2026-07-27T22:39:06.578607+00:00",
      "computer": "WIN-IN9ODUH5HLF",
      "level": "4",
      "channel": "Microsoft-Windows-Store/Operational",
      "record_id": "1338",
      "event_data": {
        "Message": "License Response: 1 leases, 1 keys for contentId 68BC3251-2D8B-A604-92BA-893638CA72EA (Corr: GuLxCS8C20iywnl5.36, Svr: ent-7d76669b56-bsf8f)",
        "Function": "LogRequestLicenseSuccess",
        "Source": "onecoreuap\\enduser\\winstore\\licensemanager\\lib\\telemetry.cpp",
        "Line Number": "246"
      },
      "source_format": "evtx",
      "file": "Microsoft-Windows-Store%4Operational.evtx"
    },
    {
      "event_id": 2005,
      "provider": "Microsoft-Windows-Install-Agent",
      "timestamp": "2026-07-27T22:39:06.133787+00:00",
      "computer": "WIN-IN9ODUH5HLF",
      "level": "5",
      "channel": "Microsoft-Windows-Store/Operational",
      "record_id": "1335",
      "event_data": {
        "Message": "Getting concurrent Install values from Local. Maximum concurrent queue item is  3",
        "Function": "DetermineConcurrentInstallsFromLocalMacros",
        "Error Code": "-1",
        "Source": "onecoreuap\\enduser\\winstore\\installservice\\lib\\settings.cpp",
        "Line Number": "741",
        "CorrelationVector": "NULL",
        "ProductId": "NULL"
      },
      "source_format": "evtx",
      "file": "Microsoft-Windows-Store%4Operational.evtx"
    },
    {
      "event_id": 8001,
      "provider": "Microsoft-Windows-Store",
      "timestamp": "2026-07-27T22:39:05.520333+00:00",
      "computer": "WIN-IN9ODUH5HLF",
      "level": "4",
      "channel": "Microsoft-Windows-Store/Operational",
      "record_id": "1331",
      "event_data": {
        "Message": "Requesting license for 68BC3251-2D8B-A604-92BA-893638CA72EA at /v7.0/licenses/content (https://licensing.mp.microsoft.com) (Corr: GuLxCS8C20iywnl5.36)",
        "Function": "LicenseProxyService::DoRequestLicense",
        "Source": "onecoreuap\\enduser\\winstore\\licensemanager\\lib\\proxy.cpp",
        "Line Number": "2044"
      },
      "source_format": "evtx",
      "file": "Microsoft-Windows-Store%4Operational.evtx"
    },
    {
      "event_id": 8001,
      "provider": "Microsoft-Windows-Store",
      "timestamp": "2026-07-27T22:39:05.506319+00:00",
      "computer": "WIN-IN9ODUH5HLF",
      "level": "4",
      "channel": "Microsoft-Windows-Store/Operational",
      "record_id": "1330",
      "event_data": {
        "Message": "Transmitting old key for content ID 68BC3251-2D8B-A604-92BA-893638CA72EA in request for content ID 68BC3251-2D8B-A604-92BA-893638CA72EA with validity 7f000000 (detail 0x00000000)",
        "Function": "LicenseProxyService::CreateLicenseRequestBody",
        "Source": "onecoreuap\\enduser\\winstore\\licensemanager\\lib\\proxy.cpp",
        "Line Number": "1918"
      },
      "source_format": "evtx",
      "file": "Microsoft-Windows-Store%4Operational.evtx"
    },
    {
      "event_id": 8001,
      "provider": "Microsoft-Windows-Store",
      "timestamp": "2026-07-27T22:39:05.505593+00:00",
      "computer": "WIN-IN9ODUH5HLF",
      "level": "4",
      "channel": "Microsoft-Windows-Store/Operational",
      "record_id": "1329",
      "event_data": {
        "Message": "Identity capture succeeded",
        "Function": "SingleUserStoredIdentitySnapshot::CaptureIdentity",
        "Source": "onecoreuap\\enduser\\winstore\\licensemanager\\lib\\identity.cpp",
        "Line Number": "441"
      },
      "source_format": "evtx",
      "file": "Microsoft-Windows-Store%4Operational.evtx"
    },
    {
      "event_id": 8002,
      "provider": "Microsoft-Windows-Store",
      "timestamp": "2026-07-27T22:39:05.505588+00:00",
      "computer": "WIN-IN9ODUH5HLF",
      "level": "3",
      "channel": "Microsoft-Windows-Store/Operational",
      "record_id": "1328",
      "event_data": {
        "Message": "No user tickets captured for S-1-5-19, so this might not end well. HRESULT of WAM call: 0x80070520.",
        "Function": "SingleUserStoredIdentitySnapshot::CaptureIdentity",
        "Source": "onecoreuap\\enduser\\winstore\\licensemanager\\lib\\identity.cpp",
        "Line Number": "419"
      },
      "source_format": "evtx",
      "file": "Microsoft-Windows-Store%4Operational.evtx"
    },
    {
      "event_id": 8001,
      "provider": "Microsoft-Windows-Store",
      "timestamp": "2026-07-27T22:39:05.505583+00:00",
      "computer": "WIN-IN9ODUH5HLF",
      "level": "4",
      "channel": "Microsoft-Windows-Store/Operational",
      "record_id": "1327",
      "event_data": {
        "Message": "Failure Message: hr: 0x80070002",
        "Function": "",
        "Source": "onecoreuap\\enduser\\winstore\\auth\\lib\\winstoreauth.cpp",
        "Line Number": "1396"
      },
      "source_format": "evtx",
      "file": "Microsoft-Windows-Store%4Operational.evtx"
    },
    {
      "event_id": 8001,
      "provider": "Microsoft-Windows-Store",
      "timestamp": "2026-07-27T22:39:05.505122+00:00",
      "computer": "WIN-IN9ODUH5HLF",
      "level": "4",
      "channel": "Microsoft-Windows-Store/Operational",
      "record_id": "1326",
      "event_data": {
        "Message": "Failure Message: hr: 0x80070520",
        "Function": "",
        "Source": "onecoreuap\\enduser\\winstore\\auth\\lib\\winstoreauth.cpp",
        "Line Number": "751"
      },
      "source_format": "evtx",
      "file": "Microsoft-Windows-Store%4Operational.evtx"
    },
    {
      "event_id": 8001,
      "provider": "Microsoft-Windows-Store",
      "timestamp": "2026-07-27T22:39:05.504691+00:00",
      "computer": "WIN-IN9ODUH5HLF",
      "level": "4",
      "channel": "Microsoft-Windows-Store/Operational",
      "record_id": "1325",
      "event_data": {
        "Message": "Failure Message: hr: 0x80070520",
        "Function": "",
        "Source": "onecoreuap\\enduser\\winstore\\auth\\lib\\winstoreauth.cpp",
        "Line Number": "564"
      },
      "source_format": "evtx",
      "file": "Microsoft-Windows-Store%4Operational.evtx"
    },
    {
      "event_id": 8001,
      "provider": "Microsoft-Windows-Store",
      "timestamp": "2026-07-27T22:39:05.504689+00:00",
      "computer": "WIN-IN9ODUH5HLF",
      "level": "4",
      "channel": "Microsoft-Windows-Store/Operational",
      "record_id": "1324",
      "event_data": {
        "Message": "Failure Message: hr: 0x80070520",
        "Function": "",
        "Source": "onecoreuap\\enduser\\winstore\\auth\\lib\\winstoreauth.cpp",
        "Line Number": "1862"
      },
      "source_format": "evtx",
      "file": "Microsoft-Windows-Store%4Operational.evtx"
    },
    {
      "event_id": 8001,
      "provider": "Microsoft-Windows-Store",
      "timestamp": "2026-07-27T22:39:05.501811+00:00",
      "computer": "WIN-IN9ODUH5HLF",
      "level": "4",
      "channel": "Microsoft-Windows-Store/Operational",
      "record_id": "1323",
      "event_data": {
        "Message": "Getting user tickets for S-1-5-19",
        "Function": "SingleUserStoredIdentitySnapshot::CaptureIdentity",
        "Source": "onecoreuap\\enduser\\winstore\\licensemanager\\lib\\identity.cpp",
        "Line Number": "351"
      },
      "source_format": "evtx",
      "file": "Microsoft-Windows-Store%4Operational.evtx"
    },
    {
      "event_id": 8001,
      "provider": "Microsoft-Windows-Store",
      "timestamp": "2026-07-27T22:39:05.205009+00:00",
      "computer": "WIN-IN9ODUH5HLF",
      "level": "4",
      "channel": "Microsoft-Windows-Store/Operational",
      "record_id": "1322",
      "event_data": {
        "Message": "Returning 1 lease documents for contentid 68BC3251-2D8B-A604-92BA-893638CA72EA",
        "Function": "ClipStorage::GetLeaseDocumentsForKeyDocument",
        "Source": "onecoreuap\\enduser\\winstore\\licensemanager\\lib\\clipstorage.cpp",
        "Line Number": "460"
      },
      "source_format": "evtx",
      "file": "Microsoft-Windows-Store%4Operational.evtx"
    },
    {
      "event_id": 8001,
      "provider": "Microsoft-Windows-Store",
      "timestamp": "2026-07-27T22:39:05.205008+00:00",
      "computer": "WIN-IN9ODUH5HLF",
      "level": "4",
      "channel": "Microsoft-Windows-Store/Operational",
      "record_id": "1321",
      "event_data": {
        "Message": "Adding lease {C94A6C18-D496-DA1C-8A02-FC6976E0145E} to results",
        "Function": "ClipStorage::GetLeaseDocumentsForKeyDocument",
        "Source": "onecoreuap\\enduser\\winstore\\licensemanager\\lib\\clipstorage.cpp",
        "Line Number": "387"
      },
      "source_format": "evtx",
      "file": "Microsoft-Windows-Store%4Operational.evtx"
    },
    {
      "event_id": 8001,
      "provider": "Microsoft-Windows-Store",
      "timestamp": "2026-07-27T22:39:05.204976+00:00",
      "computer": "WIN-IN9ODUH5HLF",
      "level": "4",
      "channel": "Microsoft-Windows-Store/Operational",
      "record_id": "1320",
      "event_data": {
        "Message": "Decoding: {\"entitlementSatisfaction\":\"Open\",\"isOffline\":true,\"leaseEnforcement\":\"None\",\"leaseUri\":\"https://licensing.md.mp.microsoft.com/v7.0/licenses/?contentId=68bc3251-2d8b-a604-92ba-893638ca72ea&market=US&policyType=Open&productId=9WZDNCRFHVN5&skuId=0010\",\"keyIds\":[\"bcda97bb-bfd0-2a72-3c90-c8518f3d09ee\"],\"kind\":\"Content\",\"packages\":[{\"packageIdentifier\":\"68bc3251-2d8b-a604-92ba-893638ca72ea\",\"packageType\":\"msix\",\"productAddOns\":[],\"productId\":\"9WZDNCRFHVN5\",\"skuId\":\"0010\"}],\"pollAt\":\"2026-10-24T23:20:12.6606957+00:00\",\"refreshOnStartup\":false,\"version\":7}",
        "Function": "DecodeCustomPolicy",
        "Source": "onecoreuap\\enduser\\winstore\\licensemanager\\lib\\clipdocument.cpp",
        "Line Number": "50"
      },
      "source_format": "evtx",
      "file": "Microsoft-Windows-Store%4Operational.evtx"
    },
    {
      "event_id": 8001,
      "provider": "Microsoft-Windows-Store",
      "timestamp": "2026-07-27T22:39:05.060566+00:00",
      "computer": "WIN-IN9ODUH5HLF",
      "level": "4",
      "channel": "Microsoft-Windows-Store/Operational",
      "record_id": "1319",
      "event_data": {
        "Message": "Getting lease for 68BC3251-2D8B-A604-92BA-893638CA72EA",
        "Function": "LicenseManagerCore::GetExistingLeaseAndLicense",
        "Source": "onecoreuap\\enduser\\winstore\\licensemanager\\lib\\managercore.cpp",
        "Line Number": "415"
      },
      "source_format": "evtx",
      "file": "Microsoft-Windows-Store%4Operational.evtx"
    },
    {
      "event_id": 8001,
      "provider": "Microsoft-Windows-Store",
      "timestamp": "2026-07-27T22:39:05.058298+00:00",
      "computer": "WIN-IN9ODUH5HLF",
      "level": "4",
      "channel": "Microsoft-Windows-Store/Operational",
      "record_id": "1318",
      "event_data": {
        "Message": "Returning key document for contentid 68BC3251-2D8B-A604-92BA-893638CA72EA",
        "Function": "ClipStorage::GetKeyDocumentForContentWithIdAndMinQuality",
        "Source": "onecoreuap\\enduser\\winstore\\licensemanager\\lib\\clipstorage.cpp",
        "Line Number": "262"
      },
      "source_format": "evtx",
      "file": "Microsoft-Windows-Store%4Operational.evtx"
    },
    {
      "event_id": 8001,
      "provider": "Microsoft-Windows-Store",
      "timestamp": "2026-07-27T22:39:05.058297+00:00",
      "computer": "WIN-IN9ODUH5HLF",
      "level": "4",
      "channel": "Microsoft-Windows-Store/Operational",
      "record_id": "1317",
      "event_data": {
        "Message": "Accepting key with License ID {BCDA97BB-BFD0-2A72-3C90-C8518F3D09EE} for Content ID 68BC3251-2D8B-A604-92BA-893638CA72EA (first match)",
        "Function": "ClipStorage::GetKeyDocumentForContentWithIdAndMinQuality",
        "Source": "onecoreuap\\enduser\\winstore\\licensemanager\\lib\\clipstorage.cpp",
        "Line Number": "223"
      },
      "source_format": "evtx",
      "file": "Microsoft-Windows-Store%4Operational.evtx"
    },
    {
      "event_id": 8001,
      "provider": "Microsoft-Windows-Store",
      "timestamp": "2026-07-27T22:39:05.058288+00:00",
      "computer": "WIN-IN9ODUH5HLF",
      "level": "4",
      "channel": "Microsoft-Windows-Store/Operational",
      "record_id": "1316",
      "event_data": {
        "Message": "Decoding: {\"legacyProductId\":\"e632fe90-a5ba-43aa-bf81-9de8413e83d8\"}",
        "Function": "DecodeCustomPolicy",
        "Source": "onecoreuap\\enduser\\winstore\\licensemanager\\lib\\clipdocument.cpp",
        "Line Number": "50"
      },
      "source_format": "evtx",
      "file": "Microsoft-Windows-Store%4Operational.evtx"
    },
    {
      "event_id": 8001,
      "provider": "Microsoft-Windows-Store",
      "timestamp": "2026-07-27T22:39:05.058279+00:00",
      "computer": "WIN-IN9ODUH5HLF",
      "level": "4",
      "channel": "Microsoft-Windows-Store/Operational",
      "record_id": "1315",
      "event_data": {
        "Message": "Considering License ID {BCDA97BB-BFD0-2A72-3C90-C8518F3D09EE} for content ID 68BC3251-2D8B-A604-92BA-893638CA72EA...",
        "Function": "ClipStorage::GetKeyDocumentForContentWithIdAndMinQuality",
        "Source": "onecoreuap\\enduser\\winstore\\licensemanager\\lib\\clipstorage.cpp",
        "Line Number": "192"
      },
      "source_format": "evtx",
      "file": "Microsoft-Windows-Store%4Operational.evtx"
    },
    {
      "event_id": 8001,
      "provider": "Microsoft-Windows-Store",
      "timestamp": "2026-07-27T22:39:05.053559+00:00",
      "computer": "WIN-IN9ODUH5HLF",
      "level": "4",
      "channel": "Microsoft-Windows-Store/Operational",
      "record_id": "1314",
      "event_data": {
        "Message": "Refreshing content 68BC3251-2D8B-A604-92BA-893638CA72EA outside of KeyMachine",
        "Function": "LicenseManagerCore::Refresh",
        "Source": "onecoreuap\\enduser\\winstore\\licensemanager\\lib\\managercore.cpp",
        "Line Number": "835"
      },
      "source_format": "evtx",
      "file": "Microsoft-Windows-Store%4Operational.evtx"
    },
    {
      "event_id": 8002,
      "provider": "Microsoft-Windows-Store",
      "timestamp": "2026-07-27T22:39:05.046851+00:00",
      "computer": "WIN-IN9ODUH5HLF",
      "level": "3",
      "channel": "Microsoft-Windows-Store/Operational",
      "record_id": "1312",
      "event_data": {
        "Message": "Capturing identity for LocalService, this probably isn't intended",
        "Function": "StoredIdentity::StoredIdentity",
        "Source": "onecoreuap\\enduser\\winstore\\licensemanager\\lib\\identity.cpp",
        "Line Number": "546"
      },
      "source_format": "evtx",
      "file": "Microsoft-Windows-Store%4Operational.evtx"
    },
    {
      "event_id": 8001,
      "provider": "Microsoft-Windows-Store",
      "timestamp": "2026-07-27T22:39:05.046818+00:00",
      "computer": "WIN-IN9ODUH5HLF",
      "level": "4",
      "channel": "Microsoft-Windows-Store/Operational",
      "record_id": "1311",
      "event_data": {
        "Message": "Invalidating cache for 68BC3251-2D8B-A604-92BA-893638CA72EA",
        "Function": "LicenseManager::RefreshCacheForContentWithId",
        "Source": "onecoreuap\\enduser\\winstore\\licensemanager\\lib\\manager.cpp",
        "Line Number": "174"
      },
      "source_format": "evtx",
      "file": "Microsoft-Windows-Store%4Operational.evtx"
    },
    {
      "event_id": 8001,
      "provider": "Microsoft-Windows-Store",
      "timestamp": "2026-07-27T22:39:05.046733+00:00",
      "computer": "WIN-IN9ODUH5HLF",
      "level": "4",
      "channel": "Microsoft-Windows-Store/Operational",
      "record_id": "1310",
      "event_data": {
        "Message": "Decoding: {\"legacyProductId\":\"99f7148c-ff29-4b13-9419-e1ac70330190\"}",
        "Function": "DecodeCustomPolicy",
        "Source": "onecoreuap\\enduser\\winstore\\licensemanager\\lib\\clipdocument.cpp",
        "Line Number": "50"
      },
      "source_format": "evtx",
      "file": "Microsoft-Windows-Store%4Operational.evtx"
    },
    {
      "event_id": 8001,
      "provider": "Microsoft-Windows-Store",
      "timestamp": "2026-07-27T22:39:04.973856+00:00",
      "computer": "WIN-IN9ODUH5HLF",
      "level": "4",
      "channel": "Microsoft-Windows-Store/Operational",
      "record_id": "1309",
      "event_data": {
        "Message": "Installing key document",
        "Function": "ClipStorage::StoreKeyDocument",
        "Source": "onecoreuap\\enduser\\winstore\\licensemanager\\lib\\clipstorage.cpp",
        "Line Number": "67"
      },
      "source_format": "evtx",
      "file": "Microsoft-Windows-Store%4Operational.evtx"
    },
    {
      "event_id": 8001,
      "provider": "Microsoft-Windows-Store",
      "timestamp": "2026-07-27T22:39:04.952358+00:00",
      "computer": "WIN-IN9ODUH5HLF",
      "level": "4",
      "channel": "Microsoft-Windows-Store/Operational",
      "record_id": "1308",
      "event_data": {
        "Message": "Installing lease",
        "Function": "ClipStorage::StoreLeaseDocument",
        "Source": "onecoreuap\\enduser\\winstore\\licensemanager\\lib\\clipstorage.cpp",
        "Line Number": "285"
      },
      "source_format": "evtx",
      "file": "Microsoft-Windows-Store%4Operational.evtx"
    },
