    {
      "event_id": 3,
      "provider": "Microsoft-Windows-Bits-Client",
      "timestamp": "2026-07-27T22:53:42.755716+00:00",
      "computer": "WIN-IN9ODUH5HLF",
      "level": "4",
      "channel": "Microsoft-Windows-Bits-Client/Operational",
      "record_id": "251",
      "event_data": {
        "jobTitle": "PreSignInSettingsConfigJSON",
        "jobId": "EC6B46A6-81F5-4D8D-BC69-4726605EF1C2",
        "jobOwner": "DESKTOP-M3EFNJH\\Adam Sed",
        "processPath": "C:\\Users\\Adam Sed\\AppData\\Local\\Microsoft\\OneDrive\\Update\\OneDriveSetup.exe",
        "processId": "5096",
        "ClientProcessStartKey": "562949953422030"
      },
      "source_format": "evtx",
      "file": "Microsoft-Windows-Bits-Client%4Operational.evtx"
    },
    {
      "event_id": 8001,
      "provider": "Microsoft-Windows-Store",
      "timestamp": "2026-07-27T22:53:38.817867+00:00",
      "computer": "WIN-IN9ODUH5HLF",
      "level": "4",
      "channel": "Microsoft-Windows-Store/Operational",
      "record_id": "1980",
      "event_data": {
        "Message": "Skipping license manager: PFN Microsoft.WindowsStore_22506.1400.2.0_x64__8wekyb3d8bbwe",
        "Function": "InvokeLicenseManagerRequired",
        "Source": "onecoreuap\\enduser\\winstore\\licensemanager\\apisethost\\activationapis.cpp",
        "Line Number": "373"
      },
      "source_format": "evtx",
      "file": "Microsoft-Windows-Store%4Operational.evtx"
    },
    {
      "event_id": 3,
      "provider": "Microsoft-Windows-Bits-Client",
      "timestamp": "2026-07-27T22:53:34.991024+00:00",
      "computer": "WIN-IN9ODUH5HLF",
      "level": "4",
      "channel": "Microsoft-Windows-Bits-Client/Operational",
      "record_id": "247",
      "event_data": {
        "jobTitle": "Edge Component Updater",
        "jobId": "F1C21DB9-92CF-4C89-B383-A2D1C6AC81AE",
        "jobOwner": "DESKTOP-M3EFNJH\\Adam Sed",
        "processPath": "C:\\Program Files (x86)\\Microsoft\\Edge\\Application\\msedge.exe",
        "processId": "2596",
        "ClientProcessStartKey": "562949953421899"
      },
      "source_format": "evtx",
      "file": "Microsoft-Windows-Bits-Client%4Operational.evtx"
    },
    {
      "event_id": 8001,
      "provider": "Microsoft-Windows-Store",
      "timestamp": "2026-07-27T22:53:32.187606+00:00",
      "computer": "WIN-IN9ODUH5HLF",
      "level": "4",
      "channel": "Microsoft-Windows-Store/Operational",
      "record_id": "1979",
      "event_data": {
        "Message": "Skipping license manager: PFN Microsoft.WindowsNotepad_11.2501.31.0_x64__8wekyb3d8bbwe",
        "Function": "InvokeLicenseManagerRequired",
        "Source": "onecoreuap\\enduser\\winstore\\licensemanager\\apisethost\\activationapis.cpp",
        "Line Number": "373"
      },
      "source_format": "evtx",
      "file": "Microsoft-Windows-Store%4Operational.evtx"
    },
    {
      "event_id": 3,
      "provider": "Microsoft-Windows-Bits-Client",
      "timestamp": "2026-07-27T22:53:29.919098+00:00",
      "computer": "WIN-IN9ODUH5HLF",
      "level": "4",
      "channel": "Microsoft-Windows-Bits-Client/Operational",
      "record_id": "240",
      "event_data": {
        "jobTitle": "Edge Component Updater",
        "jobId": "76A9CBDA-C74A-4F99-A737-5E4B076DC15D",
        "jobOwner": "DESKTOP-M3EFNJH\\Adam Sed",
        "processPath": "C:\\Program Files (x86)\\Microsoft\\EdgeWebView\\Application\\150.0.4078.105\\msedgewebview2.exe",
        "processId": "11552",
        "ClientProcessStartKey": "562949953421961"
      },
      "source_format": "evtx",
      "file": "Microsoft-Windows-Bits-Client%4Operational.evtx"
    },
    {
      "event_id": 3,
      "provider": "Microsoft-Windows-Bits-Client",
      "timestamp": "2026-07-27T22:53:26.287335+00:00",
      "computer": "WIN-IN9ODUH5HLF",
      "level": "4",
      "channel": "Microsoft-Windows-Bits-Client/Operational",
      "record_id": "235",
      "event_data": {
        "jobTitle": "NucleusUpdateRingConfigJSON",
        "jobId": "1FA69304-B5E3-4CF4-B211-847BE7DFA9DF",
        "jobOwner": "DESKTOP-M3EFNJH\\Adam Sed",
        "processPath": "C:\\Users\\Adam Sed\\AppData\\Local\\Microsoft\\OneDrive\\25.087.0506.0001\\Microsoft.SharePoint.exe",
        "processId": "12116",
        "ClientProcessStartKey": "562949953422018"
      },
      "source_format": "evtx",
      "file": "Microsoft-Windows-Bits-Client%4Operational.evtx"
    },
    {
      "event_id": 8001,
      "provider": "Microsoft-Windows-Store",
      "timestamp": "2026-07-27T22:53:18.337420+00:00",
      "computer": "WIN-IN9ODUH5HLF",
      "level": "4",
      "channel": "Microsoft-Windows-Store/Operational",
      "record_id": "1978",
      "event_data": {
        "Message": "Skipping license manager: PFN Microsoft.WindowsNotepad_11.2501.31.0_x64__8wekyb3d8bbwe",
        "Function": "InvokeLicenseManagerRequired",
        "Source": "onecoreuap\\enduser\\winstore\\licensemanager\\apisethost\\activationapis.cpp",
        "Line Number": "373"
      },
      "source_format": "evtx",
      "file": "Microsoft-Windows-Store%4Operational.evtx"
    },
    {
      "event_id": 3,
      "provider": "Microsoft-Windows-Bits-Client",
      "timestamp": "2026-07-27T22:53:17.510076+00:00",
      "computer": "WIN-IN9ODUH5HLF",
      "level": "4",
      "channel": "Microsoft-Windows-Bits-Client/Operational",
      "record_id": "229",
      "event_data": {
        "jobTitle": "UpdateBinary",
        "jobId": "A681F832-6F68-442C-BCDF-6274AF5BC004",
        "jobOwner": "DESKTOP-M3EFNJH\\Adam Sed",
        "processPath": "C:\\Users\\Adam Sed\\AppData\\Local\\Microsoft\\OneDrive\\OneDrive.exe",
        "processId": "13056",
        "ClientProcessStartKey": "562949953422010"
      },
      "source_format": "evtx",
      "file": "Microsoft-Windows-Bits-Client%4Operational.evtx"
    },
    {
      "event_id": 3,
      "provider": "Microsoft-Windows-Bits-Client",
      "timestamp": "2026-07-27T22:53:17.458709+00:00",
      "computer": "WIN-IN9ODUH5HLF",
      "level": "4",
      "channel": "Microsoft-Windows-Bits-Client/Operational",
      "record_id": "227",
      "event_data": {
        "jobTitle": "Edge Component Updater",
        "jobId": "29CB58F0-5B0D-435E-B430-76C94EA76308",
        "jobOwner": "DESKTOP-M3EFNJH\\Bob Milton",
        "processPath": "C:\\Program Files (x86)\\Microsoft\\Edge\\Application\\msedge.exe",
        "processId": "8992",
        "ClientProcessStartKey": "562949953421635"
      },
      "source_format": "evtx",
      "file": "Microsoft-Windows-Bits-Client%4Operational.evtx"
    },
    {
      "event_id": 3,
      "provider": "Microsoft-Windows-Bits-Client",
      "timestamp": "2026-07-27T22:53:16.276223+00:00",
      "computer": "WIN-IN9ODUH5HLF",
      "level": "4",
      "channel": "Microsoft-Windows-Bits-Client/Operational",
      "record_id": "222",
      "event_data": {
        "jobTitle": "PreSignInSettingsConfigJSON",
        "jobId": "A17F6B02-42B0-42F8-9E29-12088A88D192",
        "jobOwner": "DESKTOP-M3EFNJH\\Adam Sed",
        "processPath": "C:\\Users\\Adam Sed\\AppData\\Local\\Microsoft\\OneDrive\\OneDrive.exe",
        "processId": "13056",
        "ClientProcessStartKey": "562949953422010"
      },
      "source_format": "evtx",
      "file": "Microsoft-Windows-Bits-Client%4Operational.evtx"
    },
    {
      "event_id": 3,
      "provider": "Microsoft-Windows-Bits-Client",
      "timestamp": "2026-07-27T22:53:12.103194+00:00",
      "computer": "WIN-IN9ODUH5HLF",
      "level": "4",
      "channel": "Microsoft-Windows-Bits-Client/Operational",
      "record_id": "216",
      "event_data": {
        "jobTitle": "Edge Component Updater",
        "jobId": "AA4EFCC6-A4D7-40CA-8F5C-B0C99068B812",
        "jobOwner": "DESKTOP-M3EFNJH\\Adam Sed",
        "processPath": "C:\\Program Files (x86)\\Microsoft\\EdgeWebView\\Application\\150.0.4078.105\\msedgewebview2.exe",
        "processId": "11552",
        "ClientProcessStartKey": "562949953421961"
      },
      "source_format": "evtx",
      "file": "Microsoft-Windows-Bits-Client%4Operational.evtx"
    },
    {
      "event_id": 8001,
      "provider": "Microsoft-Windows-Store",
      "timestamp": "2026-07-27T22:53:10.713828+00:00",
      "computer": "WIN-IN9ODUH5HLF",
      "level": "4",
      "channel": "Microsoft-Windows-Store/Operational",
      "record_id": "1977",
      "event_data": {
        "Message": "Skipping license manager: PFN Microsoft.WindowsNotepad_11.2501.31.0_x64__8wekyb3d8bbwe",
        "Function": "InvokeLicenseManagerRequired",
        "Source": "onecoreuap\\enduser\\winstore\\licensemanager\\apisethost\\activationapis.cpp",
        "Line Number": "373"
      },
      "source_format": "evtx",
      "file": "Microsoft-Windows-Store%4Operational.evtx"
    },
    {
      "event_id": 8001,
      "provider": "Microsoft-Windows-Store",
      "timestamp": "2026-07-27T22:53:10.647052+00:00",
      "computer": "WIN-IN9ODUH5HLF",
      "level": "4",
      "channel": "Microsoft-Windows-Store/Operational",
      "record_id": "1976",
      "event_data": {
        "Message": "Skipping license manager: PFN Microsoft.WindowsNotepad_11.2501.31.0_x64__8wekyb3d8bbwe",
        "Function": "InvokeLicenseManagerRequired",
        "Source": "onecoreuap\\enduser\\winstore\\licensemanager\\apisethost\\activationapis.cpp",
        "Line Number": "373"
      },
      "source_format": "evtx",
      "file": "Microsoft-Windows-Store%4Operational.evtx"
    },
    {
      "event_id": 8001,
      "provider": "Microsoft-Windows-Store",
      "timestamp": "2026-07-27T22:53:10.644965+00:00",
      "computer": "WIN-IN9ODUH5HLF",
      "level": "4",
      "channel": "Microsoft-Windows-Store/Operational",
      "record_id": "1975",
      "event_data": {
        "Message": "canDisableApps value is 1",
        "Function": "InitStoreAppsAreDisabled",
        "Source": "onecoreuap\\enduser\\winstore\\licensemanager\\apisethost\\activationapis.cpp",
        "Line Number": "195"
      },
      "source_format": "evtx",
      "file": "Microsoft-Windows-Store%4Operational.evtx"
    },
    {
      "event_id": 8001,
      "provider": "Microsoft-Windows-Store",
      "timestamp": "2026-07-27T22:53:10.520342+00:00",
      "computer": "WIN-IN9ODUH5HLF",
      "level": "4",
      "channel": "Microsoft-Windows-Store/Operational",
      "record_id": "1973",
      "event_data": {
        "Message": "Skipping license manager: PFN Microsoft.WindowsNotepad_11.2501.31.0_x64__8wekyb3d8bbwe",
        "Function": "InvokeLicenseManagerRequired",
        "Source": "onecoreuap\\enduser\\winstore\\licensemanager\\apisethost\\activationapis.cpp",
        "Line Number": "373"
      },
      "source_format": "evtx",
      "file": "Microsoft-Windows-Store%4Operational.evtx"
    },
    {
      "event_id": 8001,
      "provider": "Microsoft-Windows-Store",
      "timestamp": "2026-07-27T22:53:07.840931+00:00",
      "computer": "WIN-IN9ODUH5HLF",
      "level": "4",
      "channel": "Microsoft-Windows-Store/Operational",
      "record_id": "1972",
      "event_data": {
        "Message": "Skipping license manager: PFN Microsoft.WindowsTerminal_1.18.10301.0_x64__8wekyb3d8bbwe",
        "Function": "InvokeLicenseManagerRequired",
        "Source": "onecoreuap\\enduser\\winstore\\licensemanager\\apisethost\\activationapis.cpp",
        "Line Number": "373"
      },
      "source_format": "evtx",
      "file": "Microsoft-Windows-Store%4Operational.evtx"
    },
    {
      "event_id": 3,
      "provider": "Microsoft-Windows-Bits-Client",
      "timestamp": "2026-07-27T22:53:05.694060+00:00",
      "computer": "WIN-IN9ODUH5HLF",
      "level": "4",
      "channel": "Microsoft-Windows-Bits-Client/Operational",
      "record_id": "212",
      "event_data": {
        "jobTitle": "Edge Component Updater",
        "jobId": "B5C11A3B-C7E6-4CD7-A8DA-BC141EBA5B67",
        "jobOwner": "DESKTOP-M3EFNJH\\Adam Sed",
        "processPath": "C:\\Program Files (x86)\\Microsoft\\Edge\\Application\\msedge.exe",
        "processId": "2596",
        "ClientProcessStartKey": "562949953421899"
      },
      "source_format": "evtx",
      "file": "Microsoft-Windows-Bits-Client%4Operational.evtx"
    },
    {
      "event_id": 8001,
      "provider": "Microsoft-Windows-Store",
      "timestamp": "2026-07-27T22:53:03.214123+00:00",
      "computer": "WIN-IN9ODUH5HLF",
      "level": "4",
      "channel": "Microsoft-Windows-Store/Operational",
      "record_id": "1971",
      "event_data": {
        "Message": "Skipping license manager: PFN Microsoft.WindowsNotepad_11.2501.31.0_x64__8wekyb3d8bbwe",
        "Function": "InvokeLicenseManagerRequired",
        "Source": "onecoreuap\\enduser\\winstore\\licensemanager\\apisethost\\activationapis.cpp",
        "Line Number": "373"
      },
      "source_format": "evtx",
      "file": "Microsoft-Windows-Store%4Operational.evtx"
    },
    {
      "event_id": 8001,
      "provider": "Microsoft-Windows-Store",
      "timestamp": "2026-07-27T22:53:01.930155+00:00",
      "computer": "WIN-IN9ODUH5HLF",
      "level": "4",
      "channel": "Microsoft-Windows-Store/Operational",
      "record_id": "1970",
      "event_data": {
        "Message": "Skipping license manager: PFN Microsoft.WindowsTerminal_1.18.10301.0_x64__8wekyb3d8bbwe",
        "Function": "InvokeLicenseManagerRequired",
        "Source": "onecoreuap\\enduser\\winstore\\licensemanager\\apisethost\\activationapis.cpp",
        "Line Number": "373"
      },
      "source_format": "evtx",
      "file": "Microsoft-Windows-Store%4Operational.evtx"
    },
    {
      "event_id": 3,
      "provider": "Microsoft-Windows-Bits-Client",
      "timestamp": "2026-07-27T22:52:58.587904+00:00",
      "computer": "WIN-IN9ODUH5HLF",
      "level": "4",
      "channel": "Microsoft-Windows-Bits-Client/Operational",
      "record_id": "207",
      "event_data": {
        "jobTitle": "Edge Component Updater",
        "jobId": "F800F21F-D693-486F-B343-0954BDFA653A",
        "jobOwner": "DESKTOP-M3EFNJH\\Adam Sed",
        "processPath": "C:\\Program Files (x86)\\Microsoft\\EdgeWebView\\Application\\150.0.4078.105\\msedgewebview2.exe",
        "processId": "11552",
        "ClientProcessStartKey": "562949953421961"
      },
      "source_format": "evtx",
      "file": "Microsoft-Windows-Bits-Client%4Operational.evtx"
    },
    {
      "event_id": 8001,
      "provider": "Microsoft-Windows-Store",
      "timestamp": "2026-07-27T22:52:53.339411+00:00",
      "computer": "WIN-IN9ODUH5HLF",
      "level": "4",
      "channel": "Microsoft-Windows-Store/Operational",
      "record_id": "1969",
      "event_data": {
        "Message": "Skipping license manager: PFN Microsoft.WindowsTerminal_1.18.10301.0_x64__8wekyb3d8bbwe",
        "Function": "InvokeLicenseManagerRequired",
        "Source": "onecoreuap\\enduser\\winstore\\licensemanager\\apisethost\\activationapis.cpp",
        "Line Number": "373"
      },
      "source_format": "evtx",
      "file": "Microsoft-Windows-Store%4Operational.evtx"
    },
    {
      "event_id": 3,
      "provider": "Microsoft-Windows-Bits-Client",
      "timestamp": "2026-07-27T22:52:50.025024+00:00",
      "computer": "WIN-IN9ODUH5HLF",
      "level": "4",
      "channel": "Microsoft-Windows-Bits-Client/Operational",
      "record_id": "202",
      "event_data": {
        "jobTitle": "Edge Component Updater",
        "jobId": "8CEFE0D2-45E2-428E-80DE-87831A52858B",
        "jobOwner": "DESKTOP-M3EFNJH\\Adam Sed",
        "processPath": "C:\\Program Files (x86)\\Microsoft\\EdgeWebView\\Application\\150.0.4078.105\\msedgewebview2.exe",
        "processId": "11552",
        "ClientProcessStartKey": "562949953421961"
      },
      "source_format": "evtx",
      "file": "Microsoft-Windows-Bits-Client%4Operational.evtx"
    },
    {
      "event_id": 3,
      "provider": "Microsoft-Windows-Bits-Client",
      "timestamp": "2026-07-27T22:52:45.744826+00:00",
      "computer": "WIN-IN9ODUH5HLF",
      "level": "4",
      "channel": "Microsoft-Windows-Bits-Client/Operational",
      "record_id": "197",
      "event_data": {
        "jobTitle": "Edge Component Updater",
        "jobId": "A61C44F8-00C6-44BA-9AD7-E484FB81859C",
        "jobOwner": "DESKTOP-M3EFNJH\\Adam Sed",
        "processPath": "C:\\Program Files (x86)\\Microsoft\\Edge\\Application\\msedge.exe",
        "processId": "2596",
        "ClientProcessStartKey": "562949953421899"
      },
      "source_format": "evtx",
      "file": "Microsoft-Windows-Bits-Client%4Operational.evtx"
    },
    {
      "event_id": 8001,
      "provider": "Microsoft-Windows-Store",
      "timestamp": "2026-07-27T22:52:44.326325+00:00",
      "computer": "WIN-IN9ODUH5HLF",
      "level": "4",
      "channel": "Microsoft-Windows-Store/Operational",
      "record_id": "1968",
      "event_data": {
        "Message": "Skipping license manager: PFN Microsoft.WindowsTerminal_1.18.10301.0_x64__8wekyb3d8bbwe",
        "Function": "InvokeLicenseManagerRequired",
        "Source": "onecoreuap\\enduser\\winstore\\licensemanager\\apisethost\\activationapis.cpp",
        "Line Number": "373"
      },
      "source_format": "evtx",
      "file": "Microsoft-Windows-Store%4Operational.evtx"
    },
    {
      "event_id": 8001,
      "provider": "Microsoft-Windows-Store",
      "timestamp": "2026-07-27T22:52:43.941500+00:00",
      "computer": "WIN-IN9ODUH5HLF",
      "level": "4",
      "channel": "Microsoft-Windows-Store/Operational",
      "record_id": "1967",
      "event_data": {
        "Message": "Skipping license manager: PFN Microsoft.WindowsTerminal_1.18.10301.0_x64__8wekyb3d8bbwe",
        "Function": "InvokeLicenseManagerRequired",
        "Source": "onecoreuap\\enduser\\winstore\\licensemanager\\apisethost\\activationapis.cpp",
        "Line Number": "373"
      },
      "source_format": "evtx",
      "file": "Microsoft-Windows-Store%4Operational.evtx"
    },
    {
      "event_id": 3,
      "provider": "Microsoft-Windows-Bits-Client",
      "timestamp": "2026-07-27T22:52:41.048900+00:00",
      "computer": "WIN-IN9ODUH5HLF",
      "level": "4",
      "channel": "Microsoft-Windows-Bits-Client/Operational",
      "record_id": "192",
      "event_data": {
        "jobTitle": "PreSignInSettingsConfigJSON",
        "jobId": "AE051741-A913-477F-AEFB-333BB779BB56",
        "jobOwner": "DESKTOP-M3EFNJH\\Adam Sed",
        "processPath": "C:\\Windows\\System32\\OneDriveSetup.exe",
        "processId": "12512",
        "ClientProcessStartKey": "562949953421997"
      },
      "source_format": "evtx",
      "file": "Microsoft-Windows-Bits-Client%4Operational.evtx"
    },
    {
      "event_id": 8001,
      "provider": "Microsoft-Windows-Store",
      "timestamp": "2026-07-27T22:52:34.466180+00:00",
      "computer": "WIN-IN9ODUH5HLF",
      "level": "4",
      "channel": "Microsoft-Windows-Store/Operational",
      "record_id": "1950",
      "event_data": {
        "Message": "Skipping license manager: PFN Microsoft.WindowsTerminal_1.18.10301.0_x64__8wekyb3d8bbwe",
        "Function": "InvokeLicenseManagerRequired",
        "Source": "onecoreuap\\enduser\\winstore\\licensemanager\\apisethost\\activationapis.cpp",
        "Line Number": "373"
      },
      "source_format": "evtx",
      "file": "Microsoft-Windows-Store%4Operational.evtx"
    },
    {
      "event_id": 3,
      "provider": "Microsoft-Windows-Bits-Client",
      "timestamp": "2026-07-27T22:52:30.037667+00:00",
      "computer": "WIN-IN9ODUH5HLF",
      "level": "4",
      "channel": "Microsoft-Windows-Bits-Client/Operational",
      "record_id": "187",
      "event_data": {
        "jobTitle": "Edge Component Updater",
        "jobId": "A94D7661-2E47-4825-B6AE-5F78AA937E1A",
        "jobOwner": "DESKTOP-M3EFNJH\\Adam Sed",
        "processPath": "C:\\Program Files (x86)\\Microsoft\\Edge\\Application\\msedge.exe",
        "processId": "2596",
        "ClientProcessStartKey": "562949953421899"
      },
      "source_format": "evtx",
      "file": "Microsoft-Windows-Bits-Client%4Operational.evtx"
    },
    {
      "event_id": 8001,
      "provider": "Microsoft-Windows-Store",
      "timestamp": "2026-07-27T22:52:27.814181+00:00",
      "computer": "WIN-IN9ODUH5HLF",
      "level": "4",
      "channel": "Microsoft-Windows-Store/Operational",
      "record_id": "1949",
      "event_data": {
        "Message": "Skipping license manager: PFN Microsoft.WindowsStore_22506.1400.2.0_x64__8wekyb3d8bbwe",
        "Function": "InvokeLicenseManagerRequired",
        "Source": "onecoreuap\\enduser\\winstore\\licensemanager\\apisethost\\activationapis.cpp",
        "Line Number": "373"
      },
      "source_format": "evtx",
      "file": "Microsoft-Windows-Store%4Operational.evtx"
    },
    {
      "event_id": 8001,
      "provider": "Microsoft-Windows-Store",
      "timestamp": "2026-07-27T22:52:27.813376+00:00",
      "computer": "WIN-IN9ODUH5HLF",
      "level": "4",
      "channel": "Microsoft-Windows-Store/Operational",
      "record_id": "1948",
      "event_data": {
        "Message": "Skipping license manager: PFN Microsoft.WindowsStore_22506.1400.2.0_x64__8wekyb3d8bbwe",
        "Function": "InvokeLicenseManagerRequired",
        "Source": "onecoreuap\\enduser\\winstore\\licensemanager\\apisethost\\activationapis.cpp",
        "Line Number": "373"
      },
      "source_format": "evtx",
      "file": "Microsoft-Windows-Store%4Operational.evtx"
    },
    {
      "event_id": 2005,
      "provider": "Microsoft-Windows-Install-Agent",
      "timestamp": "2026-07-27T22:52:23.108329+00:00",
      "computer": "WIN-IN9ODUH5HLF",
      "level": "5",
      "channel": "Microsoft-Windows-Store/Operational",
      "record_id": "1947",
      "event_data": {
        "Message": "Device Info: DeviceFamily = Windows.Desktop, Version = 2814751484157797, Arch = AMD64 (K8) ",
        "Function": "FindFulfillmentInfo",
        "Error Code": "0",
        "Source": "onecoreuap\\enduser\\winstore\\installservice\\libqueue2\\productdocument2helper.cpp",
        "Line Number": "380",
        "CorrelationVector": "",
        "ProductId": ""
      },
      "source_format": "evtx",
      "file": "Microsoft-Windows-Store%4Operational.evtx"
    },
    {
      "event_id": 2005,
      "provider": "Microsoft-Windows-Install-Agent",
      "timestamp": "2026-07-27T22:52:22.851793+00:00",
      "computer": "WIN-IN9ODUH5HLF",
      "level": "5",
      "channel": "Microsoft-Windows-Store/Operational",
      "record_id": "1933",
      "event_data": {
        "Message": "Device Info: DeviceFamily = Windows.Desktop, Version = 2814751484157797, Arch = AMD64 (K8) ",
        "Function": "FindFulfillmentInfo",
        "Error Code": "0",
        "Source": "onecoreuap\\enduser\\winstore\\installservice\\libqueue2\\productdocument2helper.cpp",
        "Line Number": "380",
        "CorrelationVector": "",
        "ProductId": ""
      },
      "source_format": "evtx",
      "file": "Microsoft-Windows-Store%4Operational.evtx"
    },
    {
      "event_id": 2005,
      "provider": "Microsoft-Windows-Install-Agent",
      "timestamp": "2026-07-27T22:52:22.226652+00:00",
      "computer": "WIN-IN9ODUH5HLF",
      "level": "5",
      "channel": "Microsoft-Windows-Store/Operational",
      "record_id": "1919",
      "event_data": {
        "Message": "oneSettingsconcurrentDefaultInstalls = 3, oneSettingsconcurrentMinInstalls = 3",
        "Function": "GetConcurrentInstallsFromOneSettings",
        "Error Code": "-1",
        "Source": "onecoreuap\\enduser\\winstore\\installservice\\lib\\settings.cpp",
        "Line Number": "692",
        "CorrelationVector": "NULL",
        "ProductId": "NULL"
      },
      "source_format": "evtx",
      "file": "Microsoft-Windows-Store%4Operational.evtx"
    },
    {
      "event_id": 1002,
      "provider": "Microsoft-Windows-Privacy-Auditing",
      "timestamp": "2026-07-27T22:52:19.287376+00:00",
      "computer": "WIN-IN9ODUH5HLF",
      "level": "4",
      "channel": "Microsoft-Windows-Privacy-Auditing/Operational",
      "record_id": "57",
      "event_data": {
        "CallerUserSid": "S-1-5-18",
        "CallerProcessName": "svchost.exe",
        "CallerAppPackageFamilyName": "",
        "OldConsentValue": "Deny",
        "NewConsentValue": "Allow",
        "SetByHigherAuthority": "false",
        "EffectiveConsentValue": "Allow",
        "TargetUserSid": "S-1-5-21-2258862260-369175572-2896348786-1002",
        "ConsentID": "",
        "AppPackageFamilyName": "NULL",
        "HResult": "0x0",
        "SettingName": "location"
      },
      "source_format": "evtx",
      "file": "Microsoft-Windows-Privacy-Auditing%4Operational.evtx"
    },
    {
      "event_id": 1002,
      "provider": "Microsoft-Windows-Privacy-Auditing-CPSS",
      "timestamp": "2026-07-27T22:52:19.255128+00:00",
      "computer": "WIN-IN9ODUH5HLF",
      "level": "4",
      "channel": "Microsoft-Windows-Privacy-Auditing/Operational",
      "record_id": "56",
      "event_data": {
        "ProcessUserSid": "S-1-5-18",
        "ProcessName": "svchost.exe",
        "ProcessAppPackageFullName": "",
        "OldSettingValue": "2",
        "NewSettingValue": "1",
        "TargetUserSid": "S-1-5-21-2258862260-369175572-2896348786-1002",
        "HResult": "0x0",
        "Component": "TailoredExperiencesWithDiagnosticDataEnabled",
        "Area": "Area",
        "SubArea": "SubArea",
        "ID": "ID",
        "Justification": "Projection overrode CPSS value",
        "TestCode": "false"
      },
      "source_format": "evtx",
      "file": "Microsoft-Windows-Privacy-Auditing%4Operational.evtx"
    },
    {
      "event_id": 3,
      "provider": "Microsoft-Windows-Bits-Client",
      "timestamp": "2026-07-27T22:52:17.068493+00:00",
      "computer": "WIN-IN9ODUH5HLF",
      "level": "4",
      "channel": "Microsoft-Windows-Bits-Client/Operational",
      "record_id": "182",
      "event_data": {
        "jobTitle": "Edge Component Updater",
        "jobId": "779B3AF1-4A1F-4072-95DF-FD2A68DBE813",
        "jobOwner": "DESKTOP-M3EFNJH\\Adam Sed",
        "processPath": "C:\\Program Files (x86)\\Microsoft\\Edge\\Application\\msedge.exe",
        "processId": "2596",
        "ClientProcessStartKey": "562949953421899"
      },
      "source_format": "evtx",
      "file": "Microsoft-Windows-Bits-Client%4Operational.evtx"
    },
    {
      "event_id": 3,
      "provider": "Microsoft-Windows-Bits-Client",
      "timestamp": "2026-07-27T22:52:03.231216+00:00",
      "computer": "WIN-IN9ODUH5HLF",
      "level": "4",
      "channel": "Microsoft-Windows-Bits-Client/Operational",
      "record_id": "177",
      "event_data": {
        "jobTitle": "Edge Component Updater",
        "jobId": "F5484559-1CCA-4DF3-BE12-54AB7C7E9545",
        "jobOwner": "DESKTOP-M3EFNJH\\Bob Milton",
        "processPath": "C:\\Program Files (x86)\\Microsoft\\Edge\\Application\\msedge.exe",
        "processId": "8992",
        "ClientProcessStartKey": "562949953421635"
      },
      "source_format": "evtx",
      "file": "Microsoft-Windows-Bits-Client%4Operational.evtx"
    },
    {
      "event_id": 1002,
      "provider": "Microsoft-Windows-KnownFolders",
      "timestamp": "2026-07-27T22:51:49.584124+00:00",
      "computer": "WIN-IN9ODUH5HLF",
      "level": "3",
      "channel": "Microsoft-Windows-Known Folders API Service",
      "record_id": "38",
      "event_data": {
        "hrError": "0x80070005",
        "FolderId": "5E6C858F-0E22-4760-9AFE-EA3317B67173",
        "Path": "C:\\Users\\Adam Sed"
      },
      "source_format": "evtx",
      "file": "Microsoft-Windows-Known Folders API Service.evtx"
    },
    {
      "event_id": 1002,
      "provider": "Microsoft-Windows-KnownFolders",
      "timestamp": "2026-07-27T22:51:49.546050+00:00",
      "computer": "WIN-IN9ODUH5HLF",
      "level": "3",
      "channel": "Microsoft-Windows-Known Folders API Service",
      "record_id": "37",
      "event_data": {
        "hrError": "0x80070005",
        "FolderId": "B4BFCC3A-DB2C-424C-B029-7FE99A87C641",
        "Path": "C:\\Users\\Adam Sed\\Desktop"
      },
      "source_format": "evtx",
      "file": "Microsoft-Windows-Known Folders API Service.evtx"
    },
    {
      "event_id": 1002,
      "provider": "Microsoft-Windows-KnownFolders",
      "timestamp": "2026-07-27T22:51:49.540643+00:00",
      "computer": "WIN-IN9ODUH5HLF",
      "level": "3",
      "channel": "Microsoft-Windows-Known Folders API Service",
      "record_id": "36",
      "event_data": {
        "hrError": "0x80070005",
        "FolderId": "62AB5D82-FDC1-4DC3-A9DD-070D1D495D97",
        "Path": "C:\\ProgramData"
      },
      "source_format": "evtx",
      "file": "Microsoft-Windows-Known Folders API Service.evtx"
    },
    {
      "event_id": 1002,
      "provider": "Microsoft-Windows-KnownFolders",
      "timestamp": "2026-07-27T22:51:49.166213+00:00",
      "computer": "WIN-IN9ODUH5HLF",
      "level": "3",
      "channel": "Microsoft-Windows-Known Folders API Service",
      "record_id": "35",
      "event_data": {
        "hrError": "0x80070005",
        "FolderId": "62AB5D82-FDC1-4DC3-A9DD-070D1D495D97",
        "Path": "C:\\ProgramData"
      },
      "source_format": "evtx",
      "file": "Microsoft-Windows-Known Folders API Service.evtx"
    },
    {
      "event_id": 3,
      "provider": "Microsoft-Windows-Bits-Client",
      "timestamp": "2026-07-27T22:51:45.259360+00:00",
      "computer": "WIN-IN9ODUH5HLF",
      "level": "4",
      "channel": "Microsoft-Windows-Bits-Client/Operational",
      "record_id": "172",
      "event_data": {
        "jobTitle": "Edge Component Updater",
        "jobId": "C3BE2A99-57BF-44BD-9116-BD8DAFE7731C",
        "jobOwner": "DESKTOP-M3EFNJH\\Adam Sed",
        "processPath": "C:\\Program Files (x86)\\Microsoft\\Edge\\Application\\msedge.exe",
        "processId": "2596",
        "ClientProcessStartKey": "562949953421899"
      },
      "source_format": "evtx",
      "file": "Microsoft-Windows-Bits-Client%4Operational.evtx"
    },
    {
      "event_id": 1002,
      "provider": "Microsoft-Windows-KnownFolders",
      "timestamp": "2026-07-27T22:51:32.071983+00:00",
      "computer": "WIN-IN9ODUH5HLF",
      "level": "3",
      "channel": "Microsoft-Windows-Known Folders API Service",
      "record_id": "34",
      "event_data": {
        "hrError": "0x80070005",
        "FolderId": "5E6C858F-0E22-4760-9AFE-EA3317B67173",
        "Path": "C:\\Users\\Adam Sed"
      },
      "source_format": "evtx",
      "file": "Microsoft-Windows-Known Folders API Service.evtx"
    },
    {
      "event_id": 1002,
      "provider": "Microsoft-Windows-KnownFolders",
      "timestamp": "2026-07-27T22:51:32.036002+00:00",
      "computer": "WIN-IN9ODUH5HLF",
      "level": "3",
      "channel": "Microsoft-Windows-Known Folders API Service",
      "record_id": "33",
      "event_data": {
        "hrError": "0x80070005",
        "FolderId": "B4BFCC3A-DB2C-424C-B029-7FE99A87C641",
        "Path": "C:\\Users\\Adam Sed\\Desktop"
      },
      "source_format": "evtx",
      "file": "Microsoft-Windows-Known Folders API Service.evtx"
    },
    {
      "event_id": 1002,
      "provider": "Microsoft-Windows-KnownFolders",
      "timestamp": "2026-07-27T22:51:32.031994+00:00",
      "computer": "WIN-IN9ODUH5HLF",
      "level": "3",
      "channel": "Microsoft-Windows-Known Folders API Service",
      "record_id": "32",
      "event_data": {
        "hrError": "0x80070005",
        "FolderId": "62AB5D82-FDC1-4DC3-A9DD-070D1D495D97",
        "Path": "C:\\ProgramData"
      },
      "source_format": "evtx",
      "file": "Microsoft-Windows-Known Folders API Service.evtx"
    },
    {
      "event_id": 1002,
      "provider": "Microsoft-Windows-KnownFolders",
      "timestamp": "2026-07-27T22:51:29.859413+00:00",
      "computer": "WIN-IN9ODUH5HLF",
      "level": "3",
      "channel": "Microsoft-Windows-Known Folders API Service",
      "record_id": "31",
      "event_data": {
        "hrError": "0x80070005",
        "FolderId": "62AB5D82-FDC1-4DC3-A9DD-070D1D495D97",
        "Path": "C:\\ProgramData"
      },
      "source_format": "evtx",
      "file": "Microsoft-Windows-Known Folders API Service.evtx"
    },
    {
      "event_id": 8001,
      "provider": "Microsoft-Windows-Store",
      "timestamp": "2026-07-27T22:51:29.329440+00:00",
      "computer": "WIN-IN9ODUH5HLF",
      "level": "4",
      "channel": "Microsoft-Windows-Store/Operational",
      "record_id": "1916",
      "event_data": {
        "Message": "Skipping license manager: PFN MicrosoftWindows.Client.WebExperience_526.17301.40.0_x64__cw5n1h2txyewy",
        "Function": "InvokeLicenseManagerRequired",
        "Source": "onecoreuap\\enduser\\winstore\\licensemanager\\apisethost\\activationapis.cpp",
        "Line Number": "373"
      },
      "source_format": "evtx",
      "file": "Microsoft-Windows-Store%4Operational.evtx"
    },
    {
      "event_id": 1002,
      "provider": "Microsoft-Windows-KnownFolders",
      "timestamp": "2026-07-27T22:51:13.987857+00:00",
      "computer": "WIN-IN9ODUH5HLF",
      "level": "3",
      "channel": "Microsoft-Windows-Known Folders API Service",
      "record_id": "30",
      "event_data": {
        "hrError": "0x80070003",
        "FolderId": "7B0DB17D-9CD2-4A93-9733-46CC89022E7C",
        "Path": "C:\\Users\\Adam Sed\\AppData\\Roaming\\Microsoft\\Windows\\Libraries\\Documents.library-ms"
      },
      "source_format": "evtx",
      "file": "Microsoft-Windows-Known Folders API Service.evtx"
    },
    {
      "event_id": 8001,
      "provider": "Microsoft-Windows-Store",
      "timestamp": "2026-07-27T22:51:13.281618+00:00",
      "computer": "WIN-IN9ODUH5HLF",
      "level": "4",
      "channel": "Microsoft-Windows-Store/Operational",
      "record_id": "1915",
      "event_data": {
        "Message": "Set results for lease = 0x0, policy = 0, operation = 0, Leasebehavior = 0",
        "Function": "KeyMachine::DoSetResult",
        "Source": "onecoreuap\\enduser\\winstore\\licensemanager\\lib\\keymachine.cpp",
        "Line Number": "1520"
      },
      "source_format": "evtx",
      "file": "Microsoft-Windows-Store%4Operational.evtx"
    },
    {
      "event_id": 8001,
      "provider": "Microsoft-Windows-Store",
      "timestamp": "2026-07-27T22:51:13.242212+00:00",
      "computer": "WIN-IN9ODUH5HLF",
      "level": "4",
      "channel": "Microsoft-Windows-Store/Operational",
      "record_id": "1912",
      "event_data": {
        "Message": "Failure Message: onecoreuap\\enduser\\winstore\\licensemanager\\lib\\applicensemanager.cpp(447)\\LicenseManager.dll!00007FFD80C0F624: (caller: 00007FFD988936B3) Exception(16) tid(508) 803F7001 ",
        "Function": "",
        "Source": "onecoreuap\\enduser\\winstore\\licensemanager\\lib\\applicensemanager.cpp",
        "Line Number": "450"
      },
      "source_format": "evtx",
      "file": "Microsoft-Windows-Store%4Operational.evtx"
    },
    {
      "event_id": 8002,
      "provider": "Microsoft-Windows-Store",
      "timestamp": "2026-07-27T22:51:13.242190+00:00",
      "computer": "WIN-IN9ODUH5HLF",
      "level": "3",
      "channel": "Microsoft-Windows-Store/Operational",
      "record_id": "1911",
      "event_data": {
        "Message": "Failure Message: hr: 0x803f7001",
        "Function": "",
        "Source": "onecoreuap\\enduser\\winstore\\licensemanager\\lib\\applicensemanager.cpp",
        "Line Number": "447"
      },
      "source_format": "evtx",
      "file": "Microsoft-Windows-Store%4Operational.evtx"
    },
    {
      "event_id": 8002,
      "provider": "Microsoft-Windows-Store",
      "timestamp": "2026-07-27T22:51:13.242161+00:00",
      "computer": "WIN-IN9ODUH5HLF",
      "level": "3",
      "channel": "Microsoft-Windows-Store/Operational",
      "record_id": "1910",
      "event_data": {
        "Message": "Failure Message: hr: 0x803f7001",
        "Function": "",
        "Source": "onecoreuap\\enduser\\winstore\\licensemanager\\lib\\managercore.cpp",
        "Line Number": "171"
      },
      "source_format": "evtx",
      "file": "Microsoft-Windows-Store%4Operational.evtx"
    },
    {
      "event_id": 8001,
      "provider": "Microsoft-Windows-Store",
      "timestamp": "2026-07-27T22:51:13.242144+00:00",
      "computer": "WIN-IN9ODUH5HLF",
      "level": "4",
      "channel": "Microsoft-Windows-Store/Operational",
      "record_id": "1908",
      "event_data": {
        "Message": "Set results for lease = 0x0, policy = 0, operation = 3, Leasebehavior = 0",
        "Function": "KeyMachine::DoSetResult",
        "Source": "onecoreuap\\enduser\\winstore\\licensemanager\\lib\\keymachine.cpp",
        "Line Number": "1520"
      },
      "source_format": "evtx",
      "file": "Microsoft-Windows-Store%4Operational.evtx"
    },
    {
      "event_id": 8001,
      "provider": "Microsoft-Windows-Store",
      "timestamp": "2026-07-27T22:51:13.242137+00:00",
      "computer": "WIN-IN9ODUH5HLF",
      "level": "4",
      "channel": "Microsoft-Windows-Store/Operational",
      "record_id": "1906",
      "event_data": {
        "Message": "Failure Message: onecoreuap\\enduser\\winstore\\licensemanager\\lib\\managercore.cpp(1817)\\LicenseManager.dll!00007FFD80BD74CB: (caller: 00007FFD80BDDE12) Exception(14) tid(c3c) 803F7001 ",
        "Function": "",
        "Source": "onecoreuap\\enduser\\winstore\\licensemanager\\lib\\keymachine.cpp",
        "Line Number": "1012"
      },
      "source_format": "evtx",
      "file": "Microsoft-Windows-Store%4Operational.evtx"
    },
    {
      "event_id": 8002,
      "provider": "Microsoft-Windows-Store",
      "timestamp": "2026-07-27T22:51:13.242113+00:00",
      "computer": "WIN-IN9ODUH5HLF",
      "level": "3",
      "channel": "Microsoft-Windows-Store/Operational",
      "record_id": "1905",
      "event_data": {
        "Message": "Failure Message: hr: 0x803f7001",
        "Function": "",
        "Source": "onecoreuap\\enduser\\winstore\\licensemanager\\lib\\managercore.cpp",
        "Line Number": "1817"
      },
      "source_format": "evtx",
      "file": "Microsoft-Windows-Store%4Operational.evtx"
    },
    {
      "event_id": 8001,
      "provider": "Microsoft-Windows-Store",
      "timestamp": "2026-07-27T22:51:13.242105+00:00",
      "computer": "WIN-IN9ODUH5HLF",
      "level": "4",
      "channel": "Microsoft-Windows-Store/Operational",
      "record_id": "1904",
      "event_data": {
        "Message": "Error 0x803f7001 in getting response, not retrying",
        "Function": "LicenseProxyService::RequestLicenseForContentWithId",
        "Source": "onecoreuap\\enduser\\winstore\\licensemanager\\lib\\proxy.cpp",
        "Line Number": "381"
      },
      "source_format": "evtx",
      "file": "Microsoft-Windows-Store%4Operational.evtx"
    },
    {
      "event_id": 8001,
      "provider": "Microsoft-Windows-Store",
      "timestamp": "2026-07-27T22:51:13.242104+00:00",
      "computer": "WIN-IN9ODUH5HLF",
      "level": "4",
      "channel": "Microsoft-Windows-Store/Operational",
      "record_id": "1903",
      "event_data": {
        "Message": "Failure Message: onecoreuap\\enduser\\winstore\\licensemanager\\lib\\proxy.cpp(358)\\LicenseManager.dll!00007FFD80BE5498: (caller: 00007FFD80BD704A) Exception(13) tid(c3c) 803F7001 ",
        "Function": "",
        "Source": "onecoreuap\\enduser\\winstore\\licensemanager\\lib\\proxy.cpp",
        "Line Number": "367"
      },
      "source_format": "evtx",
      "file": "Microsoft-Windows-Store%4Operational.evtx"
    },
    {
      "event_id": 8002,
      "provider": "Microsoft-Windows-Store",
      "timestamp": "2026-07-27T22:51:13.242033+00:00",
      "computer": "WIN-IN9ODUH5HLF",
      "level": "3",
      "channel": "Microsoft-Windows-Store/Operational",
      "record_id": "1902",
      "event_data": {
        "Message": "Failure Message: hr: 0x803f7001",
        "Function": "",
        "Source": "onecoreuap\\enduser\\winstore\\licensemanager\\lib\\proxy.cpp",
        "Line Number": "358"
      },
      "source_format": "evtx",
      "file": "Microsoft-Windows-Store%4Operational.evtx"
    },
    {
      "event_id": 8003,
      "provider": "Microsoft-Windows-Store",
      "timestamp": "2026-07-27T22:51:13.242023+00:00",
      "computer": "WIN-IN9ODUH5HLF",
      "level": "2",
      "channel": "Microsoft-Windows-Store/Operational",
      "record_id": "1901",
      "event_data": {
        "Message": "Satisfaction error from service: 4096: Users do not possess any satisfying entitlements for the operating system content id in question. (Corr: GuLxCS8C20iywnl5.52, Svr: ent-7d76669b56-8svwt), token broker error: 0x00000000, number of MSA tickets: 0, number of AAD tickets: 0, ContentId: 1a1aa123-c15c-5111-d443-bc9613e219dd, PackageFamilyName: (null), ValidExistingKey: False, HResult: 0x803f7001",
        "Function": "LogSatisfactionError",
        "Source": "onecoreuap\\enduser\\winstore\\licensemanager\\lib\\telemetry.cpp",
        "Line Number": "186"
      },
      "source_format": "evtx",
      "file": "Microsoft-Windows-Store%4Operational.evtx"
    },
    {
      "event_id": 8001,
      "provider": "Microsoft-Windows-Store",
      "timestamp": "2026-07-27T22:51:13.242003+00:00",
      "computer": "WIN-IN9ODUH5HLF",
      "level": "4",
      "channel": "Microsoft-Windows-Store/Operational",
      "record_id": "1900",
      "event_data": {
        "Message": "License Response: 0 leases, 0 keys for contentId 1a1aa123-c15c-5111-d443-bc9613e219dd (Corr: GuLxCS8C20iywnl5.52, Svr: ent-7d76669b56-8svwt)",
        "Function": "LogRequestLicenseSuccess",
        "Source": "onecoreuap\\enduser\\winstore\\licensemanager\\lib\\telemetry.cpp",
        "Line Number": "246"
      },
      "source_format": "evtx",
      "file": "Microsoft-Windows-Store%4Operational.evtx"
    },
    {
      "event_id": 8001,
      "provider": "Microsoft-Windows-Store",
      "timestamp": "2026-07-27T22:51:12.968901+00:00",
      "computer": "WIN-IN9ODUH5HLF",
      "level": "4",
      "channel": "Microsoft-Windows-Store/Operational",
      "record_id": "1899",
      "event_data": {
        "Message": "Requesting license for 1a1aa123-c15c-5111-d443-bc9613e219dd at /v7.0/licenses/content (https://licensing.mp.microsoft.com) (Corr: GuLxCS8C20iywnl5.52)",
        "Function": "LicenseProxyService::DoRequestLicense",
        "Source": "onecoreuap\\enduser\\winstore\\licensemanager\\lib\\proxy.cpp",
        "Line Number": "2044"
      },
      "source_format": "evtx",
      "file": "Microsoft-Windows-Store%4Operational.evtx"
    },
    {
      "event_id": 8001,
      "provider": "Microsoft-Windows-Store",
      "timestamp": "2026-07-27T22:51:12.965495+00:00",
      "computer": "WIN-IN9ODUH5HLF",
      "level": "4",
      "channel": "Microsoft-Windows-Store/Operational",
      "record_id": "1898",
      "event_data": {
        "Message": "Identity capture succeeded",
        "Function": "SingleUserStoredIdentitySnapshot::CaptureIdentity",
        "Source": "onecoreuap\\enduser\\winstore\\licensemanager\\lib\\identity.cpp",
        "Line Number": "441"
      },
      "source_format": "evtx",
      "file": "Microsoft-Windows-Store%4Operational.evtx"
    },
    {
      "event_id": 8002,
      "provider": "Microsoft-Windows-Store",
      "timestamp": "2026-07-27T22:51:12.965491+00:00",
      "computer": "WIN-IN9ODUH5HLF",
      "level": "3",
      "channel": "Microsoft-Windows-Store/Operational",
      "record_id": "1897",
      "event_data": {
        "Message": "No user tickets captured for S-1-5-21-2258862260-369175572-2896348786-1002, so this might not end well. HRESULT of WAM call: 0x00000000.",
        "Function": "SingleUserStoredIdentitySnapshot::CaptureIdentity",
        "Source": "onecoreuap\\enduser\\winstore\\licensemanager\\lib\\identity.cpp",
        "Line Number": "419"
      },
      "source_format": "evtx",
      "file": "Microsoft-Windows-Store%4Operational.evtx"
    },
    {
      "event_id": 8001,
      "provider": "Microsoft-Windows-Store",
      "timestamp": "2026-07-27T22:51:12.965485+00:00",
      "computer": "WIN-IN9ODUH5HLF",
      "level": "4",
      "channel": "Microsoft-Windows-Store/Operational",
      "record_id": "1896",
      "event_data": {
        "Message": "Failure Message: hr: 0x80070002",
        "Function": "",
        "Source": "onecoreuap\\enduser\\winstore\\auth\\lib\\winstoreauth.cpp",
        "Line Number": "1396"
      },
      "source_format": "evtx",
      "file": "Microsoft-Windows-Store%4Operational.evtx"
    },
    {
      "event_id": 8001,
      "provider": "Microsoft-Windows-Store",
      "timestamp": "2026-07-27T22:51:12.893973+00:00",
      "computer": "WIN-IN9ODUH5HLF",
      "level": "4",
      "channel": "Microsoft-Windows-Store/Operational",
      "record_id": "1895",
      "event_data": {
        "Message": "Getting user tickets for S-1-5-21-2258862260-369175572-2896348786-1002",
        "Function": "SingleUserStoredIdentitySnapshot::CaptureIdentity",
        "Source": "onecoreuap\\enduser\\winstore\\licensemanager\\lib\\identity.cpp",
        "Line Number": "351"
      },
      "source_format": "evtx",
      "file": "Microsoft-Windows-Store%4Operational.evtx"
    },
    {
      "event_id": 8001,
      "provider": "Microsoft-Windows-Store",
      "timestamp": "2026-07-27T22:51:12.004875+00:00",
      "computer": "WIN-IN9ODUH5HLF",
      "level": "4",
      "channel": "Microsoft-Windows-Store/Operational",
      "record_id": "1894",
      "event_data": {
        "Message": "No key document found for contentid 1a1aa123-c15c-5111-d443-bc9613e219dd",
        "Function": "ClipStorage::GetKeyDocumentForContentWithIdAndMinQuality",
        "Source": "onecoreuap\\enduser\\winstore\\licensemanager\\lib\\clipstorage.cpp",
        "Line Number": "269"
      },
      "source_format": "evtx",
      "file": "Microsoft-Windows-Store%4Operational.evtx"
    },
    {
      "event_id": 8001,
      "provider": "Microsoft-Windows-Store",
      "timestamp": "2026-07-27T22:51:12.002762+00:00",
      "computer": "WIN-IN9ODUH5HLF",
      "level": "4",
      "channel": "Microsoft-Windows-Store/Operational",
      "record_id": "1892",
      "event_data": {
        "Message": "00000183E581AC70: BeginLicense: Operation 3, CachedLeaseOK true, RequireServiceValidation false",
        "Function": "KeyMachine::DoBeginLicense",
        "Source": "onecoreuap\\enduser\\winstore\\licensemanager\\lib\\keymachine.cpp",
        "Line Number": "819"
      },
      "source_format": "evtx",
      "file": "Microsoft-Windows-Store%4Operational.evtx"
    },
    {
      "event_id": 8001,
      "provider": "Microsoft-Windows-Store",
      "timestamp": "2026-07-27T22:51:12.002015+00:00",
      "computer": "WIN-IN9ODUH5HLF",
      "level": "4",
      "channel": "Microsoft-Windows-Store/Operational",
      "record_id": "1889",
      "event_data": {
        "Message": "00000183E581AC70: Key Machine for content: 1a1aa123-c15c-5111-d443-bc9613e219dd",
        "Function": "KeyMachine::KeyMachine",
        "Source": "onecoreuap\\enduser\\winstore\\licensemanager\\lib\\keymachine.cpp",
        "Line Number": "95"
      },
      "source_format": "evtx",
      "file": "Microsoft-Windows-Store%4Operational.evtx"
    },
    {
      "event_id": 8001,
      "provider": "Microsoft-Windows-Store",
      "timestamp": "2026-07-27T22:51:12.001985+00:00",
      "computer": "WIN-IN9ODUH5HLF",
      "level": "4",
      "channel": "Microsoft-Windows-Store/Operational",
      "record_id": "1888",
      "event_data": {
        "Message": "Licensing 1a1aa123-c15c-5111-d443-bc9613e219dd (Active)",
        "Function": "LicenseManager::LicenseContentWithId",
        "Source": "onecoreuap\\enduser\\winstore\\licensemanager\\lib\\manager.cpp",
        "Line Number": "88"
      },
      "source_format": "evtx",
      "file": "Microsoft-Windows-Store%4Operational.evtx"
    },
    {
      "event_id": 8001,
      "provider": "Microsoft-Windows-Store",
      "timestamp": "2026-07-27T22:51:12.001982+00:00",
      "computer": "WIN-IN9ODUH5HLF",
      "level": "4",
      "channel": "Microsoft-Windows-Store/Operational",
      "record_id": "1887",
      "event_data": {
        "Message": "Licensing content 1a1aa123-c15c-5111-d443-bc9613e219dd",
        "Function": "OneStoreApplicationLicenseManager::ActivateLicenseForContent",
        "Source": "onecoreuap\\enduser\\winstore\\licensemanager\\lib\\onestoreapplicensemanager.cpp",
        "Line Number": "410"
      },
      "source_format": "evtx",
      "file": "Microsoft-Windows-Store%4Operational.evtx"
    },
    {
      "event_id": 2005,
      "provider": "Microsoft-Windows-Install-Agent",
      "timestamp": "2026-07-27T22:51:09.871551+00:00",
      "computer": "WIN-IN9ODUH5HLF",
      "level": "5",
      "channel": "Microsoft-Windows-Store/Operational",
      "record_id": "1884",
      "event_data": {
        "Message": "oneSettingsconcurrentDefaultInstalls = 3, oneSettingsconcurrentMinInstalls = 3",
        "Function": "GetConcurrentInstallsFromOneSettings",
        "Error Code": "-1",
        "Source": "onecoreuap\\enduser\\winstore\\installservice\\lib\\settings.cpp",
        "Line Number": "692",
        "CorrelationVector": "NULL",
        "ProductId": "NULL"
      },
      "source_format": "evtx",
      "file": "Microsoft-Windows-Store%4Operational.evtx"
    },
    {
      "event_id": 4002,
      "provider": "Microsoft-Windows-CloudStore",
      "timestamp": "2026-07-27T22:51:09.072034+00:00",
      "computer": "WIN-IN9ODUH5HLF",
      "level": "4",
      "channel": "Microsoft-Windows-CloudStore/Initialization",
      "record_id": "11",
      "event_data": {
        "BackupProfileId": "",
        "RestoreProfileId": "",
        "DeviceDisplayName": "",
        "Cv": "4lQ6XRJt75JxN31GcSU1mB.0.0.0.1.2",
        "TypeName": "Windows.Data.Platform.BackupRestore.DeviceProfile"
      },
      "source_format": "evtx",
      "file": "Microsoft-Windows-CloudStore%4Initialization.evtx"
    },
