    {
      "event_id": 1002,
      "provider": "Microsoft-Windows-KnownFolders",
      "timestamp": "2026-07-28T17:40:57.970011+00:00",
      "computer": "DESKTOP-M3EFNJH",
      "level": "3",
      "channel": "Microsoft-Windows-Known Folders API Service",
      "record_id": "88",
      "event_data": {
        "hrError": "0x80070005",
        "FolderId": "62AB5D82-FDC1-4DC3-A9DD-070D1D495D97",
        "Path": "C:\\ProgramData"
      },
      "source_format": "evtx",
      "file": "Microsoft-Windows-Known Folders API Service.evtx"
    },
    {
      "event_id": 1002,
      "provider": "Microsoft-Windows-KnownFolders",
      "timestamp": "2026-07-28T17:40:56.528770+00:00",
      "computer": "DESKTOP-M3EFNJH",
      "level": "3",
      "channel": "Microsoft-Windows-Known Folders API Service",
      "record_id": "87",
      "event_data": {
        "hrError": "0x80070005",
        "FolderId": "62AB5D82-FDC1-4DC3-A9DD-070D1D495D97",
        "Path": "C:\\ProgramData"
      },
      "source_format": "evtx",
      "file": "Microsoft-Windows-Known Folders API Service.evtx"
    },
    {
      "event_id": 8001,
      "provider": "Microsoft-Windows-Store",
      "timestamp": "2026-07-28T17:40:56.504242+00:00",
      "computer": "DESKTOP-M3EFNJH",
      "level": "4",
      "channel": "Microsoft-Windows-Store/Operational",
      "record_id": "3573",
      "event_data": {
        "Message": "Skipping license manager: PFN MicrosoftWindows.CrossDevice_0.25112.60.0_x64__cw5n1h2txyewy",
        "Function": "InvokeLicenseManagerRequired",
        "Source": "onecoreuap\\enduser\\winstore\\licensemanager\\apisethost\\activationapis.cpp",
        "Line Number": "373"
      },
      "source_format": "evtx",
      "file": "Microsoft-Windows-Store%4Operational.evtx"
    },
    {
      "event_id": 8001,
      "provider": "Microsoft-Windows-Store",
      "timestamp": "2026-07-28T17:40:56.503077+00:00",
      "computer": "DESKTOP-M3EFNJH",
      "level": "4",
      "channel": "Microsoft-Windows-Store/Operational",
      "record_id": "3572",
      "event_data": {
        "Message": "Skipping license manager: PFN MicrosoftWindows.CrossDevice_0.25112.60.0_x64__cw5n1h2txyewy",
        "Function": "InvokeLicenseManagerRequired",
        "Source": "onecoreuap\\enduser\\winstore\\licensemanager\\apisethost\\activationapis.cpp",
        "Line Number": "373"
      },
      "source_format": "evtx",
      "file": "Microsoft-Windows-Store%4Operational.evtx"
    },
    {
      "event_id": 3,
      "provider": "Microsoft-Windows-Crypto-NCrypt",
      "timestamp": "2026-07-28T17:40:56.468947+00:00",
      "computer": "DESKTOP-M3EFNJH",
      "level": "2",
      "channel": "Microsoft-Windows-Crypto-NCrypt/Operational",
      "record_id": "159",
      "event_data": {
        "ProviderName": "Microsoft Platform Crypto Provider",
        "KeyName": "SK-019b83a8-094d-6683-e2cc-ac107e6f68fb",
        "Status": "0x8029040e",
        "ProcessName": "lsass.exe"
      },
      "source_format": "evtx",
      "file": "Microsoft-Windows-Crypto-NCrypt%4Operational.evtx"
    },
    {
      "event_id": 8001,
      "provider": "Microsoft-Windows-Store",
      "timestamp": "2026-07-28T17:40:56.310518+00:00",
      "computer": "DESKTOP-M3EFNJH",
      "level": "4",
      "channel": "Microsoft-Windows-Store/Operational",
      "record_id": "3571",
      "event_data": {
        "Message": "Skipping license manager: PFN Microsoft.YourPhone_0.25112.39.0_x64__8wekyb3d8bbwe",
        "Function": "InvokeLicenseManagerRequired",
        "Source": "onecoreuap\\enduser\\winstore\\licensemanager\\apisethost\\activationapis.cpp",
        "Line Number": "373"
      },
      "source_format": "evtx",
      "file": "Microsoft-Windows-Store%4Operational.evtx"
    },
    {
      "event_id": 8001,
      "provider": "Microsoft-Windows-Store",
      "timestamp": "2026-07-28T17:40:56.309571+00:00",
      "computer": "DESKTOP-M3EFNJH",
      "level": "4",
      "channel": "Microsoft-Windows-Store/Operational",
      "record_id": "3570",
      "event_data": {
        "Message": "Skipping license manager: PFN Microsoft.YourPhone_0.25112.39.0_x64__8wekyb3d8bbwe",
        "Function": "InvokeLicenseManagerRequired",
        "Source": "onecoreuap\\enduser\\winstore\\licensemanager\\apisethost\\activationapis.cpp",
        "Line Number": "373"
      },
      "source_format": "evtx",
      "file": "Microsoft-Windows-Store%4Operational.evtx"
    },
    {
      "event_id": 3,
      "provider": "Microsoft-Windows-Crypto-NCrypt",
      "timestamp": "2026-07-28T17:40:56.288458+00:00",
      "computer": "DESKTOP-M3EFNJH",
      "level": "2",
      "channel": "Microsoft-Windows-Crypto-NCrypt/Operational",
      "record_id": "158",
      "event_data": {
        "ProviderName": "Microsoft Platform Crypto Provider",
        "KeyName": "Windows AIK",
        "Status": "0x80090016",
        "ProcessName": "svchost.exe"
      },
      "source_format": "evtx",
      "file": "Microsoft-Windows-Crypto-NCrypt%4Operational.evtx"
    },
    {
      "event_id": 8001,
      "provider": "Microsoft-Windows-Store",
      "timestamp": "2026-07-28T17:40:56.283814+00:00",
      "computer": "DESKTOP-M3EFNJH",
      "level": "4",
      "channel": "Microsoft-Windows-Store/Operational",
      "record_id": "3569",
      "event_data": {
        "Message": "Skipping license manager: PFN Microsoft.WindowsStore_22606.1401.10.0_x64__8wekyb3d8bbwe",
        "Function": "InvokeLicenseManagerRequired",
        "Source": "onecoreuap\\enduser\\winstore\\licensemanager\\apisethost\\activationapis.cpp",
        "Line Number": "373"
      },
      "source_format": "evtx",
      "file": "Microsoft-Windows-Store%4Operational.evtx"
    },
    {
      "event_id": 8001,
      "provider": "Microsoft-Windows-Store",
      "timestamp": "2026-07-28T17:40:56.282332+00:00",
      "computer": "DESKTOP-M3EFNJH",
      "level": "4",
      "channel": "Microsoft-Windows-Store/Operational",
      "record_id": "3568",
      "event_data": {
        "Message": "Skipping license manager: PFN Microsoft.WindowsStore_22606.1401.10.0_x64__8wekyb3d8bbwe",
        "Function": "InvokeLicenseManagerRequired",
        "Source": "onecoreuap\\enduser\\winstore\\licensemanager\\apisethost\\activationapis.cpp",
        "Line Number": "373"
      },
      "source_format": "evtx",
      "file": "Microsoft-Windows-Store%4Operational.evtx"
    },
    {
      "event_id": 8001,
      "provider": "Microsoft-Windows-Store",
      "timestamp": "2026-07-28T17:40:53.749939+00:00",
      "computer": "DESKTOP-M3EFNJH",
      "level": "4",
      "channel": "Microsoft-Windows-Store/Operational",
      "record_id": "3567",
      "event_data": {
        "Message": "Skipping license manager: PFN MicrosoftWindows.Client.WebExperience_526.17301.40.0_x64__cw5n1h2txyewy",
        "Function": "InvokeLicenseManagerRequired",
        "Source": "onecoreuap\\enduser\\winstore\\licensemanager\\apisethost\\activationapis.cpp",
        "Line Number": "373"
      },
      "source_format": "evtx",
      "file": "Microsoft-Windows-Store%4Operational.evtx"
    },
    {
      "event_id": 8001,
      "provider": "Microsoft-Windows-Store",
      "timestamp": "2026-07-28T17:40:48.705391+00:00",
      "computer": "DESKTOP-M3EFNJH",
      "level": "4",
      "channel": "Microsoft-Windows-Store/Operational",
      "record_id": "3566",
      "event_data": {
        "Message": "Set results for lease = 0x0, policy = 0, operation = 0, Leasebehavior = 0",
        "Function": "KeyMachine::DoSetResult",
        "Source": "onecoreuap\\enduser\\winstore\\licensemanager\\lib\\keymachine.cpp",
        "Line Number": "1520"
      },
      "source_format": "evtx",
      "file": "Microsoft-Windows-Store%4Operational.evtx"
    },
    {
      "event_id": 8001,
      "provider": "Microsoft-Windows-Store",
      "timestamp": "2026-07-28T17:40:48.705149+00:00",
      "computer": "DESKTOP-M3EFNJH",
      "level": "4",
      "channel": "Microsoft-Windows-Store/Operational",
      "record_id": "3563",
      "event_data": {
        "Message": "Failure Message: onecoreuap\\enduser\\winstore\\licensemanager\\lib\\applicensemanager.cpp(447)\\LicenseManager.dll!00007FF9CE8FF624: (caller: 00007FF9F29536B3) Exception(4) tid(21fc) 803F7001 ",
        "Function": "",
        "Source": "onecoreuap\\enduser\\winstore\\licensemanager\\lib\\applicensemanager.cpp",
        "Line Number": "450"
      },
      "source_format": "evtx",
      "file": "Microsoft-Windows-Store%4Operational.evtx"
    },
    {
      "event_id": 8002,
      "provider": "Microsoft-Windows-Store",
      "timestamp": "2026-07-28T17:40:48.705101+00:00",
      "computer": "DESKTOP-M3EFNJH",
      "level": "3",
      "channel": "Microsoft-Windows-Store/Operational",
      "record_id": "3562",
      "event_data": {
        "Message": "Failure Message: hr: 0x803f7001",
        "Function": "",
        "Source": "onecoreuap\\enduser\\winstore\\licensemanager\\lib\\applicensemanager.cpp",
        "Line Number": "447"
      },
      "source_format": "evtx",
      "file": "Microsoft-Windows-Store%4Operational.evtx"
    },
    {
      "event_id": 8002,
      "provider": "Microsoft-Windows-Store",
      "timestamp": "2026-07-28T17:40:48.705029+00:00",
      "computer": "DESKTOP-M3EFNJH",
      "level": "3",
      "channel": "Microsoft-Windows-Store/Operational",
      "record_id": "3561",
      "event_data": {
        "Message": "Failure Message: hr: 0x803f7001",
        "Function": "",
        "Source": "onecoreuap\\enduser\\winstore\\licensemanager\\lib\\managercore.cpp",
        "Line Number": "171"
      },
      "source_format": "evtx",
      "file": "Microsoft-Windows-Store%4Operational.evtx"
    },
    {
      "event_id": 8001,
      "provider": "Microsoft-Windows-Store",
      "timestamp": "2026-07-28T17:40:48.704776+00:00",
      "computer": "DESKTOP-M3EFNJH",
      "level": "4",
      "channel": "Microsoft-Windows-Store/Operational",
      "record_id": "3559",
      "event_data": {
        "Message": "Set results for lease = 0x0, policy = 0, operation = 3, Leasebehavior = 0",
        "Function": "KeyMachine::DoSetResult",
        "Source": "onecoreuap\\enduser\\winstore\\licensemanager\\lib\\keymachine.cpp",
        "Line Number": "1520"
      },
      "source_format": "evtx",
      "file": "Microsoft-Windows-Store%4Operational.evtx"
    },
    {
      "event_id": 8001,
      "provider": "Microsoft-Windows-Store",
      "timestamp": "2026-07-28T17:40:48.704758+00:00",
      "computer": "DESKTOP-M3EFNJH",
      "level": "4",
      "channel": "Microsoft-Windows-Store/Operational",
      "record_id": "3557",
      "event_data": {
        "Message": "Failure Message: onecoreuap\\enduser\\winstore\\licensemanager\\lib\\managercore.cpp(1817)\\LicenseManager.dll!00007FF9CE8C74CB: (caller: 00007FF9CE8CDE12) Exception(2) tid(21dc) 803F7001 ",
        "Function": "",
        "Source": "onecoreuap\\enduser\\winstore\\licensemanager\\lib\\keymachine.cpp",
        "Line Number": "1012"
      },
      "source_format": "evtx",
      "file": "Microsoft-Windows-Store%4Operational.evtx"
    },
    {
      "event_id": 8002,
      "provider": "Microsoft-Windows-Store",
      "timestamp": "2026-07-28T17:40:48.704677+00:00",
      "computer": "DESKTOP-M3EFNJH",
      "level": "3",
      "channel": "Microsoft-Windows-Store/Operational",
      "record_id": "3556",
      "event_data": {
        "Message": "Failure Message: hr: 0x803f7001",
        "Function": "",
        "Source": "onecoreuap\\enduser\\winstore\\licensemanager\\lib\\managercore.cpp",
        "Line Number": "1817"
      },
      "source_format": "evtx",
      "file": "Microsoft-Windows-Store%4Operational.evtx"
    },
    {
      "event_id": 8001,
      "provider": "Microsoft-Windows-Store",
      "timestamp": "2026-07-28T17:40:48.704652+00:00",
      "computer": "DESKTOP-M3EFNJH",
      "level": "4",
      "channel": "Microsoft-Windows-Store/Operational",
      "record_id": "3555",
      "event_data": {
        "Message": "Error 0x803f7001 in getting response, not retrying",
        "Function": "LicenseProxyService::RequestLicenseForContentWithId",
        "Source": "onecoreuap\\enduser\\winstore\\licensemanager\\lib\\proxy.cpp",
        "Line Number": "381"
      },
      "source_format": "evtx",
      "file": "Microsoft-Windows-Store%4Operational.evtx"
    },
    {
      "event_id": 8001,
      "provider": "Microsoft-Windows-Store",
      "timestamp": "2026-07-28T17:40:48.704647+00:00",
      "computer": "DESKTOP-M3EFNJH",
      "level": "4",
      "channel": "Microsoft-Windows-Store/Operational",
      "record_id": "3554",
      "event_data": {
        "Message": "Failure Message: onecoreuap\\enduser\\winstore\\licensemanager\\lib\\proxy.cpp(358)\\LicenseManager.dll!00007FF9CE8D5498: (caller: 00007FF9CE8C704A) Exception(1) tid(21dc) 803F7001 ",
        "Function": "",
        "Source": "onecoreuap\\enduser\\winstore\\licensemanager\\lib\\proxy.cpp",
        "Line Number": "367"
      },
      "source_format": "evtx",
      "file": "Microsoft-Windows-Store%4Operational.evtx"
    },
    {
      "event_id": 8002,
      "provider": "Microsoft-Windows-Store",
      "timestamp": "2026-07-28T17:40:48.699181+00:00",
      "computer": "DESKTOP-M3EFNJH",
      "level": "3",
      "channel": "Microsoft-Windows-Store/Operational",
      "record_id": "3553",
      "event_data": {
        "Message": "Failure Message: hr: 0x803f7001",
        "Function": "",
        "Source": "onecoreuap\\enduser\\winstore\\licensemanager\\lib\\proxy.cpp",
        "Line Number": "358"
      },
      "source_format": "evtx",
      "file": "Microsoft-Windows-Store%4Operational.evtx"
    },
    {
      "event_id": 8003,
      "provider": "Microsoft-Windows-Store",
      "timestamp": "2026-07-28T17:40:48.699153+00:00",
      "computer": "DESKTOP-M3EFNJH",
      "level": "2",
      "channel": "Microsoft-Windows-Store/Operational",
      "record_id": "3552",
      "event_data": {
        "Message": "Satisfaction error from service: 4096: Users do not possess any satisfying entitlements for the operating system content id in question. (Corr: oYkZHtrmhk2ytPRm.1, Svr: ent-7d76669b56-fmjgn), token broker error: 0x00000000, number of MSA tickets: 0, number of AAD tickets: 0, ContentId: 1a1aa123-c15c-5111-d443-bc9613e219dd, PackageFamilyName: (null), ValidExistingKey: False, HResult: 0x803f7001",
        "Function": "LogSatisfactionError",
        "Source": "onecoreuap\\enduser\\winstore\\licensemanager\\lib\\telemetry.cpp",
        "Line Number": "186"
      },
      "source_format": "evtx",
      "file": "Microsoft-Windows-Store%4Operational.evtx"
    },
    {
      "event_id": 8001,
      "provider": "Microsoft-Windows-Store",
      "timestamp": "2026-07-28T17:40:48.698630+00:00",
      "computer": "DESKTOP-M3EFNJH",
      "level": "4",
      "channel": "Microsoft-Windows-Store/Operational",
      "record_id": "3551",
      "event_data": {
        "Message": "License Response: 0 leases, 0 keys for contentId 1a1aa123-c15c-5111-d443-bc9613e219dd (Corr: oYkZHtrmhk2ytPRm.1, Svr: ent-7d76669b56-fmjgn)",
        "Function": "LogRequestLicenseSuccess",
        "Source": "onecoreuap\\enduser\\winstore\\licensemanager\\lib\\telemetry.cpp",
        "Line Number": "246"
      },
      "source_format": "evtx",
      "file": "Microsoft-Windows-Store%4Operational.evtx"
    },
    {
      "event_id": 8001,
      "provider": "Microsoft-Windows-Store",
      "timestamp": "2026-07-28T17:40:48.431427+00:00",
      "computer": "DESKTOP-M3EFNJH",
      "level": "4",
      "channel": "Microsoft-Windows-Store/Operational",
      "record_id": "3550",
      "event_data": {
        "Message": "Requesting license for 1a1aa123-c15c-5111-d443-bc9613e219dd at /v7.0/licenses/content (https://licensing.mp.microsoft.com) (Corr: oYkZHtrmhk2ytPRm.1)",
        "Function": "LicenseProxyService::DoRequestLicense",
        "Source": "onecoreuap\\enduser\\winstore\\licensemanager\\lib\\proxy.cpp",
        "Line Number": "2044"
      },
      "source_format": "evtx",
      "file": "Microsoft-Windows-Store%4Operational.evtx"
    },
    {
      "event_id": 8001,
      "provider": "Microsoft-Windows-Store",
      "timestamp": "2026-07-28T17:40:48.427550+00:00",
      "computer": "DESKTOP-M3EFNJH",
      "level": "4",
      "channel": "Microsoft-Windows-Store/Operational",
      "record_id": "3549",
      "event_data": {
        "Message": "Identity capture succeeded",
        "Function": "SingleUserStoredIdentitySnapshot::CaptureIdentity",
        "Source": "onecoreuap\\enduser\\winstore\\licensemanager\\lib\\identity.cpp",
        "Line Number": "441"
      },
      "source_format": "evtx",
      "file": "Microsoft-Windows-Store%4Operational.evtx"
    },
    {
      "event_id": 8002,
      "provider": "Microsoft-Windows-Store",
      "timestamp": "2026-07-28T17:40:48.427543+00:00",
      "computer": "DESKTOP-M3EFNJH",
      "level": "3",
      "channel": "Microsoft-Windows-Store/Operational",
      "record_id": "3548",
      "event_data": {
        "Message": "No user tickets captured for S-1-5-21-2258862260-369175572-2896348786-1002, so this might not end well. HRESULT of WAM call: 0x00000000.",
        "Function": "SingleUserStoredIdentitySnapshot::CaptureIdentity",
        "Source": "onecoreuap\\enduser\\winstore\\licensemanager\\lib\\identity.cpp",
        "Line Number": "419"
      },
      "source_format": "evtx",
      "file": "Microsoft-Windows-Store%4Operational.evtx"
    },
    {
      "event_id": 8001,
      "provider": "Microsoft-Windows-Store",
      "timestamp": "2026-07-28T17:40:48.337569+00:00",
      "computer": "DESKTOP-M3EFNJH",
      "level": "4",
      "channel": "Microsoft-Windows-Store/Operational",
      "record_id": "3547",
      "event_data": {
        "Message": "Getting user tickets for S-1-5-21-2258862260-369175572-2896348786-1002",
        "Function": "SingleUserStoredIdentitySnapshot::CaptureIdentity",
        "Source": "onecoreuap\\enduser\\winstore\\licensemanager\\lib\\identity.cpp",
        "Line Number": "351"
      },
      "source_format": "evtx",
      "file": "Microsoft-Windows-Store%4Operational.evtx"
    },
    {
      "event_id": 8001,
      "provider": "Microsoft-Windows-Store",
      "timestamp": "2026-07-28T17:40:48.299542+00:00",
      "computer": "DESKTOP-M3EFNJH",
      "level": "4",
      "channel": "Microsoft-Windows-Store/Operational",
      "record_id": "3546",
      "event_data": {
        "Message": "No key document found for contentid 1a1aa123-c15c-5111-d443-bc9613e219dd",
        "Function": "ClipStorage::GetKeyDocumentForContentWithIdAndMinQuality",
        "Source": "onecoreuap\\enduser\\winstore\\licensemanager\\lib\\clipstorage.cpp",
        "Line Number": "269"
      },
      "source_format": "evtx",
      "file": "Microsoft-Windows-Store%4Operational.evtx"
    },
    {
      "event_id": 8001,
      "provider": "Microsoft-Windows-Store",
      "timestamp": "2026-07-28T17:40:47.859735+00:00",
      "computer": "DESKTOP-M3EFNJH",
      "level": "4",
      "channel": "Microsoft-Windows-Store/Operational",
      "record_id": "3542",
      "event_data": {
        "Message": "0000027262124A40: BeginLicense: Operation 3, CachedLeaseOK true, RequireServiceValidation false",
        "Function": "KeyMachine::DoBeginLicense",
        "Source": "onecoreuap\\enduser\\winstore\\licensemanager\\lib\\keymachine.cpp",
        "Line Number": "819"
      },
      "source_format": "evtx",
      "file": "Microsoft-Windows-Store%4Operational.evtx"
    },
    {
      "event_id": 8001,
      "provider": "Microsoft-Windows-Store",
      "timestamp": "2026-07-28T17:40:47.859706+00:00",
      "computer": "DESKTOP-M3EFNJH",
      "level": "4",
      "channel": "Microsoft-Windows-Store/Operational",
      "record_id": "3539",
      "event_data": {
        "Message": "0000027262132100: BeginRootLicense",
        "Function": "RootMachine::DoBeginRootLicense",
        "Source": "onecoreuap\\enduser\\winstore\\licensemanager\\lib\\rootmachine.cpp",
        "Line Number": "201"
      },
      "source_format": "evtx",
      "file": "Microsoft-Windows-Store%4Operational.evtx"
    },
    {
      "event_id": 8001,
      "provider": "Microsoft-Windows-Store",
      "timestamp": "2026-07-28T17:40:47.859070+00:00",
      "computer": "DESKTOP-M3EFNJH",
      "level": "4",
      "channel": "Microsoft-Windows-Store/Operational",
      "record_id": "3537",
      "event_data": {
        "Message": "0000027262124A40: Key Machine for content: 1a1aa123-c15c-5111-d443-bc9613e219dd",
        "Function": "KeyMachine::KeyMachine",
        "Source": "onecoreuap\\enduser\\winstore\\licensemanager\\lib\\keymachine.cpp",
        "Line Number": "95"
      },
      "source_format": "evtx",
      "file": "Microsoft-Windows-Store%4Operational.evtx"
    },
    {
      "event_id": 8001,
      "provider": "Microsoft-Windows-Store",
      "timestamp": "2026-07-28T17:40:47.857109+00:00",
      "computer": "DESKTOP-M3EFNJH",
      "level": "4",
      "channel": "Microsoft-Windows-Store/Operational",
      "record_id": "3536",
      "event_data": {
        "Message": "Network connectivity level initialized to 0x3",
        "Function": "NetworkStatusMonitor::Initialize",
        "Source": "onecoreuap\\enduser\\winstore\\licensemanager\\lib\\networkstatusmonitor.cpp",
        "Line Number": "57"
      },
      "source_format": "evtx",
      "file": "Microsoft-Windows-Store%4Operational.evtx"
    },
    {
      "event_id": 8001,
      "provider": "Microsoft-Windows-Store",
      "timestamp": "2026-07-28T17:40:47.607394+00:00",
      "computer": "DESKTOP-M3EFNJH",
      "level": "4",
      "channel": "Microsoft-Windows-Store/Operational",
      "record_id": "3535",
      "event_data": {
        "Message": "Licensing 1a1aa123-c15c-5111-d443-bc9613e219dd (Active)",
        "Function": "LicenseManager::LicenseContentWithId",
        "Source": "onecoreuap\\enduser\\winstore\\licensemanager\\lib\\manager.cpp",
        "Line Number": "88"
      },
      "source_format": "evtx",
      "file": "Microsoft-Windows-Store%4Operational.evtx"
    },
    {
      "event_id": 8001,
      "provider": "Microsoft-Windows-Store",
      "timestamp": "2026-07-28T17:40:47.607389+00:00",
      "computer": "DESKTOP-M3EFNJH",
      "level": "4",
      "channel": "Microsoft-Windows-Store/Operational",
      "record_id": "3534",
      "event_data": {
        "Message": "Licensing content 1a1aa123-c15c-5111-d443-bc9613e219dd",
        "Function": "OneStoreApplicationLicenseManager::ActivateLicenseForContent",
        "Source": "onecoreuap\\enduser\\winstore\\licensemanager\\lib\\onestoreapplicensemanager.cpp",
        "Line Number": "410"
      },
      "source_format": "evtx",
      "file": "Microsoft-Windows-Store%4Operational.evtx"
    },
    {
      "event_id": 8001,
      "provider": "Microsoft-Windows-Store",
      "timestamp": "2026-07-28T17:40:47.392498+00:00",
      "computer": "DESKTOP-M3EFNJH",
      "level": "4",
      "channel": "Microsoft-Windows-Store/Operational",
      "record_id": "3533",
      "event_data": {
        "Message": "License Manager started",
        "Function": "ServiceInitializeImpl",
        "Source": "onecoreuap\\enduser\\winstore\\licensemanager\\lib\\service.cpp",
        "Line Number": "2141"
      },
      "source_format": "evtx",
      "file": "Microsoft-Windows-Store%4Operational.evtx"
    },
    {
      "event_id": 8001,
      "provider": "Microsoft-Windows-Store",
      "timestamp": "2026-07-28T17:40:47.392018+00:00",
      "computer": "DESKTOP-M3EFNJH",
      "level": "4",
      "channel": "Microsoft-Windows-Store/Operational",
      "record_id": "3532",
      "event_data": {
        "Message": "0000027262132100: Root Machine",
        "Function": "RootMachine::RootMachine",
        "Source": "onecoreuap\\enduser\\winstore\\licensemanager\\lib\\rootmachine.cpp",
        "Line Number": "63"
      },
      "source_format": "evtx",
      "file": "Microsoft-Windows-Store%4Operational.evtx"
    },
    {
      "event_id": 8001,
      "provider": "Microsoft-Windows-Store",
      "timestamp": "2026-07-28T17:40:47.387764+00:00",
      "computer": "DESKTOP-M3EFNJH",
      "level": "4",
      "channel": "Microsoft-Windows-Store/Operational",
      "record_id": "3531",
      "event_data": {
        "Message": "Creating LM",
        "Function": "CreateLicenseManager",
        "Source": "onecoreuap\\enduser\\winstore\\licensemanager\\lib\\manager.cpp",
        "Line Number": "609"
      },
      "source_format": "evtx",
      "file": "Microsoft-Windows-Store%4Operational.evtx"
    },
    {
      "event_id": 8001,
      "provider": "Microsoft-Windows-Store",
      "timestamp": "2026-07-28T17:40:47.381729+00:00",
      "computer": "DESKTOP-M3EFNJH",
      "level": "4",
      "channel": "Microsoft-Windows-Store/Operational",
      "record_id": "3530",
      "event_data": {
        "Message": "License Manager starting...",
        "Function": "ServiceInitializeImpl",
        "Source": "onecoreuap\\enduser\\winstore\\licensemanager\\lib\\service.cpp",
        "Line Number": "2113"
      },
      "source_format": "evtx",
      "file": "Microsoft-Windows-Store%4Operational.evtx"
    },
    {
      "event_id": 8001,
      "provider": "Microsoft-Windows-Store",
      "timestamp": "2026-07-28T17:40:47.369084+00:00",
      "computer": "DESKTOP-M3EFNJH",
      "level": "4",
      "channel": "Microsoft-Windows-Store/Operational",
      "record_id": "3529",
      "event_data": {
        "Message": "Failure Message: Setting MSA Client Id for Token requests: {f0c62012-2cef-4831-b1f7-930682874c86}",
        "Function": "",
        "Source": "onecoreuap\\enduser\\winstore\\auth\\lib\\winstoreauth.cpp",
        "Line Number": "206"
      },
      "source_format": "evtx",
      "file": "Microsoft-Windows-Store%4Operational.evtx"
    },
    {
      "event_id": 2005,
      "provider": "Microsoft-Windows-Install-Agent",
      "timestamp": "2026-07-28T17:40:43.465327+00:00",
      "computer": "DESKTOP-M3EFNJH",
      "level": "5",
      "channel": "Microsoft-Windows-Store/Operational",
      "record_id": "3525",
      "event_data": {
        "Message": "oneSettingsconcurrentDefaultInstalls = 3, oneSettingsconcurrentMinInstalls = 3",
        "Function": "GetConcurrentInstallsFromOneSettings",
        "Error Code": "-1",
        "Source": "onecoreuap\\enduser\\winstore\\installservice\\lib\\settings.cpp",
        "Line Number": "692",
        "CorrelationVector": "NULL",
        "ProductId": "NULL"
      },
      "source_format": "evtx",
      "file": "Microsoft-Windows-Store%4Operational.evtx"
    },
    {
      "event_id": 534,
      "provider": "Microsoft-Windows-StorPort",
      "timestamp": "2026-07-28T17:40:42.216019+00:00",
      "computer": "DESKTOP-M3EFNJH",
      "level": "2",
      "channel": "Microsoft-Windows-Storage-Storport/Operational",
      "record_id": "29",
      "event_data": {
        "PortNumber": "0",
        "PathID": "0",
        "TargetID": "0",
        "LUN": "0",
        "ClassDeviceGuid": "7915EDF1-2733-C7A5-600C-B6E44F0D6713",
        "AdapterGuid": "9CCF5A3B-8A13-11F1-BEEE-806E6F6E6963",
        "MiniportName": "storahci",
        "VendorId": "VBOX    ",
        "ProductId": "HARDDISK",
        "SerialNumber": "VBe87b51b9-d7d26e90 ",
        "BootDevice": "true",
        "DataLength": "176",
        "Data": "02000000B000000031E01000000000001600000000010000080028020000000058425253010000009000000002000000C00000000000000000000000020000001E000000000000000000000080000000000000003D00000000032F3181CFFFFF0000000000000000808DDB3181CFFFFF00000000000000003030262900E4FFFFA034262900E4FFFF0000000000000000000000000000000000000000000000000000000000000000FF41040000000000",
        "MiniportEventId": "52",
        "MiniportEventDescription": "Finished I/O with error"
      },
      "source_format": "evtx",
      "file": "Microsoft-Windows-Storage-Storport%4Operational.evtx"
    },
    {
      "event_id": 22,
      "provider": "Microsoft-Windows-TerminalServices-LocalSessionManager",
      "timestamp": "2026-07-28T17:40:39.176728+00:00",
      "computer": "DESKTOP-M3EFNJH",
      "level": "4",
      "channel": "Microsoft-Windows-TerminalServices-LocalSessionManager/Operational",
      "record_id": "121",
      "event_data": {},
      "source_format": "evtx",
      "file": "Microsoft-Windows-TerminalServices-LocalSessionManager%4Operational.evtx"
    },
    {
      "event_id": 8001,
      "provider": "Microsoft-Windows-GroupPolicy",
      "timestamp": "2026-07-28T17:40:38.677162+00:00",
      "computer": "DESKTOP-M3EFNJH",
      "level": "4",
      "channel": "Microsoft-Windows-GroupPolicy/Operational",
      "record_id": "305",
      "event_data": {
        "PolicyElaspedTimeInSeconds": "0",
        "ErrorCode": "0",
        "PrincipalSamName": "DESKTOP-M3EFNJH\\Bob Milton",
        "IsMachine": "0",
        "IsConnectivityFailure": "false"
      },
      "source_format": "evtx",
      "file": "Microsoft-Windows-GroupPolicy%4Operational.evtx"
    },
    {
      "event_id": 3,
      "provider": "Microsoft-Windows-Crypto-NCrypt",
      "timestamp": "2026-07-28T17:40:38.438163+00:00",
      "computer": "DESKTOP-M3EFNJH",
      "level": "2",
      "channel": "Microsoft-Windows-Crypto-NCrypt/Operational",
      "record_id": "157",
      "event_data": {
        "ProviderName": "Microsoft Platform Crypto Provider",
        "KeyName": "Windows AIK",
        "Status": "0x80090016",
        "ProcessName": "svchost.exe"
      },
      "source_format": "evtx",
      "file": "Microsoft-Windows-Crypto-NCrypt%4Operational.evtx"
    },
    {
      "event_id": 4001,
      "provider": "Microsoft-Windows-GroupPolicy",
      "timestamp": "2026-07-28T17:40:38.421823+00:00",
      "computer": "DESKTOP-M3EFNJH",
      "level": "4",
      "channel": "Microsoft-Windows-GroupPolicy/Operational",
      "record_id": "294",
      "event_data": {
        "PolicyActivityId": "628B2F61-755F-4CC9-80B4-24500153FEDF",
        "PrincipalSamName": "DESKTOP-M3EFNJH\\Bob Milton",
        "IsMachine": "0",
        "IsDomainJoined": "false",
        "IsBackgroundProcessing": "false",
        "IsAsyncProcessing": "true",
        "IsServiceRestart": "false",
        "ReasonForSyncProcessing": "0"
      },
      "source_format": "evtx",
      "file": "Microsoft-Windows-GroupPolicy%4Operational.evtx"
    },
    {
      "event_id": 8001,
      "provider": "Microsoft-Windows-Store",
      "timestamp": "2026-07-28T17:40:34.666800+00:00",
      "computer": "DESKTOP-M3EFNJH",
      "level": "4",
      "channel": "Microsoft-Windows-Store/Operational",
      "record_id": "3521",
      "event_data": {
        "Message": "Skipping license manager: PFN Microsoft.WindowsStore_22606.1401.10.0_x64__8wekyb3d8bbwe",
        "Function": "InvokeLicenseManagerRequired",
        "Source": "onecoreuap\\enduser\\winstore\\licensemanager\\apisethost\\activationapis.cpp",
        "Line Number": "373"
      },
      "source_format": "evtx",
      "file": "Microsoft-Windows-Store%4Operational.evtx"
    },
    {
      "event_id": 8001,
      "provider": "Microsoft-Windows-Store",
      "timestamp": "2026-07-28T17:40:34.666139+00:00",
      "computer": "DESKTOP-M3EFNJH",
      "level": "4",
      "channel": "Microsoft-Windows-Store/Operational",
      "record_id": "3520",
      "event_data": {
        "Message": "Skipping license manager: PFN Microsoft.WindowsStore_22606.1401.10.0_x64__8wekyb3d8bbwe",
        "Function": "InvokeLicenseManagerRequired",
        "Source": "onecoreuap\\enduser\\winstore\\licensemanager\\apisethost\\activationapis.cpp",
        "Line Number": "373"
      },
      "source_format": "evtx",
      "file": "Microsoft-Windows-Store%4Operational.evtx"
    },
    {
      "event_id": 4004,
      "provider": "Microsoft-Windows-NetworkProfile",
      "timestamp": "2026-07-28T17:40:34.397108+00:00",
      "computer": "DESKTOP-M3EFNJH",
      "level": "4",
      "channel": "Microsoft-Windows-NetworkProfile/Operational",
      "record_id": "19",
      "event_data": {
        "NewInternetConnectionProfile": "true",
        "ConnectionCostChanged": "true",
        "DomainConnectivityLevelChanged": "false",
        "NetworkConnectivityLevelChanged": "true",
        "HostNameChanged": "true",
        "WwanRegistrationStateChanged": "false",
        "TetheringOperationalStateChanged": "false",
        "TetheringClientCountChanged": "false"
      },
      "source_format": "evtx",
      "file": "Microsoft-Windows-NetworkProfile%4Operational.evtx"
    },
    {
      "event_id": 3,
      "provider": "Microsoft-Windows-Crypto-NCrypt",
      "timestamp": "2026-07-28T17:40:33.089852+00:00",
      "computer": "DESKTOP-M3EFNJH",
      "level": "2",
      "channel": "Microsoft-Windows-Crypto-NCrypt/Operational",
      "record_id": "156",
      "event_data": {
        "ProviderName": "Microsoft Platform Crypto Provider",
        "KeyName": "SK-019b83a8-094d-6683-e2cc-ac107e6f68fb",
        "Status": "0x8029040e",
        "ProcessName": "lsass.exe"
      },
      "source_format": "evtx",
      "file": "Microsoft-Windows-Crypto-NCrypt%4Operational.evtx"
    },
    {
      "event_id": 8001,
      "provider": "Microsoft-Windows-Store",
      "timestamp": "2026-07-28T17:40:32.736694+00:00",
      "computer": "DESKTOP-M3EFNJH",
      "level": "4",
      "channel": "Microsoft-Windows-Store/Operational",
      "record_id": "3519",
      "event_data": {
        "Message": "Skipping license manager: PFN Microsoft.WidgetsPlatformRuntime_1.6.14.0_x64__8wekyb3d8bbwe",
        "Function": "InvokeLicenseManagerRequired",
        "Source": "onecoreuap\\enduser\\winstore\\licensemanager\\apisethost\\activationapis.cpp",
        "Line Number": "373"
      },
      "source_format": "evtx",
      "file": "Microsoft-Windows-Store%4Operational.evtx"
    },
    {
      "event_id": 2005,
      "provider": "Microsoft-Windows-Install-Agent",
      "timestamp": "2026-07-28T17:40:31.164163+00:00",
      "computer": "DESKTOP-M3EFNJH",
      "level": "5",
      "channel": "Microsoft-Windows-Store/Operational",
      "record_id": "3508",
      "event_data": {
        "Message": "OneSettingsOnlineScanCooldown (in seconds) = 30",
        "Function": "DoInitializeOneSettingsConfiguration",
        "Error Code": "-1",
        "Source": "onecoreuap\\enduser\\winstore\\installservice\\lib\\settings.cpp",
        "Line Number": "1907",
        "CorrelationVector": "NULL",
        "ProductId": "NULL"
      },
      "source_format": "evtx",
      "file": "Microsoft-Windows-Store%4Operational.evtx"
    },
    {
      "event_id": 2005,
      "provider": "Microsoft-Windows-Install-Agent",
      "timestamp": "2026-07-28T17:40:31.164159+00:00",
      "computer": "DESKTOP-M3EFNJH",
      "level": "5",
      "channel": "Microsoft-Windows-Store/Operational",
      "record_id": "3507",
      "event_data": {
        "Message": "OneSettingsOnlineScansAllowedInInterval = 10",
        "Function": "DoInitializeOneSettingsConfiguration",
        "Error Code": "-1",
        "Source": "onecoreuap\\enduser\\winstore\\installservice\\lib\\settings.cpp",
        "Line Number": "1900",
        "CorrelationVector": "NULL",
        "ProductId": "NULL"
      },
      "source_format": "evtx",
      "file": "Microsoft-Windows-Store%4Operational.evtx"
    },
    {
      "event_id": 2005,
      "provider": "Microsoft-Windows-Install-Agent",
      "timestamp": "2026-07-28T17:40:31.164153+00:00",
      "computer": "DESKTOP-M3EFNJH",
      "level": "5",
      "channel": "Microsoft-Windows-Store/Operational",
      "record_id": "3506",
      "event_data": {
        "Message": "OneSettingsOnlineScanInterval (in seconds) = 86400",
        "Function": "DoInitializeOneSettingsConfiguration",
        "Error Code": "-1",
        "Source": "onecoreuap\\enduser\\winstore\\installservice\\lib\\settings.cpp",
        "Line Number": "1898",
        "CorrelationVector": "NULL",
        "ProductId": "NULL"
      },
      "source_format": "evtx",
      "file": "Microsoft-Windows-Store%4Operational.evtx"
    },
    {
      "event_id": 2005,
      "provider": "Microsoft-Windows-Install-Agent",
      "timestamp": "2026-07-28T17:40:31.043549+00:00",
      "computer": "DESKTOP-M3EFNJH",
      "level": "5",
      "channel": "Microsoft-Windows-Store/Operational",
      "record_id": "3504",
      "event_data": {
        "Message": "oneSettingsconcurrentDefaultInstalls = 3, oneSettingsconcurrentMinInstalls = 3",
        "Function": "GetConcurrentInstallsFromOneSettings",
        "Error Code": "-1",
        "Source": "onecoreuap\\enduser\\winstore\\installservice\\lib\\settings.cpp",
        "Line Number": "692",
        "CorrelationVector": "NULL",
        "ProductId": "NULL"
      },
      "source_format": "evtx",
      "file": "Microsoft-Windows-Store%4Operational.evtx"
    },
    {
      "event_id": 2005,
      "provider": "Microsoft-Windows-Install-Agent",
      "timestamp": "2026-07-28T17:40:30.506739+00:00",
      "computer": "DESKTOP-M3EFNJH",
      "level": "5",
      "channel": "Microsoft-Windows-Store/Operational",
      "record_id": "3499",
      "event_data": {
        "Message": "Initializing InstallService",
        "Function": "InstallService::ServiceStarted",
        "Error Code": "-1",
        "Source": "onecoreuap\\enduser\\winstore\\installservice\\svc\\svcmain.cpp",
        "Line Number": "52",
        "CorrelationVector": "NULL",
        "ProductId": "NULL"
      },
      "source_format": "evtx",
      "file": "Microsoft-Windows-Store%4Operational.evtx"
    },
    {
      "event_id": 2005,
      "provider": "Microsoft-Windows-Install-Agent",
      "timestamp": "2026-07-28T17:40:30.130683+00:00",
      "computer": "DESKTOP-M3EFNJH",
      "level": "5",
      "channel": "Microsoft-Windows-Store/Operational",
      "record_id": "3498",
      "event_data": {
        "Message": "Initializing InstallService for shared",
        "Function": "ServiceMain",
        "Error Code": "-1",
        "Source": "onecoreuap\\enduser\\winstore\\installservice\\svc\\svcmain.cpp",
        "Line Number": "207",
        "CorrelationVector": "NULL",
        "ProductId": "NULL"
      },
      "source_format": "evtx",
      "file": "Microsoft-Windows-Store%4Operational.evtx"
    },
    {
      "event_id": 1002,
      "provider": "Microsoft-Windows-KnownFolders",
      "timestamp": "2026-07-28T17:40:29.429034+00:00",
      "computer": "DESKTOP-M3EFNJH",
      "level": "3",
      "channel": "Microsoft-Windows-Known Folders API Service",
      "record_id": "86",
      "event_data": {
        "hrError": "0x80070005",
        "FolderId": "5E6C858F-0E22-4760-9AFE-EA3317B67173",
        "Path": "C:\\Users\\Adam Sed"
      },
      "source_format": "evtx",
      "file": "Microsoft-Windows-Known Folders API Service.evtx"
    },
    {
      "event_id": 1002,
      "provider": "Microsoft-Windows-KnownFolders",
      "timestamp": "2026-07-28T17:40:29.343976+00:00",
      "computer": "DESKTOP-M3EFNJH",
      "level": "3",
      "channel": "Microsoft-Windows-Known Folders API Service",
      "record_id": "85",
      "event_data": {
        "hrError": "0x80070005",
        "FolderId": "B4BFCC3A-DB2C-424C-B029-7FE99A87C641",
        "Path": "C:\\Users\\Adam Sed\\Desktop"
      },
      "source_format": "evtx",
      "file": "Microsoft-Windows-Known Folders API Service.evtx"
    },
    {
      "event_id": 1002,
      "provider": "Microsoft-Windows-KnownFolders",
      "timestamp": "2026-07-28T17:40:29.315495+00:00",
      "computer": "DESKTOP-M3EFNJH",
      "level": "3",
      "channel": "Microsoft-Windows-Known Folders API Service",
      "record_id": "84",
      "event_data": {
        "hrError": "0x80070005",
        "FolderId": "62AB5D82-FDC1-4DC3-A9DD-070D1D495D97",
        "Path": "C:\\ProgramData"
      },
      "source_format": "evtx",
      "file": "Microsoft-Windows-Known Folders API Service.evtx"
    },
    {
      "event_id": 3,
      "provider": "Microsoft-Windows-Crypto-NCrypt",
      "timestamp": "2026-07-28T17:40:29.205902+00:00",
      "computer": "DESKTOP-M3EFNJH",
      "level": "2",
      "channel": "Microsoft-Windows-Crypto-NCrypt/Operational",
      "record_id": "155",
      "event_data": {
        "ProviderName": "Microsoft Platform Crypto Provider",
        "KeyName": "Windows AIK",
        "Status": "0x80090016",
        "ProcessName": "svchost.exe"
      },
      "source_format": "evtx",
      "file": "Microsoft-Windows-Crypto-NCrypt%4Operational.evtx"
    },
    {
      "event_id": 3,
      "provider": "Microsoft-Windows-Crypto-NCrypt",
      "timestamp": "2026-07-28T17:40:29.160505+00:00",
      "computer": "DESKTOP-M3EFNJH",
      "level": "2",
      "channel": "Microsoft-Windows-Crypto-NCrypt/Operational",
      "record_id": "154",
      "event_data": {
        "ProviderName": "Microsoft Platform Crypto Provider",
        "KeyName": "Windows AIK",
        "Status": "0x80090016",
        "ProcessName": "svchost.exe"
      },
      "source_format": "evtx",
      "file": "Microsoft-Windows-Crypto-NCrypt%4Operational.evtx"
    },
    {
      "event_id": 2005,
      "provider": "Microsoft-Windows-Install-Agent",
      "timestamp": "2026-07-28T17:40:28.717344+00:00",
      "computer": "DESKTOP-M3EFNJH",
      "level": "5",
      "channel": "Microsoft-Windows-Store/Operational",
      "record_id": "3495",
      "event_data": {
        "Message": "oneSettingsconcurrentDefaultInstalls = 3, oneSettingsconcurrentMinInstalls = 3",
        "Function": "GetConcurrentInstallsFromOneSettings",
        "Error Code": "-1",
        "Source": "onecoreuap\\enduser\\winstore\\installservice\\lib\\settings.cpp",
        "Line Number": "692",
        "CorrelationVector": "NULL",
        "ProductId": "NULL"
      },
      "source_format": "evtx",
      "file": "Microsoft-Windows-Store%4Operational.evtx"
    },
    {
      "event_id": 8001,
      "provider": "Microsoft-Windows-Store",
      "timestamp": "2026-07-28T17:40:27.790977+00:00",
      "computer": "DESKTOP-M3EFNJH",
      "level": "4",
      "channel": "Microsoft-Windows-Store/Operational",
      "record_id": "3494",
      "event_data": {
        "Message": "Skipping license manager: PFN Microsoft.YourPhone_0.25112.39.0_x64__8wekyb3d8bbwe",
        "Function": "InvokeLicenseManagerRequired",
        "Source": "onecoreuap\\enduser\\winstore\\licensemanager\\apisethost\\activationapis.cpp",
        "Line Number": "373"
      },
      "source_format": "evtx",
      "file": "Microsoft-Windows-Store%4Operational.evtx"
    },
    {
      "event_id": 8001,
      "provider": "Microsoft-Windows-Store",
      "timestamp": "2026-07-28T17:40:27.790554+00:00",
      "computer": "DESKTOP-M3EFNJH",
      "level": "4",
      "channel": "Microsoft-Windows-Store/Operational",
      "record_id": "3493",
      "event_data": {
        "Message": "Skipping license manager: PFN Microsoft.YourPhone_0.25112.39.0_x64__8wekyb3d8bbwe",
        "Function": "InvokeLicenseManagerRequired",
        "Source": "onecoreuap\\enduser\\winstore\\licensemanager\\apisethost\\activationapis.cpp",
        "Line Number": "373"
      },
      "source_format": "evtx",
      "file": "Microsoft-Windows-Store%4Operational.evtx"
    },
    {
      "event_id": 8001,
      "provider": "Microsoft-Windows-Store",
      "timestamp": "2026-07-28T17:40:26.707410+00:00",
      "computer": "DESKTOP-M3EFNJH",
      "level": "4",
      "channel": "Microsoft-Windows-Store/Operational",
      "record_id": "3492",
      "event_data": {
        "Message": "Skipping license manager: PFN MicrosoftWindows.CrossDevice_0.25112.60.0_x64__cw5n1h2txyewy",
        "Function": "InvokeLicenseManagerRequired",
        "Source": "onecoreuap\\enduser\\winstore\\licensemanager\\apisethost\\activationapis.cpp",
        "Line Number": "373"
      },
      "source_format": "evtx",
      "file": "Microsoft-Windows-Store%4Operational.evtx"
    },
    {
      "event_id": 8001,
      "provider": "Microsoft-Windows-Store",
      "timestamp": "2026-07-28T17:40:26.706654+00:00",
      "computer": "DESKTOP-M3EFNJH",
      "level": "4",
      "channel": "Microsoft-Windows-Store/Operational",
      "record_id": "3491",
      "event_data": {
        "Message": "Skipping license manager: PFN MicrosoftWindows.CrossDevice_0.25112.60.0_x64__cw5n1h2txyewy",
        "Function": "InvokeLicenseManagerRequired",
        "Source": "onecoreuap\\enduser\\winstore\\licensemanager\\apisethost\\activationapis.cpp",
        "Line Number": "373"
      },
      "source_format": "evtx",
      "file": "Microsoft-Windows-Store%4Operational.evtx"
    },
    {
      "event_id": 1002,
      "provider": "Microsoft-Windows-KnownFolders",
      "timestamp": "2026-07-28T17:40:25.595052+00:00",
      "computer": "DESKTOP-M3EFNJH",
      "level": "3",
      "channel": "Microsoft-Windows-Known Folders API Service",
      "record_id": "83",
      "event_data": {
        "hrError": "0x80070005",
        "FolderId": "62AB5D82-FDC1-4DC3-A9DD-070D1D495D97",
        "Path": "C:\\ProgramData"
      },
      "source_format": "evtx",
      "file": "Microsoft-Windows-Known Folders API Service.evtx"
    },
    {
      "event_id": 8001,
      "provider": "Microsoft-Windows-Store",
      "timestamp": "2026-07-28T17:40:23.619984+00:00",
      "computer": "DESKTOP-M3EFNJH",
      "level": "4",
      "channel": "Microsoft-Windows-Store/Operational",
      "record_id": "3488",
      "event_data": {
        "Message": "Skipping license manager: PFN MicrosoftWindows.Client.WebExperience_526.17301.40.0_x64__cw5n1h2txyewy",
        "Function": "InvokeLicenseManagerRequired",
        "Source": "onecoreuap\\enduser\\winstore\\licensemanager\\apisethost\\activationapis.cpp",
        "Line Number": "373"
      },
      "source_format": "evtx",
      "file": "Microsoft-Windows-Store%4Operational.evtx"
    },
    {
      "event_id": 8001,
      "provider": "Microsoft-Windows-Store",
      "timestamp": "2026-07-28T17:40:23.618460+00:00",
      "computer": "DESKTOP-M3EFNJH",
      "level": "4",
      "channel": "Microsoft-Windows-Store/Operational",
      "record_id": "3487",
      "event_data": {
        "Message": "canDisableApps value is 1",
        "Function": "InitStoreAppsAreDisabled",
        "Source": "onecoreuap\\enduser\\winstore\\licensemanager\\apisethost\\activationapis.cpp",
        "Line Number": "195"
      },
      "source_format": "evtx",
      "file": "Microsoft-Windows-Store%4Operational.evtx"
    },
    {
      "event_id": 22,
      "provider": "Microsoft-Windows-TerminalServices-LocalSessionManager",
      "timestamp": "2026-07-28T17:40:14.318547+00:00",
      "computer": "DESKTOP-M3EFNJH",
      "level": "4",
      "channel": "Microsoft-Windows-TerminalServices-LocalSessionManager/Operational",
      "record_id": "112",
      "event_data": {},
      "source_format": "evtx",
      "file": "Microsoft-Windows-TerminalServices-LocalSessionManager%4Operational.evtx"
    },
    {
      "event_id": 3,
      "provider": "Microsoft-Windows-Crypto-NCrypt",
      "timestamp": "2026-07-28T17:40:11.536532+00:00",
      "computer": "DESKTOP-M3EFNJH",
      "level": "2",
      "channel": "Microsoft-Windows-Crypto-NCrypt/Operational",
      "record_id": "152",
      "event_data": {
        "ProviderName": "Microsoft Platform Crypto Provider",
        "KeyName": "Windows Synthetic AIK",
        "Status": "0x80090016",
        "ProcessName": "taskhostw.exe"
      },
      "source_format": "evtx",
      "file": "Microsoft-Windows-Crypto-NCrypt%4Operational.evtx"
    },
    {
      "event_id": 3,
      "provider": "Microsoft-Windows-Crypto-NCrypt",
      "timestamp": "2026-07-28T17:40:11.523071+00:00",
      "computer": "DESKTOP-M3EFNJH",
      "level": "2",
      "channel": "Microsoft-Windows-Crypto-NCrypt/Operational",
      "record_id": "151",
      "event_data": {
        "ProviderName": "Microsoft Platform Crypto Provider",
        "KeyName": "Windows AIK",
        "Status": "0x80090016",
        "ProcessName": "taskhostw.exe"
      },
      "source_format": "evtx",
      "file": "Microsoft-Windows-Crypto-NCrypt%4Operational.evtx"
    },
    {
      "event_id": 8001,
      "provider": "Microsoft-Windows-GroupPolicy",
      "timestamp": "2026-07-28T17:40:06.936288+00:00",
      "computer": "DESKTOP-M3EFNJH",
      "level": "4",
      "channel": "Microsoft-Windows-GroupPolicy/Operational",
      "record_id": "287",
      "event_data": {
        "PolicyElaspedTimeInSeconds": "1",
        "ErrorCode": "0",
        "PrincipalSamName": "DESKTOP-M3EFNJH\\Adam Sed",
        "IsMachine": "0",
        "IsConnectivityFailure": "false"
      },
      "source_format": "evtx",
      "file": "Microsoft-Windows-GroupPolicy%4Operational.evtx"
    },
    {
      "event_id": 4001,
      "provider": "Microsoft-Windows-GroupPolicy",
      "timestamp": "2026-07-28T17:40:05.182733+00:00",
      "computer": "DESKTOP-M3EFNJH",
      "level": "4",
      "channel": "Microsoft-Windows-GroupPolicy/Operational",
      "record_id": "276",
      "event_data": {
        "PolicyActivityId": "29CD05F2-77FB-4266-9D84-E5529DCE0695",
        "PrincipalSamName": "DESKTOP-M3EFNJH\\Adam Sed",
        "IsMachine": "0",
        "IsDomainJoined": "false",
        "IsBackgroundProcessing": "false",
        "IsAsyncProcessing": "true",
        "IsServiceRestart": "false",
        "ReasonForSyncProcessing": "0"
      },
      "source_format": "evtx",
      "file": "Microsoft-Windows-GroupPolicy%4Operational.evtx"
    },
    {
      "event_id": 10001,
      "provider": "Microsoft-Windows-Wcmsvc",
      "timestamp": "2026-07-28T17:40:03.364316+00:00",
      "computer": "DESKTOP-M3EFNJH",
      "level": "4",
      "channel": "Microsoft-Windows-Wcmsvc/Operational",
      "record_id": "58",
      "event_data": {},
      "source_format": "evtx",
      "file": "Microsoft-Windows-Wcmsvc%4Operational.evtx"
    },
