{
  "metadata": {
    "artifact_type": "network_activity",
    "parsed_at": "2026-07-29T02:34:59.132764+00:00",
    "source": "Adam/output/raw/event_logs"
  },
  "summary": {
    "total_network_events": 2716
  },
  "network_events": [
    {
      "event_id": 1002,
      "provider": "Microsoft-Windows-Resource-Exhaustion-Detector",
      "timestamp": "2026-07-28T17:58:41.647489+00:00",
      "computer": "DESKTOP-M3EFNJH",
      "level": "4",
      "channel": "Microsoft-Windows-Resource-Exhaustion-Detector/Operational",
      "record_id": "8",
      "event_data": {},
      "source_format": "evtx",
      "file": "Microsoft-Windows-Resource-Exhaustion-Detector%4Operational.evtx"
    },
    {
      "event_id": 8001,
      "provider": "Microsoft-Windows-Store",
      "timestamp": "2026-07-28T17:58:38.575029+00:00",
      "computer": "DESKTOP-M3EFNJH",
      "level": "4",
      "channel": "Microsoft-Windows-Store/Operational",
      "record_id": "4450",
      "event_data": {
        "Message": "Skipping license manager: PFN MicrosoftWindows.Client.WebExperience_526.17301.40.0_x64__cw5n1h2txyewy",
        "Function": "InvokeLicenseManagerRequired",
        "Source": "onecoreuap\\enduser\\winstore\\licensemanager\\apisethost\\activationapis.cpp",
        "Line Number": "373"
      },
      "source_format": "evtx",
      "file": "Microsoft-Windows-Store%4Operational.evtx"
    },
    {
      "event_id": 3,
      "provider": "Microsoft-Windows-User Profiles Service",
      "timestamp": "2026-07-28T17:58:35.376849+00:00",
      "computer": "DESKTOP-M3EFNJH",
      "level": "4",
      "channel": "Microsoft-Windows-User Profile Service/Operational",
      "record_id": "58",
      "event_data": {
        "Session": "1"
      },
      "source_format": "evtx",
      "file": "Microsoft-Windows-User Profile Service%4Operational.evtx"
    },
    {
      "event_id": 3008,
      "provider": "Microsoft-Windows-PushNotifications-Platform",
      "timestamp": "2026-07-28T17:58:34.552653+00:00",
      "computer": "DESKTOP-M3EFNJH",
      "level": "4",
      "channel": "Microsoft-Windows-PushNotification-Platform/Operational",
      "record_id": "941",
      "event_data": {
        "SessionId": "1"
      },
      "source_format": "evtx",
      "file": "Microsoft-Windows-PushNotification-Platform%4Operational.evtx"
    },
    {
      "event_id": 8001,
      "provider": "Microsoft-Windows-Store",
      "timestamp": "2026-07-28T17:58:33.344704+00:00",
      "computer": "DESKTOP-M3EFNJH",
      "level": "4",
      "channel": "Microsoft-Windows-Store/Operational",
      "record_id": "4449",
      "event_data": {
        "Message": "Skipping license manager: PFN MicrosoftWindows.Client.WebExperience_526.17301.40.0_x64__cw5n1h2txyewy",
        "Function": "InvokeLicenseManagerRequired",
        "Source": "onecoreuap\\enduser\\winstore\\licensemanager\\apisethost\\activationapis.cpp",
        "Line Number": "373"
      },
      "source_format": "evtx",
      "file": "Microsoft-Windows-Store%4Operational.evtx"
    },
    {
      "event_id": 8001,
      "provider": "Microsoft-Windows-Store",
      "timestamp": "2026-07-28T17:58:23.007109+00:00",
      "computer": "DESKTOP-M3EFNJH",
      "level": "4",
      "channel": "Microsoft-Windows-Store/Operational",
      "record_id": "4441",
      "event_data": {
        "Message": "Skipping license manager: PFN Microsoft.WidgetsPlatformRuntime_1.6.14.0_x64__8wekyb3d8bbwe",
        "Function": "InvokeLicenseManagerRequired",
        "Source": "onecoreuap\\enduser\\winstore\\licensemanager\\apisethost\\activationapis.cpp",
        "Line Number": "373"
      },
      "source_format": "evtx",
      "file": "Microsoft-Windows-Store%4Operational.evtx"
    },
    {
      "event_id": 3,
      "provider": "Microsoft-Windows-User Profiles Service",
      "timestamp": "2026-07-28T17:58:22.147470+00:00",
      "computer": "DESKTOP-M3EFNJH",
      "level": "4",
      "channel": "Microsoft-Windows-User Profile Service/Operational",
      "record_id": "56",
      "event_data": {
        "Session": "2"
      },
      "source_format": "evtx",
      "file": "Microsoft-Windows-User Profile Service%4Operational.evtx"
    },
    {
      "event_id": 8001,
      "provider": "Microsoft-Windows-Store",
      "timestamp": "2026-07-28T17:58:09.280463+00:00",
      "computer": "DESKTOP-M3EFNJH",
      "level": "4",
      "channel": "Microsoft-Windows-Store/Operational",
      "record_id": "4433",
      "event_data": {
        "Message": "Skipping license manager: PFN Microsoft.WidgetsPlatformRuntime_1.6.14.0_x64__8wekyb3d8bbwe",
        "Function": "InvokeLicenseManagerRequired",
        "Source": "onecoreuap\\enduser\\winstore\\licensemanager\\apisethost\\activationapis.cpp",
        "Line Number": "373"
      },
      "source_format": "evtx",
      "file": "Microsoft-Windows-Store%4Operational.evtx"
    },
    {
      "event_id": 8001,
      "provider": "Microsoft-Windows-Store",
      "timestamp": "2026-07-28T17:58:09.209632+00:00",
      "computer": "DESKTOP-M3EFNJH",
      "level": "4",
      "channel": "Microsoft-Windows-Store/Operational",
      "record_id": "4432",
      "event_data": {
        "Message": "Skipping license manager: PFN Microsoft.WindowsNotepad_11.2605.34.0_x64__8wekyb3d8bbwe",
        "Function": "InvokeLicenseManagerRequired",
        "Source": "onecoreuap\\enduser\\winstore\\licensemanager\\apisethost\\activationapis.cpp",
        "Line Number": "373"
      },
      "source_format": "evtx",
      "file": "Microsoft-Windows-Store%4Operational.evtx"
    },
    {
      "event_id": 8001,
      "provider": "Microsoft-Windows-Store",
      "timestamp": "2026-07-28T17:58:09.186098+00:00",
      "computer": "DESKTOP-M3EFNJH",
      "level": "4",
      "channel": "Microsoft-Windows-Store/Operational",
      "record_id": "4431",
      "event_data": {
        "Message": "Skipping license manager: PFN Microsoft.DesktopAppInstaller_1.26.509.0_x64__8wekyb3d8bbwe",
        "Function": "InvokeLicenseManagerRequired",
        "Source": "onecoreuap\\enduser\\winstore\\licensemanager\\apisethost\\activationapis.cpp",
        "Line Number": "373"
      },
      "source_format": "evtx",
      "file": "Microsoft-Windows-Store%4Operational.evtx"
    },
    {
      "event_id": 3,
      "provider": "Microsoft-Windows-Bits-Client",
      "timestamp": "2026-07-28T17:57:49.170801+00:00",
      "computer": "DESKTOP-M3EFNJH",
      "level": "4",
      "channel": "Microsoft-Windows-Bits-Client/Operational",
      "record_id": "559",
      "event_data": {
        "jobTitle": "Edge Component Updater",
        "jobId": "DA614604-6217-441F-B3CD-0F86FFF995C3",
        "jobOwner": "DESKTOP-M3EFNJH\\Bob Milton",
        "processPath": "C:\\Program Files (x86)\\Microsoft\\EdgeWebView\\Application\\150.0.4078.105\\msedgewebview2.exe",
        "processId": "1224",
        "ClientProcessStartKey": "1125899906842939"
      },
      "source_format": "evtx",
      "file": "Microsoft-Windows-Bits-Client%4Operational.evtx"
    },
    {
      "event_id": 8001,
      "provider": "Microsoft-Windows-Store",
      "timestamp": "2026-07-28T17:56:44.554668+00:00",
      "computer": "DESKTOP-M3EFNJH",
      "level": "4",
      "channel": "Microsoft-Windows-Store/Operational",
      "record_id": "4385",
      "event_data": {
        "Message": "Skipping license manager: PFN Microsoft.WindowsStore_22606.1401.10.0_x64__8wekyb3d8bbwe",
        "Function": "InvokeLicenseManagerRequired",
        "Source": "onecoreuap\\enduser\\winstore\\licensemanager\\apisethost\\activationapis.cpp",
        "Line Number": "373"
      },
      "source_format": "evtx",
      "file": "Microsoft-Windows-Store%4Operational.evtx"
    },
    {
      "event_id": 2005,
      "provider": "Microsoft-Windows-Install-Agent",
      "timestamp": "2026-07-28T17:56:07.029834+00:00",
      "computer": "DESKTOP-M3EFNJH",
      "level": "5",
      "channel": "Microsoft-Windows-Store/Operational",
      "record_id": "4336",
      "event_data": {
        "Message": "Device Info: DeviceFamily = Windows.Desktop, Version = 2814751484157797, Arch = AMD64 (K8) ",
        "Function": "FindFulfillmentInfo",
        "Error Code": "0",
        "Source": "onecoreuap\\enduser\\winstore\\installservice\\libqueue2\\productdocument2helper.cpp",
        "Line Number": "380",
        "CorrelationVector": "",
        "ProductId": ""
      },
      "source_format": "evtx",
      "file": "Microsoft-Windows-Store%4Operational.evtx"
    },
    {
      "event_id": 2005,
      "provider": "Microsoft-Windows-Install-Agent",
      "timestamp": "2026-07-28T17:56:06.650976+00:00",
      "computer": "DESKTOP-M3EFNJH",
      "level": "5",
      "channel": "Microsoft-Windows-Store/Operational",
      "record_id": "4320",
      "event_data": {
        "Message": "Device Info: DeviceFamily = Windows.Desktop, Version = 2814751484157797, Arch = AMD64 (K8) ",
        "Function": "FindFulfillmentInfo",
        "Error Code": "0",
        "Source": "onecoreuap\\enduser\\winstore\\installservice\\libqueue2\\productdocument2helper.cpp",
        "Line Number": "380",
        "CorrelationVector": "",
        "ProductId": ""
      },
      "source_format": "evtx",
      "file": "Microsoft-Windows-Store%4Operational.evtx"
    },
    {
      "event_id": 2005,
      "provider": "Microsoft-Windows-Install-Agent",
      "timestamp": "2026-07-28T17:56:04.740967+00:00",
      "computer": "DESKTOP-M3EFNJH",
      "level": "5",
      "channel": "Microsoft-Windows-Store/Operational",
      "record_id": "4304",
      "event_data": {
        "Message": "Device Info: DeviceFamily = Windows.Desktop, Version = 2814751484157797, Arch = AMD64 (K8) ",
        "Function": "FindFulfillmentInfo",
        "Error Code": "0",
        "Source": "onecoreuap\\enduser\\winstore\\installservice\\libqueue2\\productdocument2helper.cpp",
        "Line Number": "380",
        "CorrelationVector": "",
        "ProductId": ""
      },
      "source_format": "evtx",
      "file": "Microsoft-Windows-Store%4Operational.evtx"
    },
    {
      "event_id": 2005,
      "provider": "Microsoft-Windows-Install-Agent",
      "timestamp": "2026-07-28T17:56:04.170594+00:00",
      "computer": "DESKTOP-M3EFNJH",
      "level": "5",
      "channel": "Microsoft-Windows-Store/Operational",
      "record_id": "4288",
      "event_data": {
        "Message": "Device Info: DeviceFamily = Windows.Desktop, Version = 2814751484157797, Arch = AMD64 (K8) ",
        "Function": "FindFulfillmentInfo",
        "Error Code": "0",
        "Source": "onecoreuap\\enduser\\winstore\\installservice\\libqueue2\\productdocument2helper.cpp",
        "Line Number": "380",
        "CorrelationVector": "",
        "ProductId": ""
      },
      "source_format": "evtx",
      "file": "Microsoft-Windows-Store%4Operational.evtx"
    },
    {
      "event_id": 2005,
      "provider": "Microsoft-Windows-Install-Agent",
      "timestamp": "2026-07-28T17:56:03.950593+00:00",
      "computer": "DESKTOP-M3EFNJH",
      "level": "5",
      "channel": "Microsoft-Windows-Store/Operational",
      "record_id": "4272",
      "event_data": {
        "Message": "Device Info: DeviceFamily = Windows.Desktop, Version = 2814751484157797, Arch = AMD64 (K8) ",
        "Function": "FindFulfillmentInfo",
        "Error Code": "0",
        "Source": "onecoreuap\\enduser\\winstore\\installservice\\libqueue2\\productdocument2helper.cpp",
        "Line Number": "380",
        "CorrelationVector": "",
        "ProductId": ""
      },
      "source_format": "evtx",
      "file": "Microsoft-Windows-Store%4Operational.evtx"
    },
    {
      "event_id": 2005,
      "provider": "Microsoft-Windows-Install-Agent",
      "timestamp": "2026-07-28T17:56:03.709935+00:00",
      "computer": "DESKTOP-M3EFNJH",
      "level": "5",
      "channel": "Microsoft-Windows-Store/Operational",
      "record_id": "4256",
      "event_data": {
        "Message": "Device Info: DeviceFamily = Windows.Desktop, Version = 2814751484157797, Arch = AMD64 (K8) ",
        "Function": "FindFulfillmentInfo",
        "Error Code": "0",
        "Source": "onecoreuap\\enduser\\winstore\\installservice\\libqueue2\\productdocument2helper.cpp",
        "Line Number": "380",
        "CorrelationVector": "",
        "ProductId": ""
      },
      "source_format": "evtx",
      "file": "Microsoft-Windows-Store%4Operational.evtx"
    },
    {
      "event_id": 2005,
      "provider": "Microsoft-Windows-Install-Agent",
      "timestamp": "2026-07-28T17:56:03.451803+00:00",
      "computer": "DESKTOP-M3EFNJH",
      "level": "5",
      "channel": "Microsoft-Windows-Store/Operational",
      "record_id": "4240",
      "event_data": {
        "Message": "Device Info: DeviceFamily = Windows.Desktop, Version = 2814751484157797, Arch = AMD64 (K8) ",
        "Function": "FindFulfillmentInfo",
        "Error Code": "0",
        "Source": "onecoreuap\\enduser\\winstore\\installservice\\libqueue2\\productdocument2helper.cpp",
        "Line Number": "380",
        "CorrelationVector": "",
        "ProductId": ""
      },
      "source_format": "evtx",
      "file": "Microsoft-Windows-Store%4Operational.evtx"
    },
    {
      "event_id": 2005,
      "provider": "Microsoft-Windows-Install-Agent",
      "timestamp": "2026-07-28T17:56:03.098767+00:00",
      "computer": "DESKTOP-M3EFNJH",
      "level": "5",
      "channel": "Microsoft-Windows-Store/Operational",
      "record_id": "4224",
      "event_data": {
        "Message": "Device Info: DeviceFamily = Windows.Desktop, Version = 2814751484157797, Arch = AMD64 (K8) ",
        "Function": "FindFulfillmentInfo",
        "Error Code": "0",
        "Source": "onecoreuap\\enduser\\winstore\\installservice\\libqueue2\\productdocument2helper.cpp",
        "Line Number": "380",
        "CorrelationVector": "",
        "ProductId": ""
      },
      "source_format": "evtx",
      "file": "Microsoft-Windows-Store%4Operational.evtx"
    },
    {
      "event_id": 2005,
      "provider": "Microsoft-Windows-Install-Agent",
      "timestamp": "2026-07-28T17:56:02.767373+00:00",
      "computer": "DESKTOP-M3EFNJH",
      "level": "5",
      "channel": "Microsoft-Windows-Store/Operational",
      "record_id": "4208",
      "event_data": {
        "Message": "Device Info: DeviceFamily = Windows.Desktop, Version = 2814751484157797, Arch = AMD64 (K8) ",
        "Function": "FindFulfillmentInfo",
        "Error Code": "0",
        "Source": "onecoreuap\\enduser\\winstore\\installservice\\libqueue2\\productdocument2helper.cpp",
        "Line Number": "380",
        "CorrelationVector": "",
        "ProductId": ""
      },
      "source_format": "evtx",
      "file": "Microsoft-Windows-Store%4Operational.evtx"
    },
    {
      "event_id": 2005,
      "provider": "Microsoft-Windows-Install-Agent",
      "timestamp": "2026-07-28T17:56:00.514288+00:00",
      "computer": "DESKTOP-M3EFNJH",
      "level": "5",
      "channel": "Microsoft-Windows-Store/Operational",
      "record_id": "4192",
      "event_data": {
        "Message": "Device Info: DeviceFamily = Windows.Desktop, Version = 2814751484157797, Arch = AMD64 (K8) ",
        "Function": "FindFulfillmentInfo",
        "Error Code": "0",
        "Source": "onecoreuap\\enduser\\winstore\\installservice\\libqueue2\\productdocument2helper.cpp",
        "Line Number": "380",
        "CorrelationVector": "",
        "ProductId": ""
      },
      "source_format": "evtx",
      "file": "Microsoft-Windows-Store%4Operational.evtx"
    },
    {
      "event_id": 2005,
      "provider": "Microsoft-Windows-Install-Agent",
      "timestamp": "2026-07-28T17:56:00.028653+00:00",
      "computer": "DESKTOP-M3EFNJH",
      "level": "5",
      "channel": "Microsoft-Windows-Store/Operational",
      "record_id": "4176",
      "event_data": {
        "Message": "Device Info: DeviceFamily = Windows.Desktop, Version = 2814751484157797, Arch = AMD64 (K8) ",
        "Function": "FindFulfillmentInfo",
        "Error Code": "0",
        "Source": "onecoreuap\\enduser\\winstore\\installservice\\libqueue2\\productdocument2helper.cpp",
        "Line Number": "380",
        "CorrelationVector": "",
        "ProductId": ""
      },
      "source_format": "evtx",
      "file": "Microsoft-Windows-Store%4Operational.evtx"
    },
    {
      "event_id": 2005,
      "provider": "Microsoft-Windows-Install-Agent",
      "timestamp": "2026-07-28T17:55:59.518366+00:00",
      "computer": "DESKTOP-M3EFNJH",
      "level": "5",
      "channel": "Microsoft-Windows-Store/Operational",
      "record_id": "4160",
      "event_data": {
        "Message": "Device Info: DeviceFamily = Windows.Desktop, Version = 2814751484157797, Arch = AMD64 (K8) ",
        "Function": "FindFulfillmentInfo",
        "Error Code": "0",
        "Source": "onecoreuap\\enduser\\winstore\\installservice\\libqueue2\\productdocument2helper.cpp",
        "Line Number": "380",
        "CorrelationVector": "",
        "ProductId": ""
      },
      "source_format": "evtx",
      "file": "Microsoft-Windows-Store%4Operational.evtx"
    },
    {
      "event_id": 2005,
      "provider": "Microsoft-Windows-Install-Agent",
      "timestamp": "2026-07-28T17:55:57.381363+00:00",
      "computer": "DESKTOP-M3EFNJH",
      "level": "5",
      "channel": "Microsoft-Windows-Store/Operational",
      "record_id": "4144",
      "event_data": {
        "Message": "Device Info: DeviceFamily = Windows.Desktop, Version = 2814751484157797, Arch = AMD64 (K8) ",
        "Function": "FindFulfillmentInfo",
        "Error Code": "0",
        "Source": "onecoreuap\\enduser\\winstore\\installservice\\libqueue2\\productdocument2helper.cpp",
        "Line Number": "380",
        "CorrelationVector": "",
        "ProductId": ""
      },
      "source_format": "evtx",
      "file": "Microsoft-Windows-Store%4Operational.evtx"
    },
    {
      "event_id": 2005,
      "provider": "Microsoft-Windows-Install-Agent",
      "timestamp": "2026-07-28T17:55:57.073724+00:00",
      "computer": "DESKTOP-M3EFNJH",
      "level": "5",
      "channel": "Microsoft-Windows-Store/Operational",
      "record_id": "4128",
      "event_data": {
        "Message": "Device Info: DeviceFamily = Windows.Desktop, Version = 2814751484157797, Arch = AMD64 (K8) ",
        "Function": "FindFulfillmentInfo",
        "Error Code": "0",
        "Source": "onecoreuap\\enduser\\winstore\\installservice\\libqueue2\\productdocument2helper.cpp",
        "Line Number": "380",
        "CorrelationVector": "",
        "ProductId": ""
      },
      "source_format": "evtx",
      "file": "Microsoft-Windows-Store%4Operational.evtx"
    },
    {
      "event_id": 3,
      "provider": "Windows-ApplicationModel-Store-SDK",
      "timestamp": "2026-07-28T17:55:56.693293+00:00",
      "computer": "DESKTOP-M3EFNJH",
      "level": "3",
      "channel": "Microsoft-Windows-Store/Operational",
      "record_id": "4125",
      "event_data": {
        "Message": "Task 'WinStore.Tasks.WindowsSearchTask+Runner' was canceled, reason: 'SystemPolicy'.",
        "Line Number": "99",
        "File Name": ".\\src\\Core\\WinStore.Tasks\\Helpers\\BackgroundTaskRunner.cs",
        "Member Name": "Run"
      },
      "source_format": "evtx",
      "file": "Microsoft-Windows-Store%4Operational.evtx"
    },
    {
      "event_id": 2005,
      "provider": "Microsoft-Windows-Install-Agent",
      "timestamp": "2026-07-28T17:55:56.527285+00:00",
      "computer": "DESKTOP-M3EFNJH",
      "level": "5",
      "channel": "Microsoft-Windows-Store/Operational",
      "record_id": "4111",
      "event_data": {
        "Message": "Device Info: DeviceFamily = Windows.Desktop, Version = 2814751484157797, Arch = AMD64 (K8) ",
        "Function": "FindFulfillmentInfo",
        "Error Code": "0",
        "Source": "onecoreuap\\enduser\\winstore\\installservice\\libqueue2\\productdocument2helper.cpp",
        "Line Number": "380",
        "CorrelationVector": "",
        "ProductId": ""
      },
      "source_format": "evtx",
      "file": "Microsoft-Windows-Store%4Operational.evtx"
    },
    {
      "event_id": 3,
      "provider": "Windows-ApplicationModel-Store-SDK",
      "timestamp": "2026-07-28T17:55:56.382041+00:00",
      "computer": "DESKTOP-M3EFNJH",
      "level": "3",
      "channel": "Microsoft-Windows-Store/Operational",
      "record_id": "4108",
      "event_data": {
        "Message": "Task 'WinStore.Tasks.WindowsSearchTask+Runner' was canceled, reason: 'SystemPolicy'.",
        "Line Number": "99",
        "File Name": ".\\src\\Core\\WinStore.Tasks\\Helpers\\BackgroundTaskRunner.cs",
        "Member Name": "Run"
      },
      "source_format": "evtx",
      "file": "Microsoft-Windows-Store%4Operational.evtx"
    },
    {
      "event_id": 3,
      "provider": "Windows-ApplicationModel-Store-SDK",
      "timestamp": "2026-07-28T17:55:56.199052+00:00",
      "computer": "DESKTOP-M3EFNJH",
      "level": "3",
      "channel": "Microsoft-Windows-Store/Operational",
      "record_id": "4107",
      "event_data": {
        "Message": "Task 'WinStore.Tasks.WindowsSearchTask+Runner' was canceled, reason: 'SystemPolicy'.",
        "Line Number": "99",
        "File Name": ".\\src\\Core\\WinStore.Tasks\\Helpers\\BackgroundTaskRunner.cs",
        "Member Name": "Run"
      },
      "source_format": "evtx",
      "file": "Microsoft-Windows-Store%4Operational.evtx"
    },
    {
      "event_id": 3,
      "provider": "Windows-ApplicationModel-Store-SDK",
      "timestamp": "2026-07-28T17:55:56.199019+00:00",
      "computer": "DESKTOP-M3EFNJH",
      "level": "3",
      "channel": "Microsoft-Windows-Store/Operational",
      "record_id": "4106",
      "event_data": {
        "Message": "Task 'WinStore.Tasks.WindowsSearchTask+Runner' was canceled, reason: 'SystemPolicy'.",
        "Line Number": "99",
        "File Name": ".\\src\\Core\\WinStore.Tasks\\Helpers\\BackgroundTaskRunner.cs",
        "Member Name": "Run"
      },
      "source_format": "evtx",
      "file": "Microsoft-Windows-Store%4Operational.evtx"
    },
    {
      "event_id": 2005,
      "provider": "Microsoft-Windows-Install-Agent",
      "timestamp": "2026-07-28T17:55:55.859452+00:00",
      "computer": "DESKTOP-M3EFNJH",
      "level": "5",
      "channel": "Microsoft-Windows-Store/Operational",
      "record_id": "4092",
      "event_data": {
        "Message": "Device Info: DeviceFamily = Windows.Desktop, Version = 2814751484157797, Arch = AMD64 (K8) ",
        "Function": "FindFulfillmentInfo",
        "Error Code": "0",
        "Source": "onecoreuap\\enduser\\winstore\\installservice\\libqueue2\\productdocument2helper.cpp",
        "Line Number": "380",
        "CorrelationVector": "",
        "ProductId": ""
      },
      "source_format": "evtx",
      "file": "Microsoft-Windows-Store%4Operational.evtx"
    },
    {
      "event_id": 3,
      "provider": "Microsoft-Windows-Crypto-NCrypt",
      "timestamp": "2026-07-28T17:55:55.802666+00:00",
      "computer": "DESKTOP-M3EFNJH",
      "level": "2",
      "channel": "Microsoft-Windows-Crypto-NCrypt/Operational",
      "record_id": "202",
      "event_data": {
        "ProviderName": "Microsoft Platform Crypto Provider",
        "KeyName": "SK-019b83a8-094d-6683-e2cc-ac107e6f68fb",
        "Status": "0x8029040e",
        "ProcessName": "lsass.exe"
      },
      "source_format": "evtx",
      "file": "Microsoft-Windows-Crypto-NCrypt%4Operational.evtx"
    },
    {
      "event_id": 2005,
      "provider": "Microsoft-Windows-Install-Agent",
      "timestamp": "2026-07-28T17:55:55.553218+00:00",
      "computer": "DESKTOP-M3EFNJH",
      "level": "5",
      "channel": "Microsoft-Windows-Store/Operational",
      "record_id": "4076",
      "event_data": {
        "Message": "Device Info: DeviceFamily = Windows.Desktop, Version = 2814751484157797, Arch = AMD64 (K8) ",
        "Function": "FindFulfillmentInfo",
        "Error Code": "0",
        "Source": "onecoreuap\\enduser\\winstore\\installservice\\libqueue2\\productdocument2helper.cpp",
        "Line Number": "380",
        "CorrelationVector": "",
        "ProductId": ""
      },
      "source_format": "evtx",
      "file": "Microsoft-Windows-Store%4Operational.evtx"
    },
    {
      "event_id": 2005,
      "provider": "Microsoft-Windows-Install-Agent",
      "timestamp": "2026-07-28T17:55:54.866306+00:00",
      "computer": "DESKTOP-M3EFNJH",
      "level": "5",
      "channel": "Microsoft-Windows-Store/Operational",
      "record_id": "4060",
      "event_data": {
        "Message": "Device Info: DeviceFamily = Windows.Desktop, Version = 2814751484157797, Arch = AMD64 (K8) ",
        "Function": "FindFulfillmentInfo",
        "Error Code": "0",
        "Source": "onecoreuap\\enduser\\winstore\\installservice\\libqueue2\\productdocument2helper.cpp",
        "Line Number": "380",
        "CorrelationVector": "",
        "ProductId": ""
      },
      "source_format": "evtx",
      "file": "Microsoft-Windows-Store%4Operational.evtx"
    },
    {
      "event_id": 8001,
      "provider": "Microsoft-Windows-Store",
      "timestamp": "2026-07-28T17:55:54.816166+00:00",
      "computer": "DESKTOP-M3EFNJH",
      "level": "4",
      "channel": "Microsoft-Windows-Store/Operational",
      "record_id": "4057",
      "event_data": {
        "Message": "Skipping license manager: PFN Microsoft.WindowsStore_22606.1401.10.0_x64__8wekyb3d8bbwe",
        "Function": "InvokeLicenseManagerRequired",
        "Source": "onecoreuap\\enduser\\winstore\\licensemanager\\apisethost\\activationapis.cpp",
        "Line Number": "373"
      },
      "source_format": "evtx",
      "file": "Microsoft-Windows-Store%4Operational.evtx"
    },
    {
      "event_id": 8001,
      "provider": "Microsoft-Windows-Store",
      "timestamp": "2026-07-28T17:55:54.810140+00:00",
      "computer": "DESKTOP-M3EFNJH",
      "level": "4",
      "channel": "Microsoft-Windows-Store/Operational",
      "record_id": "4056",
      "event_data": {
        "Message": "Skipping license manager: PFN Microsoft.WindowsStore_22606.1401.10.0_x64__8wekyb3d8bbwe",
        "Function": "InvokeLicenseManagerRequired",
        "Source": "onecoreuap\\enduser\\winstore\\licensemanager\\apisethost\\activationapis.cpp",
        "Line Number": "373"
      },
      "source_format": "evtx",
      "file": "Microsoft-Windows-Store%4Operational.evtx"
    },
    {
      "event_id": 2005,
      "provider": "Microsoft-Windows-Install-Agent",
      "timestamp": "2026-07-28T17:55:53.827017+00:00",
      "computer": "DESKTOP-M3EFNJH",
      "level": "5",
      "channel": "Microsoft-Windows-Store/Operational",
      "record_id": "4042",
      "event_data": {
        "Message": "Device Info: DeviceFamily = Windows.Desktop, Version = 2814751484157797, Arch = AMD64 (K8) ",
        "Function": "FindFulfillmentInfo",
        "Error Code": "0",
        "Source": "onecoreuap\\enduser\\winstore\\installservice\\libqueue2\\productdocument2helper.cpp",
        "Line Number": "380",
        "CorrelationVector": "",
        "ProductId": ""
      },
      "source_format": "evtx",
      "file": "Microsoft-Windows-Store%4Operational.evtx"
    },
    {
      "event_id": 2005,
      "provider": "Microsoft-Windows-Install-Agent",
      "timestamp": "2026-07-28T17:55:53.601626+00:00",
      "computer": "DESKTOP-M3EFNJH",
      "level": "5",
      "channel": "Microsoft-Windows-Store/Operational",
      "record_id": "4026",
      "event_data": {
        "Message": "Device Info: DeviceFamily = Windows.Desktop, Version = 2814751484157797, Arch = AMD64 (K8) ",
        "Function": "FindFulfillmentInfo",
        "Error Code": "0",
        "Source": "onecoreuap\\enduser\\winstore\\installservice\\libqueue2\\productdocument2helper.cpp",
        "Line Number": "380",
        "CorrelationVector": "",
        "ProductId": ""
      },
      "source_format": "evtx",
      "file": "Microsoft-Windows-Store%4Operational.evtx"
    },
    {
      "event_id": 2005,
      "provider": "Microsoft-Windows-Install-Agent",
      "timestamp": "2026-07-28T17:55:53.465794+00:00",
      "computer": "DESKTOP-M3EFNJH",
      "level": "5",
      "channel": "Microsoft-Windows-Store/Operational",
      "record_id": "4006",
      "event_data": {
        "Message": "Device Info: DeviceFamily = Windows.Desktop, Version = 2814751484157797, Arch = AMD64 (K8) ",
        "Function": "FindFulfillmentInfo",
        "Error Code": "0",
        "Source": "onecoreuap\\enduser\\winstore\\installservice\\libqueue2\\productdocument2helper.cpp",
        "Line Number": "380",
        "CorrelationVector": "",
        "ProductId": ""
      },
      "source_format": "evtx",
      "file": "Microsoft-Windows-Store%4Operational.evtx"
    },
    {
      "event_id": 2005,
      "provider": "Microsoft-Windows-Install-Agent",
      "timestamp": "2026-07-28T17:55:53.325131+00:00",
      "computer": "DESKTOP-M3EFNJH",
      "level": "5",
      "channel": "Microsoft-Windows-Store/Operational",
      "record_id": "3990",
      "event_data": {
        "Message": "Device Info: DeviceFamily = Windows.Desktop, Version = 2814751484157797, Arch = AMD64 (K8) ",
        "Function": "FindFulfillmentInfo",
        "Error Code": "0",
        "Source": "onecoreuap\\enduser\\winstore\\installservice\\libqueue2\\productdocument2helper.cpp",
        "Line Number": "380",
        "CorrelationVector": "",
        "ProductId": ""
      },
      "source_format": "evtx",
      "file": "Microsoft-Windows-Store%4Operational.evtx"
    },
    {
      "event_id": 2005,
      "provider": "Microsoft-Windows-Install-Agent",
      "timestamp": "2026-07-28T17:55:53.149589+00:00",
      "computer": "DESKTOP-M3EFNJH",
      "level": "5",
      "channel": "Microsoft-Windows-Store/Operational",
      "record_id": "3974",
      "event_data": {
        "Message": "Device Info: DeviceFamily = Windows.Desktop, Version = 2814751484157797, Arch = AMD64 (K8) ",
        "Function": "FindFulfillmentInfo",
        "Error Code": "0",
        "Source": "onecoreuap\\enduser\\winstore\\installservice\\libqueue2\\productdocument2helper.cpp",
        "Line Number": "380",
        "CorrelationVector": "",
        "ProductId": ""
      },
      "source_format": "evtx",
      "file": "Microsoft-Windows-Store%4Operational.evtx"
    },
    {
      "event_id": 2005,
      "provider": "Microsoft-Windows-Install-Agent",
      "timestamp": "2026-07-28T17:55:52.185494+00:00",
      "computer": "DESKTOP-M3EFNJH",
      "level": "5",
      "channel": "Microsoft-Windows-Store/Operational",
      "record_id": "3958",
      "event_data": {
        "Message": "Device Info: DeviceFamily = Windows.Desktop, Version = 2814751484157797, Arch = AMD64 (K8) ",
        "Function": "FindFulfillmentInfo",
        "Error Code": "0",
        "Source": "onecoreuap\\enduser\\winstore\\installservice\\libqueue2\\productdocument2helper.cpp",
        "Line Number": "380",
        "CorrelationVector": "",
        "ProductId": ""
      },
      "source_format": "evtx",
      "file": "Microsoft-Windows-Store%4Operational.evtx"
    },
    {
      "event_id": 2005,
      "provider": "Microsoft-Windows-Install-Agent",
      "timestamp": "2026-07-28T17:55:51.468951+00:00",
      "computer": "DESKTOP-M3EFNJH",
      "level": "5",
      "channel": "Microsoft-Windows-Store/Operational",
      "record_id": "3942",
      "event_data": {
        "Message": "Device Info: DeviceFamily = Windows.Desktop, Version = 2814751484157797, Arch = AMD64 (K8) ",
        "Function": "FindFulfillmentInfo",
        "Error Code": "0",
        "Source": "onecoreuap\\enduser\\winstore\\installservice\\libqueue2\\productdocument2helper.cpp",
        "Line Number": "380",
        "CorrelationVector": "",
        "ProductId": ""
      },
      "source_format": "evtx",
      "file": "Microsoft-Windows-Store%4Operational.evtx"
    },
    {
      "event_id": 2005,
      "provider": "Microsoft-Windows-Install-Agent",
      "timestamp": "2026-07-28T17:55:49.537346+00:00",
      "computer": "DESKTOP-M3EFNJH",
      "level": "5",
      "channel": "Microsoft-Windows-Store/Operational",
      "record_id": "3926",
      "event_data": {
        "Message": "Device Info: DeviceFamily = Windows.Desktop, Version = 2814751484157797, Arch = AMD64 (K8) ",
        "Function": "FindFulfillmentInfo",
        "Error Code": "0",
        "Source": "onecoreuap\\enduser\\winstore\\installservice\\libqueue2\\productdocument2helper.cpp",
        "Line Number": "380",
        "CorrelationVector": "",
        "ProductId": ""
      },
      "source_format": "evtx",
      "file": "Microsoft-Windows-Store%4Operational.evtx"
    },
    {
      "event_id": 2005,
      "provider": "Microsoft-Windows-Install-Agent",
      "timestamp": "2026-07-28T17:55:49.264956+00:00",
      "computer": "DESKTOP-M3EFNJH",
      "level": "5",
      "channel": "Microsoft-Windows-Store/Operational",
      "record_id": "3910",
      "event_data": {
        "Message": "Device Info: DeviceFamily = Windows.Desktop, Version = 2814751484157797, Arch = AMD64 (K8) ",
        "Function": "FindFulfillmentInfo",
        "Error Code": "0",
        "Source": "onecoreuap\\enduser\\winstore\\installservice\\libqueue2\\productdocument2helper.cpp",
        "Line Number": "380",
        "CorrelationVector": "",
        "ProductId": ""
      },
      "source_format": "evtx",
      "file": "Microsoft-Windows-Store%4Operational.evtx"
    },
    {
      "event_id": 2005,
      "provider": "Microsoft-Windows-Install-Agent",
      "timestamp": "2026-07-28T17:55:48.573797+00:00",
      "computer": "DESKTOP-M3EFNJH",
      "level": "5",
      "channel": "Microsoft-Windows-Store/Operational",
      "record_id": "3894",
      "event_data": {
        "Message": "Device Info: DeviceFamily = Windows.Desktop, Version = 2814751484157797, Arch = AMD64 (K8) ",
        "Function": "FindFulfillmentInfo",
        "Error Code": "0",
        "Source": "onecoreuap\\enduser\\winstore\\installservice\\libqueue2\\productdocument2helper.cpp",
        "Line Number": "380",
        "CorrelationVector": "",
        "ProductId": ""
      },
      "source_format": "evtx",
      "file": "Microsoft-Windows-Store%4Operational.evtx"
    },
    {
      "event_id": 2005,
      "provider": "Microsoft-Windows-Install-Agent",
      "timestamp": "2026-07-28T17:55:48.104126+00:00",
      "computer": "DESKTOP-M3EFNJH",
      "level": "5",
      "channel": "Microsoft-Windows-Store/Operational",
      "record_id": "3878",
      "event_data": {
        "Message": "Device Info: DeviceFamily = Windows.Desktop, Version = 2814751484157797, Arch = AMD64 (K8) ",
        "Function": "FindFulfillmentInfo",
        "Error Code": "0",
        "Source": "onecoreuap\\enduser\\winstore\\installservice\\libqueue2\\productdocument2helper.cpp",
        "Line Number": "380",
        "CorrelationVector": "",
        "ProductId": ""
      },
      "source_format": "evtx",
      "file": "Microsoft-Windows-Store%4Operational.evtx"
    },
    {
      "event_id": 2005,
      "provider": "Microsoft-Windows-Install-Agent",
      "timestamp": "2026-07-28T17:55:47.804529+00:00",
      "computer": "DESKTOP-M3EFNJH",
      "level": "5",
      "channel": "Microsoft-Windows-Store/Operational",
      "record_id": "3862",
      "event_data": {
        "Message": "Device Info: DeviceFamily = Windows.Desktop, Version = 2814751484157797, Arch = AMD64 (K8) ",
        "Function": "FindFulfillmentInfo",
        "Error Code": "0",
        "Source": "onecoreuap\\enduser\\winstore\\installservice\\libqueue2\\productdocument2helper.cpp",
        "Line Number": "380",
        "CorrelationVector": "",
        "ProductId": ""
      },
      "source_format": "evtx",
      "file": "Microsoft-Windows-Store%4Operational.evtx"
    },
    {
      "event_id": 2005,
      "provider": "Microsoft-Windows-Install-Agent",
      "timestamp": "2026-07-28T17:55:47.404500+00:00",
      "computer": "DESKTOP-M3EFNJH",
      "level": "5",
      "channel": "Microsoft-Windows-Store/Operational",
      "record_id": "3846",
      "event_data": {
        "Message": "Device Info: DeviceFamily = Windows.Desktop, Version = 2814751484157797, Arch = AMD64 (K8) ",
        "Function": "FindFulfillmentInfo",
        "Error Code": "0",
        "Source": "onecoreuap\\enduser\\winstore\\installservice\\libqueue2\\productdocument2helper.cpp",
        "Line Number": "380",
        "CorrelationVector": "",
        "ProductId": ""
      },
      "source_format": "evtx",
      "file": "Microsoft-Windows-Store%4Operational.evtx"
    },
    {
      "event_id": 2005,
      "provider": "Microsoft-Windows-Install-Agent",
      "timestamp": "2026-07-28T17:55:45.947220+00:00",
      "computer": "DESKTOP-M3EFNJH",
      "level": "5",
      "channel": "Microsoft-Windows-Store/Operational",
      "record_id": "3830",
      "event_data": {
        "Message": "Device Info: DeviceFamily = Windows.Desktop, Version = 2814751484157797, Arch = AMD64 (K8) ",
        "Function": "FindFulfillmentInfo",
        "Error Code": "0",
        "Source": "onecoreuap\\enduser\\winstore\\installservice\\libqueue2\\productdocument2helper.cpp",
        "Line Number": "380",
        "CorrelationVector": "",
        "ProductId": ""
      },
      "source_format": "evtx",
      "file": "Microsoft-Windows-Store%4Operational.evtx"
    },
    {
      "event_id": 2005,
      "provider": "Microsoft-Windows-Install-Agent",
      "timestamp": "2026-07-28T17:55:45.456327+00:00",
      "computer": "DESKTOP-M3EFNJH",
      "level": "5",
      "channel": "Microsoft-Windows-Store/Operational",
      "record_id": "3814",
      "event_data": {
        "Message": "Device Info: DeviceFamily = Windows.Desktop, Version = 2814751484157797, Arch = AMD64 (K8) ",
        "Function": "FindFulfillmentInfo",
        "Error Code": "0",
        "Source": "onecoreuap\\enduser\\winstore\\installservice\\libqueue2\\productdocument2helper.cpp",
        "Line Number": "380",
        "CorrelationVector": "",
        "ProductId": ""
      },
      "source_format": "evtx",
      "file": "Microsoft-Windows-Store%4Operational.evtx"
    },
    {
      "event_id": 2005,
      "provider": "Microsoft-Windows-Install-Agent",
      "timestamp": "2026-07-28T17:55:45.251429+00:00",
      "computer": "DESKTOP-M3EFNJH",
      "level": "5",
      "channel": "Microsoft-Windows-Store/Operational",
      "record_id": "3798",
      "event_data": {
        "Message": "Device Info: DeviceFamily = Windows.Desktop, Version = 2814751484157797, Arch = AMD64 (K8) ",
        "Function": "FindFulfillmentInfo",
        "Error Code": "0",
        "Source": "onecoreuap\\enduser\\winstore\\installservice\\libqueue2\\productdocument2helper.cpp",
        "Line Number": "380",
        "CorrelationVector": "",
        "ProductId": ""
      },
      "source_format": "evtx",
      "file": "Microsoft-Windows-Store%4Operational.evtx"
    },
    {
      "event_id": 2005,
      "provider": "Microsoft-Windows-Install-Agent",
      "timestamp": "2026-07-28T17:55:44.989270+00:00",
      "computer": "DESKTOP-M3EFNJH",
      "level": "5",
      "channel": "Microsoft-Windows-Store/Operational",
      "record_id": "3782",
      "event_data": {
        "Message": "Device Info: DeviceFamily = Windows.Desktop, Version = 2814751484157797, Arch = AMD64 (K8) ",
        "Function": "FindFulfillmentInfo",
        "Error Code": "0",
        "Source": "onecoreuap\\enduser\\winstore\\installservice\\libqueue2\\productdocument2helper.cpp",
        "Line Number": "380",
        "CorrelationVector": "",
        "ProductId": ""
      },
      "source_format": "evtx",
      "file": "Microsoft-Windows-Store%4Operational.evtx"
    },
    {
      "event_id": 2005,
      "provider": "Microsoft-Windows-Install-Agent",
      "timestamp": "2026-07-28T17:55:44.682169+00:00",
      "computer": "DESKTOP-M3EFNJH",
      "level": "5",
      "channel": "Microsoft-Windows-Store/Operational",
      "record_id": "3766",
      "event_data": {
        "Message": "Device Info: DeviceFamily = Windows.Desktop, Version = 2814751484157797, Arch = AMD64 (K8) ",
        "Function": "FindFulfillmentInfo",
        "Error Code": "0",
        "Source": "onecoreuap\\enduser\\winstore\\installservice\\libqueue2\\productdocument2helper.cpp",
        "Line Number": "380",
        "CorrelationVector": "",
        "ProductId": ""
      },
      "source_format": "evtx",
      "file": "Microsoft-Windows-Store%4Operational.evtx"
    },
    {
      "event_id": 2005,
      "provider": "Microsoft-Windows-Install-Agent",
      "timestamp": "2026-07-28T17:55:44.458544+00:00",
      "computer": "DESKTOP-M3EFNJH",
      "level": "5",
      "channel": "Microsoft-Windows-Store/Operational",
      "record_id": "3750",
      "event_data": {
        "Message": "Device Info: DeviceFamily = Windows.Desktop, Version = 2814751484157797, Arch = AMD64 (K8) ",
        "Function": "FindFulfillmentInfo",
        "Error Code": "0",
        "Source": "onecoreuap\\enduser\\winstore\\installservice\\libqueue2\\productdocument2helper.cpp",
        "Line Number": "380",
        "CorrelationVector": "",
        "ProductId": ""
      },
      "source_format": "evtx",
      "file": "Microsoft-Windows-Store%4Operational.evtx"
    },
    {
      "event_id": 2005,
      "provider": "Microsoft-Windows-Install-Agent",
      "timestamp": "2026-07-28T17:55:44.260998+00:00",
      "computer": "DESKTOP-M3EFNJH",
      "level": "5",
      "channel": "Microsoft-Windows-Store/Operational",
      "record_id": "3734",
      "event_data": {
        "Message": "Device Info: DeviceFamily = Windows.Desktop, Version = 2814751484157797, Arch = AMD64 (K8) ",
        "Function": "FindFulfillmentInfo",
        "Error Code": "0",
        "Source": "onecoreuap\\enduser\\winstore\\installservice\\libqueue2\\productdocument2helper.cpp",
        "Line Number": "380",
        "CorrelationVector": "",
        "ProductId": ""
      },
      "source_format": "evtx",
      "file": "Microsoft-Windows-Store%4Operational.evtx"
    },
    {
      "event_id": 2005,
      "provider": "Microsoft-Windows-Install-Agent",
      "timestamp": "2026-07-28T17:55:41.466814+00:00",
      "computer": "DESKTOP-M3EFNJH",
      "level": "5",
      "channel": "Microsoft-Windows-Store/Operational",
      "record_id": "3665",
      "event_data": {
        "Message": "oneSettingsconcurrentDefaultInstalls = 3, oneSettingsconcurrentMinInstalls = 3",
        "Function": "GetConcurrentInstallsFromOneSettings",
        "Error Code": "-1",
        "Source": "onecoreuap\\enduser\\winstore\\installservice\\lib\\settings.cpp",
        "Line Number": "692",
        "CorrelationVector": "NULL",
        "ProductId": "NULL"
      },
      "source_format": "evtx",
      "file": "Microsoft-Windows-Store%4Operational.evtx"
    },
    {
      "event_id": 1002,
      "provider": "Microsoft-Windows-KnownFolders",
      "timestamp": "2026-07-28T17:54:38.860384+00:00",
      "computer": "DESKTOP-M3EFNJH",
      "level": "3",
      "channel": "Microsoft-Windows-Known Folders API Service",
      "record_id": "106",
      "event_data": {
        "hrError": "0x80070005",
        "FolderId": "62AB5D82-FDC1-4DC3-A9DD-070D1D495D97",
        "Path": "C:\\ProgramData"
      },
      "source_format": "evtx",
      "file": "Microsoft-Windows-Known Folders API Service.evtx"
    },
    {
      "event_id": 8001,
      "provider": "Microsoft-Windows-Store",
      "timestamp": "2026-07-28T17:54:37.760025+00:00",
      "computer": "DESKTOP-M3EFNJH",
      "level": "4",
      "channel": "Microsoft-Windows-Store/Operational",
      "record_id": "3662",
      "event_data": {
        "Message": "Skipping license manager: PFN Microsoft.WindowsStore_22606.1401.10.0_x64__8wekyb3d8bbwe",
        "Function": "InvokeLicenseManagerRequired",
        "Source": "onecoreuap\\enduser\\winstore\\licensemanager\\apisethost\\activationapis.cpp",
        "Line Number": "373"
      },
      "source_format": "evtx",
      "file": "Microsoft-Windows-Store%4Operational.evtx"
    },
    {
      "event_id": 8001,
      "provider": "Microsoft-Windows-Store",
      "timestamp": "2026-07-28T17:54:37.758117+00:00",
      "computer": "DESKTOP-M3EFNJH",
      "level": "4",
      "channel": "Microsoft-Windows-Store/Operational",
      "record_id": "3661",
      "event_data": {
        "Message": "Skipping license manager: PFN Microsoft.WindowsStore_22606.1401.10.0_x64__8wekyb3d8bbwe",
        "Function": "InvokeLicenseManagerRequired",
        "Source": "onecoreuap\\enduser\\winstore\\licensemanager\\apisethost\\activationapis.cpp",
        "Line Number": "373"
      },
      "source_format": "evtx",
      "file": "Microsoft-Windows-Store%4Operational.evtx"
    },
    {
      "event_id": 4004,
      "provider": "Microsoft-Windows-NetworkProfile",
      "timestamp": "2026-07-28T17:52:56.720427+00:00",
      "computer": "DESKTOP-M3EFNJH",
      "level": "4",
      "channel": "Microsoft-Windows-NetworkProfile/Operational",
      "record_id": "20",
      "event_data": {
        "NewInternetConnectionProfile": "false",
        "ConnectionCostChanged": "false",
        "DomainConnectivityLevelChanged": "false",
        "NetworkConnectivityLevelChanged": "true",
        "HostNameChanged": "false",
        "WwanRegistrationStateChanged": "false",
        "TetheringOperationalStateChanged": "false",
        "TetheringClientCountChanged": "false"
      },
      "source_format": "evtx",
      "file": "Microsoft-Windows-NetworkProfile%4Operational.evtx"
    },
    {
      "event_id": 534,
      "provider": "Microsoft-Windows-StorPort",
      "timestamp": "2026-07-28T17:49:56.735415+00:00",
      "computer": "DESKTOP-M3EFNJH",
      "level": "2",
      "channel": "Microsoft-Windows-Storage-Storport/Operational",
      "record_id": "33",
      "event_data": {
        "PortNumber": "0",
        "PathID": "0",
        "TargetID": "0",
        "LUN": "0",
        "ClassDeviceGuid": "7915EDF1-2733-C7A5-600C-B6E44F0D6713",
        "AdapterGuid": "9CCF5A3B-8A13-11F1-BEEE-806E6F6E6963",
        "MiniportName": "storahci",
        "VendorId": "VBOX    ",
        "ProductId": "HARDDISK",
        "SerialNumber": "VBe87b51b9-d7d26e90 ",
        "BootDevice": "true",
        "DataLength": "176",
        "Data": "02000000B000000031E01000000000001600000000010000080028040000000058425253010000009000000002000000C000000000000000000000000200000000000000000000000000000080000000000000002C02000040D8CB2F81CFFFFF0000000000000000205E633381CFFFFF000000000000000030D0C83B00E4FFFFA0D4C83B00E4FFFF0000000000000000000000000000000000000000000000000000000000000000FF41040000000000",
        "MiniportEventId": "52",
        "MiniportEventDescription": "Finished I/O with error"
      },
      "source_format": "evtx",
      "file": "Microsoft-Windows-Storage-Storport%4Operational.evtx"
    },
    {
      "event_id": 8001,
      "provider": "Microsoft-Windows-Store",
      "timestamp": "2026-07-28T17:47:51.681115+00:00",
      "computer": "DESKTOP-M3EFNJH",
      "level": "4",
      "channel": "Microsoft-Windows-Store/Operational",
      "record_id": "3660",
      "event_data": {
        "Message": "Skipping license manager: PFN Microsoft.WindowsNotepad_11.2605.34.0_x64__8wekyb3d8bbwe",
        "Function": "InvokeLicenseManagerRequired",
        "Source": "onecoreuap\\enduser\\winstore\\licensemanager\\apisethost\\activationapis.cpp",
        "Line Number": "373"
      },
      "source_format": "evtx",
      "file": "Microsoft-Windows-Store%4Operational.evtx"
    },
    {
      "event_id": 8001,
      "provider": "Microsoft-Windows-Store",
      "timestamp": "2026-07-28T17:47:26.783343+00:00",
      "computer": "DESKTOP-M3EFNJH",
      "level": "4",
      "channel": "Microsoft-Windows-Store/Operational",
      "record_id": "3659",
      "event_data": {
        "Message": "Skipping license manager: PFN Microsoft.StorePurchaseApp_22509.1400.1.0_x64__8wekyb3d8bbwe",
        "Function": "InvokeLicenseManagerRequired",
        "Source": "onecoreuap\\enduser\\winstore\\licensemanager\\apisethost\\activationapis.cpp",
        "Line Number": "373"
      },
      "source_format": "evtx",
      "file": "Microsoft-Windows-Store%4Operational.evtx"
    },
    {
      "event_id": 8001,
      "provider": "Microsoft-Windows-Store",
      "timestamp": "2026-07-28T17:47:22.192881+00:00",
      "computer": "DESKTOP-M3EFNJH",
      "level": "4",
      "channel": "Microsoft-Windows-Store/Operational",
      "record_id": "3658",
      "event_data": {
        "Message": "Skipping license manager: PFN Microsoft.WindowsStore_22606.1401.10.0_x64__8wekyb3d8bbwe",
        "Function": "InvokeLicenseManagerRequired",
        "Source": "onecoreuap\\enduser\\winstore\\licensemanager\\apisethost\\activationapis.cpp",
        "Line Number": "373"
      },
      "source_format": "evtx",
      "file": "Microsoft-Windows-Store%4Operational.evtx"
    },
    {
      "event_id": 8001,
      "provider": "Microsoft-Windows-Store",
      "timestamp": "2026-07-28T17:47:22.063980+00:00",
      "computer": "DESKTOP-M3EFNJH",
      "level": "4",
      "channel": "Microsoft-Windows-Store/Operational",
      "record_id": "3657",
      "event_data": {
        "Message": "Skipping license manager: PFN Microsoft.WindowsStore_22606.1401.10.0_x64__8wekyb3d8bbwe",
        "Function": "InvokeLicenseManagerRequired",
        "Source": "onecoreuap\\enduser\\winstore\\licensemanager\\apisethost\\activationapis.cpp",
        "Line Number": "373"
      },
      "source_format": "evtx",
      "file": "Microsoft-Windows-Store%4Operational.evtx"
    },
