    {
      "event_id": 8001,
      "provider": "Microsoft-Windows-Store",
      "timestamp": "2026-07-27T23:09:03.598450+00:00",
      "computer": "WIN-IN9ODUH5HLF",
      "level": "4",
      "channel": "Microsoft-Windows-Store/Operational",
      "record_id": "2905",
      "event_data": {
        "Message": "Decoding: {\"legacyProductId\":\"983beef3-6472-4a96-a26d-6fd8e8bcd42b\"}",
        "Function": "DecodeCustomPolicy",
        "Source": "onecoreuap\\enduser\\winstore\\licensemanager\\lib\\clipdocument.cpp",
        "Line Number": "50"
      },
      "source_format": "evtx",
      "file": "Microsoft-Windows-Store%4Operational.evtx"
    },
    {
      "event_id": 8001,
      "provider": "Microsoft-Windows-Store",
      "timestamp": "2026-07-27T23:09:03.598438+00:00",
      "computer": "WIN-IN9ODUH5HLF",
      "level": "4",
      "channel": "Microsoft-Windows-Store/Operational",
      "record_id": "2904",
      "event_data": {
        "Message": "Considering License ID {C2A6D382-79FF-E5B0-F36C-550CFF0A1FBE} for content ID 05900109-7bf4-436b-0ac6-b0810b7806e1...",
        "Function": "ClipStorage::GetKeyDocumentForContentWithIdAndMinQuality",
        "Source": "onecoreuap\\enduser\\winstore\\licensemanager\\lib\\clipstorage.cpp",
        "Line Number": "192"
      },
      "source_format": "evtx",
      "file": "Microsoft-Windows-Store%4Operational.evtx"
    },
    {
      "event_id": 8001,
      "provider": "Microsoft-Windows-Store",
      "timestamp": "2026-07-27T23:09:03.589263+00:00",
      "computer": "WIN-IN9ODUH5HLF",
      "level": "4",
      "channel": "Microsoft-Windows-Store/Operational",
      "record_id": "2902",
      "event_data": {
        "Message": "00000183E5819B40: BeginLicense: Operation 2, CachedLeaseOK true, RequireServiceValidation true",
        "Function": "KeyMachine::DoBeginLicense",
        "Source": "onecoreuap\\enduser\\winstore\\licensemanager\\lib\\keymachine.cpp",
        "Line Number": "819"
      },
      "source_format": "evtx",
      "file": "Microsoft-Windows-Store%4Operational.evtx"
    },
    {
      "event_id": 8001,
      "provider": "Microsoft-Windows-Store",
      "timestamp": "2026-07-27T23:09:03.588415+00:00",
      "computer": "WIN-IN9ODUH5HLF",
      "level": "4",
      "channel": "Microsoft-Windows-Store/Operational",
      "record_id": "2899",
      "event_data": {
        "Message": "00000183E5819B40: Key Machine for content: 05900109-7bf4-436b-0ac6-b0810b7806e1",
        "Function": "KeyMachine::KeyMachine",
        "Source": "onecoreuap\\enduser\\winstore\\licensemanager\\lib\\keymachine.cpp",
        "Line Number": "95"
      },
      "source_format": "evtx",
      "file": "Microsoft-Windows-Store%4Operational.evtx"
    },
    {
      "event_id": 8002,
      "provider": "Microsoft-Windows-Store",
      "timestamp": "2026-07-27T23:09:03.588386+00:00",
      "computer": "WIN-IN9ODUH5HLF",
      "level": "3",
      "channel": "Microsoft-Windows-Store/Operational",
      "record_id": "2898",
      "event_data": {
        "Message": "Capturing identity for LocalSystem, this probably isn't intended",
        "Function": "StoredIdentity::StoredIdentity",
        "Source": "onecoreuap\\enduser\\winstore\\licensemanager\\lib\\identity.cpp",
        "Line Number": "536"
      },
      "source_format": "evtx",
      "file": "Microsoft-Windows-Store%4Operational.evtx"
    },
    {
      "event_id": 8001,
      "provider": "Microsoft-Windows-Store",
      "timestamp": "2026-07-27T23:09:03.588370+00:00",
      "computer": "WIN-IN9ODUH5HLF",
      "level": "4",
      "channel": "Microsoft-Windows-Store/Operational",
      "record_id": "2897",
      "event_data": {
        "Message": "Licensing 05900109-7bf4-436b-0ac6-b0810b7806e1 (Inactive)",
        "Function": "LicenseManager::GetInactiveLicenseForContentWithId",
        "Source": "onecoreuap\\enduser\\winstore\\licensemanager\\lib\\manager.cpp",
        "Line Number": "140"
      },
      "source_format": "evtx",
      "file": "Microsoft-Windows-Store%4Operational.evtx"
    },
    {
      "event_id": 8002,
      "provider": "Microsoft-Windows-Store",
      "timestamp": "2026-07-27T23:09:03.588124+00:00",
      "computer": "WIN-IN9ODUH5HLF",
      "level": "3",
      "channel": "Microsoft-Windows-Store/Operational",
      "record_id": "2896",
      "event_data": {
        "Message": "ContentId: 05900109-7bf4-436b-0ac6-b0810b7806e1, Salt: none, Payload: none",
        "Function": "ApplicationLicenseManager::EnsureLicenseForApplicationDeployment",
        "Source": "onecoreuap\\enduser\\winstore\\licensemanager\\lib\\applicensemanager.cpp",
        "Line Number": "212"
      },
      "source_format": "evtx",
      "file": "Microsoft-Windows-Store%4Operational.evtx"
    },
    {
      "event_id": 8001,
      "provider": "Microsoft-Windows-Store",
      "timestamp": "2026-07-27T23:09:03.031406+00:00",
      "computer": "WIN-IN9ODUH5HLF",
      "level": "4",
      "channel": "Microsoft-Windows-Store/Operational",
      "record_id": "2863",
      "event_data": {
        "Message": "Skipping license manager: PFN Microsoft.WindowsTerminal_1.18.10301.0_x64__8wekyb3d8bbwe",
        "Function": "InvokeLicenseManagerRequired",
        "Source": "onecoreuap\\enduser\\winstore\\licensemanager\\apisethost\\activationapis.cpp",
        "Line Number": "373"
      },
      "source_format": "evtx",
      "file": "Microsoft-Windows-Store%4Operational.evtx"
    },
    {
      "event_id": 534,
      "provider": "Microsoft-Windows-StorPort",
      "timestamp": "2026-07-27T23:08:52.176132+00:00",
      "computer": "WIN-IN9ODUH5HLF",
      "level": "2",
      "channel": "Microsoft-Windows-Storage-Storport/Operational",
      "record_id": "17",
      "event_data": {
        "PortNumber": "0",
        "PathID": "0",
        "TargetID": "0",
        "LUN": "0",
        "ClassDeviceGuid": "7915EDF1-2733-C7A5-600C-B6E44F0D6713",
        "AdapterGuid": "9CCF5A3B-8A13-11F1-BEEE-806E6F6E6963",
        "MiniportName": "storahci",
        "VendorId": "VBOX    ",
        "ProductId": "HARDDISK",
        "SerialNumber": "VBe87b51b9-d7d26e90 ",
        "BootDevice": "true",
        "DataLength": "176",
        "Data": "02000000B000000031E01000000000001600000000010000080028020000000058425253010000009000000002000000C00000000000000000000000020000001E000000000000000000000080000000000000003D0000000008BE2F0EB1FFFF000000000000000020F3872D0EB1FFFF000000000000000030D0FD5C008AFFFFA0D4FD5C008AFFFF0000000000000000000000000000000000000000000000000000000000000000FF41040000000000",
        "MiniportEventId": "52",
        "MiniportEventDescription": "Finished I/O with error"
      },
      "source_format": "evtx",
      "file": "Microsoft-Windows-Storage-Storport%4Operational.evtx"
    },
    {
      "event_id": 2005,
      "provider": "Microsoft-Windows-Install-Agent",
      "timestamp": "2026-07-27T23:08:51.631726+00:00",
      "computer": "WIN-IN9ODUH5HLF",
      "level": "5",
      "channel": "Microsoft-Windows-Store/Operational",
      "record_id": "2801",
      "event_data": {
        "Message": "OneSettingsOnlineScanCooldown (in seconds) = 30",
        "Function": "DoInitializeOneSettingsConfiguration",
        "Error Code": "-1",
        "Source": "onecoreuap\\enduser\\winstore\\installservice\\lib\\settings.cpp",
        "Line Number": "1907",
        "CorrelationVector": "NULL",
        "ProductId": "NULL"
      },
      "source_format": "evtx",
      "file": "Microsoft-Windows-Store%4Operational.evtx"
    },
    {
      "event_id": 2005,
      "provider": "Microsoft-Windows-Install-Agent",
      "timestamp": "2026-07-27T23:08:51.631725+00:00",
      "computer": "WIN-IN9ODUH5HLF",
      "level": "5",
      "channel": "Microsoft-Windows-Store/Operational",
      "record_id": "2800",
      "event_data": {
        "Message": "OneSettingsOnlineScansAllowedInInterval = 10",
        "Function": "DoInitializeOneSettingsConfiguration",
        "Error Code": "-1",
        "Source": "onecoreuap\\enduser\\winstore\\installservice\\lib\\settings.cpp",
        "Line Number": "1900",
        "CorrelationVector": "NULL",
        "ProductId": "NULL"
      },
      "source_format": "evtx",
      "file": "Microsoft-Windows-Store%4Operational.evtx"
    },
    {
      "event_id": 2005,
      "provider": "Microsoft-Windows-Install-Agent",
      "timestamp": "2026-07-27T23:08:51.631723+00:00",
      "computer": "WIN-IN9ODUH5HLF",
      "level": "5",
      "channel": "Microsoft-Windows-Store/Operational",
      "record_id": "2799",
      "event_data": {
        "Message": "OneSettingsOnlineScanInterval (in seconds) = 86400",
        "Function": "DoInitializeOneSettingsConfiguration",
        "Error Code": "-1",
        "Source": "onecoreuap\\enduser\\winstore\\installservice\\lib\\settings.cpp",
        "Line Number": "1898",
        "CorrelationVector": "NULL",
        "ProductId": "NULL"
      },
      "source_format": "evtx",
      "file": "Microsoft-Windows-Store%4Operational.evtx"
    },
    {
      "event_id": 2005,
      "provider": "Microsoft-Windows-Install-Agent",
      "timestamp": "2026-07-27T23:08:51.583750+00:00",
      "computer": "WIN-IN9ODUH5HLF",
      "level": "5",
      "channel": "Microsoft-Windows-Store/Operational",
      "record_id": "2796",
      "event_data": {
        "Message": "oneSettingsconcurrentDefaultInstalls = 3, oneSettingsconcurrentMinInstalls = 3",
        "Function": "GetConcurrentInstallsFromOneSettings",
        "Error Code": "-1",
        "Source": "onecoreuap\\enduser\\winstore\\installservice\\lib\\settings.cpp",
        "Line Number": "692",
        "CorrelationVector": "NULL",
        "ProductId": "NULL"
      },
      "source_format": "evtx",
      "file": "Microsoft-Windows-Store%4Operational.evtx"
    },
    {
      "event_id": 8001,
      "provider": "Microsoft-Windows-Store",
      "timestamp": "2026-07-27T23:08:40.134819+00:00",
      "computer": "WIN-IN9ODUH5HLF",
      "level": "4",
      "channel": "Microsoft-Windows-Store/Operational",
      "record_id": "2793",
      "event_data": {
        "Message": "Skipping license manager: PFN Microsoft.WindowsTerminal_1.18.10301.0_x64__8wekyb3d8bbwe",
        "Function": "InvokeLicenseManagerRequired",
        "Source": "onecoreuap\\enduser\\winstore\\licensemanager\\apisethost\\activationapis.cpp",
        "Line Number": "373"
      },
      "source_format": "evtx",
      "file": "Microsoft-Windows-Store%4Operational.evtx"
    },
    {
      "event_id": 3,
      "provider": "Microsoft-Windows-Bits-Client",
      "timestamp": "2026-07-27T23:08:14.698271+00:00",
      "computer": "WIN-IN9ODUH5HLF",
      "level": "4",
      "channel": "Microsoft-Windows-Bits-Client/Operational",
      "record_id": "427",
      "event_data": {
        "jobTitle": "Edge Component Updater",
        "jobId": "D8A93685-5FCF-4698-A920-E2102AEBA1E9",
        "jobOwner": "DESKTOP-M3EFNJH\\Bob Milton",
        "processPath": "C:\\Program Files (x86)\\Microsoft\\Edge\\Application\\msedge.exe",
        "processId": "8992",
        "ClientProcessStartKey": "562949953421635"
      },
      "source_format": "evtx",
      "file": "Microsoft-Windows-Bits-Client%4Operational.evtx"
    },
    {
      "event_id": 3,
      "provider": "Microsoft-Windows-Bits-Client",
      "timestamp": "2026-07-27T23:07:05.639553+00:00",
      "computer": "WIN-IN9ODUH5HLF",
      "level": "4",
      "channel": "Microsoft-Windows-Bits-Client/Operational",
      "record_id": "422",
      "event_data": {
        "jobTitle": "Edge Component Updater",
        "jobId": "683C86F1-8E76-41E8-A023-8F0857D18627",
        "jobOwner": "DESKTOP-M3EFNJH\\Bob Milton",
        "processPath": "C:\\Program Files (x86)\\Microsoft\\EdgeWebView\\Application\\150.0.4078.105\\msedgewebview2.exe",
        "processId": "5488",
        "ClientProcessStartKey": "562949953421820"
      },
      "source_format": "evtx",
      "file": "Microsoft-Windows-Bits-Client%4Operational.evtx"
    },
    {
      "event_id": 3,
      "provider": "Microsoft-Windows-Bits-Client",
      "timestamp": "2026-07-27T23:06:49.630973+00:00",
      "computer": "WIN-IN9ODUH5HLF",
      "level": "4",
      "channel": "Microsoft-Windows-Bits-Client/Operational",
      "record_id": "417",
      "event_data": {
        "jobTitle": "Edge Component Updater",
        "jobId": "53A3BFE2-12F2-47E7-B7BC-B68EDB7B352A",
        "jobOwner": "DESKTOP-M3EFNJH\\Bob Milton",
        "processPath": "C:\\Program Files (x86)\\Microsoft\\EdgeWebView\\Application\\150.0.4078.105\\msedgewebview2.exe",
        "processId": "5488",
        "ClientProcessStartKey": "562949953421820"
      },
      "source_format": "evtx",
      "file": "Microsoft-Windows-Bits-Client%4Operational.evtx"
    },
    {
      "event_id": 3,
      "provider": "Microsoft-Windows-Bits-Client",
      "timestamp": "2026-07-27T23:06:37.674513+00:00",
      "computer": "WIN-IN9ODUH5HLF",
      "level": "4",
      "channel": "Microsoft-Windows-Bits-Client/Operational",
      "record_id": "412",
      "event_data": {
        "jobTitle": "Edge Component Updater",
        "jobId": "F4DF849F-F5B8-494C-BCE7-05371293119F",
        "jobOwner": "DESKTOP-M3EFNJH\\Bob Milton",
        "processPath": "C:\\Program Files (x86)\\Microsoft\\EdgeWebView\\Application\\150.0.4078.105\\msedgewebview2.exe",
        "processId": "5488",
        "ClientProcessStartKey": "562949953421820"
      },
      "source_format": "evtx",
      "file": "Microsoft-Windows-Bits-Client%4Operational.evtx"
    },
    {
      "event_id": 8001,
      "provider": "Microsoft-Windows-Store",
      "timestamp": "2026-07-27T23:06:29.345996+00:00",
      "computer": "WIN-IN9ODUH5HLF",
      "level": "4",
      "channel": "Microsoft-Windows-Store/Operational",
      "record_id": "2790",
      "event_data": {
        "Message": "Skipping license manager: PFN MicrosoftWindows.Client.WebExperience_526.17301.40.0_x64__cw5n1h2txyewy",
        "Function": "InvokeLicenseManagerRequired",
        "Source": "onecoreuap\\enduser\\winstore\\licensemanager\\apisethost\\activationapis.cpp",
        "Line Number": "373"
      },
      "source_format": "evtx",
      "file": "Microsoft-Windows-Store%4Operational.evtx"
    },
    {
      "event_id": 8001,
      "provider": "Microsoft-Windows-Store",
      "timestamp": "2026-07-27T23:06:29.345452+00:00",
      "computer": "WIN-IN9ODUH5HLF",
      "level": "4",
      "channel": "Microsoft-Windows-Store/Operational",
      "record_id": "2789",
      "event_data": {
        "Message": "Skipping license manager: PFN MicrosoftWindows.Client.WebExperience_526.17301.40.0_x64__cw5n1h2txyewy",
        "Function": "InvokeLicenseManagerRequired",
        "Source": "onecoreuap\\enduser\\winstore\\licensemanager\\apisethost\\activationapis.cpp",
        "Line Number": "373"
      },
      "source_format": "evtx",
      "file": "Microsoft-Windows-Store%4Operational.evtx"
    },
    {
      "event_id": 3,
      "provider": "Microsoft-Windows-Bits-Client",
      "timestamp": "2026-07-27T23:06:16.930065+00:00",
      "computer": "WIN-IN9ODUH5HLF",
      "level": "4",
      "channel": "Microsoft-Windows-Bits-Client/Operational",
      "record_id": "407",
      "event_data": {
        "jobTitle": "Edge Component Updater",
        "jobId": "56B46586-E49F-4F71-9FE2-0D533C73BA32",
        "jobOwner": "DESKTOP-M3EFNJH\\Bob Milton",
        "processPath": "C:\\Program Files (x86)\\Microsoft\\Edge\\Application\\msedge.exe",
        "processId": "8992",
        "ClientProcessStartKey": "562949953421635"
      },
      "source_format": "evtx",
      "file": "Microsoft-Windows-Bits-Client%4Operational.evtx"
    },
    {
      "event_id": 3,
      "provider": "Microsoft-Windows-User Profiles Service",
      "timestamp": "2026-07-27T23:05:47.999776+00:00",
      "computer": "WIN-IN9ODUH5HLF",
      "level": "4",
      "channel": "Microsoft-Windows-User Profile Service/Operational",
      "record_id": "21",
      "event_data": {
        "Session": "3"
      },
      "source_format": "evtx",
      "file": "Microsoft-Windows-User Profile Service%4Operational.evtx"
    },
    {
      "event_id": 3008,
      "provider": "Microsoft-Windows-PushNotifications-Platform",
      "timestamp": "2026-07-27T23:05:47.785391+00:00",
      "computer": "WIN-IN9ODUH5HLF",
      "level": "4",
      "channel": "Microsoft-Windows-PushNotification-Platform/Operational",
      "record_id": "336",
      "event_data": {
        "SessionId": "1"
      },
      "source_format": "evtx",
      "file": "Microsoft-Windows-PushNotification-Platform%4Operational.evtx"
    },
    {
      "event_id": 8001,
      "provider": "Microsoft-Windows-Store",
      "timestamp": "2026-07-27T23:05:47.259822+00:00",
      "computer": "WIN-IN9ODUH5HLF",
      "level": "4",
      "channel": "Microsoft-Windows-Store/Operational",
      "record_id": "2788",
      "event_data": {
        "Message": "Skipping license manager: PFN Microsoft.WindowsStore_22506.1400.2.0_x64__8wekyb3d8bbwe",
        "Function": "InvokeLicenseManagerRequired",
        "Source": "onecoreuap\\enduser\\winstore\\licensemanager\\apisethost\\activationapis.cpp",
        "Line Number": "373"
      },
      "source_format": "evtx",
      "file": "Microsoft-Windows-Store%4Operational.evtx"
    },
    {
      "event_id": 3,
      "provider": "Windows-ApplicationModel-Store-SDK",
      "timestamp": "2026-07-27T23:05:47.135472+00:00",
      "computer": "WIN-IN9ODUH5HLF",
      "level": "3",
      "channel": "Microsoft-Windows-Store/Operational",
      "record_id": "2787",
      "event_data": {
        "Message": "Task \"\" was canceled, reason: \"LoggingOff\".",
        "Line Number": "96",
        "File Name": ".\\src\\Core\\WinStore.Tasks\\Helpers\\BackgroundTaskRunner.cs",
        "Member Name": "Run"
      },
      "source_format": "evtx",
      "file": "Microsoft-Windows-Store%4Operational.evtx"
    },
    {
      "event_id": 8001,
      "provider": "Microsoft-Windows-Store",
      "timestamp": "2026-07-27T23:05:46.946649+00:00",
      "computer": "WIN-IN9ODUH5HLF",
      "level": "4",
      "channel": "Microsoft-Windows-Store/Operational",
      "record_id": "2786",
      "event_data": {
        "Message": "Skipping license manager: PFN MicrosoftWindows.Client.WebExperience_526.17301.40.0_x64__cw5n1h2txyewy",
        "Function": "InvokeLicenseManagerRequired",
        "Source": "onecoreuap\\enduser\\winstore\\licensemanager\\apisethost\\activationapis.cpp",
        "Line Number": "373"
      },
      "source_format": "evtx",
      "file": "Microsoft-Windows-Store%4Operational.evtx"
    },
    {
      "event_id": 8001,
      "provider": "Microsoft-Windows-Store",
      "timestamp": "2026-07-27T23:05:46.340687+00:00",
      "computer": "WIN-IN9ODUH5HLF",
      "level": "4",
      "channel": "Microsoft-Windows-Store/Operational",
      "record_id": "2785",
      "event_data": {
        "Message": "Skipping license manager: PFN Microsoft.WidgetsPlatformRuntime_1.6.14.0_x64__8wekyb3d8bbwe",
        "Function": "InvokeLicenseManagerRequired",
        "Source": "onecoreuap\\enduser\\winstore\\licensemanager\\apisethost\\activationapis.cpp",
        "Line Number": "373"
      },
      "source_format": "evtx",
      "file": "Microsoft-Windows-Store%4Operational.evtx"
    },
    {
      "event_id": 8001,
      "provider": "Microsoft-Windows-Store",
      "timestamp": "2026-07-27T23:05:46.292185+00:00",
      "computer": "WIN-IN9ODUH5HLF",
      "level": "4",
      "channel": "Microsoft-Windows-Store/Operational",
      "record_id": "2784",
      "event_data": {
        "Message": "Skipping license manager: PFN Microsoft.WindowsNotepad_11.2501.31.0_x64__8wekyb3d8bbwe",
        "Function": "InvokeLicenseManagerRequired",
        "Source": "onecoreuap\\enduser\\winstore\\licensemanager\\apisethost\\activationapis.cpp",
        "Line Number": "373"
      },
      "source_format": "evtx",
      "file": "Microsoft-Windows-Store%4Operational.evtx"
    },
    {
      "event_id": 8001,
      "provider": "Microsoft-Windows-Store",
      "timestamp": "2026-07-27T23:05:40.232455+00:00",
      "computer": "WIN-IN9ODUH5HLF",
      "level": "4",
      "channel": "Microsoft-Windows-Store/Operational",
      "record_id": "2783",
      "event_data": {
        "Message": "Skipping license manager: PFN Microsoft.WindowsTerminal_1.18.10301.0_x64__8wekyb3d8bbwe",
        "Function": "InvokeLicenseManagerRequired",
        "Source": "onecoreuap\\enduser\\winstore\\licensemanager\\apisethost\\activationapis.cpp",
        "Line Number": "373"
      },
      "source_format": "evtx",
      "file": "Microsoft-Windows-Store%4Operational.evtx"
    },
    {
      "event_id": 3,
      "provider": "Microsoft-Windows-Bits-Client",
      "timestamp": "2026-07-27T23:05:22.357754+00:00",
      "computer": "WIN-IN9ODUH5HLF",
      "level": "4",
      "channel": "Microsoft-Windows-Bits-Client/Operational",
      "record_id": "402",
      "event_data": {
        "jobTitle": "Edge Component Updater",
        "jobId": "329B392E-3D8A-4C25-84BA-99631F25522A",
        "jobOwner": "DESKTOP-M3EFNJH\\Adam Sed",
        "processPath": "C:\\Program Files (x86)\\Microsoft\\Edge\\Application\\msedge.exe",
        "processId": "8032",
        "ClientProcessStartKey": "562949953422228"
      },
      "source_format": "evtx",
      "file": "Microsoft-Windows-Bits-Client%4Operational.evtx"
    },
    {
      "event_id": 3,
      "provider": "Microsoft-Windows-Bits-Client",
      "timestamp": "2026-07-27T23:05:14.943231+00:00",
      "computer": "WIN-IN9ODUH5HLF",
      "level": "4",
      "channel": "Microsoft-Windows-Bits-Client/Operational",
      "record_id": "397",
      "event_data": {
        "jobTitle": "Edge Component Updater",
        "jobId": "90DBF334-CED5-4AE3-9054-65F7CDE0AEAA",
        "jobOwner": "DESKTOP-M3EFNJH\\Adam Sed",
        "processPath": "C:\\Program Files (x86)\\Microsoft\\EdgeWebView\\Application\\150.0.4078.105\\msedgewebview2.exe",
        "processId": "7252",
        "ClientProcessStartKey": "562949953422087"
      },
      "source_format": "evtx",
      "file": "Microsoft-Windows-Bits-Client%4Operational.evtx"
    },
    {
      "event_id": 8001,
      "provider": "Microsoft-Windows-Store",
      "timestamp": "2026-07-27T23:04:51.437973+00:00",
      "computer": "WIN-IN9ODUH5HLF",
      "level": "4",
      "channel": "Microsoft-Windows-Store/Operational",
      "record_id": "2782",
      "event_data": {
        "Message": "Skipping license manager: PFN Microsoft.WindowsNotepad_11.2501.31.0_x64__8wekyb3d8bbwe",
        "Function": "InvokeLicenseManagerRequired",
        "Source": "onecoreuap\\enduser\\winstore\\licensemanager\\apisethost\\activationapis.cpp",
        "Line Number": "373"
      },
      "source_format": "evtx",
      "file": "Microsoft-Windows-Store%4Operational.evtx"
    },
    {
      "event_id": 3,
      "provider": "Microsoft-Windows-Bits-Client",
      "timestamp": "2026-07-27T23:04:46.927383+00:00",
      "computer": "WIN-IN9ODUH5HLF",
      "level": "4",
      "channel": "Microsoft-Windows-Bits-Client/Operational",
      "record_id": "392",
      "event_data": {
        "jobTitle": "Edge Component Updater",
        "jobId": "DB2B1D72-F2EA-42DF-9454-712EDE1580BD",
        "jobOwner": "DESKTOP-M3EFNJH\\Adam Sed",
        "processPath": "C:\\Program Files (x86)\\Microsoft\\Edge\\Application\\msedge.exe",
        "processId": "8032",
        "ClientProcessStartKey": "562949953422228"
      },
      "source_format": "evtx",
      "file": "Microsoft-Windows-Bits-Client%4Operational.evtx"
    },
    {
      "event_id": 8001,
      "provider": "Microsoft-Windows-Store",
      "timestamp": "2026-07-27T23:04:28.191900+00:00",
      "computer": "WIN-IN9ODUH5HLF",
      "level": "4",
      "channel": "Microsoft-Windows-Store/Operational",
      "record_id": "2781",
      "event_data": {
        "Message": "Skipping license manager: PFN Microsoft.WindowsTerminal_1.18.10301.0_x64__8wekyb3d8bbwe",
        "Function": "InvokeLicenseManagerRequired",
        "Source": "onecoreuap\\enduser\\winstore\\licensemanager\\apisethost\\activationapis.cpp",
        "Line Number": "373"
      },
      "source_format": "evtx",
      "file": "Microsoft-Windows-Store%4Operational.evtx"
    },
    {
      "event_id": 8001,
      "provider": "Microsoft-Windows-Store",
      "timestamp": "2026-07-27T23:04:27.954775+00:00",
      "computer": "WIN-IN9ODUH5HLF",
      "level": "4",
      "channel": "Microsoft-Windows-Store/Operational",
      "record_id": "2780",
      "event_data": {
        "Message": "Skipping license manager: PFN Microsoft.WindowsTerminal_1.18.10301.0_x64__8wekyb3d8bbwe",
        "Function": "InvokeLicenseManagerRequired",
        "Source": "onecoreuap\\enduser\\winstore\\licensemanager\\apisethost\\activationapis.cpp",
        "Line Number": "373"
      },
      "source_format": "evtx",
      "file": "Microsoft-Windows-Store%4Operational.evtx"
    },
    {
      "event_id": 3,
      "provider": "Microsoft-Windows-Bits-Client",
      "timestamp": "2026-07-27T23:04:22.920726+00:00",
      "computer": "WIN-IN9ODUH5HLF",
      "level": "4",
      "channel": "Microsoft-Windows-Bits-Client/Operational",
      "record_id": "387",
      "event_data": {
        "jobTitle": "Edge Component Updater",
        "jobId": "8BC2E0DF-2EF4-4762-8583-FEAC7019C575",
        "jobOwner": "DESKTOP-M3EFNJH\\Bob Milton",
        "processPath": "C:\\Program Files (x86)\\Microsoft\\Edge\\Application\\msedge.exe",
        "processId": "8992",
        "ClientProcessStartKey": "562949953421635"
      },
      "source_format": "evtx",
      "file": "Microsoft-Windows-Bits-Client%4Operational.evtx"
    },
    {
      "event_id": 3,
      "provider": "Microsoft-Windows-Bits-Client",
      "timestamp": "2026-07-27T23:04:08.619405+00:00",
      "computer": "WIN-IN9ODUH5HLF",
      "level": "4",
      "channel": "Microsoft-Windows-Bits-Client/Operational",
      "record_id": "382",
      "event_data": {
        "jobTitle": "Edge Component Updater",
        "jobId": "5AD48E26-A885-427F-AD0C-1EDF61801EE3",
        "jobOwner": "DESKTOP-M3EFNJH\\Adam Sed",
        "processPath": "C:\\Program Files (x86)\\Microsoft\\Edge\\Application\\msedge.exe",
        "processId": "8032",
        "ClientProcessStartKey": "562949953422228"
      },
      "source_format": "evtx",
      "file": "Microsoft-Windows-Bits-Client%4Operational.evtx"
    },
    {
      "event_id": 3,
      "provider": "Microsoft-Windows-Bits-Client",
      "timestamp": "2026-07-27T23:03:51.567005+00:00",
      "computer": "WIN-IN9ODUH5HLF",
      "level": "4",
      "channel": "Microsoft-Windows-Bits-Client/Operational",
      "record_id": "377",
      "event_data": {
        "jobTitle": "Edge Component Updater",
        "jobId": "1ED7114D-B0EC-407C-AF32-3E38CD6E95B9",
        "jobOwner": "DESKTOP-M3EFNJH\\Adam Sed",
        "processPath": "C:\\Program Files (x86)\\Microsoft\\Edge\\Application\\msedge.exe",
        "processId": "8032",
        "ClientProcessStartKey": "562949953422228"
      },
      "source_format": "evtx",
      "file": "Microsoft-Windows-Bits-Client%4Operational.evtx"
    },
    {
      "event_id": 3,
      "provider": "Microsoft-Windows-Bits-Client",
      "timestamp": "2026-07-27T23:03:39.025008+00:00",
      "computer": "WIN-IN9ODUH5HLF",
      "level": "4",
      "channel": "Microsoft-Windows-Bits-Client/Operational",
      "record_id": "372",
      "event_data": {
        "jobTitle": "Edge Component Updater",
        "jobId": "EACAF023-4D4A-4491-91C7-E43B4D9225E5",
        "jobOwner": "DESKTOP-M3EFNJH\\Adam Sed",
        "processPath": "C:\\Program Files (x86)\\Microsoft\\Edge\\Application\\msedge.exe",
        "processId": "8032",
        "ClientProcessStartKey": "562949953422228"
      },
      "source_format": "evtx",
      "file": "Microsoft-Windows-Bits-Client%4Operational.evtx"
    },
    {
      "event_id": 1002,
      "provider": "Microsoft-Windows-KnownFolders",
      "timestamp": "2026-07-27T23:03:34.472362+00:00",
      "computer": "WIN-IN9ODUH5HLF",
      "level": "3",
      "channel": "Microsoft-Windows-Known Folders API Service",
      "record_id": "41",
      "event_data": {
        "hrError": "0x80070002",
        "FolderId": "374DE290-123F-4565-9164-39C4925E467B",
        "Path": "C:\\WINDOWS\\system32\\config\\systemprofile\\Downloads"
      },
      "source_format": "evtx",
      "file": "Microsoft-Windows-Known Folders API Service.evtx"
    },
    {
      "event_id": 3,
      "provider": "Microsoft-Windows-Bits-Client",
      "timestamp": "2026-07-27T23:03:30.636746+00:00",
      "computer": "WIN-IN9ODUH5HLF",
      "level": "4",
      "channel": "Microsoft-Windows-Bits-Client/Operational",
      "record_id": "367",
      "event_data": {
        "jobTitle": "Edge Component Updater",
        "jobId": "BD156EC0-57C5-47BC-90D8-91827010B367",
        "jobOwner": "DESKTOP-M3EFNJH\\Adam Sed",
        "processPath": "C:\\Program Files (x86)\\Microsoft\\Edge\\Application\\msedge.exe",
        "processId": "8032",
        "ClientProcessStartKey": "562949953422228"
      },
      "source_format": "evtx",
      "file": "Microsoft-Windows-Bits-Client%4Operational.evtx"
    },
    {
      "event_id": 3,
      "provider": "Microsoft-Windows-Bits-Client",
      "timestamp": "2026-07-27T23:02:32.186246+00:00",
      "computer": "WIN-IN9ODUH5HLF",
      "level": "4",
      "channel": "Microsoft-Windows-Bits-Client/Operational",
      "record_id": "362",
      "event_data": {
        "jobTitle": "Edge Component Updater",
        "jobId": "0CC05E44-B73F-45A9-98E8-A970CF20BFD2",
        "jobOwner": "DESKTOP-M3EFNJH\\Bob Milton",
        "processPath": "C:\\Program Files (x86)\\Microsoft\\Edge\\Application\\msedge.exe",
        "processId": "8992",
        "ClientProcessStartKey": "562949953421635"
      },
      "source_format": "evtx",
      "file": "Microsoft-Windows-Bits-Client%4Operational.evtx"
    },
    {
      "event_id": 3,
      "provider": "Microsoft-Windows-Crypto-NCrypt",
      "timestamp": "2026-07-27T23:02:30.760285+00:00",
      "computer": "WIN-IN9ODUH5HLF",
      "level": "2",
      "channel": "Microsoft-Windows-Crypto-NCrypt/Operational",
      "record_id": "89",
      "event_data": {
        "ProviderName": "Microsoft Software Key Storage Provider",
        "KeyName": "Microsoft Edgekey1",
        "Status": "0x80090016",
        "ProcessName": "elevation_service.exe"
      },
      "source_format": "evtx",
      "file": "Microsoft-Windows-Crypto-NCrypt%4Operational.evtx"
    },
    {
      "event_id": 8001,
      "provider": "Microsoft-Windows-Store",
      "timestamp": "2026-07-27T23:02:09.383537+00:00",
      "computer": "WIN-IN9ODUH5HLF",
      "level": "4",
      "channel": "Microsoft-Windows-Store/Operational",
      "record_id": "2779",
      "event_data": {
        "Message": "Skipping license manager: PFN Microsoft.WindowsTerminal_1.18.10301.0_x64__8wekyb3d8bbwe",
        "Function": "InvokeLicenseManagerRequired",
        "Source": "onecoreuap\\enduser\\winstore\\licensemanager\\apisethost\\activationapis.cpp",
        "Line Number": "373"
      },
      "source_format": "evtx",
      "file": "Microsoft-Windows-Store%4Operational.evtx"
    },
    {
      "event_id": 1002,
      "provider": "Microsoft-Windows-KnownFolders",
      "timestamp": "2026-07-27T23:02:05.331573+00:00",
      "computer": "WIN-IN9ODUH5HLF",
      "level": "3",
      "channel": "Microsoft-Windows-Known Folders API Service",
      "record_id": "40",
      "event_data": {
        "hrError": "0x80070002",
        "FolderId": "F42EE2D3-909F-4907-8871-4C22FC0BF756",
        "Path": "C:\\WINDOWS\\system32\\config\\systemprofile\\Documents"
      },
      "source_format": "evtx",
      "file": "Microsoft-Windows-Known Folders API Service.evtx"
    },
    {
      "event_id": 3,
      "provider": "Microsoft-Windows-Bits-Client",
      "timestamp": "2026-07-27T23:01:34.824359+00:00",
      "computer": "WIN-IN9ODUH5HLF",
      "level": "4",
      "channel": "Microsoft-Windows-Bits-Client/Operational",
      "record_id": "357",
      "event_data": {
        "jobTitle": "Edge Component Updater",
        "jobId": "75A3998C-0BD3-417F-9E4E-3F64FEF61E43",
        "jobOwner": "DESKTOP-M3EFNJH\\Adam Sed",
        "processPath": "C:\\Program Files (x86)\\Microsoft\\Edge\\Application\\msedge.exe",
        "processId": "2596",
        "ClientProcessStartKey": "562949953421899"
      },
      "source_format": "evtx",
      "file": "Microsoft-Windows-Bits-Client%4Operational.evtx"
    },
    {
      "event_id": 3,
      "provider": "Microsoft-Windows-Bits-Client",
      "timestamp": "2026-07-27T23:00:48.530080+00:00",
      "computer": "WIN-IN9ODUH5HLF",
      "level": "4",
      "channel": "Microsoft-Windows-Bits-Client/Operational",
      "record_id": "352",
      "event_data": {
        "jobTitle": "Edge Component Updater",
        "jobId": "7E150165-C8E1-446F-B51C-E62125696A0A",
        "jobOwner": "DESKTOP-M3EFNJH\\Bob Milton",
        "processPath": "C:\\Program Files (x86)\\Microsoft\\Edge\\Application\\msedge.exe",
        "processId": "8992",
        "ClientProcessStartKey": "562949953421635"
      },
      "source_format": "evtx",
      "file": "Microsoft-Windows-Bits-Client%4Operational.evtx"
    },
    {
      "event_id": 3,
      "provider": "Microsoft-Windows-Bits-Client",
      "timestamp": "2026-07-27T23:00:23.953644+00:00",
      "computer": "WIN-IN9ODUH5HLF",
      "level": "4",
      "channel": "Microsoft-Windows-Bits-Client/Operational",
      "record_id": "347",
      "event_data": {
        "jobTitle": "Edge Component Updater",
        "jobId": "C9B10100-6E7C-4CD1-9681-F633C36F476F",
        "jobOwner": "DESKTOP-M3EFNJH\\Adam Sed",
        "processPath": "C:\\Program Files (x86)\\Microsoft\\Edge\\Application\\msedge.exe",
        "processId": "2596",
        "ClientProcessStartKey": "562949953421899"
      },
      "source_format": "evtx",
      "file": "Microsoft-Windows-Bits-Client%4Operational.evtx"
    },
    {
      "event_id": 8001,
      "provider": "Microsoft-Windows-Store",
      "timestamp": "2026-07-27T23:00:03.361718+00:00",
      "computer": "WIN-IN9ODUH5HLF",
      "level": "4",
      "channel": "Microsoft-Windows-Store/Operational",
      "record_id": "2778",
      "event_data": {
        "Message": "Skipping license manager: PFN Microsoft.WindowsNotepad_11.2501.31.0_x64__8wekyb3d8bbwe",
        "Function": "InvokeLicenseManagerRequired",
        "Source": "onecoreuap\\enduser\\winstore\\licensemanager\\apisethost\\activationapis.cpp",
        "Line Number": "373"
      },
      "source_format": "evtx",
      "file": "Microsoft-Windows-Store%4Operational.evtx"
    },
    {
      "event_id": 8001,
      "provider": "Microsoft-Windows-Store",
      "timestamp": "2026-07-27T23:00:01.849076+00:00",
      "computer": "WIN-IN9ODUH5HLF",
      "level": "4",
      "channel": "Microsoft-Windows-Store/Operational",
      "record_id": "2777",
      "event_data": {
        "Message": "Skipping license manager: PFN Microsoft.YourPhone_0.25112.39.0_x64__8wekyb3d8bbwe",
        "Function": "InvokeLicenseManagerRequired",
        "Source": "onecoreuap\\enduser\\winstore\\licensemanager\\apisethost\\activationapis.cpp",
        "Line Number": "373"
      },
      "source_format": "evtx",
      "file": "Microsoft-Windows-Store%4Operational.evtx"
    },
    {
      "event_id": 8001,
      "provider": "Microsoft-Windows-Store",
      "timestamp": "2026-07-27T22:59:59.771377+00:00",
      "computer": "WIN-IN9ODUH5HLF",
      "level": "4",
      "channel": "Microsoft-Windows-Store/Operational",
      "record_id": "2776",
      "event_data": {
        "Message": "Skipping license manager: PFN MicrosoftWindows.CrossDevice_0.25112.60.0_x64__cw5n1h2txyewy",
        "Function": "InvokeLicenseManagerRequired",
        "Source": "onecoreuap\\enduser\\winstore\\licensemanager\\apisethost\\activationapis.cpp",
        "Line Number": "373"
      },
      "source_format": "evtx",
      "file": "Microsoft-Windows-Store%4Operational.evtx"
    },
    {
      "event_id": 8001,
      "provider": "Microsoft-Windows-Store",
      "timestamp": "2026-07-27T22:59:57.735405+00:00",
      "computer": "WIN-IN9ODUH5HLF",
      "level": "4",
      "channel": "Microsoft-Windows-Store/Operational",
      "record_id": "2775",
      "event_data": {
        "Message": "Skipping license manager: PFN Microsoft.StorePurchaseApp_22509.1400.1.0_x64__8wekyb3d8bbwe",
        "Function": "InvokeLicenseManagerRequired",
        "Source": "onecoreuap\\enduser\\winstore\\licensemanager\\apisethost\\activationapis.cpp",
        "Line Number": "373"
      },
      "source_format": "evtx",
      "file": "Microsoft-Windows-Store%4Operational.evtx"
    },
    {
      "event_id": 8001,
      "provider": "Microsoft-Windows-Store",
      "timestamp": "2026-07-27T22:59:33.091317+00:00",
      "computer": "WIN-IN9ODUH5HLF",
      "level": "4",
      "channel": "Microsoft-Windows-Store/Operational",
      "record_id": "2774",
      "event_data": {
        "Message": "Skipping license manager: PFN Microsoft.WindowsNotepad_11.2501.31.0_x64__8wekyb3d8bbwe",
        "Function": "InvokeLicenseManagerRequired",
        "Source": "onecoreuap\\enduser\\winstore\\licensemanager\\apisethost\\activationapis.cpp",
        "Line Number": "373"
      },
      "source_format": "evtx",
      "file": "Microsoft-Windows-Store%4Operational.evtx"
    },
    {
      "event_id": 3,
      "provider": "Microsoft-Windows-Bits-Client",
      "timestamp": "2026-07-27T22:59:17.054303+00:00",
      "computer": "WIN-IN9ODUH5HLF",
      "level": "4",
      "channel": "Microsoft-Windows-Bits-Client/Operational",
      "record_id": "342",
      "event_data": {
        "jobTitle": "Edge Component Updater",
        "jobId": "AADC6D2C-252D-4E05-BE64-ADE906C370B9",
        "jobOwner": "DESKTOP-M3EFNJH\\Adam Sed",
        "processPath": "C:\\Program Files (x86)\\Microsoft\\Edge\\Application\\msedge.exe",
        "processId": "2596",
        "ClientProcessStartKey": "562949953421899"
      },
      "source_format": "evtx",
      "file": "Microsoft-Windows-Bits-Client%4Operational.evtx"
    },
    {
      "event_id": 8001,
      "provider": "Microsoft-Windows-Store",
      "timestamp": "2026-07-27T22:59:11.917476+00:00",
      "computer": "WIN-IN9ODUH5HLF",
      "level": "4",
      "channel": "Microsoft-Windows-Store/Operational",
      "record_id": "2773",
      "event_data": {
        "Message": "Skipping license manager: PFN Microsoft.WindowsTerminal_1.18.10301.0_x64__8wekyb3d8bbwe",
        "Function": "InvokeLicenseManagerRequired",
        "Source": "onecoreuap\\enduser\\winstore\\licensemanager\\apisethost\\activationapis.cpp",
        "Line Number": "373"
      },
      "source_format": "evtx",
      "file": "Microsoft-Windows-Store%4Operational.evtx"
    },
    {
      "event_id": 8001,
      "provider": "Microsoft-Windows-Store",
      "timestamp": "2026-07-27T22:59:11.683699+00:00",
      "computer": "WIN-IN9ODUH5HLF",
      "level": "4",
      "channel": "Microsoft-Windows-Store/Operational",
      "record_id": "2772",
      "event_data": {
        "Message": "Skipping license manager: PFN Microsoft.WindowsTerminal_1.18.10301.0_x64__8wekyb3d8bbwe",
        "Function": "InvokeLicenseManagerRequired",
        "Source": "onecoreuap\\enduser\\winstore\\licensemanager\\apisethost\\activationapis.cpp",
        "Line Number": "373"
      },
      "source_format": "evtx",
      "file": "Microsoft-Windows-Store%4Operational.evtx"
    },
    {
      "event_id": 3,
      "provider": "Microsoft-Windows-Bits-Client",
      "timestamp": "2026-07-27T22:59:09.026897+00:00",
      "computer": "WIN-IN9ODUH5HLF",
      "level": "4",
      "channel": "Microsoft-Windows-Bits-Client/Operational",
      "record_id": "337",
      "event_data": {
        "jobTitle": "Edge Component Updater",
        "jobId": "57E14F77-9CD8-4EE8-9F5D-28325B265CE6",
        "jobOwner": "DESKTOP-M3EFNJH\\Bob Milton",
        "processPath": "C:\\Program Files (x86)\\Microsoft\\Edge\\Application\\msedge.exe",
        "processId": "8992",
        "ClientProcessStartKey": "562949953421635"
      },
      "source_format": "evtx",
      "file": "Microsoft-Windows-Bits-Client%4Operational.evtx"
    },
    {
      "event_id": 8001,
      "provider": "Microsoft-Windows-Store",
      "timestamp": "2026-07-27T22:59:00.768297+00:00",
      "computer": "WIN-IN9ODUH5HLF",
      "level": "4",
      "channel": "Microsoft-Windows-Store/Operational",
      "record_id": "2770",
      "event_data": {
        "Message": "Skipping license manager: PFN Microsoft.YourPhone_0.25112.39.0_x64__8wekyb3d8bbwe",
        "Function": "InvokeLicenseManagerRequired",
        "Source": "onecoreuap\\enduser\\winstore\\licensemanager\\apisethost\\activationapis.cpp",
        "Line Number": "373"
      },
      "source_format": "evtx",
      "file": "Microsoft-Windows-Store%4Operational.evtx"
    },
    {
      "event_id": 8001,
      "provider": "Microsoft-Windows-Store",
      "timestamp": "2026-07-27T22:59:00.767346+00:00",
      "computer": "WIN-IN9ODUH5HLF",
      "level": "4",
      "channel": "Microsoft-Windows-Store/Operational",
      "record_id": "2769",
      "event_data": {
        "Message": "Skipping license manager: PFN Microsoft.YourPhone_0.25112.39.0_x64__8wekyb3d8bbwe",
        "Function": "InvokeLicenseManagerRequired",
        "Source": "onecoreuap\\enduser\\winstore\\licensemanager\\apisethost\\activationapis.cpp",
        "Line Number": "373"
      },
      "source_format": "evtx",
      "file": "Microsoft-Windows-Store%4Operational.evtx"
    },
    {
      "event_id": 8001,
      "provider": "Microsoft-Windows-Store",
      "timestamp": "2026-07-27T22:58:59.188943+00:00",
      "computer": "WIN-IN9ODUH5HLF",
      "level": "4",
      "channel": "Microsoft-Windows-Store/Operational",
      "record_id": "2768",
      "event_data": {
        "Message": "Skipping license manager: PFN MicrosoftWindows.CrossDevice_0.25112.60.0_x64__cw5n1h2txyewy",
        "Function": "InvokeLicenseManagerRequired",
        "Source": "onecoreuap\\enduser\\winstore\\licensemanager\\apisethost\\activationapis.cpp",
        "Line Number": "373"
      },
      "source_format": "evtx",
      "file": "Microsoft-Windows-Store%4Operational.evtx"
    },
    {
      "event_id": 8001,
      "provider": "Microsoft-Windows-Store",
      "timestamp": "2026-07-27T22:58:59.188526+00:00",
      "computer": "WIN-IN9ODUH5HLF",
      "level": "4",
      "channel": "Microsoft-Windows-Store/Operational",
      "record_id": "2767",
      "event_data": {
        "Message": "Skipping license manager: PFN MicrosoftWindows.CrossDevice_0.25112.60.0_x64__cw5n1h2txyewy",
        "Function": "InvokeLicenseManagerRequired",
        "Source": "onecoreuap\\enduser\\winstore\\licensemanager\\apisethost\\activationapis.cpp",
        "Line Number": "373"
      },
      "source_format": "evtx",
      "file": "Microsoft-Windows-Store%4Operational.evtx"
    },
    {
      "event_id": 3,
      "provider": "Microsoft-Windows-Bits-Client",
      "timestamp": "2026-07-27T22:58:51.592001+00:00",
      "computer": "WIN-IN9ODUH5HLF",
      "level": "4",
      "channel": "Microsoft-Windows-Bits-Client/Operational",
      "record_id": "332",
      "event_data": {
        "jobTitle": "Edge Component Updater",
        "jobId": "7D59CFFF-ED08-45BF-B671-3155B01E9102",
        "jobOwner": "DESKTOP-M3EFNJH\\Adam Sed",
        "processPath": "C:\\Program Files (x86)\\Microsoft\\EdgeWebView\\Application\\150.0.4078.105\\msedgewebview2.exe",
        "processId": "7252",
        "ClientProcessStartKey": "562949953422087"
      },
      "source_format": "evtx",
      "file": "Microsoft-Windows-Bits-Client%4Operational.evtx"
    },
    {
      "event_id": 2005,
      "provider": "Microsoft-Windows-Install-Agent",
      "timestamp": "2026-07-27T22:58:49.922296+00:00",
      "computer": "WIN-IN9ODUH5HLF",
      "level": "5",
      "channel": "Microsoft-Windows-Store/Operational",
      "record_id": "2765",
      "event_data": {
        "Message": "DiagErrorErrorName = Error connecting InstallService  ErrorMessage = InstallService unable to connect after multiple retries  ErrorCode = -2143309552  ",
        "Function": "WindowsUpdate::CommonTelemetry::DiagError",
        "Error Code": "0",
        "Source": "onecoreuap\\enduser\\winstore\\installservice\\libqueue2\\commontelemetry.cpp",
        "Line Number": "757",
        "CorrelationVector": "",
        "ProductId": ""
      },
      "source_format": "evtx",
      "file": "Microsoft-Windows-Store%4Operational.evtx"
    },
    {
      "event_id": 2005,
      "provider": "Microsoft-Windows-Install-Agent",
      "timestamp": "2026-07-27T22:58:49.911677+00:00",
      "computer": "WIN-IN9ODUH5HLF",
      "level": "5",
      "channel": "Microsoft-Windows-Store/Operational",
      "record_id": "2755",
      "event_data": {
        "Message": "UWAInstallWork::OnError Releasing InstallAgentPdcActivation",
        "Function": "UWAInstallWork::OnError",
        "Error Code": "-1",
        "Source": "onecoreuap\\enduser\\winstore\\installservice\\lib\\uwainstallwork.cpp",
        "Line Number": "937",
        "CorrelationVector": "yTN+PaSlmEyF7tvE.1.52",
        "ProductId": "9WZDNCRFJBMP"
      },
      "source_format": "evtx",
      "file": "Microsoft-Windows-Store%4Operational.evtx"
    },
    {
      "event_id": 2005,
      "provider": "Microsoft-Windows-Install-Agent",
      "timestamp": "2026-07-27T22:58:49.726921+00:00",
      "computer": "WIN-IN9ODUH5HLF",
      "level": "5",
      "channel": "Microsoft-Windows-Store/Operational",
      "record_id": "2754",
      "event_data": {
        "Message": "ForceAppRestartValues NOT set in MDM or invalid.",
        "Function": "GetForceAppRestartPolicy",
        "Error Code": "-1",
        "Source": "onecoreuap\\enduser\\winstore\\installservice\\lib\\settings.cpp",
        "Line Number": "2906",
        "CorrelationVector": "NULL",
        "ProductId": "NULL"
      },
      "source_format": "evtx",
      "file": "Microsoft-Windows-Store%4Operational.evtx"
    },
    {
      "event_id": 2005,
      "provider": "Microsoft-Windows-Install-Agent",
      "timestamp": "2026-07-27T22:58:48.777399+00:00",
      "computer": "WIN-IN9ODUH5HLF",
      "level": "5",
      "channel": "Microsoft-Windows-Store/Operational",
      "record_id": "2747",
      "event_data": {
        "Message": "UWAInstallWork::OnProgress Updating InstallAgentPdcActivation",
        "Function": "UWAInstallWork::OnProgress",
        "Error Code": "-1",
        "Source": "onecoreuap\\enduser\\winstore\\installservice\\lib\\uwainstallwork.cpp",
        "Line Number": "889",
        "CorrelationVector": "yTN+PaSlmEyF7tvE.1.51",
        "ProductId": "9WZDNCRFJBMP"
      },
      "source_format": "evtx",
      "file": "Microsoft-Windows-Store%4Operational.evtx"
    },
    {
      "event_id": 8001,
      "provider": "Microsoft-Windows-Store",
      "timestamp": "2026-07-27T22:58:48.002661+00:00",
      "computer": "WIN-IN9ODUH5HLF",
      "level": "4",
      "channel": "Microsoft-Windows-Store/Operational",
      "record_id": "2746",
      "event_data": {
        "Message": "Skipping license manager: PFN Microsoft.StorePurchaseApp_22509.1400.1.0_x64__8wekyb3d8bbwe",
        "Function": "InvokeLicenseManagerRequired",
        "Source": "onecoreuap\\enduser\\winstore\\licensemanager\\apisethost\\activationapis.cpp",
        "Line Number": "373"
      },
      "source_format": "evtx",
      "file": "Microsoft-Windows-Store%4Operational.evtx"
    },
    {
      "event_id": 8001,
      "provider": "Microsoft-Windows-Store",
      "timestamp": "2026-07-27T22:58:48.002056+00:00",
      "computer": "WIN-IN9ODUH5HLF",
      "level": "4",
      "channel": "Microsoft-Windows-Store/Operational",
      "record_id": "2745",
      "event_data": {
        "Message": "Skipping license manager: PFN Microsoft.StorePurchaseApp_22509.1400.1.0_x64__8wekyb3d8bbwe",
        "Function": "InvokeLicenseManagerRequired",
        "Source": "onecoreuap\\enduser\\winstore\\licensemanager\\apisethost\\activationapis.cpp",
        "Line Number": "373"
      },
      "source_format": "evtx",
      "file": "Microsoft-Windows-Store%4Operational.evtx"
    },
    {
      "event_id": 2005,
      "provider": "Microsoft-Windows-Install-Agent",
      "timestamp": "2026-07-27T22:58:47.980722+00:00",
      "computer": "WIN-IN9ODUH5HLF",
      "level": "5",
      "channel": "Microsoft-Windows-Store/Operational",
      "record_id": "2744",
      "event_data": {
        "Message": "UWAInstallWork::OnProgress Updating InstallAgentPdcActivation",
        "Function": "UWAInstallWork::OnProgress",
        "Error Code": "-1",
        "Source": "onecoreuap\\enduser\\winstore\\installservice\\lib\\uwainstallwork.cpp",
        "Line Number": "889",
        "CorrelationVector": "yTN+PaSlmEyF7tvE.1.51",
        "ProductId": "9WZDNCRFJBMP"
      },
      "source_format": "evtx",
      "file": "Microsoft-Windows-Store%4Operational.evtx"
    },
    {
      "event_id": 2005,
      "provider": "Microsoft-Windows-Install-Agent",
      "timestamp": "2026-07-27T22:58:44.117392+00:00",
      "computer": "WIN-IN9ODUH5HLF",
      "level": "5",
      "channel": "Microsoft-Windows-Store/Operational",
      "record_id": "2730",
      "event_data": {
        "Message": "UWAInstallWork::OnProgress Updating InstallAgentPdcActivation",
        "Function": "UWAInstallWork::OnProgress",
        "Error Code": "-1",
        "Source": "onecoreuap\\enduser\\winstore\\installservice\\lib\\uwainstallwork.cpp",
        "Line Number": "889",
        "CorrelationVector": "yTN+PaSlmEyF7tvE.1.49",
        "ProductId": "9WZDNCRFJBMP"
      },
      "source_format": "evtx",
      "file": "Microsoft-Windows-Store%4Operational.evtx"
    },
