    {
      "event_id": 2005,
      "provider": "Microsoft-Windows-Install-Agent",
      "timestamp": "2026-07-27T22:58:43.699324+00:00",
      "computer": "WIN-IN9ODUH5HLF",
      "level": "5",
      "channel": "Microsoft-Windows-Store/Operational",
      "record_id": "2727",
      "event_data": {
        "Message": "UWAInstallWork::OnProgress Updating InstallAgentPdcActivation",
        "Function": "UWAInstallWork::OnProgress",
        "Error Code": "-1",
        "Source": "onecoreuap\\enduser\\winstore\\installservice\\lib\\uwainstallwork.cpp",
        "Line Number": "889",
        "CorrelationVector": "yTN+PaSlmEyF7tvE.1.48",
        "ProductId": "9WZDNCRFJBMP"
      },
      "source_format": "evtx",
      "file": "Microsoft-Windows-Store%4Operational.evtx"
    },
    {
      "event_id": 2005,
      "provider": "Microsoft-Windows-Install-Agent",
      "timestamp": "2026-07-27T22:58:43.019047+00:00",
      "computer": "WIN-IN9ODUH5HLF",
      "level": "5",
      "channel": "Microsoft-Windows-Store/Operational",
      "record_id": "2724",
      "event_data": {
        "Message": "UWAInstallWork::OnProgress Updating InstallAgentPdcActivation",
        "Function": "UWAInstallWork::OnProgress",
        "Error Code": "-1",
        "Source": "onecoreuap\\enduser\\winstore\\installservice\\lib\\uwainstallwork.cpp",
        "Line Number": "889",
        "CorrelationVector": "yTN+PaSlmEyF7tvE.1.47",
        "ProductId": "9WZDNCRFJBMP"
      },
      "source_format": "evtx",
      "file": "Microsoft-Windows-Store%4Operational.evtx"
    },
    {
      "event_id": 2005,
      "provider": "Microsoft-Windows-Install-Agent",
      "timestamp": "2026-07-27T22:58:42.906794+00:00",
      "computer": "WIN-IN9ODUH5HLF",
      "level": "5",
      "channel": "Microsoft-Windows-Store/Operational",
      "record_id": "2721",
      "event_data": {
        "Message": "UWAInstallWork::OnProgress Updating InstallAgentPdcActivation",
        "Function": "UWAInstallWork::OnProgress",
        "Error Code": "-1",
        "Source": "onecoreuap\\enduser\\winstore\\installservice\\lib\\uwainstallwork.cpp",
        "Line Number": "889",
        "CorrelationVector": "yTN+PaSlmEyF7tvE.1.46",
        "ProductId": "9WZDNCRFJBMP"
      },
      "source_format": "evtx",
      "file": "Microsoft-Windows-Store%4Operational.evtx"
    },
    {
      "event_id": 2005,
      "provider": "Microsoft-Windows-Install-Agent",
      "timestamp": "2026-07-27T22:58:42.820083+00:00",
      "computer": "WIN-IN9ODUH5HLF",
      "level": "5",
      "channel": "Microsoft-Windows-Store/Operational",
      "record_id": "2712",
      "event_data": {
        "Message": "UWAInstallWork::OnError Releasing InstallAgentPdcActivation",
        "Function": "UWAInstallWork::OnError",
        "Error Code": "-1",
        "Source": "onecoreuap\\enduser\\winstore\\installservice\\lib\\uwainstallwork.cpp",
        "Line Number": "937",
        "CorrelationVector": "yTN+PaSlmEyF7tvE.1.13",
        "ProductId": "9MSMLRH6LZF3"
      },
      "source_format": "evtx",
      "file": "Microsoft-Windows-Store%4Operational.evtx"
    },
    {
      "event_id": 2005,
      "provider": "Microsoft-Windows-Install-Agent",
      "timestamp": "2026-07-27T22:58:42.757770+00:00",
      "computer": "WIN-IN9ODUH5HLF",
      "level": "5",
      "channel": "Microsoft-Windows-Store/Operational",
      "record_id": "2708",
      "event_data": {
        "Message": "UWAInstallWork::OnProgress Updating InstallAgentPdcActivation",
        "Function": "UWAInstallWork::OnProgress",
        "Error Code": "-1",
        "Source": "onecoreuap\\enduser\\winstore\\installservice\\lib\\uwainstallwork.cpp",
        "Line Number": "889",
        "CorrelationVector": "yTN+PaSlmEyF7tvE.1.45",
        "ProductId": "9WZDNCRFJBMP"
      },
      "source_format": "evtx",
      "file": "Microsoft-Windows-Store%4Operational.evtx"
    },
    {
      "event_id": 2005,
      "provider": "Microsoft-Windows-Install-Agent",
      "timestamp": "2026-07-27T22:58:42.678328+00:00",
      "computer": "WIN-IN9ODUH5HLF",
      "level": "5",
      "channel": "Microsoft-Windows-Store/Operational",
      "record_id": "2704",
      "event_data": {
        "Message": "UWAInstallWork::OnProgress Updating InstallAgentPdcActivation",
        "Function": "UWAInstallWork::OnProgress",
        "Error Code": "-1",
        "Source": "onecoreuap\\enduser\\winstore\\installservice\\lib\\uwainstallwork.cpp",
        "Line Number": "889",
        "CorrelationVector": "yTN+PaSlmEyF7tvE.1.44",
        "ProductId": "9WZDNCRFJBMP"
      },
      "source_format": "evtx",
      "file": "Microsoft-Windows-Store%4Operational.evtx"
    },
    {
      "event_id": 2005,
      "provider": "Microsoft-Windows-Install-Agent",
      "timestamp": "2026-07-27T22:58:42.240521+00:00",
      "computer": "WIN-IN9ODUH5HLF",
      "level": "5",
      "channel": "Microsoft-Windows-Store/Operational",
      "record_id": "2703",
      "event_data": {
        "Message": "ForceAppRestartValues NOT set in MDM or invalid.",
        "Function": "GetForceAppRestartPolicy",
        "Error Code": "-1",
        "Source": "onecoreuap\\enduser\\winstore\\installservice\\lib\\settings.cpp",
        "Line Number": "2906",
        "CorrelationVector": "NULL",
        "ProductId": "NULL"
      },
      "source_format": "evtx",
      "file": "Microsoft-Windows-Store%4Operational.evtx"
    },
    {
      "event_id": 2005,
      "provider": "Microsoft-Windows-Install-Agent",
      "timestamp": "2026-07-27T22:58:41.817782+00:00",
      "computer": "WIN-IN9ODUH5HLF",
      "level": "5",
      "channel": "Microsoft-Windows-Store/Operational",
      "record_id": "2698",
      "event_data": {
        "Message": "UWAInstallWork::OnProgress Updating InstallAgentPdcActivation",
        "Function": "UWAInstallWork::OnProgress",
        "Error Code": "-1",
        "Source": "onecoreuap\\enduser\\winstore\\installservice\\lib\\uwainstallwork.cpp",
        "Line Number": "889",
        "CorrelationVector": "yTN+PaSlmEyF7tvE.1.43",
        "ProductId": "9WZDNCRFJBMP"
      },
      "source_format": "evtx",
      "file": "Microsoft-Windows-Store%4Operational.evtx"
    },
    {
      "event_id": 2005,
      "provider": "Microsoft-Windows-Install-Agent",
      "timestamp": "2026-07-27T22:58:41.700047+00:00",
      "computer": "WIN-IN9ODUH5HLF",
      "level": "5",
      "channel": "Microsoft-Windows-Store/Operational",
      "record_id": "2695",
      "event_data": {
        "Message": "UWAInstallWork::OnProgress Updating InstallAgentPdcActivation",
        "Function": "UWAInstallWork::OnProgress",
        "Error Code": "-1",
        "Source": "onecoreuap\\enduser\\winstore\\installservice\\lib\\uwainstallwork.cpp",
        "Line Number": "889",
        "CorrelationVector": "yTN+PaSlmEyF7tvE.1.42",
        "ProductId": "9WZDNCRFJBMP"
      },
      "source_format": "evtx",
      "file": "Microsoft-Windows-Store%4Operational.evtx"
    },
    {
      "event_id": 2005,
      "provider": "Microsoft-Windows-Install-Agent",
      "timestamp": "2026-07-27T22:58:41.642235+00:00",
      "computer": "WIN-IN9ODUH5HLF",
      "level": "5",
      "channel": "Microsoft-Windows-Store/Operational",
      "record_id": "2692",
      "event_data": {
        "Message": "UWAInstallWork::OnProgress Updating InstallAgentPdcActivation",
        "Function": "UWAInstallWork::OnProgress",
        "Error Code": "-1",
        "Source": "onecoreuap\\enduser\\winstore\\installservice\\lib\\uwainstallwork.cpp",
        "Line Number": "889",
        "CorrelationVector": "yTN+PaSlmEyF7tvE.1.41",
        "ProductId": "9WZDNCRFJBMP"
      },
      "source_format": "evtx",
      "file": "Microsoft-Windows-Store%4Operational.evtx"
    },
    {
      "event_id": 2005,
      "provider": "Microsoft-Windows-Install-Agent",
      "timestamp": "2026-07-27T22:58:41.629010+00:00",
      "computer": "WIN-IN9ODUH5HLF",
      "level": "5",
      "channel": "Microsoft-Windows-Store/Operational",
      "record_id": "2689",
      "event_data": {
        "Message": "UWAInstallWork::OnProgress Updating InstallAgentPdcActivation",
        "Function": "UWAInstallWork::OnProgress",
        "Error Code": "-1",
        "Source": "onecoreuap\\enduser\\winstore\\installservice\\lib\\uwainstallwork.cpp",
        "Line Number": "889",
        "CorrelationVector": "yTN+PaSlmEyF7tvE.1.40",
        "ProductId": "9WZDNCRFJBMP"
      },
      "source_format": "evtx",
      "file": "Microsoft-Windows-Store%4Operational.evtx"
    },
    {
      "event_id": 2005,
      "provider": "Microsoft-Windows-Install-Agent",
      "timestamp": "2026-07-27T22:58:41.579822+00:00",
      "computer": "WIN-IN9ODUH5HLF",
      "level": "5",
      "channel": "Microsoft-Windows-Store/Operational",
      "record_id": "2686",
      "event_data": {
        "Message": "UWAInstallWork::OnProgress Updating InstallAgentPdcActivation",
        "Function": "UWAInstallWork::OnProgress",
        "Error Code": "-1",
        "Source": "onecoreuap\\enduser\\winstore\\installservice\\lib\\uwainstallwork.cpp",
        "Line Number": "889",
        "CorrelationVector": "yTN+PaSlmEyF7tvE.1.39",
        "ProductId": "9WZDNCRFJBMP"
      },
      "source_format": "evtx",
      "file": "Microsoft-Windows-Store%4Operational.evtx"
    },
    {
      "event_id": 2005,
      "provider": "Microsoft-Windows-Install-Agent",
      "timestamp": "2026-07-27T22:58:41.550273+00:00",
      "computer": "WIN-IN9ODUH5HLF",
      "level": "5",
      "channel": "Microsoft-Windows-Store/Operational",
      "record_id": "2682",
      "event_data": {
        "Message": "UWAInstallWork::OnProgress Updating InstallAgentPdcActivation",
        "Function": "UWAInstallWork::OnProgress",
        "Error Code": "-1",
        "Source": "onecoreuap\\enduser\\winstore\\installservice\\lib\\uwainstallwork.cpp",
        "Line Number": "889",
        "CorrelationVector": "yTN+PaSlmEyF7tvE.1.38",
        "ProductId": "9WZDNCRFJBMP"
      },
      "source_format": "evtx",
      "file": "Microsoft-Windows-Store%4Operational.evtx"
    },
    {
      "event_id": 2005,
      "provider": "Microsoft-Windows-Install-Agent",
      "timestamp": "2026-07-27T22:58:41.492099+00:00",
      "computer": "WIN-IN9ODUH5HLF",
      "level": "5",
      "channel": "Microsoft-Windows-Store/Operational",
      "record_id": "2679",
      "event_data": {
        "Message": "UWAInstallWork::OnProgress Updating InstallAgentPdcActivation",
        "Function": "UWAInstallWork::OnProgress",
        "Error Code": "-1",
        "Source": "onecoreuap\\enduser\\winstore\\installservice\\lib\\uwainstallwork.cpp",
        "Line Number": "889",
        "CorrelationVector": "yTN+PaSlmEyF7tvE.1.37",
        "ProductId": "9WZDNCRFJBMP"
      },
      "source_format": "evtx",
      "file": "Microsoft-Windows-Store%4Operational.evtx"
    },
    {
      "event_id": 2005,
      "provider": "Microsoft-Windows-Install-Agent",
      "timestamp": "2026-07-27T22:58:41.387784+00:00",
      "computer": "WIN-IN9ODUH5HLF",
      "level": "5",
      "channel": "Microsoft-Windows-Store/Operational",
      "record_id": "2676",
      "event_data": {
        "Message": "UWAInstallWork::OnProgress Updating InstallAgentPdcActivation",
        "Function": "UWAInstallWork::OnProgress",
        "Error Code": "-1",
        "Source": "onecoreuap\\enduser\\winstore\\installservice\\lib\\uwainstallwork.cpp",
        "Line Number": "889",
        "CorrelationVector": "yTN+PaSlmEyF7tvE.1.36",
        "ProductId": "9WZDNCRFJBMP"
      },
      "source_format": "evtx",
      "file": "Microsoft-Windows-Store%4Operational.evtx"
    },
    {
      "event_id": 2005,
      "provider": "Microsoft-Windows-Install-Agent",
      "timestamp": "2026-07-27T22:58:41.222134+00:00",
      "computer": "WIN-IN9ODUH5HLF",
      "level": "5",
      "channel": "Microsoft-Windows-Store/Operational",
      "record_id": "2673",
      "event_data": {
        "Message": "UWAInstallWork::OnProgress Updating InstallAgentPdcActivation",
        "Function": "UWAInstallWork::OnProgress",
        "Error Code": "-1",
        "Source": "onecoreuap\\enduser\\winstore\\installservice\\lib\\uwainstallwork.cpp",
        "Line Number": "889",
        "CorrelationVector": "yTN+PaSlmEyF7tvE.1.35",
        "ProductId": "9WZDNCRFJBMP"
      },
      "source_format": "evtx",
      "file": "Microsoft-Windows-Store%4Operational.evtx"
    },
    {
      "event_id": 2005,
      "provider": "Microsoft-Windows-Install-Agent",
      "timestamp": "2026-07-27T22:58:41.200387+00:00",
      "computer": "WIN-IN9ODUH5HLF",
      "level": "5",
      "channel": "Microsoft-Windows-Store/Operational",
      "record_id": "2670",
      "event_data": {
        "Message": "UWAInstallWork::OnProgress Updating InstallAgentPdcActivation",
        "Function": "UWAInstallWork::OnProgress",
        "Error Code": "-1",
        "Source": "onecoreuap\\enduser\\winstore\\installservice\\lib\\uwainstallwork.cpp",
        "Line Number": "889",
        "CorrelationVector": "yTN+PaSlmEyF7tvE.1.34",
        "ProductId": "9WZDNCRFJBMP"
      },
      "source_format": "evtx",
      "file": "Microsoft-Windows-Store%4Operational.evtx"
    },
    {
      "event_id": 2005,
      "provider": "Microsoft-Windows-Install-Agent",
      "timestamp": "2026-07-27T22:58:41.125683+00:00",
      "computer": "WIN-IN9ODUH5HLF",
      "level": "5",
      "channel": "Microsoft-Windows-Store/Operational",
      "record_id": "2667",
      "event_data": {
        "Message": "UWAInstallWork::OnProgress Updating InstallAgentPdcActivation",
        "Function": "UWAInstallWork::OnProgress",
        "Error Code": "-1",
        "Source": "onecoreuap\\enduser\\winstore\\installservice\\lib\\uwainstallwork.cpp",
        "Line Number": "889",
        "CorrelationVector": "yTN+PaSlmEyF7tvE.1.33",
        "ProductId": "9WZDNCRFJBMP"
      },
      "source_format": "evtx",
      "file": "Microsoft-Windows-Store%4Operational.evtx"
    },
    {
      "event_id": 2005,
      "provider": "Microsoft-Windows-Install-Agent",
      "timestamp": "2026-07-27T22:58:41.080257+00:00",
      "computer": "WIN-IN9ODUH5HLF",
      "level": "5",
      "channel": "Microsoft-Windows-Store/Operational",
      "record_id": "2664",
      "event_data": {
        "Message": "UWAInstallWork::OnProgress Updating InstallAgentPdcActivation",
        "Function": "UWAInstallWork::OnProgress",
        "Error Code": "-1",
        "Source": "onecoreuap\\enduser\\winstore\\installservice\\lib\\uwainstallwork.cpp",
        "Line Number": "889",
        "CorrelationVector": "yTN+PaSlmEyF7tvE.1.32",
        "ProductId": "9WZDNCRFJBMP"
      },
      "source_format": "evtx",
      "file": "Microsoft-Windows-Store%4Operational.evtx"
    },
    {
      "event_id": 2005,
      "provider": "Microsoft-Windows-Install-Agent",
      "timestamp": "2026-07-27T22:58:41.029852+00:00",
      "computer": "WIN-IN9ODUH5HLF",
      "level": "5",
      "channel": "Microsoft-Windows-Store/Operational",
      "record_id": "2661",
      "event_data": {
        "Message": "UWAInstallWork::OnProgress Updating InstallAgentPdcActivation",
        "Function": "UWAInstallWork::OnProgress",
        "Error Code": "-1",
        "Source": "onecoreuap\\enduser\\winstore\\installservice\\lib\\uwainstallwork.cpp",
        "Line Number": "889",
        "CorrelationVector": "yTN+PaSlmEyF7tvE.1.31",
        "ProductId": "9WZDNCRFJBMP"
      },
      "source_format": "evtx",
      "file": "Microsoft-Windows-Store%4Operational.evtx"
    },
    {
      "event_id": 2005,
      "provider": "Microsoft-Windows-Install-Agent",
      "timestamp": "2026-07-27T22:58:40.991739+00:00",
      "computer": "WIN-IN9ODUH5HLF",
      "level": "5",
      "channel": "Microsoft-Windows-Store/Operational",
      "record_id": "2658",
      "event_data": {
        "Message": "UWAInstallWork::OnProgress Updating InstallAgentPdcActivation",
        "Function": "UWAInstallWork::OnProgress",
        "Error Code": "-1",
        "Source": "onecoreuap\\enduser\\winstore\\installservice\\lib\\uwainstallwork.cpp",
        "Line Number": "889",
        "CorrelationVector": "yTN+PaSlmEyF7tvE.1.30",
        "ProductId": "9WZDNCRFJBMP"
      },
      "source_format": "evtx",
      "file": "Microsoft-Windows-Store%4Operational.evtx"
    },
    {
      "event_id": 2005,
      "provider": "Microsoft-Windows-Install-Agent",
      "timestamp": "2026-07-27T22:58:40.949138+00:00",
      "computer": "WIN-IN9ODUH5HLF",
      "level": "5",
      "channel": "Microsoft-Windows-Store/Operational",
      "record_id": "2655",
      "event_data": {
        "Message": "UWAInstallWork::OnProgress Updating InstallAgentPdcActivation",
        "Function": "UWAInstallWork::OnProgress",
        "Error Code": "-1",
        "Source": "onecoreuap\\enduser\\winstore\\installservice\\lib\\uwainstallwork.cpp",
        "Line Number": "889",
        "CorrelationVector": "yTN+PaSlmEyF7tvE.1.29",
        "ProductId": "9WZDNCRFJBMP"
      },
      "source_format": "evtx",
      "file": "Microsoft-Windows-Store%4Operational.evtx"
    },
    {
      "event_id": 2005,
      "provider": "Microsoft-Windows-Install-Agent",
      "timestamp": "2026-07-27T22:58:40.911230+00:00",
      "computer": "WIN-IN9ODUH5HLF",
      "level": "5",
      "channel": "Microsoft-Windows-Store/Operational",
      "record_id": "2651",
      "event_data": {
        "Message": "UWAInstallWork::OnProgress Updating InstallAgentPdcActivation",
        "Function": "UWAInstallWork::OnProgress",
        "Error Code": "-1",
        "Source": "onecoreuap\\enduser\\winstore\\installservice\\lib\\uwainstallwork.cpp",
        "Line Number": "889",
        "CorrelationVector": "yTN+PaSlmEyF7tvE.1.28",
        "ProductId": "9WZDNCRFJBMP"
      },
      "source_format": "evtx",
      "file": "Microsoft-Windows-Store%4Operational.evtx"
    },
    {
      "event_id": 2005,
      "provider": "Microsoft-Windows-Install-Agent",
      "timestamp": "2026-07-27T22:58:40.898456+00:00",
      "computer": "WIN-IN9ODUH5HLF",
      "level": "5",
      "channel": "Microsoft-Windows-Store/Operational",
      "record_id": "2648",
      "event_data": {
        "Message": "UWAInstallWork::OnProgress Updating InstallAgentPdcActivation",
        "Function": "UWAInstallWork::OnProgress",
        "Error Code": "-1",
        "Source": "onecoreuap\\enduser\\winstore\\installservice\\lib\\uwainstallwork.cpp",
        "Line Number": "889",
        "CorrelationVector": "yTN+PaSlmEyF7tvE.1.27",
        "ProductId": "9WZDNCRFJBMP"
      },
      "source_format": "evtx",
      "file": "Microsoft-Windows-Store%4Operational.evtx"
    },
    {
      "event_id": 2005,
      "provider": "Microsoft-Windows-Install-Agent",
      "timestamp": "2026-07-27T22:58:40.831742+00:00",
      "computer": "WIN-IN9ODUH5HLF",
      "level": "5",
      "channel": "Microsoft-Windows-Store/Operational",
      "record_id": "2645",
      "event_data": {
        "Message": "UWAInstallWork::OnProgress Updating InstallAgentPdcActivation",
        "Function": "UWAInstallWork::OnProgress",
        "Error Code": "-1",
        "Source": "onecoreuap\\enduser\\winstore\\installservice\\lib\\uwainstallwork.cpp",
        "Line Number": "889",
        "CorrelationVector": "yTN+PaSlmEyF7tvE.1.26",
        "ProductId": "9WZDNCRFJBMP"
      },
      "source_format": "evtx",
      "file": "Microsoft-Windows-Store%4Operational.evtx"
    },
    {
      "event_id": 2005,
      "provider": "Microsoft-Windows-Install-Agent",
      "timestamp": "2026-07-27T22:58:40.789131+00:00",
      "computer": "WIN-IN9ODUH5HLF",
      "level": "5",
      "channel": "Microsoft-Windows-Store/Operational",
      "record_id": "2642",
      "event_data": {
        "Message": "UWAInstallWork::OnProgress Updating InstallAgentPdcActivation",
        "Function": "UWAInstallWork::OnProgress",
        "Error Code": "-1",
        "Source": "onecoreuap\\enduser\\winstore\\installservice\\lib\\uwainstallwork.cpp",
        "Line Number": "889",
        "CorrelationVector": "yTN+PaSlmEyF7tvE.1.25",
        "ProductId": "9WZDNCRFJBMP"
      },
      "source_format": "evtx",
      "file": "Microsoft-Windows-Store%4Operational.evtx"
    },
    {
      "event_id": 2005,
      "provider": "Microsoft-Windows-Install-Agent",
      "timestamp": "2026-07-27T22:58:40.745459+00:00",
      "computer": "WIN-IN9ODUH5HLF",
      "level": "5",
      "channel": "Microsoft-Windows-Store/Operational",
      "record_id": "2639",
      "event_data": {
        "Message": "UWAInstallWork::OnProgress Updating InstallAgentPdcActivation",
        "Function": "UWAInstallWork::OnProgress",
        "Error Code": "-1",
        "Source": "onecoreuap\\enduser\\winstore\\installservice\\lib\\uwainstallwork.cpp",
        "Line Number": "889",
        "CorrelationVector": "yTN+PaSlmEyF7tvE.1.24",
        "ProductId": "9WZDNCRFJBMP"
      },
      "source_format": "evtx",
      "file": "Microsoft-Windows-Store%4Operational.evtx"
    },
    {
      "event_id": 2005,
      "provider": "Microsoft-Windows-Install-Agent",
      "timestamp": "2026-07-27T22:58:40.711397+00:00",
      "computer": "WIN-IN9ODUH5HLF",
      "level": "5",
      "channel": "Microsoft-Windows-Store/Operational",
      "record_id": "2636",
      "event_data": {
        "Message": "UWAInstallWork::OnProgress Updating InstallAgentPdcActivation",
        "Function": "UWAInstallWork::OnProgress",
        "Error Code": "-1",
        "Source": "onecoreuap\\enduser\\winstore\\installservice\\lib\\uwainstallwork.cpp",
        "Line Number": "889",
        "CorrelationVector": "yTN+PaSlmEyF7tvE.1.23",
        "ProductId": "9WZDNCRFJBMP"
      },
      "source_format": "evtx",
      "file": "Microsoft-Windows-Store%4Operational.evtx"
    },
    {
      "event_id": 2005,
      "provider": "Microsoft-Windows-Install-Agent",
      "timestamp": "2026-07-27T22:58:40.671777+00:00",
      "computer": "WIN-IN9ODUH5HLF",
      "level": "5",
      "channel": "Microsoft-Windows-Store/Operational",
      "record_id": "2632",
      "event_data": {
        "Message": "UWAInstallWork::OnProgress Updating InstallAgentPdcActivation",
        "Function": "UWAInstallWork::OnProgress",
        "Error Code": "-1",
        "Source": "onecoreuap\\enduser\\winstore\\installservice\\lib\\uwainstallwork.cpp",
        "Line Number": "889",
        "CorrelationVector": "yTN+PaSlmEyF7tvE.1.22",
        "ProductId": "9WZDNCRFJBMP"
      },
      "source_format": "evtx",
      "file": "Microsoft-Windows-Store%4Operational.evtx"
    },
    {
      "event_id": 2005,
      "provider": "Microsoft-Windows-Install-Agent",
      "timestamp": "2026-07-27T22:58:40.643750+00:00",
      "computer": "WIN-IN9ODUH5HLF",
      "level": "5",
      "channel": "Microsoft-Windows-Store/Operational",
      "record_id": "2629",
      "event_data": {
        "Message": "UWAInstallWork::OnProgress Updating InstallAgentPdcActivation",
        "Function": "UWAInstallWork::OnProgress",
        "Error Code": "-1",
        "Source": "onecoreuap\\enduser\\winstore\\installservice\\lib\\uwainstallwork.cpp",
        "Line Number": "889",
        "CorrelationVector": "yTN+PaSlmEyF7tvE.1.21",
        "ProductId": "9WZDNCRFJBMP"
      },
      "source_format": "evtx",
      "file": "Microsoft-Windows-Store%4Operational.evtx"
    },
    {
      "event_id": 2005,
      "provider": "Microsoft-Windows-Install-Agent",
      "timestamp": "2026-07-27T22:58:40.629029+00:00",
      "computer": "WIN-IN9ODUH5HLF",
      "level": "5",
      "channel": "Microsoft-Windows-Store/Operational",
      "record_id": "2626",
      "event_data": {
        "Message": "UWAInstallWork::OnProgress Updating InstallAgentPdcActivation",
        "Function": "UWAInstallWork::OnProgress",
        "Error Code": "-1",
        "Source": "onecoreuap\\enduser\\winstore\\installservice\\lib\\uwainstallwork.cpp",
        "Line Number": "889",
        "CorrelationVector": "yTN+PaSlmEyF7tvE.1.20",
        "ProductId": "9WZDNCRFJBMP"
      },
      "source_format": "evtx",
      "file": "Microsoft-Windows-Store%4Operational.evtx"
    },
    {
      "event_id": 2005,
      "provider": "Microsoft-Windows-Install-Agent",
      "timestamp": "2026-07-27T22:58:40.584206+00:00",
      "computer": "WIN-IN9ODUH5HLF",
      "level": "5",
      "channel": "Microsoft-Windows-Store/Operational",
      "record_id": "2623",
      "event_data": {
        "Message": "UWAInstallWork::OnProgress Updating InstallAgentPdcActivation",
        "Function": "UWAInstallWork::OnProgress",
        "Error Code": "-1",
        "Source": "onecoreuap\\enduser\\winstore\\installservice\\lib\\uwainstallwork.cpp",
        "Line Number": "889",
        "CorrelationVector": "yTN+PaSlmEyF7tvE.1.19",
        "ProductId": "9WZDNCRFJBMP"
      },
      "source_format": "evtx",
      "file": "Microsoft-Windows-Store%4Operational.evtx"
    },
    {
      "event_id": 2005,
      "provider": "Microsoft-Windows-Install-Agent",
      "timestamp": "2026-07-27T22:58:40.528933+00:00",
      "computer": "WIN-IN9ODUH5HLF",
      "level": "5",
      "channel": "Microsoft-Windows-Store/Operational",
      "record_id": "2620",
      "event_data": {
        "Message": "UWAInstallWork::OnProgress Updating InstallAgentPdcActivation",
        "Function": "UWAInstallWork::OnProgress",
        "Error Code": "-1",
        "Source": "onecoreuap\\enduser\\winstore\\installservice\\lib\\uwainstallwork.cpp",
        "Line Number": "889",
        "CorrelationVector": "yTN+PaSlmEyF7tvE.1.18",
        "ProductId": "9WZDNCRFJBMP"
      },
      "source_format": "evtx",
      "file": "Microsoft-Windows-Store%4Operational.evtx"
    },
    {
      "event_id": 2005,
      "provider": "Microsoft-Windows-Install-Agent",
      "timestamp": "2026-07-27T22:58:40.417961+00:00",
      "computer": "WIN-IN9ODUH5HLF",
      "level": "5",
      "channel": "Microsoft-Windows-Store/Operational",
      "record_id": "2616",
      "event_data": {
        "Message": "UWAInstallWork::OnProgress Updating InstallAgentPdcActivation",
        "Function": "UWAInstallWork::OnProgress",
        "Error Code": "-1",
        "Source": "onecoreuap\\enduser\\winstore\\installservice\\lib\\uwainstallwork.cpp",
        "Line Number": "889",
        "CorrelationVector": "yTN+PaSlmEyF7tvE.1.17",
        "ProductId": "9WZDNCRFJBMP"
      },
      "source_format": "evtx",
      "file": "Microsoft-Windows-Store%4Operational.evtx"
    },
    {
      "event_id": 2005,
      "provider": "Microsoft-Windows-Install-Agent",
      "timestamp": "2026-07-27T22:58:40.253668+00:00",
      "computer": "WIN-IN9ODUH5HLF",
      "level": "5",
      "channel": "Microsoft-Windows-Store/Operational",
      "record_id": "2613",
      "event_data": {
        "Message": "UWAInstallWork::OnProgress Updating InstallAgentPdcActivation",
        "Function": "UWAInstallWork::OnProgress",
        "Error Code": "-1",
        "Source": "onecoreuap\\enduser\\winstore\\installservice\\lib\\uwainstallwork.cpp",
        "Line Number": "889",
        "CorrelationVector": "yTN+PaSlmEyF7tvE.1.16",
        "ProductId": "9WZDNCRFJBMP"
      },
      "source_format": "evtx",
      "file": "Microsoft-Windows-Store%4Operational.evtx"
    },
    {
      "event_id": 2005,
      "provider": "Microsoft-Windows-Install-Agent",
      "timestamp": "2026-07-27T22:58:40.148855+00:00",
      "computer": "WIN-IN9ODUH5HLF",
      "level": "5",
      "channel": "Microsoft-Windows-Store/Operational",
      "record_id": "2610",
      "event_data": {
        "Message": "UWAInstallWork::OnProgress Updating InstallAgentPdcActivation",
        "Function": "UWAInstallWork::OnProgress",
        "Error Code": "-1",
        "Source": "onecoreuap\\enduser\\winstore\\installservice\\lib\\uwainstallwork.cpp",
        "Line Number": "889",
        "CorrelationVector": "yTN+PaSlmEyF7tvE.1.15",
        "ProductId": "9WZDNCRFJBMP"
      },
      "source_format": "evtx",
      "file": "Microsoft-Windows-Store%4Operational.evtx"
    },
    {
      "event_id": 2005,
      "provider": "Microsoft-Windows-Install-Agent",
      "timestamp": "2026-07-27T22:58:40.122161+00:00",
      "computer": "WIN-IN9ODUH5HLF",
      "level": "5",
      "channel": "Microsoft-Windows-Store/Operational",
      "record_id": "2607",
      "event_data": {
        "Message": "UWAInstallWork::OnProgress Updating InstallAgentPdcActivation",
        "Function": "UWAInstallWork::OnProgress",
        "Error Code": "-1",
        "Source": "onecoreuap\\enduser\\winstore\\installservice\\lib\\uwainstallwork.cpp",
        "Line Number": "889",
        "CorrelationVector": "yTN+PaSlmEyF7tvE.1.14",
        "ProductId": "9WZDNCRFJBMP"
      },
      "source_format": "evtx",
      "file": "Microsoft-Windows-Store%4Operational.evtx"
    },
    {
      "event_id": 2005,
      "provider": "Microsoft-Windows-Install-Agent",
      "timestamp": "2026-07-27T22:58:39.953783+00:00",
      "computer": "WIN-IN9ODUH5HLF",
      "level": "5",
      "channel": "Microsoft-Windows-Store/Operational",
      "record_id": "2604",
      "event_data": {
        "Message": "UWAInstallWork::OnProgress Updating InstallAgentPdcActivation",
        "Function": "UWAInstallWork::OnProgress",
        "Error Code": "-1",
        "Source": "onecoreuap\\enduser\\winstore\\installservice\\lib\\uwainstallwork.cpp",
        "Line Number": "889",
        "CorrelationVector": "yTN+PaSlmEyF7tvE.1.13",
        "ProductId": "9WZDNCRFJBMP"
      },
      "source_format": "evtx",
      "file": "Microsoft-Windows-Store%4Operational.evtx"
    },
    {
      "event_id": 2005,
      "provider": "Microsoft-Windows-Install-Agent",
      "timestamp": "2026-07-27T22:58:39.784421+00:00",
      "computer": "WIN-IN9ODUH5HLF",
      "level": "5",
      "channel": "Microsoft-Windows-Store/Operational",
      "record_id": "2601",
      "event_data": {
        "Message": "UWAInstallWork::OnProgress Updating InstallAgentPdcActivation",
        "Function": "UWAInstallWork::OnProgress",
        "Error Code": "-1",
        "Source": "onecoreuap\\enduser\\winstore\\installservice\\lib\\uwainstallwork.cpp",
        "Line Number": "889",
        "CorrelationVector": "yTN+PaSlmEyF7tvE.1.12",
        "ProductId": "9WZDNCRFJBMP"
      },
      "source_format": "evtx",
      "file": "Microsoft-Windows-Store%4Operational.evtx"
    },
    {
      "event_id": 2005,
      "provider": "Microsoft-Windows-Install-Agent",
      "timestamp": "2026-07-27T22:58:39.657731+00:00",
      "computer": "WIN-IN9ODUH5HLF",
      "level": "5",
      "channel": "Microsoft-Windows-Store/Operational",
      "record_id": "2597",
      "event_data": {
        "Message": "UWAInstallWork::OnProgress Updating InstallAgentPdcActivation",
        "Function": "UWAInstallWork::OnProgress",
        "Error Code": "-1",
        "Source": "onecoreuap\\enduser\\winstore\\installservice\\lib\\uwainstallwork.cpp",
        "Line Number": "889",
        "CorrelationVector": "yTN+PaSlmEyF7tvE.1.11",
        "ProductId": "9WZDNCRFJBMP"
      },
      "source_format": "evtx",
      "file": "Microsoft-Windows-Store%4Operational.evtx"
    },
    {
      "event_id": 2005,
      "provider": "Microsoft-Windows-Install-Agent",
      "timestamp": "2026-07-27T22:58:39.552797+00:00",
      "computer": "WIN-IN9ODUH5HLF",
      "level": "5",
      "channel": "Microsoft-Windows-Store/Operational",
      "record_id": "2594",
      "event_data": {
        "Message": "UWAInstallWork::OnProgress Updating InstallAgentPdcActivation",
        "Function": "UWAInstallWork::OnProgress",
        "Error Code": "-1",
        "Source": "onecoreuap\\enduser\\winstore\\installservice\\lib\\uwainstallwork.cpp",
        "Line Number": "889",
        "CorrelationVector": "yTN+PaSlmEyF7tvE.1.10",
        "ProductId": "9WZDNCRFJBMP"
      },
      "source_format": "evtx",
      "file": "Microsoft-Windows-Store%4Operational.evtx"
    },
    {
      "event_id": 2005,
      "provider": "Microsoft-Windows-Install-Agent",
      "timestamp": "2026-07-27T22:58:39.477193+00:00",
      "computer": "WIN-IN9ODUH5HLF",
      "level": "5",
      "channel": "Microsoft-Windows-Store/Operational",
      "record_id": "2591",
      "event_data": {
        "Message": "UWAInstallWork::OnProgress Updating InstallAgentPdcActivation",
        "Function": "UWAInstallWork::OnProgress",
        "Error Code": "-1",
        "Source": "onecoreuap\\enduser\\winstore\\installservice\\lib\\uwainstallwork.cpp",
        "Line Number": "889",
        "CorrelationVector": "yTN+PaSlmEyF7tvE.1.9",
        "ProductId": "9WZDNCRFJBMP"
      },
      "source_format": "evtx",
      "file": "Microsoft-Windows-Store%4Operational.evtx"
    },
    {
      "event_id": 2005,
      "provider": "Microsoft-Windows-Install-Agent",
      "timestamp": "2026-07-27T22:58:39.367757+00:00",
      "computer": "WIN-IN9ODUH5HLF",
      "level": "5",
      "channel": "Microsoft-Windows-Store/Operational",
      "record_id": "2588",
      "event_data": {
        "Message": "UWAInstallWork::OnProgress Updating InstallAgentPdcActivation",
        "Function": "UWAInstallWork::OnProgress",
        "Error Code": "-1",
        "Source": "onecoreuap\\enduser\\winstore\\installservice\\lib\\uwainstallwork.cpp",
        "Line Number": "889",
        "CorrelationVector": "yTN+PaSlmEyF7tvE.1.8",
        "ProductId": "9WZDNCRFJBMP"
      },
      "source_format": "evtx",
      "file": "Microsoft-Windows-Store%4Operational.evtx"
    },
    {
      "event_id": 2005,
      "provider": "Microsoft-Windows-Install-Agent",
      "timestamp": "2026-07-27T22:58:39.283036+00:00",
      "computer": "WIN-IN9ODUH5HLF",
      "level": "5",
      "channel": "Microsoft-Windows-Store/Operational",
      "record_id": "2584",
      "event_data": {
        "Message": "UWAInstallWork::OnProgress Updating InstallAgentPdcActivation",
        "Function": "UWAInstallWork::OnProgress",
        "Error Code": "-1",
        "Source": "onecoreuap\\enduser\\winstore\\installservice\\lib\\uwainstallwork.cpp",
        "Line Number": "889",
        "CorrelationVector": "yTN+PaSlmEyF7tvE.1.7",
        "ProductId": "9WZDNCRFJBMP"
      },
      "source_format": "evtx",
      "file": "Microsoft-Windows-Store%4Operational.evtx"
    },
    {
      "event_id": 2005,
      "provider": "Microsoft-Windows-Install-Agent",
      "timestamp": "2026-07-27T22:58:39.210312+00:00",
      "computer": "WIN-IN9ODUH5HLF",
      "level": "5",
      "channel": "Microsoft-Windows-Store/Operational",
      "record_id": "2581",
      "event_data": {
        "Message": "UWAInstallWork::OnProgress Updating InstallAgentPdcActivation",
        "Function": "UWAInstallWork::OnProgress",
        "Error Code": "-1",
        "Source": "onecoreuap\\enduser\\winstore\\installservice\\lib\\uwainstallwork.cpp",
        "Line Number": "889",
        "CorrelationVector": "yTN+PaSlmEyF7tvE.1.6",
        "ProductId": "9WZDNCRFJBMP"
      },
      "source_format": "evtx",
      "file": "Microsoft-Windows-Store%4Operational.evtx"
    },
    {
      "event_id": 2005,
      "provider": "Microsoft-Windows-Install-Agent",
      "timestamp": "2026-07-27T22:58:38.438535+00:00",
      "computer": "WIN-IN9ODUH5HLF",
      "level": "5",
      "channel": "Microsoft-Windows-Store/Operational",
      "record_id": "2575",
      "event_data": {
        "Message": "UWAInstallWork::OnProgress Updating InstallAgentPdcActivation",
        "Function": "UWAInstallWork::OnProgress",
        "Error Code": "-1",
        "Source": "onecoreuap\\enduser\\winstore\\installservice\\lib\\uwainstallwork.cpp",
        "Line Number": "889",
        "CorrelationVector": "yTN+PaSlmEyF7tvE.1.5",
        "ProductId": "9WZDNCRFJBMP"
      },
      "source_format": "evtx",
      "file": "Microsoft-Windows-Store%4Operational.evtx"
    },
    {
      "event_id": 2005,
      "provider": "Microsoft-Windows-Install-Agent",
      "timestamp": "2026-07-27T22:58:38.365951+00:00",
      "computer": "WIN-IN9ODUH5HLF",
      "level": "5",
      "channel": "Microsoft-Windows-Store/Operational",
      "record_id": "2573",
      "event_data": {
        "Message": "UWAInstallWork::OnProgress Updating InstallAgentPdcActivation",
        "Function": "UWAInstallWork::OnProgress",
        "Error Code": "-1",
        "Source": "onecoreuap\\enduser\\winstore\\installservice\\lib\\uwainstallwork.cpp",
        "Line Number": "889",
        "CorrelationVector": "yTN+PaSlmEyF7tvE.1.12",
        "ProductId": "9MSMLRH6LZF3"
      },
      "source_format": "evtx",
      "file": "Microsoft-Windows-Store%4Operational.evtx"
    },
    {
      "event_id": 2005,
      "provider": "Microsoft-Windows-Install-Agent",
      "timestamp": "2026-07-27T22:58:35.669373+00:00",
      "computer": "WIN-IN9ODUH5HLF",
      "level": "5",
      "channel": "Microsoft-Windows-Store/Operational",
      "record_id": "2569",
      "event_data": {
        "Message": "UWAInstallWork::OnProgress Updating InstallAgentPdcActivation",
        "Function": "UWAInstallWork::OnProgress",
        "Error Code": "-1",
        "Source": "onecoreuap\\enduser\\winstore\\installservice\\lib\\uwainstallwork.cpp",
        "Line Number": "889",
        "CorrelationVector": "yTN+PaSlmEyF7tvE.1.4",
        "ProductId": "9WZDNCRFJBMP"
      },
      "source_format": "evtx",
      "file": "Microsoft-Windows-Store%4Operational.evtx"
    },
    {
      "event_id": 2005,
      "provider": "Microsoft-Windows-Install-Agent",
      "timestamp": "2026-07-27T22:58:35.319887+00:00",
      "computer": "WIN-IN9ODUH5HLF",
      "level": "5",
      "channel": "Microsoft-Windows-Store/Operational",
      "record_id": "2566",
      "event_data": {
        "Message": "UWAInstallWork::OnProgress Updating InstallAgentPdcActivation",
        "Function": "UWAInstallWork::OnProgress",
        "Error Code": "-1",
        "Source": "onecoreuap\\enduser\\winstore\\installservice\\lib\\uwainstallwork.cpp",
        "Line Number": "889",
        "CorrelationVector": "yTN+PaSlmEyF7tvE.1.3",
        "ProductId": "9WZDNCRFJBMP"
      },
      "source_format": "evtx",
      "file": "Microsoft-Windows-Store%4Operational.evtx"
    },
    {
      "event_id": 2005,
      "provider": "Microsoft-Windows-Install-Agent",
      "timestamp": "2026-07-27T22:58:35.315954+00:00",
      "computer": "WIN-IN9ODUH5HLF",
      "level": "5",
      "channel": "Microsoft-Windows-Store/Operational",
      "record_id": "2559",
      "event_data": {
        "Message": "Releasing InstallAgentPdcActivation",
        "Function": "UWAInstallWork::_InstallCompleted",
        "Error Code": "-1",
        "Source": "onecoreuap\\enduser\\winstore\\installservice\\lib\\uwainstallwork.cpp",
        "Line Number": "4993",
        "CorrelationVector": "yTN+PaSlmEyF7tvE.1.8",
        "ProductId": "9PCFS5B6T72H"
      },
      "source_format": "evtx",
      "file": "Microsoft-Windows-Store%4Operational.evtx"
    },
    {
      "event_id": 2005,
      "provider": "Microsoft-Windows-Install-Agent",
      "timestamp": "2026-07-27T22:58:34.707180+00:00",
      "computer": "WIN-IN9ODUH5HLF",
      "level": "5",
      "channel": "Microsoft-Windows-Store/Operational",
      "record_id": "2543",
      "event_data": {
        "Message": "UWAInstallWork::OnProgress Updating InstallAgentPdcActivation",
        "Function": "UWAInstallWork::OnProgress",
        "Error Code": "-1",
        "Source": "onecoreuap\\enduser\\winstore\\installservice\\lib\\uwainstallwork.cpp",
        "Line Number": "889",
        "CorrelationVector": "yTN+PaSlmEyF7tvE.1.10",
        "ProductId": "9MSMLRH6LZF3"
      },
      "source_format": "evtx",
      "file": "Microsoft-Windows-Store%4Operational.evtx"
    },
    {
      "event_id": 2005,
      "provider": "Microsoft-Windows-Install-Agent",
      "timestamp": "2026-07-27T22:58:32.846227+00:00",
      "computer": "WIN-IN9ODUH5HLF",
      "level": "5",
      "channel": "Microsoft-Windows-Store/Operational",
      "record_id": "2523",
      "event_data": {
        "Message": "UWAInstallWork::OnProgress Updating InstallAgentPdcActivation",
        "Function": "UWAInstallWork::OnProgress",
        "Error Code": "-1",
        "Source": "onecoreuap\\enduser\\winstore\\installservice\\lib\\uwainstallwork.cpp",
        "Line Number": "889",
        "CorrelationVector": "yTN+PaSlmEyF7tvE.1.7",
        "ProductId": "9PCFS5B6T72H"
      },
      "source_format": "evtx",
      "file": "Microsoft-Windows-Store%4Operational.evtx"
    },
    {
      "event_id": 2005,
      "provider": "Microsoft-Windows-Install-Agent",
      "timestamp": "2026-07-27T22:58:32.224943+00:00",
      "computer": "WIN-IN9ODUH5HLF",
      "level": "5",
      "channel": "Microsoft-Windows-Store/Operational",
      "record_id": "2520",
      "event_data": {
        "Message": "UWAInstallWork::OnProgress Updating InstallAgentPdcActivation",
        "Function": "UWAInstallWork::OnProgress",
        "Error Code": "-1",
        "Source": "onecoreuap\\enduser\\winstore\\installservice\\lib\\uwainstallwork.cpp",
        "Line Number": "889",
        "CorrelationVector": "yTN+PaSlmEyF7tvE.1.9",
        "ProductId": "9MSMLRH6LZF3"
      },
      "source_format": "evtx",
      "file": "Microsoft-Windows-Store%4Operational.evtx"
    },
    {
      "event_id": 2005,
      "provider": "Microsoft-Windows-Install-Agent",
      "timestamp": "2026-07-27T22:58:32.010180+00:00",
      "computer": "WIN-IN9ODUH5HLF",
      "level": "5",
      "channel": "Microsoft-Windows-Store/Operational",
      "record_id": "2517",
      "event_data": {
        "Message": "UWAInstallWork::OnProgress Updating InstallAgentPdcActivation",
        "Function": "UWAInstallWork::OnProgress",
        "Error Code": "-1",
        "Source": "onecoreuap\\enduser\\winstore\\installservice\\lib\\uwainstallwork.cpp",
        "Line Number": "889",
        "CorrelationVector": "yTN+PaSlmEyF7tvE.1.8",
        "ProductId": "9MSMLRH6LZF3"
      },
      "source_format": "evtx",
      "file": "Microsoft-Windows-Store%4Operational.evtx"
    },
    {
      "event_id": 2005,
      "provider": "Microsoft-Windows-Install-Agent",
      "timestamp": "2026-07-27T22:58:31.811273+00:00",
      "computer": "WIN-IN9ODUH5HLF",
      "level": "5",
      "channel": "Microsoft-Windows-Store/Operational",
      "record_id": "2515",
      "event_data": {
        "Message": "Created task progress for Microsoft.WindowsStore_8wekyb3d8bbwe with parentbundleId ",
        "Function": "UWAInstallWork::_DoDownload",
        "Error Code": "-1",
        "Source": "onecoreuap\\enduser\\winstore\\installservice\\lib\\uwainstallwork.cpp",
        "Line Number": "3694",
        "CorrelationVector": "yTN+PaSlmEyF7tvE.1.2",
        "ProductId": "9WZDNCRFJBMP"
      },
      "source_format": "evtx",
      "file": "Microsoft-Windows-Store%4Operational.evtx"
    },
    {
      "event_id": 8001,
      "provider": "Microsoft-Windows-Store",
      "timestamp": "2026-07-27T22:58:31.810029+00:00",
      "computer": "WIN-IN9ODUH5HLF",
      "level": "4",
      "channel": "Microsoft-Windows-Store/Operational",
      "record_id": "2510",
      "event_data": {
        "Message": "Set results for lease = 0x0, policy = 0, operation = 0, Leasebehavior = 0",
        "Function": "KeyMachine::DoSetResult",
        "Source": "onecoreuap\\enduser\\winstore\\licensemanager\\lib\\keymachine.cpp",
        "Line Number": "1520"
      },
      "source_format": "evtx",
      "file": "Microsoft-Windows-Store%4Operational.evtx"
    },
    {
      "event_id": 8001,
      "provider": "Microsoft-Windows-Store",
      "timestamp": "2026-07-27T22:58:31.809959+00:00",
      "computer": "WIN-IN9ODUH5HLF",
      "level": "4",
      "channel": "Microsoft-Windows-Store/Operational",
      "record_id": "2507",
      "event_data": {
        "Message": "Decoding: {\"entitlementSatisfaction\":\"Open\",\"isOffline\":true,\"leaseEnforcement\":\"None\",\"leaseUri\":\"https://licensing.md.mp.microsoft.com/v7.0/licenses/?contentId=9d4ded89-cabc-f4fb-8133-bc5edb1c7eda&market=US&policyType=Open&productId=9WZDNCRFJBMP&skuId=0010\",\"keyIds\":[\"e64ffef1-e246-b632-595b-56076a3fa776\"],\"kind\":\"Content\",\"packages\":[{\"packageIdentifier\":\"9d4ded89-cabc-f4fb-8133-bc5edb1c7eda\",\"packageType\":\"msix\",\"productAddOns\":[],\"productId\":\"9WZDNCRFJBMP\",\"skuId\":\"0010\"}],\"pollAt\":\"2026-10-25T05:16:28.0616465+00:00\",\"refreshOnStartup\":false,\"version\":7}",
        "Function": "DecodeCustomPolicy",
        "Source": "onecoreuap\\enduser\\winstore\\licensemanager\\lib\\clipdocument.cpp",
        "Line Number": "50"
      },
      "source_format": "evtx",
      "file": "Microsoft-Windows-Store%4Operational.evtx"
    },
    {
      "event_id": 8001,
      "provider": "Microsoft-Windows-Store",
      "timestamp": "2026-07-27T22:58:31.809936+00:00",
      "computer": "WIN-IN9ODUH5HLF",
      "level": "4",
      "channel": "Microsoft-Windows-Store/Operational",
      "record_id": "2506",
      "event_data": {
        "Message": "Decoding: {\"entitlementSatisfaction\":\"Open\",\"isOffline\":true,\"leaseEnforcement\":\"None\",\"leaseUri\":\"https://licensing.md.mp.microsoft.com/v7.0/licenses/?contentId=9d4ded89-cabc-f4fb-8133-bc5edb1c7eda&market=US&policyType=Open&productId=9WZDNCRFJBMP&skuId=0010\",\"keyIds\":[\"e64ffef1-e246-b632-595b-56076a3fa776\"],\"kind\":\"Content\",\"packages\":[{\"packageIdentifier\":\"9d4ded89-cabc-f4fb-8133-bc5edb1c7eda\",\"packageType\":\"msix\",\"productAddOns\":[],\"productId\":\"9WZDNCRFJBMP\",\"skuId\":\"0010\"}],\"pollAt\":\"2026-10-25T05:16:28.0616465+00:00\",\"refreshOnStartup\":false,\"version\":7}",
        "Function": "DecodeCustomPolicy",
        "Source": "onecoreuap\\enduser\\winstore\\licensemanager\\lib\\clipdocument.cpp",
        "Line Number": "50"
      },
      "source_format": "evtx",
      "file": "Microsoft-Windows-Store%4Operational.evtx"
    },
    {
      "event_id": 8001,
      "provider": "Microsoft-Windows-Store",
      "timestamp": "2026-07-27T22:58:31.809925+00:00",
      "computer": "WIN-IN9ODUH5HLF",
      "level": "4",
      "channel": "Microsoft-Windows-Store/Operational",
      "record_id": "2505",
      "event_data": {
        "Message": "Decoding: {\"legacyProductId\":\"64293252-5926-453c-9494-2d4021f1c78d\"}",
        "Function": "DecodeCustomPolicy",
        "Source": "onecoreuap\\enduser\\winstore\\licensemanager\\lib\\clipdocument.cpp",
        "Line Number": "50"
      },
      "source_format": "evtx",
      "file": "Microsoft-Windows-Store%4Operational.evtx"
    },
    {
      "event_id": 8001,
      "provider": "Microsoft-Windows-Store",
      "timestamp": "2026-07-27T22:58:31.809908+00:00",
      "computer": "WIN-IN9ODUH5HLF",
      "level": "4",
      "channel": "Microsoft-Windows-Store/Operational",
      "record_id": "2503",
      "event_data": {
        "Message": "Set results for lease = 0xe582d568, policy = 1, operation = 2, Leasebehavior = 0",
        "Function": "KeyMachine::DoSetResult",
        "Source": "onecoreuap\\enduser\\winstore\\licensemanager\\lib\\keymachine.cpp",
        "Line Number": "1520"
      },
      "source_format": "evtx",
      "file": "Microsoft-Windows-Store%4Operational.evtx"
    },
    {
      "event_id": 8001,
      "provider": "Microsoft-Windows-Store",
      "timestamp": "2026-07-27T22:58:31.809896+00:00",
      "computer": "WIN-IN9ODUH5HLF",
      "level": "4",
      "channel": "Microsoft-Windows-Store/Operational",
      "record_id": "2501",
      "event_data": {
        "Message": "lease = 0xe582d568, usage = 0, policy = 1, operation = 2, leaseBehavior = 0, shouldContentBeDeactivated = 0",
        "Function": "KeyMachine::DoLicenseThreadProc",
        "Source": "onecoreuap\\enduser\\winstore\\licensemanager\\lib\\keymachine.cpp",
        "Line Number": "905"
      },
      "source_format": "evtx",
      "file": "Microsoft-Windows-Store%4Operational.evtx"
    },
    {
      "event_id": 8001,
      "provider": "Microsoft-Windows-Store",
      "timestamp": "2026-07-27T22:58:31.809643+00:00",
      "computer": "WIN-IN9ODUH5HLF",
      "level": "4",
      "channel": "Microsoft-Windows-Store/Operational",
      "record_id": "2500",
      "event_data": {
        "Message": "Returning 1 lease documents for contentid 9D4DED89-CABC-F4FB-8133-BC5EDB1C7EDA",
        "Function": "ClipStorage::GetLeaseDocumentsForKeyDocument",
        "Source": "onecoreuap\\enduser\\winstore\\licensemanager\\lib\\clipstorage.cpp",
        "Line Number": "460"
      },
      "source_format": "evtx",
      "file": "Microsoft-Windows-Store%4Operational.evtx"
    },
    {
      "event_id": 8001,
      "provider": "Microsoft-Windows-Store",
      "timestamp": "2026-07-27T22:58:31.809642+00:00",
      "computer": "WIN-IN9ODUH5HLF",
      "level": "4",
      "channel": "Microsoft-Windows-Store/Operational",
      "record_id": "2499",
      "event_data": {
        "Message": "Adding lease {4C4ECBC0-0EC0-3929-AEBB-A931A339FB23} to results",
        "Function": "ClipStorage::GetLeaseDocumentsForKeyDocument",
        "Source": "onecoreuap\\enduser\\winstore\\licensemanager\\lib\\clipstorage.cpp",
        "Line Number": "387"
      },
      "source_format": "evtx",
      "file": "Microsoft-Windows-Store%4Operational.evtx"
    },
