    {
      "event_id": 8001,
      "provider": "Microsoft-Windows-Store",
      "timestamp": "2026-07-27T22:58:31.809611+00:00",
      "computer": "WIN-IN9ODUH5HLF",
      "level": "4",
      "channel": "Microsoft-Windows-Store/Operational",
      "record_id": "2498",
      "event_data": {
        "Message": "Decoding: {\"entitlementSatisfaction\":\"Open\",\"isOffline\":true,\"leaseEnforcement\":\"None\",\"leaseUri\":\"https://licensing.md.mp.microsoft.com/v7.0/licenses/?contentId=9d4ded89-cabc-f4fb-8133-bc5edb1c7eda&market=US&policyType=Open&productId=9WZDNCRFJBMP&skuId=0010\",\"keyIds\":[\"e64ffef1-e246-b632-595b-56076a3fa776\"],\"kind\":\"Content\",\"packages\":[{\"packageIdentifier\":\"9d4ded89-cabc-f4fb-8133-bc5edb1c7eda\",\"packageType\":\"msix\",\"productAddOns\":[],\"productId\":\"9WZDNCRFJBMP\",\"skuId\":\"0010\"}],\"pollAt\":\"2026-10-25T05:16:28.0616465+00:00\",\"refreshOnStartup\":false,\"version\":7}",
        "Function": "DecodeCustomPolicy",
        "Source": "onecoreuap\\enduser\\winstore\\licensemanager\\lib\\clipdocument.cpp",
        "Line Number": "50"
      },
      "source_format": "evtx",
      "file": "Microsoft-Windows-Store%4Operational.evtx"
    },
    {
      "event_id": 8001,
      "provider": "Microsoft-Windows-Store",
      "timestamp": "2026-07-27T22:58:31.801941+00:00",
      "computer": "WIN-IN9ODUH5HLF",
      "level": "4",
      "channel": "Microsoft-Windows-Store/Operational",
      "record_id": "2497",
      "event_data": {
        "Message": "Getting lease for 9d4ded89-cabc-f4fb-8133-bc5edb1c7eda",
        "Function": "LicenseManagerCore::GetExistingLeaseAndLicense",
        "Source": "onecoreuap\\enduser\\winstore\\licensemanager\\lib\\managercore.cpp",
        "Line Number": "415"
      },
      "source_format": "evtx",
      "file": "Microsoft-Windows-Store%4Operational.evtx"
    },
    {
      "event_id": 8001,
      "provider": "Microsoft-Windows-Store",
      "timestamp": "2026-07-27T22:58:31.800127+00:00",
      "computer": "WIN-IN9ODUH5HLF",
      "level": "4",
      "channel": "Microsoft-Windows-Store/Operational",
      "record_id": "2494",
      "event_data": {
        "Message": "Returning key document for contentid 9d4ded89-cabc-f4fb-8133-bc5edb1c7eda",
        "Function": "ClipStorage::GetKeyDocumentForContentWithIdAndMinQuality",
        "Source": "onecoreuap\\enduser\\winstore\\licensemanager\\lib\\clipstorage.cpp",
        "Line Number": "262"
      },
      "source_format": "evtx",
      "file": "Microsoft-Windows-Store%4Operational.evtx"
    },
    {
      "event_id": 8001,
      "provider": "Microsoft-Windows-Store",
      "timestamp": "2026-07-27T22:58:31.800126+00:00",
      "computer": "WIN-IN9ODUH5HLF",
      "level": "4",
      "channel": "Microsoft-Windows-Store/Operational",
      "record_id": "2493",
      "event_data": {
        "Message": "Accepting key with License ID {E64FFEF1-E246-B632-595B-56076A3FA776} for Content ID 9d4ded89-cabc-f4fb-8133-bc5edb1c7eda (first match)",
        "Function": "ClipStorage::GetKeyDocumentForContentWithIdAndMinQuality",
        "Source": "onecoreuap\\enduser\\winstore\\licensemanager\\lib\\clipstorage.cpp",
        "Line Number": "223"
      },
      "source_format": "evtx",
      "file": "Microsoft-Windows-Store%4Operational.evtx"
    },
    {
      "event_id": 8001,
      "provider": "Microsoft-Windows-Store",
      "timestamp": "2026-07-27T22:58:31.800117+00:00",
      "computer": "WIN-IN9ODUH5HLF",
      "level": "4",
      "channel": "Microsoft-Windows-Store/Operational",
      "record_id": "2492",
      "event_data": {
        "Message": "Decoding: {\"legacyProductId\":\"64293252-5926-453c-9494-2d4021f1c78d\"}",
        "Function": "DecodeCustomPolicy",
        "Source": "onecoreuap\\enduser\\winstore\\licensemanager\\lib\\clipdocument.cpp",
        "Line Number": "50"
      },
      "source_format": "evtx",
      "file": "Microsoft-Windows-Store%4Operational.evtx"
    },
    {
      "event_id": 8001,
      "provider": "Microsoft-Windows-Store",
      "timestamp": "2026-07-27T22:58:31.800107+00:00",
      "computer": "WIN-IN9ODUH5HLF",
      "level": "4",
      "channel": "Microsoft-Windows-Store/Operational",
      "record_id": "2491",
      "event_data": {
        "Message": "Considering License ID {E64FFEF1-E246-B632-595B-56076A3FA776} for content ID 9d4ded89-cabc-f4fb-8133-bc5edb1c7eda...",
        "Function": "ClipStorage::GetKeyDocumentForContentWithIdAndMinQuality",
        "Source": "onecoreuap\\enduser\\winstore\\licensemanager\\lib\\clipstorage.cpp",
        "Line Number": "192"
      },
      "source_format": "evtx",
      "file": "Microsoft-Windows-Store%4Operational.evtx"
    },
    {
      "event_id": 2005,
      "provider": "Microsoft-Windows-Install-Agent",
      "timestamp": "2026-07-27T22:58:31.797727+00:00",
      "computer": "WIN-IN9ODUH5HLF",
      "level": "5",
      "channel": "Microsoft-Windows-Store/Operational",
      "record_id": "2489",
      "event_data": {
        "Message": "UWAInstallWork::OnProgress Updating InstallAgentPdcActivation",
        "Function": "UWAInstallWork::OnProgress",
        "Error Code": "-1",
        "Source": "onecoreuap\\enduser\\winstore\\installservice\\lib\\uwainstallwork.cpp",
        "Line Number": "889",
        "CorrelationVector": "yTN+PaSlmEyF7tvE.1.7",
        "ProductId": "9MSMLRH6LZF3"
      },
      "source_format": "evtx",
      "file": "Microsoft-Windows-Store%4Operational.evtx"
    },
    {
      "event_id": 8001,
      "provider": "Microsoft-Windows-Store",
      "timestamp": "2026-07-27T22:58:31.780961+00:00",
      "computer": "WIN-IN9ODUH5HLF",
      "level": "4",
      "channel": "Microsoft-Windows-Store/Operational",
      "record_id": "2487",
      "event_data": {
        "Message": "00000183E581AAE0: BeginLicense: Operation 2, CachedLeaseOK true, RequireServiceValidation true",
        "Function": "KeyMachine::DoBeginLicense",
        "Source": "onecoreuap\\enduser\\winstore\\licensemanager\\lib\\keymachine.cpp",
        "Line Number": "819"
      },
      "source_format": "evtx",
      "file": "Microsoft-Windows-Store%4Operational.evtx"
    },
    {
      "event_id": 8001,
      "provider": "Microsoft-Windows-Store",
      "timestamp": "2026-07-27T22:58:31.778452+00:00",
      "computer": "WIN-IN9ODUH5HLF",
      "level": "4",
      "channel": "Microsoft-Windows-Store/Operational",
      "record_id": "2484",
      "event_data": {
        "Message": "00000183E581AAE0: Key Machine for content: 9d4ded89-cabc-f4fb-8133-bc5edb1c7eda",
        "Function": "KeyMachine::KeyMachine",
        "Source": "onecoreuap\\enduser\\winstore\\licensemanager\\lib\\keymachine.cpp",
        "Line Number": "95"
      },
      "source_format": "evtx",
      "file": "Microsoft-Windows-Store%4Operational.evtx"
    },
    {
      "event_id": 8002,
      "provider": "Microsoft-Windows-Store",
      "timestamp": "2026-07-27T22:58:31.778434+00:00",
      "computer": "WIN-IN9ODUH5HLF",
      "level": "3",
      "channel": "Microsoft-Windows-Store/Operational",
      "record_id": "2483",
      "event_data": {
        "Message": "Capturing identity for LocalSystem, this probably isn't intended",
        "Function": "StoredIdentity::StoredIdentity",
        "Source": "onecoreuap\\enduser\\winstore\\licensemanager\\lib\\identity.cpp",
        "Line Number": "536"
      },
      "source_format": "evtx",
      "file": "Microsoft-Windows-Store%4Operational.evtx"
    },
    {
      "event_id": 8001,
      "provider": "Microsoft-Windows-Store",
      "timestamp": "2026-07-27T22:58:31.778426+00:00",
      "computer": "WIN-IN9ODUH5HLF",
      "level": "4",
      "channel": "Microsoft-Windows-Store/Operational",
      "record_id": "2482",
      "event_data": {
        "Message": "Licensing 9d4ded89-cabc-f4fb-8133-bc5edb1c7eda (Inactive)",
        "Function": "LicenseManager::GetInactiveLicenseForContentWithId",
        "Source": "onecoreuap\\enduser\\winstore\\licensemanager\\lib\\manager.cpp",
        "Line Number": "140"
      },
      "source_format": "evtx",
      "file": "Microsoft-Windows-Store%4Operational.evtx"
    },
    {
      "event_id": 8002,
      "provider": "Microsoft-Windows-Store",
      "timestamp": "2026-07-27T22:58:31.778409+00:00",
      "computer": "WIN-IN9ODUH5HLF",
      "level": "3",
      "channel": "Microsoft-Windows-Store/Operational",
      "record_id": "2481",
      "event_data": {
        "Message": "ContentId: 9d4ded89-cabc-f4fb-8133-bc5edb1c7eda, Salt: none, Payload: none",
        "Function": "ApplicationLicenseManager::EnsureLicenseForApplicationDeployment",
        "Source": "onecoreuap\\enduser\\winstore\\licensemanager\\lib\\applicensemanager.cpp",
        "Line Number": "212"
      },
      "source_format": "evtx",
      "file": "Microsoft-Windows-Store%4Operational.evtx"
    },
    {
      "event_id": 2005,
      "provider": "Microsoft-Windows-Install-Agent",
      "timestamp": "2026-07-27T22:58:31.717576+00:00",
      "computer": "WIN-IN9ODUH5HLF",
      "level": "5",
      "channel": "Microsoft-Windows-Store/Operational",
      "record_id": "2464",
      "event_data": {
        "Message": "Releasing InstallAgentPdcActivation",
        "Function": "UWAInstallWork::_InstallCompleted",
        "Error Code": "-1",
        "Source": "onecoreuap\\enduser\\winstore\\installservice\\lib\\uwainstallwork.cpp",
        "Line Number": "4993",
        "CorrelationVector": "yTN+PaSlmEyF7tvE.1.9",
        "ProductId": "9MZ95KL8MR0L"
      },
      "source_format": "evtx",
      "file": "Microsoft-Windows-Store%4Operational.evtx"
    },
    {
      "event_id": 2005,
      "provider": "Microsoft-Windows-Install-Agent",
      "timestamp": "2026-07-27T22:58:26.755577+00:00",
      "computer": "WIN-IN9ODUH5HLF",
      "level": "5",
      "channel": "Microsoft-Windows-Store/Operational",
      "record_id": "2458",
      "event_data": {
        "Message": "UWAInstallWork::OnProgress Updating InstallAgentPdcActivation",
        "Function": "UWAInstallWork::OnProgress",
        "Error Code": "-1",
        "Source": "onecoreuap\\enduser\\winstore\\installservice\\lib\\uwainstallwork.cpp",
        "Line Number": "889",
        "CorrelationVector": "yTN+PaSlmEyF7tvE.1.6",
        "ProductId": "9PCFS5B6T72H"
      },
      "source_format": "evtx",
      "file": "Microsoft-Windows-Store%4Operational.evtx"
    },
    {
      "event_id": 2005,
      "provider": "Microsoft-Windows-Install-Agent",
      "timestamp": "2026-07-27T22:58:26.370325+00:00",
      "computer": "WIN-IN9ODUH5HLF",
      "level": "5",
      "channel": "Microsoft-Windows-Store/Operational",
      "record_id": "2455",
      "event_data": {
        "Message": "UWAInstallWork::OnProgress Updating InstallAgentPdcActivation",
        "Function": "UWAInstallWork::OnProgress",
        "Error Code": "-1",
        "Source": "onecoreuap\\enduser\\winstore\\installservice\\lib\\uwainstallwork.cpp",
        "Line Number": "889",
        "CorrelationVector": "yTN+PaSlmEyF7tvE.1.5",
        "ProductId": "9PCFS5B6T72H"
      },
      "source_format": "evtx",
      "file": "Microsoft-Windows-Store%4Operational.evtx"
    },
    {
      "event_id": 2005,
      "provider": "Microsoft-Windows-Install-Agent",
      "timestamp": "2026-07-27T22:58:26.116831+00:00",
      "computer": "WIN-IN9ODUH5HLF",
      "level": "5",
      "channel": "Microsoft-Windows-Store/Operational",
      "record_id": "2452",
      "event_data": {
        "Message": "UWAInstallWork::OnProgress Updating InstallAgentPdcActivation",
        "Function": "UWAInstallWork::OnProgress",
        "Error Code": "-1",
        "Source": "onecoreuap\\enduser\\winstore\\installservice\\lib\\uwainstallwork.cpp",
        "Line Number": "889",
        "CorrelationVector": "yTN+PaSlmEyF7tvE.1.4",
        "ProductId": "9PCFS5B6T72H"
      },
      "source_format": "evtx",
      "file": "Microsoft-Windows-Store%4Operational.evtx"
    },
    {
      "event_id": 8001,
      "provider": "Microsoft-Windows-Store",
      "timestamp": "2026-07-27T22:58:25.934531+00:00",
      "computer": "WIN-IN9ODUH5HLF",
      "level": "4",
      "channel": "Microsoft-Windows-Store/Operational",
      "record_id": "2438",
      "event_data": {
        "Message": "Skipping license manager: PFN Microsoft.WindowsTerminal_1.18.10301.0_x64__8wekyb3d8bbwe",
        "Function": "InvokeLicenseManagerRequired",
        "Source": "onecoreuap\\enduser\\winstore\\licensemanager\\apisethost\\activationapis.cpp",
        "Line Number": "373"
      },
      "source_format": "evtx",
      "file": "Microsoft-Windows-Store%4Operational.evtx"
    },
    {
      "event_id": 2005,
      "provider": "Microsoft-Windows-Install-Agent",
      "timestamp": "2026-07-27T22:58:25.904632+00:00",
      "computer": "WIN-IN9ODUH5HLF",
      "level": "5",
      "channel": "Microsoft-Windows-Store/Operational",
      "record_id": "2434",
      "event_data": {
        "Message": "UWAInstallWork::OnProgress Updating InstallAgentPdcActivation",
        "Function": "UWAInstallWork::OnProgress",
        "Error Code": "-1",
        "Source": "onecoreuap\\enduser\\winstore\\installservice\\lib\\uwainstallwork.cpp",
        "Line Number": "889",
        "CorrelationVector": "yTN+PaSlmEyF7tvE.1.6",
        "ProductId": "9MSMLRH6LZF3"
      },
      "source_format": "evtx",
      "file": "Microsoft-Windows-Store%4Operational.evtx"
    },
    {
      "event_id": 2005,
      "provider": "Microsoft-Windows-Install-Agent",
      "timestamp": "2026-07-27T22:58:25.781457+00:00",
      "computer": "WIN-IN9ODUH5HLF",
      "level": "5",
      "channel": "Microsoft-Windows-Store/Operational",
      "record_id": "2431",
      "event_data": {
        "Message": "UWAInstallWork::OnProgress Updating InstallAgentPdcActivation",
        "Function": "UWAInstallWork::OnProgress",
        "Error Code": "-1",
        "Source": "onecoreuap\\enduser\\winstore\\installservice\\lib\\uwainstallwork.cpp",
        "Line Number": "889",
        "CorrelationVector": "yTN+PaSlmEyF7tvE.1.5",
        "ProductId": "9MSMLRH6LZF3"
      },
      "source_format": "evtx",
      "file": "Microsoft-Windows-Store%4Operational.evtx"
    },
    {
      "event_id": 2005,
      "provider": "Microsoft-Windows-Install-Agent",
      "timestamp": "2026-07-27T22:58:25.285026+00:00",
      "computer": "WIN-IN9ODUH5HLF",
      "level": "5",
      "channel": "Microsoft-Windows-Store/Operational",
      "record_id": "2428",
      "event_data": {
        "Message": "UWAInstallWork::OnProgress Updating InstallAgentPdcActivation",
        "Function": "UWAInstallWork::OnProgress",
        "Error Code": "-1",
        "Source": "onecoreuap\\enduser\\winstore\\installservice\\lib\\uwainstallwork.cpp",
        "Line Number": "889",
        "CorrelationVector": "yTN+PaSlmEyF7tvE.1.3",
        "ProductId": "9PCFS5B6T72H"
      },
      "source_format": "evtx",
      "file": "Microsoft-Windows-Store%4Operational.evtx"
    },
    {
      "event_id": 2005,
      "provider": "Microsoft-Windows-Install-Agent",
      "timestamp": "2026-07-27T22:58:22.643986+00:00",
      "computer": "WIN-IN9ODUH5HLF",
      "level": "5",
      "channel": "Microsoft-Windows-Store/Operational",
      "record_id": "2417",
      "event_data": {
        "Message": "UWAInstallWork::OnProgress Updating InstallAgentPdcActivation",
        "Function": "UWAInstallWork::OnProgress",
        "Error Code": "-1",
        "Source": "onecoreuap\\enduser\\winstore\\installservice\\lib\\uwainstallwork.cpp",
        "Line Number": "889",
        "CorrelationVector": "yTN+PaSlmEyF7tvE.1.4",
        "ProductId": "9MSMLRH6LZF3"
      },
      "source_format": "evtx",
      "file": "Microsoft-Windows-Store%4Operational.evtx"
    },
    {
      "event_id": 2005,
      "provider": "Microsoft-Windows-Install-Agent",
      "timestamp": "2026-07-27T22:58:22.423757+00:00",
      "computer": "WIN-IN9ODUH5HLF",
      "level": "5",
      "channel": "Microsoft-Windows-Store/Operational",
      "record_id": "2416",
      "event_data": {
        "Message": "Created task progress for Microsoft.Paint_8wekyb3d8bbwe with parentbundleId ",
        "Function": "UWAInstallWork::_DoDownload",
        "Error Code": "-1",
        "Source": "onecoreuap\\enduser\\winstore\\installservice\\lib\\uwainstallwork.cpp",
        "Line Number": "3694",
        "CorrelationVector": "yTN+PaSlmEyF7tvE.1.2",
        "ProductId": "9PCFS5B6T72H"
      },
      "source_format": "evtx",
      "file": "Microsoft-Windows-Store%4Operational.evtx"
    },
    {
      "event_id": 8001,
      "provider": "Microsoft-Windows-Store",
      "timestamp": "2026-07-27T22:58:22.420954+00:00",
      "computer": "WIN-IN9ODUH5HLF",
      "level": "4",
      "channel": "Microsoft-Windows-Store/Operational",
      "record_id": "2411",
      "event_data": {
        "Message": "Set results for lease = 0x0, policy = 0, operation = 0, Leasebehavior = 0",
        "Function": "KeyMachine::DoSetResult",
        "Source": "onecoreuap\\enduser\\winstore\\licensemanager\\lib\\keymachine.cpp",
        "Line Number": "1520"
      },
      "source_format": "evtx",
      "file": "Microsoft-Windows-Store%4Operational.evtx"
    },
    {
      "event_id": 8001,
      "provider": "Microsoft-Windows-Store",
      "timestamp": "2026-07-27T22:58:22.420768+00:00",
      "computer": "WIN-IN9ODUH5HLF",
      "level": "4",
      "channel": "Microsoft-Windows-Store/Operational",
      "record_id": "2407",
      "event_data": {
        "Message": "Decoding: {\"entitlementId\":\"3fd026e9-7328-839d-f44b-259e62801936\",\"entitlementSatisfaction\":\"Device\",\"isOffline\":true,\"leaseEnforcement\":\"None\",\"leaseUri\":\"https://licensing.md.mp.microsoft.com/v7.0/licenses/?beneficiaryId=msa%3a1055521553480089&contentId=d6b9197e-3a6d-9032-dbfd-f40f95b464c1&entitlementId=3fd026e9-7328-839d-f44b-259e62801936&market=US&policyType=Device\",\"keyIds\":[\"754b19fb-bc3b-b2e6-725b-dbc795db8ff4\"],\"kind\":\"Content\",\"packages\":[{\"packageIdentifier\":\"d6b9197e-3a6d-9032-dbfd-f40f95b464c1\",\"packageType\":\"msix\",\"productAddOns\":[],\"productId\":\"9PCFS5B6T72H\",\"skuId\":\"0010\"}],\"pollAt\":\"2026-08-10T05:37:18.3379749+00:00\",\"refreshOnStartup\":false,\"version\":7}",
        "Function": "DecodeCustomPolicy",
        "Source": "onecoreuap\\enduser\\winstore\\licensemanager\\lib\\clipdocument.cpp",
        "Line Number": "50"
      },
      "source_format": "evtx",
      "file": "Microsoft-Windows-Store%4Operational.evtx"
    },
    {
      "event_id": 8001,
      "provider": "Microsoft-Windows-Store",
      "timestamp": "2026-07-27T22:58:22.420743+00:00",
      "computer": "WIN-IN9ODUH5HLF",
      "level": "4",
      "channel": "Microsoft-Windows-Store/Operational",
      "record_id": "2406",
      "event_data": {
        "Message": "Decoding: {\"entitlementId\":\"3fd026e9-7328-839d-f44b-259e62801936\",\"entitlementSatisfaction\":\"Device\",\"isOffline\":true,\"leaseEnforcement\":\"None\",\"leaseUri\":\"https://licensing.md.mp.microsoft.com/v7.0/licenses/?beneficiaryId=msa%3a1055521553480089&contentId=d6b9197e-3a6d-9032-dbfd-f40f95b464c1&entitlementId=3fd026e9-7328-839d-f44b-259e62801936&market=US&policyType=Device\",\"keyIds\":[\"754b19fb-bc3b-b2e6-725b-dbc795db8ff4\"],\"kind\":\"Content\",\"packages\":[{\"packageIdentifier\":\"d6b9197e-3a6d-9032-dbfd-f40f95b464c1\",\"packageType\":\"msix\",\"productAddOns\":[],\"productId\":\"9PCFS5B6T72H\",\"skuId\":\"0010\"}],\"pollAt\":\"2026-08-10T05:37:18.3379749+00:00\",\"refreshOnStartup\":false,\"version\":7}",
        "Function": "DecodeCustomPolicy",
        "Source": "onecoreuap\\enduser\\winstore\\licensemanager\\lib\\clipdocument.cpp",
        "Line Number": "50"
      },
      "source_format": "evtx",
      "file": "Microsoft-Windows-Store%4Operational.evtx"
    },
    {
      "event_id": 8001,
      "provider": "Microsoft-Windows-Store",
      "timestamp": "2026-07-27T22:58:22.420725+00:00",
      "computer": "WIN-IN9ODUH5HLF",
      "level": "4",
      "channel": "Microsoft-Windows-Store/Operational",
      "record_id": "2405",
      "event_data": {
        "Message": "Decoding: {\"legacyProductId\":\"36352bc5-4758-42b5-9114-05b1481daafc\"}",
        "Function": "DecodeCustomPolicy",
        "Source": "onecoreuap\\enduser\\winstore\\licensemanager\\lib\\clipdocument.cpp",
        "Line Number": "50"
      },
      "source_format": "evtx",
      "file": "Microsoft-Windows-Store%4Operational.evtx"
    },
    {
      "event_id": 8001,
      "provider": "Microsoft-Windows-Store",
      "timestamp": "2026-07-27T22:58:22.420588+00:00",
      "computer": "WIN-IN9ODUH5HLF",
      "level": "4",
      "channel": "Microsoft-Windows-Store/Operational",
      "record_id": "2403",
      "event_data": {
        "Message": "Set results for lease = 0xe5853058, policy = 1, operation = 2, Leasebehavior = 0",
        "Function": "KeyMachine::DoSetResult",
        "Source": "onecoreuap\\enduser\\winstore\\licensemanager\\lib\\keymachine.cpp",
        "Line Number": "1520"
      },
      "source_format": "evtx",
      "file": "Microsoft-Windows-Store%4Operational.evtx"
    },
    {
      "event_id": 8001,
      "provider": "Microsoft-Windows-Store",
      "timestamp": "2026-07-27T22:58:22.420576+00:00",
      "computer": "WIN-IN9ODUH5HLF",
      "level": "4",
      "channel": "Microsoft-Windows-Store/Operational",
      "record_id": "2401",
      "event_data": {
        "Message": "lease = 0xe5853058, usage = 0, policy = 1, operation = 2, leaseBehavior = 0, shouldContentBeDeactivated = 0",
        "Function": "KeyMachine::DoLicenseThreadProc",
        "Source": "onecoreuap\\enduser\\winstore\\licensemanager\\lib\\keymachine.cpp",
        "Line Number": "905"
      },
      "source_format": "evtx",
      "file": "Microsoft-Windows-Store%4Operational.evtx"
    },
    {
      "event_id": 8001,
      "provider": "Microsoft-Windows-Store",
      "timestamp": "2026-07-27T22:58:22.419673+00:00",
      "computer": "WIN-IN9ODUH5HLF",
      "level": "4",
      "channel": "Microsoft-Windows-Store/Operational",
      "record_id": "2400",
      "event_data": {
        "Message": "Returning 1 lease documents for contentid D6B9197E-3A6D-9032-DBFD-F40F95B464C1",
        "Function": "ClipStorage::GetLeaseDocumentsForKeyDocument",
        "Source": "onecoreuap\\enduser\\winstore\\licensemanager\\lib\\clipstorage.cpp",
        "Line Number": "460"
      },
      "source_format": "evtx",
      "file": "Microsoft-Windows-Store%4Operational.evtx"
    },
    {
      "event_id": 8001,
      "provider": "Microsoft-Windows-Store",
      "timestamp": "2026-07-27T22:58:22.419672+00:00",
      "computer": "WIN-IN9ODUH5HLF",
      "level": "4",
      "channel": "Microsoft-Windows-Store/Operational",
      "record_id": "2399",
      "event_data": {
        "Message": "Adding lease {4BC729D8-F5EF-3FF6-B8E3-885F8FE9EE6E} to results",
        "Function": "ClipStorage::GetLeaseDocumentsForKeyDocument",
        "Source": "onecoreuap\\enduser\\winstore\\licensemanager\\lib\\clipstorage.cpp",
        "Line Number": "387"
      },
      "source_format": "evtx",
      "file": "Microsoft-Windows-Store%4Operational.evtx"
    },
    {
      "event_id": 8001,
      "provider": "Microsoft-Windows-Store",
      "timestamp": "2026-07-27T22:58:22.419637+00:00",
      "computer": "WIN-IN9ODUH5HLF",
      "level": "4",
      "channel": "Microsoft-Windows-Store/Operational",
      "record_id": "2398",
      "event_data": {
        "Message": "Decoding: {\"entitlementId\":\"3fd026e9-7328-839d-f44b-259e62801936\",\"entitlementSatisfaction\":\"Device\",\"isOffline\":true,\"leaseEnforcement\":\"None\",\"leaseUri\":\"https://licensing.md.mp.microsoft.com/v7.0/licenses/?beneficiaryId=msa%3a1055521553480089&contentId=d6b9197e-3a6d-9032-dbfd-f40f95b464c1&entitlementId=3fd026e9-7328-839d-f44b-259e62801936&market=US&policyType=Device\",\"keyIds\":[\"754b19fb-bc3b-b2e6-725b-dbc795db8ff4\"],\"kind\":\"Content\",\"packages\":[{\"packageIdentifier\":\"d6b9197e-3a6d-9032-dbfd-f40f95b464c1\",\"packageType\":\"msix\",\"productAddOns\":[],\"productId\":\"9PCFS5B6T72H\",\"skuId\":\"0010\"}],\"pollAt\":\"2026-08-10T05:37:18.3379749+00:00\",\"refreshOnStartup\":false,\"version\":7}",
        "Function": "DecodeCustomPolicy",
        "Source": "onecoreuap\\enduser\\winstore\\licensemanager\\lib\\clipdocument.cpp",
        "Line Number": "50"
      },
      "source_format": "evtx",
      "file": "Microsoft-Windows-Store%4Operational.evtx"
    },
    {
      "event_id": 8001,
      "provider": "Microsoft-Windows-Store",
      "timestamp": "2026-07-27T22:58:22.417201+00:00",
      "computer": "WIN-IN9ODUH5HLF",
      "level": "4",
      "channel": "Microsoft-Windows-Store/Operational",
      "record_id": "2397",
      "event_data": {
        "Message": "Getting lease for d6b9197e-3a6d-9032-dbfd-f40f95b464c1",
        "Function": "LicenseManagerCore::GetExistingLeaseAndLicense",
        "Source": "onecoreuap\\enduser\\winstore\\licensemanager\\lib\\managercore.cpp",
        "Line Number": "415"
      },
      "source_format": "evtx",
      "file": "Microsoft-Windows-Store%4Operational.evtx"
    },
    {
      "event_id": 8001,
      "provider": "Microsoft-Windows-Store",
      "timestamp": "2026-07-27T22:58:22.416665+00:00",
      "computer": "WIN-IN9ODUH5HLF",
      "level": "4",
      "channel": "Microsoft-Windows-Store/Operational",
      "record_id": "2396",
      "event_data": {
        "Message": "Returning key document for contentid d6b9197e-3a6d-9032-dbfd-f40f95b464c1",
        "Function": "ClipStorage::GetKeyDocumentForContentWithIdAndMinQuality",
        "Source": "onecoreuap\\enduser\\winstore\\licensemanager\\lib\\clipstorage.cpp",
        "Line Number": "262"
      },
      "source_format": "evtx",
      "file": "Microsoft-Windows-Store%4Operational.evtx"
    },
    {
      "event_id": 8001,
      "provider": "Microsoft-Windows-Store",
      "timestamp": "2026-07-27T22:58:22.416664+00:00",
      "computer": "WIN-IN9ODUH5HLF",
      "level": "4",
      "channel": "Microsoft-Windows-Store/Operational",
      "record_id": "2395",
      "event_data": {
        "Message": "Accepting key with License ID {754B19FB-BC3B-B2E6-725B-DBC795DB8FF4} for Content ID d6b9197e-3a6d-9032-dbfd-f40f95b464c1 (first match)",
        "Function": "ClipStorage::GetKeyDocumentForContentWithIdAndMinQuality",
        "Source": "onecoreuap\\enduser\\winstore\\licensemanager\\lib\\clipstorage.cpp",
        "Line Number": "223"
      },
      "source_format": "evtx",
      "file": "Microsoft-Windows-Store%4Operational.evtx"
    },
    {
      "event_id": 8001,
      "provider": "Microsoft-Windows-Store",
      "timestamp": "2026-07-27T22:58:22.416656+00:00",
      "computer": "WIN-IN9ODUH5HLF",
      "level": "4",
      "channel": "Microsoft-Windows-Store/Operational",
      "record_id": "2394",
      "event_data": {
        "Message": "Decoding: {\"legacyProductId\":\"36352bc5-4758-42b5-9114-05b1481daafc\"}",
        "Function": "DecodeCustomPolicy",
        "Source": "onecoreuap\\enduser\\winstore\\licensemanager\\lib\\clipdocument.cpp",
        "Line Number": "50"
      },
      "source_format": "evtx",
      "file": "Microsoft-Windows-Store%4Operational.evtx"
    },
    {
      "event_id": 8001,
      "provider": "Microsoft-Windows-Store",
      "timestamp": "2026-07-27T22:58:22.416648+00:00",
      "computer": "WIN-IN9ODUH5HLF",
      "level": "4",
      "channel": "Microsoft-Windows-Store/Operational",
      "record_id": "2393",
      "event_data": {
        "Message": "Considering License ID {754B19FB-BC3B-B2E6-725B-DBC795DB8FF4} for content ID d6b9197e-3a6d-9032-dbfd-f40f95b464c1...",
        "Function": "ClipStorage::GetKeyDocumentForContentWithIdAndMinQuality",
        "Source": "onecoreuap\\enduser\\winstore\\licensemanager\\lib\\clipstorage.cpp",
        "Line Number": "192"
      },
      "source_format": "evtx",
      "file": "Microsoft-Windows-Store%4Operational.evtx"
    },
    {
      "event_id": 8001,
      "provider": "Microsoft-Windows-Store",
      "timestamp": "2026-07-27T22:58:22.415131+00:00",
      "computer": "WIN-IN9ODUH5HLF",
      "level": "4",
      "channel": "Microsoft-Windows-Store/Operational",
      "record_id": "2391",
      "event_data": {
        "Message": "00000183E581A630: BeginLicense: Operation 2, CachedLeaseOK true, RequireServiceValidation true",
        "Function": "KeyMachine::DoBeginLicense",
        "Source": "onecoreuap\\enduser\\winstore\\licensemanager\\lib\\keymachine.cpp",
        "Line Number": "819"
      },
      "source_format": "evtx",
      "file": "Microsoft-Windows-Store%4Operational.evtx"
    },
    {
      "event_id": 8001,
      "provider": "Microsoft-Windows-Store",
      "timestamp": "2026-07-27T22:58:22.414999+00:00",
      "computer": "WIN-IN9ODUH5HLF",
      "level": "4",
      "channel": "Microsoft-Windows-Store/Operational",
      "record_id": "2388",
      "event_data": {
        "Message": "00000183E581A630: Key Machine for content: d6b9197e-3a6d-9032-dbfd-f40f95b464c1",
        "Function": "KeyMachine::KeyMachine",
        "Source": "onecoreuap\\enduser\\winstore\\licensemanager\\lib\\keymachine.cpp",
        "Line Number": "95"
      },
      "source_format": "evtx",
      "file": "Microsoft-Windows-Store%4Operational.evtx"
    },
    {
      "event_id": 8002,
      "provider": "Microsoft-Windows-Store",
      "timestamp": "2026-07-27T22:58:22.414966+00:00",
      "computer": "WIN-IN9ODUH5HLF",
      "level": "3",
      "channel": "Microsoft-Windows-Store/Operational",
      "record_id": "2387",
      "event_data": {
        "Message": "Capturing identity for LocalSystem, this probably isn't intended",
        "Function": "StoredIdentity::StoredIdentity",
        "Source": "onecoreuap\\enduser\\winstore\\licensemanager\\lib\\identity.cpp",
        "Line Number": "536"
      },
      "source_format": "evtx",
      "file": "Microsoft-Windows-Store%4Operational.evtx"
    },
    {
      "event_id": 8001,
      "provider": "Microsoft-Windows-Store",
      "timestamp": "2026-07-27T22:58:22.414957+00:00",
      "computer": "WIN-IN9ODUH5HLF",
      "level": "4",
      "channel": "Microsoft-Windows-Store/Operational",
      "record_id": "2386",
      "event_data": {
        "Message": "Licensing d6b9197e-3a6d-9032-dbfd-f40f95b464c1 (Inactive)",
        "Function": "LicenseManager::GetInactiveLicenseForContentWithId",
        "Source": "onecoreuap\\enduser\\winstore\\licensemanager\\lib\\manager.cpp",
        "Line Number": "140"
      },
      "source_format": "evtx",
      "file": "Microsoft-Windows-Store%4Operational.evtx"
    },
    {
      "event_id": 8002,
      "provider": "Microsoft-Windows-Store",
      "timestamp": "2026-07-27T22:58:22.414930+00:00",
      "computer": "WIN-IN9ODUH5HLF",
      "level": "3",
      "channel": "Microsoft-Windows-Store/Operational",
      "record_id": "2385",
      "event_data": {
        "Message": "ContentId: d6b9197e-3a6d-9032-dbfd-f40f95b464c1, Salt: none, Payload: none",
        "Function": "ApplicationLicenseManager::EnsureLicenseForApplicationDeployment",
        "Source": "onecoreuap\\enduser\\winstore\\licensemanager\\lib\\applicensemanager.cpp",
        "Line Number": "212"
      },
      "source_format": "evtx",
      "file": "Microsoft-Windows-Store%4Operational.evtx"
    },
    {
      "event_id": 2005,
      "provider": "Microsoft-Windows-Install-Agent",
      "timestamp": "2026-07-27T22:58:21.645725+00:00",
      "computer": "WIN-IN9ODUH5HLF",
      "level": "5",
      "channel": "Microsoft-Windows-Store/Operational",
      "record_id": "2341",
      "event_data": {
        "Message": "UWAInstallWork::OnProgress Updating InstallAgentPdcActivation",
        "Function": "UWAInstallWork::OnProgress",
        "Error Code": "-1",
        "Source": "onecoreuap\\enduser\\winstore\\installservice\\lib\\uwainstallwork.cpp",
        "Line Number": "889",
        "CorrelationVector": "yTN+PaSlmEyF7tvE.1.8",
        "ProductId": "9MZ95KL8MR0L"
      },
      "source_format": "evtx",
      "file": "Microsoft-Windows-Store%4Operational.evtx"
    },
    {
      "event_id": 2005,
      "provider": "Microsoft-Windows-Install-Agent",
      "timestamp": "2026-07-27T22:58:21.615869+00:00",
      "computer": "WIN-IN9ODUH5HLF",
      "level": "5",
      "channel": "Microsoft-Windows-Store/Operational",
      "record_id": "2337",
      "event_data": {
        "Message": "UWAInstallWork::OnProgress Updating InstallAgentPdcActivation",
        "Function": "UWAInstallWork::OnProgress",
        "Error Code": "-1",
        "Source": "onecoreuap\\enduser\\winstore\\installservice\\lib\\uwainstallwork.cpp",
        "Line Number": "889",
        "CorrelationVector": "yTN+PaSlmEyF7tvE.1.7",
        "ProductId": "9MZ95KL8MR0L"
      },
      "source_format": "evtx",
      "file": "Microsoft-Windows-Store%4Operational.evtx"
    },
    {
      "event_id": 2005,
      "provider": "Microsoft-Windows-Install-Agent",
      "timestamp": "2026-07-27T22:58:21.334872+00:00",
      "computer": "WIN-IN9ODUH5HLF",
      "level": "5",
      "channel": "Microsoft-Windows-Store/Operational",
      "record_id": "2334",
      "event_data": {
        "Message": "UWAInstallWork::OnProgress Updating InstallAgentPdcActivation",
        "Function": "UWAInstallWork::OnProgress",
        "Error Code": "-1",
        "Source": "onecoreuap\\enduser\\winstore\\installservice\\lib\\uwainstallwork.cpp",
        "Line Number": "889",
        "CorrelationVector": "yTN+PaSlmEyF7tvE.1.6",
        "ProductId": "9MZ95KL8MR0L"
      },
      "source_format": "evtx",
      "file": "Microsoft-Windows-Store%4Operational.evtx"
    },
    {
      "event_id": 2005,
      "provider": "Microsoft-Windows-Install-Agent",
      "timestamp": "2026-07-27T22:58:21.318475+00:00",
      "computer": "WIN-IN9ODUH5HLF",
      "level": "5",
      "channel": "Microsoft-Windows-Store/Operational",
      "record_id": "2331",
      "event_data": {
        "Message": "UWAInstallWork::OnProgress Updating InstallAgentPdcActivation",
        "Function": "UWAInstallWork::OnProgress",
        "Error Code": "-1",
        "Source": "onecoreuap\\enduser\\winstore\\installservice\\lib\\uwainstallwork.cpp",
        "Line Number": "889",
        "CorrelationVector": "yTN+PaSlmEyF7tvE.1.3",
        "ProductId": "9MSMLRH6LZF3"
      },
      "source_format": "evtx",
      "file": "Microsoft-Windows-Store%4Operational.evtx"
    },
    {
      "event_id": 2005,
      "provider": "Microsoft-Windows-Install-Agent",
      "timestamp": "2026-07-27T22:58:20.681858+00:00",
      "computer": "WIN-IN9ODUH5HLF",
      "level": "5",
      "channel": "Microsoft-Windows-Store/Operational",
      "record_id": "2327",
      "event_data": {
        "Message": "UWAInstallWork::OnProgress Updating InstallAgentPdcActivation",
        "Function": "UWAInstallWork::OnProgress",
        "Error Code": "-1",
        "Source": "onecoreuap\\enduser\\winstore\\installservice\\lib\\uwainstallwork.cpp",
        "Line Number": "889",
        "CorrelationVector": "yTN+PaSlmEyF7tvE.1.5",
        "ProductId": "9MZ95KL8MR0L"
      },
      "source_format": "evtx",
      "file": "Microsoft-Windows-Store%4Operational.evtx"
    },
    {
      "event_id": 2005,
      "provider": "Microsoft-Windows-Install-Agent",
      "timestamp": "2026-07-27T22:58:20.509897+00:00",
      "computer": "WIN-IN9ODUH5HLF",
      "level": "5",
      "channel": "Microsoft-Windows-Store/Operational",
      "record_id": "2324",
      "event_data": {
        "Message": "UWAInstallWork::OnProgress Updating InstallAgentPdcActivation",
        "Function": "UWAInstallWork::OnProgress",
        "Error Code": "-1",
        "Source": "onecoreuap\\enduser\\winstore\\installservice\\lib\\uwainstallwork.cpp",
        "Line Number": "889",
        "CorrelationVector": "yTN+PaSlmEyF7tvE.1.4",
        "ProductId": "9MZ95KL8MR0L"
      },
      "source_format": "evtx",
      "file": "Microsoft-Windows-Store%4Operational.evtx"
    },
    {
      "event_id": 2005,
      "provider": "Microsoft-Windows-Install-Agent",
      "timestamp": "2026-07-27T22:58:19.561140+00:00",
      "computer": "WIN-IN9ODUH5HLF",
      "level": "5",
      "channel": "Microsoft-Windows-Store/Operational",
      "record_id": "2321",
      "event_data": {
        "Message": "UWAInstallWork::OnProgress Updating InstallAgentPdcActivation",
        "Function": "UWAInstallWork::OnProgress",
        "Error Code": "-1",
        "Source": "onecoreuap\\enduser\\winstore\\installservice\\lib\\uwainstallwork.cpp",
        "Line Number": "889",
        "CorrelationVector": "yTN+PaSlmEyF7tvE.1.3",
        "ProductId": "9MZ95KL8MR0L"
      },
      "source_format": "evtx",
      "file": "Microsoft-Windows-Store%4Operational.evtx"
    },
    {
      "event_id": 2005,
      "provider": "Microsoft-Windows-Install-Agent",
      "timestamp": "2026-07-27T22:58:19.516302+00:00",
      "computer": "WIN-IN9ODUH5HLF",
      "level": "5",
      "channel": "Microsoft-Windows-Store/Operational",
      "record_id": "2318",
      "event_data": {
        "Message": "Created task progress for Microsoft.WindowsNotepad_8wekyb3d8bbwe with parentbundleId ",
        "Function": "UWAInstallWork::_DoDownload",
        "Error Code": "-1",
        "Source": "onecoreuap\\enduser\\winstore\\installservice\\lib\\uwainstallwork.cpp",
        "Line Number": "3694",
        "CorrelationVector": "yTN+PaSlmEyF7tvE.1.2",
        "ProductId": "9MSMLRH6LZF3"
      },
      "source_format": "evtx",
      "file": "Microsoft-Windows-Store%4Operational.evtx"
    },
    {
      "event_id": 8001,
      "provider": "Microsoft-Windows-Store",
      "timestamp": "2026-07-27T22:58:19.513535+00:00",
      "computer": "WIN-IN9ODUH5HLF",
      "level": "4",
      "channel": "Microsoft-Windows-Store/Operational",
      "record_id": "2314",
      "event_data": {
        "Message": "Set results for lease = 0x0, policy = 0, operation = 0, Leasebehavior = 0",
        "Function": "KeyMachine::DoSetResult",
        "Source": "onecoreuap\\enduser\\winstore\\licensemanager\\lib\\keymachine.cpp",
        "Line Number": "1520"
      },
      "source_format": "evtx",
      "file": "Microsoft-Windows-Store%4Operational.evtx"
    },
    {
      "event_id": 8001,
      "provider": "Microsoft-Windows-Store",
      "timestamp": "2026-07-27T22:58:19.513398+00:00",
      "computer": "WIN-IN9ODUH5HLF",
      "level": "4",
      "channel": "Microsoft-Windows-Store/Operational",
      "record_id": "2310",
      "event_data": {
        "Message": "Decoding: {\"entitlementId\":\"e2ee5d08-7ef8-f8a4-19a9-faffe6485b4c\",\"entitlementSatisfaction\":\"Device\",\"isOffline\":true,\"leaseEnforcement\":\"None\",\"leaseUri\":\"https://licensing.md.mp.microsoft.com/v7.0/licenses/?beneficiaryId=msahw%3a6755420238129250&contentId=05900109-7bf4-436b-0ac6-b0810b7806e1&entitlementId=e2ee5d08-7ef8-f8a4-19a9-faffe6485b4c&market=US&policyType=Device\",\"keyIds\":[\"c2a6d382-79ff-e5b0-f36c-550cff0a1fbe\"],\"kind\":\"Content\",\"packages\":[{\"packageIdentifier\":\"05900109-7bf4-436b-0ac6-b0810b7806e1\",\"packageType\":\"msix\",\"productAddOns\":[],\"productId\":\"9MSMLRH6LZF3\",\"skuId\":\"0010\"}],\"pollAt\":\"2026-08-10T09:37:16.5472594+00:00\",\"refreshOnStartup\":false,\"version\":7}",
        "Function": "DecodeCustomPolicy",
        "Source": "onecoreuap\\enduser\\winstore\\licensemanager\\lib\\clipdocument.cpp",
        "Line Number": "50"
      },
      "source_format": "evtx",
      "file": "Microsoft-Windows-Store%4Operational.evtx"
    },
    {
      "event_id": 8001,
      "provider": "Microsoft-Windows-Store",
      "timestamp": "2026-07-27T22:58:19.513373+00:00",
      "computer": "WIN-IN9ODUH5HLF",
      "level": "4",
      "channel": "Microsoft-Windows-Store/Operational",
      "record_id": "2309",
      "event_data": {
        "Message": "Decoding: {\"entitlementId\":\"e2ee5d08-7ef8-f8a4-19a9-faffe6485b4c\",\"entitlementSatisfaction\":\"Device\",\"isOffline\":true,\"leaseEnforcement\":\"None\",\"leaseUri\":\"https://licensing.md.mp.microsoft.com/v7.0/licenses/?beneficiaryId=msahw%3a6755420238129250&contentId=05900109-7bf4-436b-0ac6-b0810b7806e1&entitlementId=e2ee5d08-7ef8-f8a4-19a9-faffe6485b4c&market=US&policyType=Device\",\"keyIds\":[\"c2a6d382-79ff-e5b0-f36c-550cff0a1fbe\"],\"kind\":\"Content\",\"packages\":[{\"packageIdentifier\":\"05900109-7bf4-436b-0ac6-b0810b7806e1\",\"packageType\":\"msix\",\"productAddOns\":[],\"productId\":\"9MSMLRH6LZF3\",\"skuId\":\"0010\"}],\"pollAt\":\"2026-08-10T09:37:16.5472594+00:00\",\"refreshOnStartup\":false,\"version\":7}",
        "Function": "DecodeCustomPolicy",
        "Source": "onecoreuap\\enduser\\winstore\\licensemanager\\lib\\clipdocument.cpp",
        "Line Number": "50"
      },
      "source_format": "evtx",
      "file": "Microsoft-Windows-Store%4Operational.evtx"
    },
    {
      "event_id": 8001,
      "provider": "Microsoft-Windows-Store",
      "timestamp": "2026-07-27T22:58:19.513361+00:00",
      "computer": "WIN-IN9ODUH5HLF",
      "level": "4",
      "channel": "Microsoft-Windows-Store/Operational",
      "record_id": "2308",
      "event_data": {
        "Message": "Decoding: {\"legacyProductId\":\"983beef3-6472-4a96-a26d-6fd8e8bcd42b\"}",
        "Function": "DecodeCustomPolicy",
        "Source": "onecoreuap\\enduser\\winstore\\licensemanager\\lib\\clipdocument.cpp",
        "Line Number": "50"
      },
      "source_format": "evtx",
      "file": "Microsoft-Windows-Store%4Operational.evtx"
    },
    {
      "event_id": 8001,
      "provider": "Microsoft-Windows-Store",
      "timestamp": "2026-07-27T22:58:19.513336+00:00",
      "computer": "WIN-IN9ODUH5HLF",
      "level": "4",
      "channel": "Microsoft-Windows-Store/Operational",
      "record_id": "2306",
      "event_data": {
        "Message": "Set results for lease = 0xe58288c8, policy = 1, operation = 2, Leasebehavior = 0",
        "Function": "KeyMachine::DoSetResult",
        "Source": "onecoreuap\\enduser\\winstore\\licensemanager\\lib\\keymachine.cpp",
        "Line Number": "1520"
      },
      "source_format": "evtx",
      "file": "Microsoft-Windows-Store%4Operational.evtx"
    },
    {
      "event_id": 8001,
      "provider": "Microsoft-Windows-Store",
      "timestamp": "2026-07-27T22:58:19.513323+00:00",
      "computer": "WIN-IN9ODUH5HLF",
      "level": "4",
      "channel": "Microsoft-Windows-Store/Operational",
      "record_id": "2304",
      "event_data": {
        "Message": "lease = 0xe58288c8, usage = 0, policy = 1, operation = 2, leaseBehavior = 0, shouldContentBeDeactivated = 0",
        "Function": "KeyMachine::DoLicenseThreadProc",
        "Source": "onecoreuap\\enduser\\winstore\\licensemanager\\lib\\keymachine.cpp",
        "Line Number": "905"
      },
      "source_format": "evtx",
      "file": "Microsoft-Windows-Store%4Operational.evtx"
    },
    {
      "event_id": 8001,
      "provider": "Microsoft-Windows-Store",
      "timestamp": "2026-07-27T22:58:19.511466+00:00",
      "computer": "WIN-IN9ODUH5HLF",
      "level": "4",
      "channel": "Microsoft-Windows-Store/Operational",
      "record_id": "2303",
      "event_data": {
        "Message": "Returning 1 lease documents for contentid 05900109-7BF4-436B-0AC6-B0810B7806E1",
        "Function": "ClipStorage::GetLeaseDocumentsForKeyDocument",
        "Source": "onecoreuap\\enduser\\winstore\\licensemanager\\lib\\clipstorage.cpp",
        "Line Number": "460"
      },
      "source_format": "evtx",
      "file": "Microsoft-Windows-Store%4Operational.evtx"
    },
    {
      "event_id": 8001,
      "provider": "Microsoft-Windows-Store",
      "timestamp": "2026-07-27T22:58:19.511465+00:00",
      "computer": "WIN-IN9ODUH5HLF",
      "level": "4",
      "channel": "Microsoft-Windows-Store/Operational",
      "record_id": "2302",
      "event_data": {
        "Message": "Adding lease {D74BAD95-80FD-FB25-CABC-4CF2B34EDE4D} to results",
        "Function": "ClipStorage::GetLeaseDocumentsForKeyDocument",
        "Source": "onecoreuap\\enduser\\winstore\\licensemanager\\lib\\clipstorage.cpp",
        "Line Number": "387"
      },
      "source_format": "evtx",
      "file": "Microsoft-Windows-Store%4Operational.evtx"
    },
    {
      "event_id": 8001,
      "provider": "Microsoft-Windows-Store",
      "timestamp": "2026-07-27T22:58:19.511430+00:00",
      "computer": "WIN-IN9ODUH5HLF",
      "level": "4",
      "channel": "Microsoft-Windows-Store/Operational",
      "record_id": "2301",
      "event_data": {
        "Message": "Decoding: {\"entitlementId\":\"e2ee5d08-7ef8-f8a4-19a9-faffe6485b4c\",\"entitlementSatisfaction\":\"Device\",\"isOffline\":true,\"leaseEnforcement\":\"None\",\"leaseUri\":\"https://licensing.md.mp.microsoft.com/v7.0/licenses/?beneficiaryId=msahw%3a6755420238129250&contentId=05900109-7bf4-436b-0ac6-b0810b7806e1&entitlementId=e2ee5d08-7ef8-f8a4-19a9-faffe6485b4c&market=US&policyType=Device\",\"keyIds\":[\"c2a6d382-79ff-e5b0-f36c-550cff0a1fbe\"],\"kind\":\"Content\",\"packages\":[{\"packageIdentifier\":\"05900109-7bf4-436b-0ac6-b0810b7806e1\",\"packageType\":\"msix\",\"productAddOns\":[],\"productId\":\"9MSMLRH6LZF3\",\"skuId\":\"0010\"}],\"pollAt\":\"2026-08-10T09:37:16.5472594+00:00\",\"refreshOnStartup\":false,\"version\":7}",
        "Function": "DecodeCustomPolicy",
        "Source": "onecoreuap\\enduser\\winstore\\licensemanager\\lib\\clipdocument.cpp",
        "Line Number": "50"
      },
      "source_format": "evtx",
      "file": "Microsoft-Windows-Store%4Operational.evtx"
    },
    {
      "event_id": 8001,
      "provider": "Microsoft-Windows-Store",
      "timestamp": "2026-07-27T22:58:19.499643+00:00",
      "computer": "WIN-IN9ODUH5HLF",
      "level": "4",
      "channel": "Microsoft-Windows-Store/Operational",
      "record_id": "2300",
      "event_data": {
        "Message": "Getting lease for 05900109-7bf4-436b-0ac6-b0810b7806e1",
        "Function": "LicenseManagerCore::GetExistingLeaseAndLicense",
        "Source": "onecoreuap\\enduser\\winstore\\licensemanager\\lib\\managercore.cpp",
        "Line Number": "415"
      },
      "source_format": "evtx",
      "file": "Microsoft-Windows-Store%4Operational.evtx"
    },
    {
      "event_id": 8001,
      "provider": "Microsoft-Windows-Store",
      "timestamp": "2026-07-27T22:58:19.499398+00:00",
      "computer": "WIN-IN9ODUH5HLF",
      "level": "4",
      "channel": "Microsoft-Windows-Store/Operational",
      "record_id": "2299",
      "event_data": {
        "Message": "Returning key document for contentid 05900109-7bf4-436b-0ac6-b0810b7806e1",
        "Function": "ClipStorage::GetKeyDocumentForContentWithIdAndMinQuality",
        "Source": "onecoreuap\\enduser\\winstore\\licensemanager\\lib\\clipstorage.cpp",
        "Line Number": "262"
      },
      "source_format": "evtx",
      "file": "Microsoft-Windows-Store%4Operational.evtx"
    },
    {
      "event_id": 8001,
      "provider": "Microsoft-Windows-Store",
      "timestamp": "2026-07-27T22:58:19.499396+00:00",
      "computer": "WIN-IN9ODUH5HLF",
      "level": "4",
      "channel": "Microsoft-Windows-Store/Operational",
      "record_id": "2298",
      "event_data": {
        "Message": "Accepting key with License ID {C2A6D382-79FF-E5B0-F36C-550CFF0A1FBE} for Content ID 05900109-7bf4-436b-0ac6-b0810b7806e1 (first match)",
        "Function": "ClipStorage::GetKeyDocumentForContentWithIdAndMinQuality",
        "Source": "onecoreuap\\enduser\\winstore\\licensemanager\\lib\\clipstorage.cpp",
        "Line Number": "223"
      },
      "source_format": "evtx",
      "file": "Microsoft-Windows-Store%4Operational.evtx"
    },
    {
      "event_id": 8001,
      "provider": "Microsoft-Windows-Store",
      "timestamp": "2026-07-27T22:58:19.499386+00:00",
      "computer": "WIN-IN9ODUH5HLF",
      "level": "4",
      "channel": "Microsoft-Windows-Store/Operational",
      "record_id": "2297",
      "event_data": {
        "Message": "Decoding: {\"legacyProductId\":\"983beef3-6472-4a96-a26d-6fd8e8bcd42b\"}",
        "Function": "DecodeCustomPolicy",
        "Source": "onecoreuap\\enduser\\winstore\\licensemanager\\lib\\clipdocument.cpp",
        "Line Number": "50"
      },
      "source_format": "evtx",
      "file": "Microsoft-Windows-Store%4Operational.evtx"
    },
    {
      "event_id": 8001,
      "provider": "Microsoft-Windows-Store",
      "timestamp": "2026-07-27T22:58:19.499375+00:00",
      "computer": "WIN-IN9ODUH5HLF",
      "level": "4",
      "channel": "Microsoft-Windows-Store/Operational",
      "record_id": "2296",
      "event_data": {
        "Message": "Considering License ID {C2A6D382-79FF-E5B0-F36C-550CFF0A1FBE} for content ID 05900109-7bf4-436b-0ac6-b0810b7806e1...",
        "Function": "ClipStorage::GetKeyDocumentForContentWithIdAndMinQuality",
        "Source": "onecoreuap\\enduser\\winstore\\licensemanager\\lib\\clipstorage.cpp",
        "Line Number": "192"
      },
      "source_format": "evtx",
      "file": "Microsoft-Windows-Store%4Operational.evtx"
    },
    {
      "event_id": 8001,
      "provider": "Microsoft-Windows-Store",
      "timestamp": "2026-07-27T22:58:19.495654+00:00",
      "computer": "WIN-IN9ODUH5HLF",
      "level": "4",
      "channel": "Microsoft-Windows-Store/Operational",
      "record_id": "2294",
      "event_data": {
        "Message": "00000183E581AC70: BeginLicense: Operation 2, CachedLeaseOK true, RequireServiceValidation true",
        "Function": "KeyMachine::DoBeginLicense",
        "Source": "onecoreuap\\enduser\\winstore\\licensemanager\\lib\\keymachine.cpp",
        "Line Number": "819"
      },
      "source_format": "evtx",
      "file": "Microsoft-Windows-Store%4Operational.evtx"
    },
