    {
      "event_id": 8002,
      "provider": "Microsoft-Windows-Store",
      "timestamp": "2026-07-27T23:45:19.355597+00:00",
      "computer": "DESKTOP-M3EFNJH",
      "level": "3",
      "channel": "Microsoft-Windows-Store/Operational",
      "record_id": "3314",
      "event_data": {
        "Message": "No user tickets captured for S-1-5-20, so this might not end well. HRESULT of WAM call: 0x80070520.",
        "Function": "SingleUserStoredIdentitySnapshot::CaptureIdentity",
        "Source": "onecoreuap\\enduser\\winstore\\licensemanager\\lib\\identity.cpp",
        "Line Number": "419"
      },
      "source_format": "evtx",
      "file": "Microsoft-Windows-Store%4Operational.evtx"
    },
    {
      "event_id": 8001,
      "provider": "Microsoft-Windows-Store",
      "timestamp": "2026-07-27T23:45:19.355592+00:00",
      "computer": "DESKTOP-M3EFNJH",
      "level": "4",
      "channel": "Microsoft-Windows-Store/Operational",
      "record_id": "3313",
      "event_data": {
        "Message": "Failure Message: hr: 0x80070002",
        "Function": "",
        "Source": "onecoreuap\\enduser\\winstore\\auth\\lib\\winstoreauth.cpp",
        "Line Number": "1396"
      },
      "source_format": "evtx",
      "file": "Microsoft-Windows-Store%4Operational.evtx"
    },
    {
      "event_id": 8001,
      "provider": "Microsoft-Windows-Store",
      "timestamp": "2026-07-27T23:45:19.355394+00:00",
      "computer": "DESKTOP-M3EFNJH",
      "level": "4",
      "channel": "Microsoft-Windows-Store/Operational",
      "record_id": "3312",
      "event_data": {
        "Message": "Failure Message: hr: 0x80070520",
        "Function": "",
        "Source": "onecoreuap\\enduser\\winstore\\auth\\lib\\winstoreauth.cpp",
        "Line Number": "751"
      },
      "source_format": "evtx",
      "file": "Microsoft-Windows-Store%4Operational.evtx"
    },
    {
      "event_id": 8001,
      "provider": "Microsoft-Windows-Store",
      "timestamp": "2026-07-27T23:45:19.354037+00:00",
      "computer": "DESKTOP-M3EFNJH",
      "level": "4",
      "channel": "Microsoft-Windows-Store/Operational",
      "record_id": "3311",
      "event_data": {
        "Message": "Failure Message: hr: 0x80070520",
        "Function": "",
        "Source": "onecoreuap\\enduser\\winstore\\auth\\lib\\winstoreauth.cpp",
        "Line Number": "564"
      },
      "source_format": "evtx",
      "file": "Microsoft-Windows-Store%4Operational.evtx"
    },
    {
      "event_id": 8001,
      "provider": "Microsoft-Windows-Store",
      "timestamp": "2026-07-27T23:45:19.354035+00:00",
      "computer": "DESKTOP-M3EFNJH",
      "level": "4",
      "channel": "Microsoft-Windows-Store/Operational",
      "record_id": "3310",
      "event_data": {
        "Message": "Failure Message: hr: 0x80070520",
        "Function": "",
        "Source": "onecoreuap\\enduser\\winstore\\auth\\lib\\winstoreauth.cpp",
        "Line Number": "1862"
      },
      "source_format": "evtx",
      "file": "Microsoft-Windows-Store%4Operational.evtx"
    },
    {
      "event_id": 8001,
      "provider": "Microsoft-Windows-Store",
      "timestamp": "2026-07-27T23:45:19.156653+00:00",
      "computer": "DESKTOP-M3EFNJH",
      "level": "4",
      "channel": "Microsoft-Windows-Store/Operational",
      "record_id": "3309",
      "event_data": {
        "Message": "Getting user tickets for S-1-5-20",
        "Function": "SingleUserStoredIdentitySnapshot::CaptureIdentity",
        "Source": "onecoreuap\\enduser\\winstore\\licensemanager\\lib\\identity.cpp",
        "Line Number": "351"
      },
      "source_format": "evtx",
      "file": "Microsoft-Windows-Store%4Operational.evtx"
    },
    {
      "event_id": 8001,
      "provider": "Microsoft-Windows-GroupPolicy",
      "timestamp": "2026-07-27T23:45:19.104884+00:00",
      "computer": "DESKTOP-M3EFNJH",
      "level": "4",
      "channel": "Microsoft-Windows-GroupPolicy/Operational",
      "record_id": "222",
      "event_data": {
        "PolicyElaspedTimeInSeconds": "0",
        "ErrorCode": "0",
        "PrincipalSamName": "DESKTOP-M3EFNJH\\Bob Milton",
        "IsMachine": "0",
        "IsConnectivityFailure": "false"
      },
      "source_format": "evtx",
      "file": "Microsoft-Windows-GroupPolicy%4Operational.evtx"
    },
    {
      "event_id": 4001,
      "provider": "Microsoft-Windows-GroupPolicy",
      "timestamp": "2026-07-27T23:45:19.025629+00:00",
      "computer": "DESKTOP-M3EFNJH",
      "level": "4",
      "channel": "Microsoft-Windows-GroupPolicy/Operational",
      "record_id": "211",
      "event_data": {
        "PolicyActivityId": "3CB3A40A-4373-442A-8576-849406CC29F1",
        "PrincipalSamName": "DESKTOP-M3EFNJH\\Bob Milton",
        "IsMachine": "0",
        "IsDomainJoined": "false",
        "IsBackgroundProcessing": "false",
        "IsAsyncProcessing": "true",
        "IsServiceRestart": "false",
        "ReasonForSyncProcessing": "0"
      },
      "source_format": "evtx",
      "file": "Microsoft-Windows-GroupPolicy%4Operational.evtx"
    },
    {
      "event_id": 8001,
      "provider": "Microsoft-Windows-Store",
      "timestamp": "2026-07-27T23:45:18.997508+00:00",
      "computer": "DESKTOP-M3EFNJH",
      "level": "4",
      "channel": "Microsoft-Windows-Store/Operational",
      "record_id": "3308",
      "event_data": {
        "Message": "No key document found for contentid 1a1aa123-c15c-5111-d443-bc9613e219dd",
        "Function": "ClipStorage::GetKeyDocumentForContentWithIdAndMinQuality",
        "Source": "onecoreuap\\enduser\\winstore\\licensemanager\\lib\\clipstorage.cpp",
        "Line Number": "269"
      },
      "source_format": "evtx",
      "file": "Microsoft-Windows-Store%4Operational.evtx"
    },
    {
      "event_id": 8001,
      "provider": "Microsoft-Windows-Store",
      "timestamp": "2026-07-27T23:45:18.703744+00:00",
      "computer": "DESKTOP-M3EFNJH",
      "level": "4",
      "channel": "Microsoft-Windows-Store/Operational",
      "record_id": "3304",
      "event_data": {
        "Message": "000002385F16C180: BeginLicense: Operation 3, CachedLeaseOK true, RequireServiceValidation false",
        "Function": "KeyMachine::DoBeginLicense",
        "Source": "onecoreuap\\enduser\\winstore\\licensemanager\\lib\\keymachine.cpp",
        "Line Number": "819"
      },
      "source_format": "evtx",
      "file": "Microsoft-Windows-Store%4Operational.evtx"
    },
    {
      "event_id": 8001,
      "provider": "Microsoft-Windows-Store",
      "timestamp": "2026-07-27T23:45:18.703724+00:00",
      "computer": "DESKTOP-M3EFNJH",
      "level": "4",
      "channel": "Microsoft-Windows-Store/Operational",
      "record_id": "3301",
      "event_data": {
        "Message": "000002385F131100: BeginRootLicense",
        "Function": "RootMachine::DoBeginRootLicense",
        "Source": "onecoreuap\\enduser\\winstore\\licensemanager\\lib\\rootmachine.cpp",
        "Line Number": "201"
      },
      "source_format": "evtx",
      "file": "Microsoft-Windows-Store%4Operational.evtx"
    },
    {
      "event_id": 8001,
      "provider": "Microsoft-Windows-Store",
      "timestamp": "2026-07-27T23:45:18.694477+00:00",
      "computer": "DESKTOP-M3EFNJH",
      "level": "4",
      "channel": "Microsoft-Windows-Store/Operational",
      "record_id": "3299",
      "event_data": {
        "Message": "000002385F16C180: Key Machine for content: 1a1aa123-c15c-5111-d443-bc9613e219dd",
        "Function": "KeyMachine::KeyMachine",
        "Source": "onecoreuap\\enduser\\winstore\\licensemanager\\lib\\keymachine.cpp",
        "Line Number": "95"
      },
      "source_format": "evtx",
      "file": "Microsoft-Windows-Store%4Operational.evtx"
    },
    {
      "event_id": 8001,
      "provider": "Microsoft-Windows-Store",
      "timestamp": "2026-07-27T23:45:18.694423+00:00",
      "computer": "DESKTOP-M3EFNJH",
      "level": "4",
      "channel": "Microsoft-Windows-Store/Operational",
      "record_id": "3298",
      "event_data": {
        "Message": "Network connectivity level initialized to 0x3",
        "Function": "NetworkStatusMonitor::Initialize",
        "Source": "onecoreuap\\enduser\\winstore\\licensemanager\\lib\\networkstatusmonitor.cpp",
        "Line Number": "57"
      },
      "source_format": "evtx",
      "file": "Microsoft-Windows-Store%4Operational.evtx"
    },
    {
      "event_id": 8001,
      "provider": "Microsoft-Windows-Store",
      "timestamp": "2026-07-27T23:45:18.629739+00:00",
      "computer": "DESKTOP-M3EFNJH",
      "level": "4",
      "channel": "Microsoft-Windows-Store/Operational",
      "record_id": "3297",
      "event_data": {
        "Message": "Licensing 1a1aa123-c15c-5111-d443-bc9613e219dd (Active)",
        "Function": "LicenseManager::LicenseContentWithId",
        "Source": "onecoreuap\\enduser\\winstore\\licensemanager\\lib\\manager.cpp",
        "Line Number": "88"
      },
      "source_format": "evtx",
      "file": "Microsoft-Windows-Store%4Operational.evtx"
    },
    {
      "event_id": 8001,
      "provider": "Microsoft-Windows-Store",
      "timestamp": "2026-07-27T23:45:18.629736+00:00",
      "computer": "DESKTOP-M3EFNJH",
      "level": "4",
      "channel": "Microsoft-Windows-Store/Operational",
      "record_id": "3296",
      "event_data": {
        "Message": "Licensing content 1a1aa123-c15c-5111-d443-bc9613e219dd",
        "Function": "OneStoreApplicationLicenseManager::ActivateLicenseForContent",
        "Source": "onecoreuap\\enduser\\winstore\\licensemanager\\lib\\onestoreapplicensemanager.cpp",
        "Line Number": "410"
      },
      "source_format": "evtx",
      "file": "Microsoft-Windows-Store%4Operational.evtx"
    },
    {
      "event_id": 8001,
      "provider": "Microsoft-Windows-Store",
      "timestamp": "2026-07-27T23:45:18.586715+00:00",
      "computer": "DESKTOP-M3EFNJH",
      "level": "4",
      "channel": "Microsoft-Windows-Store/Operational",
      "record_id": "3295",
      "event_data": {
        "Message": "License Manager started",
        "Function": "ServiceInitializeImpl",
        "Source": "onecoreuap\\enduser\\winstore\\licensemanager\\lib\\service.cpp",
        "Line Number": "2141"
      },
      "source_format": "evtx",
      "file": "Microsoft-Windows-Store%4Operational.evtx"
    },
    {
      "event_id": 8001,
      "provider": "Microsoft-Windows-Store",
      "timestamp": "2026-07-27T23:45:18.586088+00:00",
      "computer": "DESKTOP-M3EFNJH",
      "level": "4",
      "channel": "Microsoft-Windows-Store/Operational",
      "record_id": "3294",
      "event_data": {
        "Message": "000002385F131100: Root Machine",
        "Function": "RootMachine::RootMachine",
        "Source": "onecoreuap\\enduser\\winstore\\licensemanager\\lib\\rootmachine.cpp",
        "Line Number": "63"
      },
      "source_format": "evtx",
      "file": "Microsoft-Windows-Store%4Operational.evtx"
    },
    {
      "event_id": 8001,
      "provider": "Microsoft-Windows-Store",
      "timestamp": "2026-07-27T23:45:18.583537+00:00",
      "computer": "DESKTOP-M3EFNJH",
      "level": "4",
      "channel": "Microsoft-Windows-Store/Operational",
      "record_id": "3293",
      "event_data": {
        "Message": "Creating LM",
        "Function": "CreateLicenseManager",
        "Source": "onecoreuap\\enduser\\winstore\\licensemanager\\lib\\manager.cpp",
        "Line Number": "609"
      },
      "source_format": "evtx",
      "file": "Microsoft-Windows-Store%4Operational.evtx"
    },
    {
      "event_id": 8001,
      "provider": "Microsoft-Windows-Store",
      "timestamp": "2026-07-27T23:45:18.574513+00:00",
      "computer": "DESKTOP-M3EFNJH",
      "level": "4",
      "channel": "Microsoft-Windows-Store/Operational",
      "record_id": "3292",
      "event_data": {
        "Message": "License Manager starting...",
        "Function": "ServiceInitializeImpl",
        "Source": "onecoreuap\\enduser\\winstore\\licensemanager\\lib\\service.cpp",
        "Line Number": "2113"
      },
      "source_format": "evtx",
      "file": "Microsoft-Windows-Store%4Operational.evtx"
    },
    {
      "event_id": 8001,
      "provider": "Microsoft-Windows-Store",
      "timestamp": "2026-07-27T23:45:18.564558+00:00",
      "computer": "DESKTOP-M3EFNJH",
      "level": "4",
      "channel": "Microsoft-Windows-Store/Operational",
      "record_id": "3291",
      "event_data": {
        "Message": "Failure Message: Setting MSA Client Id for Token requests: {f0c62012-2cef-4831-b1f7-930682874c86}",
        "Function": "",
        "Source": "onecoreuap\\enduser\\winstore\\auth\\lib\\winstoreauth.cpp",
        "Line Number": "206"
      },
      "source_format": "evtx",
      "file": "Microsoft-Windows-Store%4Operational.evtx"
    },
    {
      "event_id": 10001,
      "provider": "Microsoft-Windows-Wcmsvc",
      "timestamp": "2026-07-27T23:45:10.830635+00:00",
      "computer": "DESKTOP-M3EFNJH",
      "level": "4",
      "channel": "Microsoft-Windows-Wcmsvc/Operational",
      "record_id": "45",
      "event_data": {},
      "source_format": "evtx",
      "file": "Microsoft-Windows-Wcmsvc%4Operational.evtx"
    },
    {
      "event_id": 4004,
      "provider": "Microsoft-Windows-NetworkProfile",
      "timestamp": "2026-07-27T23:45:07.045181+00:00",
      "computer": "DESKTOP-M3EFNJH",
      "level": "4",
      "channel": "Microsoft-Windows-NetworkProfile/Operational",
      "record_id": "13",
      "event_data": {
        "NewInternetConnectionProfile": "true",
        "ConnectionCostChanged": "true",
        "DomainConnectivityLevelChanged": "false",
        "NetworkConnectivityLevelChanged": "true",
        "HostNameChanged": "true",
        "WwanRegistrationStateChanged": "false",
        "TetheringOperationalStateChanged": "false",
        "TetheringClientCountChanged": "false"
      },
      "source_format": "evtx",
      "file": "Microsoft-Windows-NetworkProfile%4Operational.evtx"
    },
    {
      "event_id": 10000,
      "provider": "Microsoft-Windows-NetworkProfile",
      "timestamp": "2026-07-27T23:45:01.694066+00:00",
      "computer": "DESKTOP-M3EFNJH",
      "level": "4",
      "channel": "Microsoft-Windows-NetworkProfile/Operational",
      "record_id": "12",
      "event_data": {
        "Name": "Network",
        "Description": "Network",
        "Guid": "DCDD2477-0578-4437-9532-AEE69ACD2CDE",
        "Type": "0",
        "State": "1",
        "Category": "0"
      },
      "source_format": "evtx",
      "file": "Microsoft-Windows-NetworkProfile%4Operational.evtx"
    },
    {
      "event_id": 4002,
      "provider": "Microsoft-Windows-NetworkProfile",
      "timestamp": "2026-07-27T23:45:01.693611+00:00",
      "computer": "DESKTOP-M3EFNJH",
      "level": "4",
      "channel": "Microsoft-Windows-NetworkProfile/Operational",
      "record_id": "11",
      "event_data": {
        "InterfaceGuid": "64ABF016-C8E4-44C6-A223-9B5614B7734F",
        "CurrentOrNextState": "1"
      },
      "source_format": "evtx",
      "file": "Microsoft-Windows-NetworkProfile%4Operational.evtx"
    },
    {
      "event_id": 10000,
      "provider": "Microsoft-Windows-NetworkProfile",
      "timestamp": "2026-07-27T23:45:01.398736+00:00",
      "computer": "DESKTOP-M3EFNJH",
      "level": "4",
      "channel": "Microsoft-Windows-NetworkProfile/Operational",
      "record_id": "9",
      "event_data": {
        "Name": "Identifying...",
        "Description": "Identifying...",
        "Guid": "CAE49690-B75C-447D-985C-07CBDB85D91D",
        "Type": "0",
        "State": "1",
        "Category": "0"
      },
      "source_format": "evtx",
      "file": "Microsoft-Windows-NetworkProfile%4Operational.evtx"
    },
    {
      "event_id": 4001,
      "provider": "Microsoft-Windows-NetworkProfile",
      "timestamp": "2026-07-27T23:45:01.398408+00:00",
      "computer": "DESKTOP-M3EFNJH",
      "level": "4",
      "channel": "Microsoft-Windows-NetworkProfile/Operational",
      "record_id": "8",
      "event_data": {
        "InterfaceGuid": "64ABF016-C8E4-44C6-A223-9B5614B7734F",
        "CurrentOrNextState": "0"
      },
      "source_format": "evtx",
      "file": "Microsoft-Windows-NetworkProfile%4Operational.evtx"
    },
    {
      "event_id": 576,
      "provider": "Microsoft-Windows-StorPort",
      "timestamp": "2026-07-27T23:44:50.917704+00:00",
      "computer": "DESKTOP-M3EFNJH",
      "level": "4",
      "channel": "Microsoft-Windows-Storage-Storport/Operational",
      "record_id": "19",
      "event_data": {
        "AdapterGuid": "9CCF5A3B-8A13-11F1-BEEE-806E6F6E6963",
        "PortNumber": "4294967295",
        "AdapterHardwareId": "PCI\\VEN_8086&DEV_2829&SUBSYS_00000000&REV_02",
        "MiniportName": "storahci",
        "AdapterInterfaceType": "5",
        "Flags": "4535619747872",
        "AllowStorageD3": "true",
        "AcpiDsdProperty": "4294967295",
        "StorageD3RegistryState": "4294967295",
        "StorageD3Enable": "true",
        "DirectedFxEnable": "true",
        "TunneledDevice": "false"
      },
      "source_format": "evtx",
      "file": "Microsoft-Windows-Storage-Storport%4Operational.evtx"
    },
    {
      "event_id": 3,
      "provider": "Microsoft-Windows-Kernel-ShimEngine",
      "timestamp": "2026-07-27T23:44:50.872299+00:00",
      "computer": "DESKTOP-M3EFNJH",
      "level": "4",
      "channel": "Microsoft-Windows-Kernel-ShimEngine/Operational",
      "record_id": "23",
      "event_data": {
        "DriverName": "storahci.sys",
        "ShimSource": "0",
        "ShimCount": "1",
        "AppliedGuids": "{434abafd-08fa-4c3d-a88d-d09a88e2ab17}"
      },
      "source_format": "evtx",
      "file": "Microsoft-Windows-Kernel-ShimEngine%4Operational.evtx"
    },
    {
      "event_id": 1002,
      "provider": "Microsoft-Windows-Resource-Exhaustion-Detector",
      "timestamp": "2026-07-27T23:44:39.335177+00:00",
      "computer": "WIN-IN9ODUH5HLF",
      "level": "4",
      "channel": "Microsoft-Windows-Resource-Exhaustion-Detector/Operational",
      "record_id": "4",
      "event_data": {},
      "source_format": "evtx",
      "file": "Microsoft-Windows-Resource-Exhaustion-Detector%4Operational.evtx"
    },
    {
      "event_id": 1002,
      "provider": "Microsoft-Windows-Resource-Exhaustion-Detector",
      "timestamp": "2026-07-27T23:44:39.281523+00:00",
      "computer": "WIN-IN9ODUH5HLF",
      "level": "4",
      "channel": "Microsoft-Windows-Resource-Exhaustion-Detector/Operational",
      "record_id": "3",
      "event_data": {},
      "source_format": "evtx",
      "file": "Microsoft-Windows-Resource-Exhaustion-Detector%4Operational.evtx"
    },
    {
      "event_id": 3,
      "provider": "Microsoft-Windows-User Profiles Service",
      "timestamp": "2026-07-27T23:44:38.469971+00:00",
      "computer": "WIN-IN9ODUH5HLF",
      "level": "4",
      "channel": "Microsoft-Windows-User Profile Service/Operational",
      "record_id": "30",
      "event_data": {
        "Session": "4"
      },
      "source_format": "evtx",
      "file": "Microsoft-Windows-User Profile Service%4Operational.evtx"
    },
    {
      "event_id": 3008,
      "provider": "Microsoft-Windows-PushNotifications-Platform",
      "timestamp": "2026-07-27T23:44:38.181312+00:00",
      "computer": "WIN-IN9ODUH5HLF",
      "level": "4",
      "channel": "Microsoft-Windows-PushNotification-Platform/Operational",
      "record_id": "574",
      "event_data": {
        "SessionId": "1"
      },
      "source_format": "evtx",
      "file": "Microsoft-Windows-PushNotification-Platform%4Operational.evtx"
    },
    {
      "event_id": 1002,
      "provider": "Microsoft-Windows-Resource-Exhaustion-Resolver",
      "timestamp": "2026-07-27T23:44:37.274519+00:00",
      "computer": "WIN-IN9ODUH5HLF",
      "level": "4",
      "channel": "Microsoft-Windows-Resource-Exhaustion-Resolver/Operational",
      "record_id": "3",
      "event_data": {},
      "source_format": "evtx",
      "file": "Microsoft-Windows-Resource-Exhaustion-Resolver%4Operational.evtx"
    },
    {
      "event_id": 8001,
      "provider": "Microsoft-Windows-Store",
      "timestamp": "2026-07-27T23:44:37.213942+00:00",
      "computer": "WIN-IN9ODUH5HLF",
      "level": "4",
      "channel": "Microsoft-Windows-Store/Operational",
      "record_id": "3289",
      "event_data": {
        "Message": "Skipping license manager: PFN MicrosoftWindows.Client.WebExperience_526.17301.40.0_x64__cw5n1h2txyewy",
        "Function": "InvokeLicenseManagerRequired",
        "Source": "onecoreuap\\enduser\\winstore\\licensemanager\\apisethost\\activationapis.cpp",
        "Line Number": "373"
      },
      "source_format": "evtx",
      "file": "Microsoft-Windows-Store%4Operational.evtx"
    },
    {
      "event_id": 8001,
      "provider": "Microsoft-Windows-Store",
      "timestamp": "2026-07-27T23:44:36.839784+00:00",
      "computer": "WIN-IN9ODUH5HLF",
      "level": "4",
      "channel": "Microsoft-Windows-Store/Operational",
      "record_id": "3288",
      "event_data": {
        "Message": "Skipping license manager: PFN Microsoft.WidgetsPlatformRuntime_1.6.14.0_x64__8wekyb3d8bbwe",
        "Function": "InvokeLicenseManagerRequired",
        "Source": "onecoreuap\\enduser\\winstore\\licensemanager\\apisethost\\activationapis.cpp",
        "Line Number": "373"
      },
      "source_format": "evtx",
      "file": "Microsoft-Windows-Store%4Operational.evtx"
    },
    {
      "event_id": 8001,
      "provider": "Microsoft-Windows-Store",
      "timestamp": "2026-07-27T23:44:36.827805+00:00",
      "computer": "WIN-IN9ODUH5HLF",
      "level": "4",
      "channel": "Microsoft-Windows-Store/Operational",
      "record_id": "3287",
      "event_data": {
        "Message": "Skipping license manager: PFN Microsoft.WindowsNotepad_11.2605.34.0_x64__8wekyb3d8bbwe",
        "Function": "InvokeLicenseManagerRequired",
        "Source": "onecoreuap\\enduser\\winstore\\licensemanager\\apisethost\\activationapis.cpp",
        "Line Number": "373"
      },
      "source_format": "evtx",
      "file": "Microsoft-Windows-Store%4Operational.evtx"
    },
    {
      "event_id": 3,
      "provider": "Microsoft-Windows-User Profiles Service",
      "timestamp": "2026-07-27T23:44:33.634596+00:00",
      "computer": "WIN-IN9ODUH5HLF",
      "level": "4",
      "channel": "Microsoft-Windows-User Profile Service/Operational",
      "record_id": "28",
      "event_data": {
        "Session": "2"
      },
      "source_format": "evtx",
      "file": "Microsoft-Windows-User Profile Service%4Operational.evtx"
    },
    {
      "event_id": 3008,
      "provider": "Microsoft-Windows-PushNotifications-Platform",
      "timestamp": "2026-07-27T23:44:18.416486+00:00",
      "computer": "WIN-IN9ODUH5HLF",
      "level": "4",
      "channel": "Microsoft-Windows-PushNotification-Platform/Operational",
      "record_id": "571",
      "event_data": {
        "SessionId": "1"
      },
      "source_format": "evtx",
      "file": "Microsoft-Windows-PushNotification-Platform%4Operational.evtx"
    },
    {
      "event_id": 8001,
      "provider": "Microsoft-Windows-Store",
      "timestamp": "2026-07-27T23:44:17.448743+00:00",
      "computer": "WIN-IN9ODUH5HLF",
      "level": "4",
      "channel": "Microsoft-Windows-Store/Operational",
      "record_id": "3286",
      "event_data": {
        "Message": "Skipping license manager: PFN Microsoft.WindowsStore_22606.1401.10.0_x64__8wekyb3d8bbwe",
        "Function": "InvokeLicenseManagerRequired",
        "Source": "onecoreuap\\enduser\\winstore\\licensemanager\\apisethost\\activationapis.cpp",
        "Line Number": "373"
      },
      "source_format": "evtx",
      "file": "Microsoft-Windows-Store%4Operational.evtx"
    },
    {
      "event_id": 3,
      "provider": "Windows-ApplicationModel-Store-SDK",
      "timestamp": "2026-07-27T23:44:17.273890+00:00",
      "computer": "WIN-IN9ODUH5HLF",
      "level": "3",
      "channel": "Microsoft-Windows-Store/Operational",
      "record_id": "3285",
      "event_data": {
        "Message": "Task 'WinStore.Tasks.WindowsSearchTask+Runner' was canceled, reason: 'LoggingOff'.",
        "Line Number": "99",
        "File Name": ".\\src\\Core\\WinStore.Tasks\\Helpers\\BackgroundTaskRunner.cs",
        "Member Name": "Run"
      },
      "source_format": "evtx",
      "file": "Microsoft-Windows-Store%4Operational.evtx"
    },
    {
      "event_id": 8001,
      "provider": "Microsoft-Windows-Store",
      "timestamp": "2026-07-27T23:44:17.016531+00:00",
      "computer": "WIN-IN9ODUH5HLF",
      "level": "4",
      "channel": "Microsoft-Windows-Store/Operational",
      "record_id": "3284",
      "event_data": {
        "Message": "Skipping license manager: PFN MicrosoftWindows.Client.WebExperience_526.17301.40.0_x64__cw5n1h2txyewy",
        "Function": "InvokeLicenseManagerRequired",
        "Source": "onecoreuap\\enduser\\winstore\\licensemanager\\apisethost\\activationapis.cpp",
        "Line Number": "373"
      },
      "source_format": "evtx",
      "file": "Microsoft-Windows-Store%4Operational.evtx"
    },
    {
      "event_id": 8001,
      "provider": "Microsoft-Windows-Store",
      "timestamp": "2026-07-27T23:44:16.031264+00:00",
      "computer": "WIN-IN9ODUH5HLF",
      "level": "4",
      "channel": "Microsoft-Windows-Store/Operational",
      "record_id": "3283",
      "event_data": {
        "Message": "Skipping license manager: PFN Microsoft.WidgetsPlatformRuntime_1.6.14.0_x64__8wekyb3d8bbwe",
        "Function": "InvokeLicenseManagerRequired",
        "Source": "onecoreuap\\enduser\\winstore\\licensemanager\\apisethost\\activationapis.cpp",
        "Line Number": "373"
      },
      "source_format": "evtx",
      "file": "Microsoft-Windows-Store%4Operational.evtx"
    },
    {
      "event_id": 8001,
      "provider": "Microsoft-Windows-Store",
      "timestamp": "2026-07-27T23:44:15.870431+00:00",
      "computer": "WIN-IN9ODUH5HLF",
      "level": "4",
      "channel": "Microsoft-Windows-Store/Operational",
      "record_id": "3282",
      "event_data": {
        "Message": "Skipping license manager: PFN Microsoft.WindowsNotepad_11.2605.34.0_x64__8wekyb3d8bbwe",
        "Function": "InvokeLicenseManagerRequired",
        "Source": "onecoreuap\\enduser\\winstore\\licensemanager\\apisethost\\activationapis.cpp",
        "Line Number": "373"
      },
      "source_format": "evtx",
      "file": "Microsoft-Windows-Store%4Operational.evtx"
    },
    {
      "event_id": 2005,
      "provider": "Microsoft-Windows-Install-Agent",
      "timestamp": "2026-07-27T23:43:00.951043+00:00",
      "computer": "WIN-IN9ODUH5HLF",
      "level": "5",
      "channel": "Microsoft-Windows-Store/Operational",
      "record_id": "3279",
      "event_data": {
        "Message": "oneSettingsconcurrentDefaultInstalls = 3, oneSettingsconcurrentMinInstalls = 3",
        "Function": "GetConcurrentInstallsFromOneSettings",
        "Error Code": "-1",
        "Source": "onecoreuap\\enduser\\winstore\\installservice\\lib\\settings.cpp",
        "Line Number": "692",
        "CorrelationVector": "NULL",
        "ProductId": "NULL"
      },
      "source_format": "evtx",
      "file": "Microsoft-Windows-Store%4Operational.evtx"
    },
    {
      "event_id": 2005,
      "provider": "Microsoft-Windows-Install-Agent",
      "timestamp": "2026-07-27T23:40:36.316091+00:00",
      "computer": "WIN-IN9ODUH5HLF",
      "level": "5",
      "channel": "Microsoft-Windows-Store/Operational",
      "record_id": "3271",
      "event_data": {
        "Message": "oneSettingsconcurrentDefaultInstalls = 3, oneSettingsconcurrentMinInstalls = 3",
        "Function": "GetConcurrentInstallsFromOneSettings",
        "Error Code": "-1",
        "Source": "onecoreuap\\enduser\\winstore\\installservice\\lib\\settings.cpp",
        "Line Number": "692",
        "CorrelationVector": "NULL",
        "ProductId": "NULL"
      },
      "source_format": "evtx",
      "file": "Microsoft-Windows-Store%4Operational.evtx"
    },
    {
      "event_id": 3,
      "provider": "Microsoft-Windows-Bits-Client",
      "timestamp": "2026-07-27T23:40:33.104243+00:00",
      "computer": "WIN-IN9ODUH5HLF",
      "level": "4",
      "channel": "Microsoft-Windows-Bits-Client/Operational",
      "record_id": "532",
      "event_data": {
        "jobTitle": "Edge Component Updater",
        "jobId": "D3F71297-E24E-4E87-8C4A-71BD68D9F08E",
        "jobOwner": "DESKTOP-M3EFNJH\\Bob Milton",
        "processPath": "C:\\Program Files (x86)\\Microsoft\\EdgeWebView\\Application\\150.0.4078.105\\msedgewebview2.exe",
        "processId": "5488",
        "ClientProcessStartKey": "562949953421820"
      },
      "source_format": "evtx",
      "file": "Microsoft-Windows-Bits-Client%4Operational.evtx"
    },
    {
      "event_id": 3,
      "provider": "Microsoft-Windows-Bits-Client",
      "timestamp": "2026-07-27T23:40:17.931120+00:00",
      "computer": "WIN-IN9ODUH5HLF",
      "level": "4",
      "channel": "Microsoft-Windows-Bits-Client/Operational",
      "record_id": "529",
      "event_data": {
        "jobTitle": "Edge Component Updater",
        "jobId": "B903693F-5E7B-40F1-8455-5A3AAF3457CD",
        "jobOwner": "DESKTOP-M3EFNJH\\Adam Sed",
        "processPath": "C:\\Program Files (x86)\\Microsoft\\EdgeWebView\\Application\\150.0.4078.105\\msedgewebview2.exe",
        "processId": "7836",
        "ClientProcessStartKey": "562949953422633"
      },
      "source_format": "evtx",
      "file": "Microsoft-Windows-Bits-Client%4Operational.evtx"
    },
    {
      "event_id": 3,
      "provider": "Microsoft-Windows-Bits-Client",
      "timestamp": "2026-07-27T23:40:13.522870+00:00",
      "computer": "WIN-IN9ODUH5HLF",
      "level": "4",
      "channel": "Microsoft-Windows-Bits-Client/Operational",
      "record_id": "523",
      "event_data": {
        "jobTitle": "Edge Component Updater",
        "jobId": "695B8AC4-B8B9-415D-8E4E-8F99C2642356",
        "jobOwner": "DESKTOP-M3EFNJH\\Bob Milton",
        "processPath": "C:\\Program Files (x86)\\Microsoft\\Edge\\Application\\msedge.exe",
        "processId": "168",
        "ClientProcessStartKey": "562949953422814"
      },
      "source_format": "evtx",
      "file": "Microsoft-Windows-Bits-Client%4Operational.evtx"
    },
    {
      "event_id": 8001,
      "provider": "Microsoft-Windows-Store",
      "timestamp": "2026-07-27T23:40:04.312437+00:00",
      "computer": "WIN-IN9ODUH5HLF",
      "level": "4",
      "channel": "Microsoft-Windows-Store/Operational",
      "record_id": "3268",
      "event_data": {
        "Message": "Skipping license manager: PFN Microsoft.WindowsTerminal_1.18.10301.0_x64__8wekyb3d8bbwe",
        "Function": "InvokeLicenseManagerRequired",
        "Source": "onecoreuap\\enduser\\winstore\\licensemanager\\apisethost\\activationapis.cpp",
        "Line Number": "373"
      },
      "source_format": "evtx",
      "file": "Microsoft-Windows-Store%4Operational.evtx"
    },
    {
      "event_id": 8001,
      "provider": "Microsoft-Windows-Store",
      "timestamp": "2026-07-27T23:39:45.344293+00:00",
      "computer": "WIN-IN9ODUH5HLF",
      "level": "4",
      "channel": "Microsoft-Windows-Store/Operational",
      "record_id": "3267",
      "event_data": {
        "Message": "Skipping license manager: PFN Microsoft.WindowsTerminal_1.18.10301.0_x64__8wekyb3d8bbwe",
        "Function": "InvokeLicenseManagerRequired",
        "Source": "onecoreuap\\enduser\\winstore\\licensemanager\\apisethost\\activationapis.cpp",
        "Line Number": "373"
      },
      "source_format": "evtx",
      "file": "Microsoft-Windows-Store%4Operational.evtx"
    },
    {
      "event_id": 8001,
      "provider": "Microsoft-Windows-Store",
      "timestamp": "2026-07-27T23:39:45.114019+00:00",
      "computer": "WIN-IN9ODUH5HLF",
      "level": "4",
      "channel": "Microsoft-Windows-Store/Operational",
      "record_id": "3266",
      "event_data": {
        "Message": "Skipping license manager: PFN Microsoft.WindowsTerminal_1.18.10301.0_x64__8wekyb3d8bbwe",
        "Function": "InvokeLicenseManagerRequired",
        "Source": "onecoreuap\\enduser\\winstore\\licensemanager\\apisethost\\activationapis.cpp",
        "Line Number": "373"
      },
      "source_format": "evtx",
      "file": "Microsoft-Windows-Store%4Operational.evtx"
    },
    {
      "event_id": 1002,
      "provider": "Microsoft-Windows-KnownFolders",
      "timestamp": "2026-07-27T23:38:59.564616+00:00",
      "computer": "WIN-IN9ODUH5HLF",
      "level": "3",
      "channel": "Microsoft-Windows-Known Folders API Service",
      "record_id": "66",
      "event_data": {
        "hrError": "0x80070002",
        "FolderId": "4BD8D571-6D19-48D3-BE97-422220080E43",
        "Path": "C:\\WINDOWS\\system32\\config\\systemprofile\\Music"
      },
      "source_format": "evtx",
      "file": "Microsoft-Windows-Known Folders API Service.evtx"
    },
    {
      "event_id": 1002,
      "provider": "Microsoft-Windows-KnownFolders",
      "timestamp": "2026-07-27T23:38:59.564016+00:00",
      "computer": "WIN-IN9ODUH5HLF",
      "level": "3",
      "channel": "Microsoft-Windows-Known Folders API Service",
      "record_id": "65",
      "event_data": {
        "hrError": "0x80070002",
        "FolderId": "18989B1D-99B5-455B-841C-AB7C74E4DDFC",
        "Path": "C:\\WINDOWS\\system32\\config\\systemprofile\\Videos"
      },
      "source_format": "evtx",
      "file": "Microsoft-Windows-Known Folders API Service.evtx"
    },
    {
      "event_id": 1002,
      "provider": "Microsoft-Windows-KnownFolders",
      "timestamp": "2026-07-27T23:38:59.563397+00:00",
      "computer": "WIN-IN9ODUH5HLF",
      "level": "3",
      "channel": "Microsoft-Windows-Known Folders API Service",
      "record_id": "64",
      "event_data": {
        "hrError": "0x80070002",
        "FolderId": "33E28130-4E1E-4676-835A-98395C3BC3BB",
        "Path": "C:\\WINDOWS\\system32\\config\\systemprofile\\Pictures"
      },
      "source_format": "evtx",
      "file": "Microsoft-Windows-Known Folders API Service.evtx"
    },
    {
      "event_id": 1002,
      "provider": "Microsoft-Windows-KnownFolders",
      "timestamp": "2026-07-27T23:38:59.562763+00:00",
      "computer": "WIN-IN9ODUH5HLF",
      "level": "3",
      "channel": "Microsoft-Windows-Known Folders API Service",
      "record_id": "63",
      "event_data": {
        "hrError": "0x80070002",
        "FolderId": "FDD39AD0-238F-46AF-ADB4-6C85480369C7",
        "Path": "C:\\WINDOWS\\system32\\config\\systemprofile\\Documents"
      },
      "source_format": "evtx",
      "file": "Microsoft-Windows-Known Folders API Service.evtx"
    },
    {
      "event_id": 1002,
      "provider": "Microsoft-Windows-KnownFolders",
      "timestamp": "2026-07-27T23:38:59.562135+00:00",
      "computer": "WIN-IN9ODUH5HLF",
      "level": "3",
      "channel": "Microsoft-Windows-Known Folders API Service",
      "record_id": "62",
      "event_data": {
        "hrError": "0x80070002",
        "FolderId": "B4BFCC3A-DB2C-424C-B029-7FE99A87C641",
        "Path": "C:\\WINDOWS\\system32\\config\\systemprofile\\Desktop"
      },
      "source_format": "evtx",
      "file": "Microsoft-Windows-Known Folders API Service.evtx"
    },
    {
      "event_id": 1002,
      "provider": "Microsoft-Windows-KnownFolders",
      "timestamp": "2026-07-27T23:38:59.558514+00:00",
      "computer": "WIN-IN9ODUH5HLF",
      "level": "3",
      "channel": "Microsoft-Windows-Known Folders API Service",
      "record_id": "61",
      "event_data": {
        "hrError": "0x80070002",
        "FolderId": "4BD8D571-6D19-48D3-BE97-422220080E43",
        "Path": "C:\\WINDOWS\\system32\\config\\systemprofile\\Music"
      },
      "source_format": "evtx",
      "file": "Microsoft-Windows-Known Folders API Service.evtx"
    },
    {
      "event_id": 1002,
      "provider": "Microsoft-Windows-KnownFolders",
      "timestamp": "2026-07-27T23:38:59.557879+00:00",
      "computer": "WIN-IN9ODUH5HLF",
      "level": "3",
      "channel": "Microsoft-Windows-Known Folders API Service",
      "record_id": "60",
      "event_data": {
        "hrError": "0x80070002",
        "FolderId": "4BD8D571-6D19-48D3-BE97-422220080E43",
        "Path": "C:\\WINDOWS\\system32\\config\\systemprofile\\Music"
      },
      "source_format": "evtx",
      "file": "Microsoft-Windows-Known Folders API Service.evtx"
    },
    {
      "event_id": 1002,
      "provider": "Microsoft-Windows-KnownFolders",
      "timestamp": "2026-07-27T23:38:59.557232+00:00",
      "computer": "WIN-IN9ODUH5HLF",
      "level": "3",
      "channel": "Microsoft-Windows-Known Folders API Service",
      "record_id": "59",
      "event_data": {
        "hrError": "0x80070002",
        "FolderId": "18989B1D-99B5-455B-841C-AB7C74E4DDFC",
        "Path": "C:\\WINDOWS\\system32\\config\\systemprofile\\Videos"
      },
      "source_format": "evtx",
      "file": "Microsoft-Windows-Known Folders API Service.evtx"
    },
    {
      "event_id": 1002,
      "provider": "Microsoft-Windows-KnownFolders",
      "timestamp": "2026-07-27T23:38:59.556419+00:00",
      "computer": "WIN-IN9ODUH5HLF",
      "level": "3",
      "channel": "Microsoft-Windows-Known Folders API Service",
      "record_id": "58",
      "event_data": {
        "hrError": "0x80070002",
        "FolderId": "18989B1D-99B5-455B-841C-AB7C74E4DDFC",
        "Path": "C:\\WINDOWS\\system32\\config\\systemprofile\\Videos"
      },
      "source_format": "evtx",
      "file": "Microsoft-Windows-Known Folders API Service.evtx"
    },
    {
      "event_id": 1002,
      "provider": "Microsoft-Windows-KnownFolders",
      "timestamp": "2026-07-27T23:38:59.555758+00:00",
      "computer": "WIN-IN9ODUH5HLF",
      "level": "3",
      "channel": "Microsoft-Windows-Known Folders API Service",
      "record_id": "57",
      "event_data": {
        "hrError": "0x80070002",
        "FolderId": "33E28130-4E1E-4676-835A-98395C3BC3BB",
        "Path": "C:\\WINDOWS\\system32\\config\\systemprofile\\Pictures"
      },
      "source_format": "evtx",
      "file": "Microsoft-Windows-Known Folders API Service.evtx"
    },
    {
      "event_id": 1002,
      "provider": "Microsoft-Windows-KnownFolders",
      "timestamp": "2026-07-27T23:38:59.555149+00:00",
      "computer": "WIN-IN9ODUH5HLF",
      "level": "3",
      "channel": "Microsoft-Windows-Known Folders API Service",
      "record_id": "56",
      "event_data": {
        "hrError": "0x80070002",
        "FolderId": "33E28130-4E1E-4676-835A-98395C3BC3BB",
        "Path": "C:\\WINDOWS\\system32\\config\\systemprofile\\Pictures"
      },
      "source_format": "evtx",
      "file": "Microsoft-Windows-Known Folders API Service.evtx"
    },
    {
      "event_id": 1002,
      "provider": "Microsoft-Windows-KnownFolders",
      "timestamp": "2026-07-27T23:38:59.554264+00:00",
      "computer": "WIN-IN9ODUH5HLF",
      "level": "3",
      "channel": "Microsoft-Windows-Known Folders API Service",
      "record_id": "55",
      "event_data": {
        "hrError": "0x80070002",
        "FolderId": "FDD39AD0-238F-46AF-ADB4-6C85480369C7",
        "Path": "C:\\WINDOWS\\system32\\config\\systemprofile\\Documents"
      },
      "source_format": "evtx",
      "file": "Microsoft-Windows-Known Folders API Service.evtx"
    },
    {
      "event_id": 1002,
      "provider": "Microsoft-Windows-KnownFolders",
      "timestamp": "2026-07-27T23:38:59.553556+00:00",
      "computer": "WIN-IN9ODUH5HLF",
      "level": "3",
      "channel": "Microsoft-Windows-Known Folders API Service",
      "record_id": "54",
      "event_data": {
        "hrError": "0x80070002",
        "FolderId": "FDD39AD0-238F-46AF-ADB4-6C85480369C7",
        "Path": "C:\\WINDOWS\\system32\\config\\systemprofile\\Documents"
      },
      "source_format": "evtx",
      "file": "Microsoft-Windows-Known Folders API Service.evtx"
    },
    {
      "event_id": 1002,
      "provider": "Microsoft-Windows-KnownFolders",
      "timestamp": "2026-07-27T23:38:59.552898+00:00",
      "computer": "WIN-IN9ODUH5HLF",
      "level": "3",
      "channel": "Microsoft-Windows-Known Folders API Service",
      "record_id": "53",
      "event_data": {
        "hrError": "0x80070002",
        "FolderId": "B4BFCC3A-DB2C-424C-B029-7FE99A87C641",
        "Path": "C:\\WINDOWS\\system32\\config\\systemprofile\\Desktop"
      },
      "source_format": "evtx",
      "file": "Microsoft-Windows-Known Folders API Service.evtx"
    },
    {
      "event_id": 1002,
      "provider": "Microsoft-Windows-KnownFolders",
      "timestamp": "2026-07-27T23:38:59.552209+00:00",
      "computer": "WIN-IN9ODUH5HLF",
      "level": "3",
      "channel": "Microsoft-Windows-Known Folders API Service",
      "record_id": "52",
      "event_data": {
        "hrError": "0x80070002",
        "FolderId": "B4BFCC3A-DB2C-424C-B029-7FE99A87C641",
        "Path": "C:\\WINDOWS\\system32\\config\\systemprofile\\Desktop"
      },
      "source_format": "evtx",
      "file": "Microsoft-Windows-Known Folders API Service.evtx"
    },
    {
      "event_id": 1002,
      "provider": "Microsoft-Windows-Storsvc",
      "timestamp": "2026-07-27T23:38:59.448815+00:00",
      "computer": "WIN-IN9ODUH5HLF",
      "level": "4",
      "channel": "Microsoft-Windows-Storsvc/Diagnostic",
      "record_id": "1",
      "event_data": {
        "Version": "2",
        "Epoch": "0",
        "DiskIndex": "0",
        "TotalDisks": "1",
        "DiskNumber": "0",
        "VendorId": "",
        "ProductId": "VBOX HARDDISK",
        "ProductRevision": "1.0",
        "SerialNumber": "VBe87b51b9-d7d26e90",
        "ParentId": "PCI\\VEN_8086&DEV_2829&SUBSYS_00000000&REV_02\\3&267A616A&0&68",
        "FileSystem": "NTFS",
        "BusType": "11",
        "PartitionStyle": "1",
        "VolumeCount": "3",
        "ContainsRawVolumes": "false",
        "Size": "85899345920"
      },
      "source_format": "evtx",
      "file": "Microsoft-Windows-Storsvc%4Diagnostic.evtx"
    },
    {
      "event_id": 8001,
      "provider": "Microsoft-Windows-Store",
      "timestamp": "2026-07-27T23:38:46.619022+00:00",
      "computer": "WIN-IN9ODUH5HLF",
      "level": "4",
      "channel": "Microsoft-Windows-Store/Operational",
      "record_id": "3265",
      "event_data": {
        "Message": "Skipping license manager: PFN Microsoft.WindowsNotepad_11.2605.34.0_x64__8wekyb3d8bbwe",
        "Function": "InvokeLicenseManagerRequired",
        "Source": "onecoreuap\\enduser\\winstore\\licensemanager\\apisethost\\activationapis.cpp",
        "Line Number": "373"
      },
      "source_format": "evtx",
      "file": "Microsoft-Windows-Store%4Operational.evtx"
    },
    {
      "event_id": 8001,
      "provider": "Microsoft-Windows-Store",
      "timestamp": "2026-07-27T23:38:46.595857+00:00",
      "computer": "WIN-IN9ODUH5HLF",
      "level": "4",
      "channel": "Microsoft-Windows-Store/Operational",
      "record_id": "3264",
      "event_data": {
        "Message": "Skipping license manager: PFN Microsoft.WindowsNotepad_11.2605.34.0_x64__8wekyb3d8bbwe",
        "Function": "InvokeLicenseManagerRequired",
        "Source": "onecoreuap\\enduser\\winstore\\licensemanager\\apisethost\\activationapis.cpp",
        "Line Number": "373"
      },
      "source_format": "evtx",
      "file": "Microsoft-Windows-Store%4Operational.evtx"
    },
    {
      "event_id": 8001,
      "provider": "Microsoft-Windows-Store",
      "timestamp": "2026-07-27T23:38:46.595276+00:00",
      "computer": "WIN-IN9ODUH5HLF",
      "level": "4",
      "channel": "Microsoft-Windows-Store/Operational",
      "record_id": "3263",
      "event_data": {
        "Message": "canDisableApps value is 1",
        "Function": "InitStoreAppsAreDisabled",
        "Source": "onecoreuap\\enduser\\winstore\\licensemanager\\apisethost\\activationapis.cpp",
        "Line Number": "195"
      },
      "source_format": "evtx",
      "file": "Microsoft-Windows-Store%4Operational.evtx"
    },
    {
      "event_id": 8001,
      "provider": "Microsoft-Windows-Store",
      "timestamp": "2026-07-27T23:38:39.262147+00:00",
      "computer": "WIN-IN9ODUH5HLF",
      "level": "4",
      "channel": "Microsoft-Windows-Store/Operational",
      "record_id": "3261",
      "event_data": {
        "Message": "Skipping license manager: PFN Microsoft.WindowsNotepad_11.2605.34.0_x64__8wekyb3d8bbwe",
        "Function": "InvokeLicenseManagerRequired",
        "Source": "onecoreuap\\enduser\\winstore\\licensemanager\\apisethost\\activationapis.cpp",
        "Line Number": "373"
      },
      "source_format": "evtx",
      "file": "Microsoft-Windows-Store%4Operational.evtx"
    },
    {
      "event_id": 8001,
      "provider": "Microsoft-Windows-Store",
      "timestamp": "2026-07-27T23:38:39.223469+00:00",
      "computer": "WIN-IN9ODUH5HLF",
      "level": "4",
      "channel": "Microsoft-Windows-Store/Operational",
      "record_id": "3260",
      "event_data": {
        "Message": "Skipping license manager: PFN Microsoft.WindowsNotepad_11.2605.34.0_x64__8wekyb3d8bbwe",
        "Function": "InvokeLicenseManagerRequired",
        "Source": "onecoreuap\\enduser\\winstore\\licensemanager\\apisethost\\activationapis.cpp",
        "Line Number": "373"
      },
      "source_format": "evtx",
      "file": "Microsoft-Windows-Store%4Operational.evtx"
    },
    {
      "event_id": 8001,
      "provider": "Microsoft-Windows-Store",
      "timestamp": "2026-07-27T23:37:29.505110+00:00",
      "computer": "WIN-IN9ODUH5HLF",
      "level": "4",
      "channel": "Microsoft-Windows-Store/Operational",
      "record_id": "3259",
      "event_data": {
        "Message": "Skipping license manager: PFN Microsoft.WindowsNotepad_11.2605.34.0_x64__8wekyb3d8bbwe",
        "Function": "InvokeLicenseManagerRequired",
        "Source": "onecoreuap\\enduser\\winstore\\licensemanager\\apisethost\\activationapis.cpp",
        "Line Number": "373"
      },
      "source_format": "evtx",
      "file": "Microsoft-Windows-Store%4Operational.evtx"
    },
    {
      "event_id": 8001,
      "provider": "Microsoft-Windows-Store",
      "timestamp": "2026-07-27T23:37:29.474540+00:00",
      "computer": "WIN-IN9ODUH5HLF",
      "level": "4",
      "channel": "Microsoft-Windows-Store/Operational",
      "record_id": "3258",
      "event_data": {
        "Message": "Skipping license manager: PFN Microsoft.WindowsNotepad_11.2605.34.0_x64__8wekyb3d8bbwe",
        "Function": "InvokeLicenseManagerRequired",
        "Source": "onecoreuap\\enduser\\winstore\\licensemanager\\apisethost\\activationapis.cpp",
        "Line Number": "373"
      },
      "source_format": "evtx",
      "file": "Microsoft-Windows-Store%4Operational.evtx"
    },
    {
      "event_id": 8001,
      "provider": "Microsoft-Windows-Store",
      "timestamp": "2026-07-27T23:37:29.473349+00:00",
      "computer": "WIN-IN9ODUH5HLF",
      "level": "4",
      "channel": "Microsoft-Windows-Store/Operational",
      "record_id": "3257",
      "event_data": {
        "Message": "canDisableApps value is 1",
        "Function": "InitStoreAppsAreDisabled",
        "Source": "onecoreuap\\enduser\\winstore\\licensemanager\\apisethost\\activationapis.cpp",
        "Line Number": "195"
      },
      "source_format": "evtx",
      "file": "Microsoft-Windows-Store%4Operational.evtx"
    },
    {
      "event_id": 3,
      "provider": "Microsoft-Windows-Bits-Client",
      "timestamp": "2026-07-27T23:36:49.826159+00:00",
      "computer": "WIN-IN9ODUH5HLF",
      "level": "4",
      "channel": "Microsoft-Windows-Bits-Client/Operational",
      "record_id": "517",
      "event_data": {
        "jobTitle": "Edge Component Updater",
        "jobId": "09841AC4-674B-480A-B582-083AB21E929C",
        "jobOwner": "DESKTOP-M3EFNJH\\Adam Sed",
        "processPath": "C:\\Program Files (x86)\\Microsoft\\EdgeWebView\\Application\\150.0.4078.105\\msedgewebview2.exe",
        "processId": "7836",
        "ClientProcessStartKey": "562949953422633"
      },
      "source_format": "evtx",
      "file": "Microsoft-Windows-Bits-Client%4Operational.evtx"
    },
    {
      "event_id": 8001,
      "provider": "Microsoft-Windows-Store",
      "timestamp": "2026-07-27T23:36:48.806527+00:00",
      "computer": "WIN-IN9ODUH5HLF",
      "level": "4",
      "channel": "Microsoft-Windows-Store/Operational",
      "record_id": "3255",
      "event_data": {
        "Message": "Skipping license manager: PFN Microsoft.WindowsNotepad_11.2605.34.0_x64__8wekyb3d8bbwe",
        "Function": "InvokeLicenseManagerRequired",
        "Source": "onecoreuap\\enduser\\winstore\\licensemanager\\apisethost\\activationapis.cpp",
        "Line Number": "373"
      },
      "source_format": "evtx",
      "file": "Microsoft-Windows-Store%4Operational.evtx"
    },
    {
      "event_id": 8001,
      "provider": "Microsoft-Windows-Store",
      "timestamp": "2026-07-27T23:36:48.675281+00:00",
      "computer": "WIN-IN9ODUH5HLF",
      "level": "4",
      "channel": "Microsoft-Windows-Store/Operational",
      "record_id": "3254",
      "event_data": {
        "Message": "Skipping license manager: PFN Microsoft.WindowsNotepad_11.2605.34.0_x64__8wekyb3d8bbwe",
        "Function": "InvokeLicenseManagerRequired",
        "Source": "onecoreuap\\enduser\\winstore\\licensemanager\\apisethost\\activationapis.cpp",
        "Line Number": "373"
      },
      "source_format": "evtx",
      "file": "Microsoft-Windows-Store%4Operational.evtx"
    },
