    {
      "source_format": "evt",
      "file": "SysEvent.Evt",
      "event_id": 7036,
      "provider": "Service Control Manager",
      "timestamp": "2008-06-07T05:07:00+00:00",
      "computer": "JEAN-13FBF038A3",
      "level": "Information",
      "channel": "SysEvent",
      "record_id": 86,
      "event_data": {
        "String0": "IMAPI CD-Burning COM Service",
        "String1": "stopped"
      }
    },
    {
      "source_format": "evt",
      "file": "SysEvent.Evt",
      "event_id": 7036,
      "provider": "Service Control Manager",
      "timestamp": "2008-06-07T05:06:54+00:00",
      "computer": "JEAN-13FBF038A3",
      "level": "Information",
      "channel": "SysEvent",
      "record_id": 85,
      "event_data": {
        "String0": "SSDP Discovery Service",
        "String1": "running"
      }
    },
    {
      "source_format": "evt",
      "file": "SysEvent.Evt",
      "event_id": 7036,
      "provider": "Service Control Manager",
      "timestamp": "2008-06-07T05:06:53+00:00",
      "computer": "JEAN-13FBF038A3",
      "level": "Information",
      "channel": "SysEvent",
      "record_id": 83,
      "event_data": {
        "String0": "IMAPI CD-Burning COM Service",
        "String1": "running"
      }
    },
    {
      "source_format": "evt",
      "file": "SysEvent.Evt",
      "event_id": 7036,
      "provider": "Service Control Manager",
      "timestamp": "2008-06-07T05:06:40+00:00",
      "computer": "JEAN-13FBF038A3",
      "level": "Information",
      "channel": "SysEvent",
      "record_id": 81,
      "event_data": {
        "String0": "Windows Installer",
        "String1": "running"
      }
    },
    {
      "source_format": "evt",
      "file": "SysEvent.Evt",
      "event_id": 7036,
      "provider": "Service Control Manager",
      "timestamp": "2008-06-07T05:06:29+00:00",
      "computer": "JEAN-13FBF038A3",
      "level": "Information",
      "channel": "SysEvent",
      "record_id": 77,
      "event_data": {
        "String0": "Terminal Services",
        "String1": "running"
      }
    },
    {
      "source_format": "evt",
      "file": "SysEvent.Evt",
      "event_id": 7036,
      "provider": "Service Control Manager",
      "timestamp": "2008-06-07T05:06:29+00:00",
      "computer": "JEAN-13FBF038A3",
      "level": "Information",
      "channel": "SysEvent",
      "record_id": 79,
      "event_data": {
        "String0": "Fast User Switching Compatibility",
        "String1": "running"
      }
    },
    {
      "source_format": "evt",
      "file": "SysEvent.Evt",
      "event_id": 7036,
      "provider": "Service Control Manager",
      "timestamp": "2008-06-07T05:06:25+00:00",
      "computer": "JEAN-13FBF038A3",
      "level": "Information",
      "channel": "SysEvent",
      "record_id": 76,
      "event_data": {
        "String0": "Windows Service Pack Installer update service",
        "String1": "stopped"
      }
    },
    {
      "source_format": "evt",
      "file": "SysEvent.Evt",
      "event_id": 7036,
      "provider": "Service Control Manager",
      "timestamp": "2008-06-07T05:06:14+00:00",
      "computer": "JEAN-13FBF038A3",
      "level": "Information",
      "channel": "SysEvent",
      "record_id": 70,
      "event_data": {
        "String0": "Network Location Awareness (NLA)",
        "String1": "running"
      }
    },
    {
      "source_format": "evt",
      "file": "SysEvent.Evt",
      "event_id": 7036,
      "provider": "Service Control Manager",
      "timestamp": "2008-06-07T05:06:14+00:00",
      "computer": "JEAN-13FBF038A3",
      "level": "Information",
      "channel": "SysEvent",
      "record_id": 72,
      "event_data": {
        "String0": "Application Layer Gateway Service",
        "String1": "running"
      }
    },
    {
      "source_format": "evt",
      "file": "SysEvent.Evt",
      "event_id": 7036,
      "provider": "Service Control Manager",
      "timestamp": "2008-06-07T05:06:14+00:00",
      "computer": "JEAN-13FBF038A3",
      "level": "Information",
      "channel": "SysEvent",
      "record_id": 73,
      "event_data": {
        "String0": "Computer Browser",
        "String1": "stopped"
      }
    },
    {
      "source_format": "evt",
      "file": "SysEvent.Evt",
      "event_id": 7036,
      "provider": "Service Control Manager",
      "timestamp": "2008-05-14T06:31:54+00:00",
      "computer": "JEAN-13FBF038A3",
      "level": "Information",
      "channel": "SysEvent",
      "record_id": 58,
      "event_data": {
        "String0": "Background Intelligent Transfer Service",
        "String1": "running"
      }
    },
    {
      "source_format": "evt",
      "file": "SysEvent.Evt",
      "event_id": 7036,
      "provider": "Service Control Manager",
      "timestamp": "2008-05-14T06:27:39+00:00",
      "computer": "JEAN-13FBF038A3",
      "level": "Information",
      "channel": "SysEvent",
      "record_id": 56,
      "event_data": {
        "String0": "Automatic Updates",
        "String1": "running"
      }
    },
    {
      "source_format": "evt",
      "file": "SysEvent.Evt",
      "event_id": 7036,
      "provider": "Service Control Manager",
      "timestamp": "2008-05-14T06:27:33+00:00",
      "computer": "JEAN-13FBF038A3",
      "level": "Information",
      "channel": "SysEvent",
      "record_id": 54,
      "event_data": {
        "String0": "Automatic Updates",
        "String1": "stopped"
      }
    },
    {
      "source_format": "evt",
      "file": "SysEvent.Evt",
      "event_id": 7036,
      "provider": "Service Control Manager",
      "timestamp": "2008-05-14T05:32:09+00:00",
      "computer": "JEAN-13FBF038A3",
      "level": "Information",
      "channel": "SysEvent",
      "record_id": 52,
      "event_data": {
        "String0": "IMAPI CD-Burning COM Service",
        "String1": "stopped"
      }
    },
    {
      "source_format": "evt",
      "file": "SysEvent.Evt",
      "event_id": 7036,
      "provider": "Service Control Manager",
      "timestamp": "2008-05-14T05:32:03+00:00",
      "computer": "JEAN-13FBF038A3",
      "level": "Information",
      "channel": "SysEvent",
      "record_id": 40,
      "event_data": {
        "String0": "Terminal Services",
        "String1": "running"
      }
    },
    {
      "source_format": "evt",
      "file": "SysEvent.Evt",
      "event_id": 7036,
      "provider": "Service Control Manager",
      "timestamp": "2008-05-14T05:32:03+00:00",
      "computer": "JEAN-13FBF038A3",
      "level": "Information",
      "channel": "SysEvent",
      "record_id": 42,
      "event_data": {
        "String0": "Fast User Switching Compatibility",
        "String1": "running"
      }
    },
    {
      "source_format": "evt",
      "file": "SysEvent.Evt",
      "event_id": 7036,
      "provider": "Service Control Manager",
      "timestamp": "2008-05-14T05:32:03+00:00",
      "computer": "JEAN-13FBF038A3",
      "level": "Information",
      "channel": "SysEvent",
      "record_id": 45,
      "event_data": {
        "String0": "Network Location Awareness (NLA)",
        "String1": "running"
      }
    },
    {
      "source_format": "evt",
      "file": "SysEvent.Evt",
      "event_id": 7036,
      "provider": "Service Control Manager",
      "timestamp": "2008-05-14T05:32:03+00:00",
      "computer": "JEAN-13FBF038A3",
      "level": "Information",
      "channel": "SysEvent",
      "record_id": 46,
      "event_data": {
        "String0": "IMAPI CD-Burning COM Service",
        "String1": "running"
      }
    },
    {
      "source_format": "evt",
      "file": "SysEvent.Evt",
      "event_id": 7036,
      "provider": "Service Control Manager",
      "timestamp": "2008-05-14T05:32:03+00:00",
      "computer": "JEAN-13FBF038A3",
      "level": "Information",
      "channel": "SysEvent",
      "record_id": 48,
      "event_data": {
        "String0": "SSDP Discovery Service",
        "String1": "running"
      }
    },
    {
      "source_format": "evt",
      "file": "SysEvent.Evt",
      "event_id": 7036,
      "provider": "Service Control Manager",
      "timestamp": "2008-05-14T05:32:03+00:00",
      "computer": "JEAN-13FBF038A3",
      "level": "Information",
      "channel": "SysEvent",
      "record_id": 50,
      "event_data": {
        "String0": "Application Layer Gateway Service",
        "String1": "running"
      }
    },
    {
      "source_format": "evt",
      "file": "SysEvent.Evt",
      "event_id": 7036,
      "provider": "Service Control Manager",
      "timestamp": "2008-05-14T05:32:03+00:00",
      "computer": "JEAN-13FBF038A3",
      "level": "Information",
      "channel": "SysEvent",
      "record_id": 51,
      "event_data": {
        "String0": "Computer Browser",
        "String1": "stopped"
      }
    },
    {
      "source_format": "evt",
      "file": "SysEvent.Evt",
      "event_id": 7036,
      "provider": "Service Control Manager",
      "timestamp": "2008-05-14T05:31:28+00:00",
      "computer": "JEAN-13FBF038A3",
      "level": "Information",
      "channel": "SysEvent",
      "record_id": 35,
      "event_data": {
        "String0": "Windows Installer",
        "String1": "stopped"
      }
    },
    {
      "source_format": "evt",
      "file": "SysEvent.Evt",
      "event_id": 7036,
      "provider": "Service Control Manager",
      "timestamp": "2008-05-14T05:31:18+00:00",
      "computer": "JEAN-13FBF038A3",
      "level": "Information",
      "channel": "SysEvent",
      "record_id": 33,
      "event_data": {
        "String0": "VMware Physical Disk Helper Service",
        "String1": "running"
      }
    },
    {
      "source_format": "evt",
      "file": "SysEvent.Evt",
      "event_id": 7036,
      "provider": "Service Control Manager",
      "timestamp": "2008-05-13T21:31:16+00:00",
      "computer": "JEAN-13FBF038A3",
      "level": "Information",
      "channel": "SysEvent",
      "record_id": 31,
      "event_data": {
        "String0": "VMware Tools Service",
        "String1": "running"
      }
    },
    {
      "source_format": "evt",
      "file": "SysEvent.Evt",
      "event_id": 7036,
      "provider": "Service Control Manager",
      "timestamp": "2008-05-13T21:30:46+00:00",
      "computer": "JEAN-13FBF038A3",
      "level": "Information",
      "channel": "SysEvent",
      "record_id": 28,
      "event_data": {
        "String0": "IMAPI CD-Burning COM Service",
        "String1": "stopped"
      }
    },
    {
      "source_format": "evt",
      "file": "SysEvent.Evt",
      "event_id": 7036,
      "provider": "Service Control Manager",
      "timestamp": "2008-05-13T21:30:39+00:00",
      "computer": "JEAN-13FBF038A3",
      "level": "Information",
      "channel": "SysEvent",
      "record_id": 27,
      "event_data": {
        "String0": "IMAPI CD-Burning COM Service",
        "String1": "running"
      }
    },
    {
      "source_format": "evt",
      "file": "SysEvent.Evt",
      "event_id": 7036,
      "provider": "Service Control Manager",
      "timestamp": "2008-05-13T21:30:35+00:00",
      "computer": "JEAN-13FBF038A3",
      "level": "Information",
      "channel": "SysEvent",
      "record_id": 25,
      "event_data": {
        "String0": "SSDP Discovery Service",
        "String1": "running"
      }
    },
    {
      "source_format": "evt",
      "file": "SysEvent.Evt",
      "event_id": 7036,
      "provider": "Service Control Manager",
      "timestamp": "2008-05-13T21:30:31+00:00",
      "computer": "JEAN-13FBF038A3",
      "level": "Information",
      "channel": "SysEvent",
      "record_id": 23,
      "event_data": {
        "String0": "Windows Installer",
        "String1": "running"
      }
    },
    {
      "source_format": "evt",
      "file": "SysEvent.Evt",
      "event_id": 7036,
      "provider": "Service Control Manager",
      "timestamp": "2008-05-13T21:30:11+00:00",
      "computer": "JEAN-13FBF038A3",
      "level": "Information",
      "channel": "SysEvent",
      "record_id": 19,
      "event_data": {
        "String0": "Terminal Services",
        "String1": "running"
      }
    },
    {
      "source_format": "evt",
      "file": "SysEvent.Evt",
      "event_id": 7036,
      "provider": "Service Control Manager",
      "timestamp": "2008-05-13T21:30:11+00:00",
      "computer": "JEAN-13FBF038A3",
      "level": "Information",
      "channel": "SysEvent",
      "record_id": 21,
      "event_data": {
        "String0": "Fast User Switching Compatibility",
        "String1": "running"
      }
    },
    {
      "source_format": "evt",
      "file": "SysEvent.Evt",
      "event_id": 7036,
      "provider": "Service Control Manager",
      "timestamp": "2008-05-13T21:30:10+00:00",
      "computer": "JEAN-13FBF038A3",
      "level": "Information",
      "channel": "SysEvent",
      "record_id": 18,
      "event_data": {
        "String0": "Computer Browser",
        "String1": "stopped"
      }
    },
    {
      "source_format": "evt",
      "file": "SysEvent.Evt",
      "event_id": 7036,
      "provider": "Service Control Manager",
      "timestamp": "2008-05-13T21:30:09+00:00",
      "computer": "JEAN-13FBF038A3",
      "level": "Information",
      "channel": "SysEvent",
      "record_id": 15,
      "event_data": {
        "String0": "Network Location Awareness (NLA)",
        "String1": "running"
      }
    },
    {
      "source_format": "evt",
      "file": "SysEvent.Evt",
      "event_id": 7036,
      "provider": "Service Control Manager",
      "timestamp": "2008-05-13T21:30:09+00:00",
      "computer": "JEAN-13FBF038A3",
      "level": "Information",
      "channel": "SysEvent",
      "record_id": 17,
      "event_data": {
        "String0": "Application Layer Gateway Service",
        "String1": "running"
      }
    }
  ],
  "all_events": [
    {
      "source_format": "evt",
      "file": "SysEvent.Evt",
      "event_id": 6006,
      "provider": "EventLog",
      "timestamp": "2008-07-21T01:31:12+00:00",
      "computer": "JEAN-13FBF038A3",
      "level": "Information",
      "channel": "SysEvent",
      "record_id": 470,
      "event_data": {}
    },
    {
      "source_format": "evt",
      "file": "SysEvent.Evt",
      "event_id": 18,
      "provider": "Windows Update Agent",
      "timestamp": "2008-07-21T01:27:40+00:00",
      "computer": "JEAN-13FBF038A3",
      "level": "Information",
      "channel": "SysEvent",
      "record_id": 469,
      "event_data": {
        "String0": "Monday, July 21, 2008",
        "String1": "3:00 AM",
        "String2": "\n- Cumulative Security Update for ActiveX Killbits for Windows XP (KB950760)\n- Cumulative Security Update for Internet Explorer 6 for Windows XP (KB950759)\n- Security Update for Windows XP (KB950762)\n- Security Update for Windows XP (KB951698)\n- Update for Windows XP (KB951978)\n- Security Update for Windows XP (KB951376)"
      }
    },
    {
      "source_format": "evt",
      "file": "SysEvent.Evt",
      "event_id": 7035,
      "provider": "Service Control Manager",
      "timestamp": "2008-07-21T01:22:30+00:00",
      "computer": "JEAN-13FBF038A3",
      "level": "Information",
      "channel": "SysEvent",
      "record_id": 464,
      "event_data": {
        "String0": "IMAPI CD-Burning COM Service",
        "String1": "start"
      }
    },
    {
      "source_format": "evt",
      "file": "SysEvent.Evt",
      "event_id": 7036,
      "provider": "Service Control Manager",
      "timestamp": "2008-07-21T01:22:30+00:00",
      "computer": "JEAN-13FBF038A3",
      "level": "Information",
      "channel": "SysEvent",
      "record_id": 465,
      "event_data": {
        "String0": "IMAPI CD-Burning COM Service",
        "String1": "running"
      }
    },
    {
      "source_format": "evt",
      "file": "SysEvent.Evt",
      "event_id": 4201,
      "provider": "Tcpip",
      "timestamp": "2008-07-21T01:22:30+00:00",
      "computer": "JEAN-13FBF038A3",
      "level": "Information",
      "channel": "SysEvent",
      "record_id": 466,
      "event_data": {
        "String0": "",
        "String1": "\\DEVICE\\TCPIP_{75511F16-E7C3-483D-844F-587965FC214F}"
      }
    },
    {
      "source_format": "evt",
      "file": "SysEvent.Evt",
      "event_id": 7035,
      "provider": "Service Control Manager",
      "timestamp": "2008-07-21T01:22:30+00:00",
      "computer": "JEAN-13FBF038A3",
      "level": "Information",
      "channel": "SysEvent",
      "record_id": 467,
      "event_data": {
        "String0": "SSDP Discovery Service",
        "String1": "start"
      }
    },
    {
      "source_format": "evt",
      "file": "SysEvent.Evt",
      "event_id": 7036,
      "provider": "Service Control Manager",
      "timestamp": "2008-07-21T01:22:30+00:00",
      "computer": "JEAN-13FBF038A3",
      "level": "Information",
      "channel": "SysEvent",
      "record_id": 468,
      "event_data": {
        "String0": "SSDP Discovery Service",
        "String1": "running"
      }
    },
    {
      "source_format": "evt",
      "file": "SysEvent.Evt",
      "event_id": 7036,
      "provider": "Service Control Manager",
      "timestamp": "2008-07-21T01:22:27+00:00",
      "computer": "JEAN-13FBF038A3",
      "level": "Information",
      "channel": "SysEvent",
      "record_id": 463,
      "event_data": {
        "String0": "Computer Browser",
        "String1": "stopped"
      }
    },
    {
      "source_format": "evt",
      "file": "SysEvent.Evt",
      "event_id": 7036,
      "provider": "Service Control Manager",
      "timestamp": "2008-07-21T01:22:26+00:00",
      "computer": "JEAN-13FBF038A3",
      "level": "Information",
      "channel": "SysEvent",
      "record_id": 456,
      "event_data": {
        "String0": "Terminal Services",
        "String1": "running"
      }
    },
    {
      "source_format": "evt",
      "file": "SysEvent.Evt",
      "event_id": 7035,
      "provider": "Service Control Manager",
      "timestamp": "2008-07-21T01:22:26+00:00",
      "computer": "JEAN-13FBF038A3",
      "level": "Information",
      "channel": "SysEvent",
      "record_id": 457,
      "event_data": {
        "String0": "Fast User Switching Compatibility",
        "String1": "start"
      }
    },
    {
      "source_format": "evt",
      "file": "SysEvent.Evt",
      "event_id": 7036,
      "provider": "Service Control Manager",
      "timestamp": "2008-07-21T01:22:26+00:00",
      "computer": "JEAN-13FBF038A3",
      "level": "Information",
      "channel": "SysEvent",
      "record_id": 458,
      "event_data": {
        "String0": "Fast User Switching Compatibility",
        "String1": "running"
      }
    },
    {
      "source_format": "evt",
      "file": "SysEvent.Evt",
      "event_id": 7035,
      "provider": "Service Control Manager",
      "timestamp": "2008-07-21T01:22:26+00:00",
      "computer": "JEAN-13FBF038A3",
      "level": "Information",
      "channel": "SysEvent",
      "record_id": 459,
      "event_data": {
        "String0": "Network Location Awareness (NLA)",
        "String1": "start"
      }
    },
    {
      "source_format": "evt",
      "file": "SysEvent.Evt",
      "event_id": 7036,
      "provider": "Service Control Manager",
      "timestamp": "2008-07-21T01:22:26+00:00",
      "computer": "JEAN-13FBF038A3",
      "level": "Information",
      "channel": "SysEvent",
      "record_id": 460,
      "event_data": {
        "String0": "Network Location Awareness (NLA)",
        "String1": "running"
      }
    },
    {
      "source_format": "evt",
      "file": "SysEvent.Evt",
      "event_id": 7035,
      "provider": "Service Control Manager",
      "timestamp": "2008-07-21T01:22:26+00:00",
      "computer": "JEAN-13FBF038A3",
      "level": "Information",
      "channel": "SysEvent",
      "record_id": 461,
      "event_data": {
        "String0": "Application Layer Gateway Service",
        "String1": "start"
      }
    },
    {
      "source_format": "evt",
      "file": "SysEvent.Evt",
      "event_id": 7036,
      "provider": "Service Control Manager",
      "timestamp": "2008-07-21T01:22:26+00:00",
      "computer": "JEAN-13FBF038A3",
      "level": "Information",
      "channel": "SysEvent",
      "record_id": 462,
      "event_data": {
        "String0": "Application Layer Gateway Service",
        "String1": "running"
      }
    },
    {
      "source_format": "evt",
      "file": "AppEvent.Evt",
      "event_id": 1800,
      "provider": "SecurityCenter",
      "timestamp": "2008-07-21T01:22:24+00:00",
      "computer": "JEAN-13FBF038A3",
      "level": "Information",
      "channel": "AppEvent",
      "record_id": 105,
      "event_data": {}
    },
    {
      "source_format": "evt",
      "file": "AppEvent.Evt",
      "event_id": 105,
      "provider": "VMTools",
      "timestamp": "2008-07-21T01:22:21+00:00",
      "computer": "JEAN-13FBF038A3",
      "level": "Information",
      "channel": "AppEvent",
      "record_id": 103,
      "event_data": {}
    },
    {
      "source_format": "evt",
      "file": "AppEvent.Evt",
      "event_id": 0,
      "provider": "Viewpoint Manager Service",
      "timestamp": "2008-07-21T01:22:21+00:00",
      "computer": "JEAN-13FBF038A3",
      "level": "Information",
      "channel": "AppEvent",
      "record_id": 104,
      "event_data": {
        "String0": "Service started"
      }
    },
    {
      "source_format": "evt",
      "file": "SysEvent.Evt",
      "event_id": 1,
      "provider": "LGTO_Sync",
      "timestamp": "2008-07-21T01:22:20+00:00",
      "computer": "JEAN-13FBF038A3",
      "level": "Information",
      "channel": "SysEvent",
      "record_id": 455,
      "event_data": {
        "String0": "",
        "String1": "The Driver was loaded successfully "
      }
    },
    {
      "source_format": "evt",
      "file": "SysEvent.Evt",
      "event_id": 6009,
      "provider": "EventLog",
      "timestamp": "2008-07-21T01:22:16+00:00",
      "computer": "JEAN-13FBF038A3",
      "level": "Information",
      "channel": "SysEvent",
      "record_id": 453,
      "event_data": {
        "String0": "5.01.",
        "String1": "2600",
        "String2": "Service Pack 3",
        "String3": "Uniprocessor Free"
      }
    },
    {
      "source_format": "evt",
      "file": "SysEvent.Evt",
      "event_id": 6005,
      "provider": "EventLog",
      "timestamp": "2008-07-21T01:22:16+00:00",
      "computer": "JEAN-13FBF038A3",
      "level": "Information",
      "channel": "SysEvent",
      "record_id": 454,
      "event_data": {}
    },
    {
      "source_format": "evt",
      "file": "SysEvent.Evt",
      "event_id": 6006,
      "provider": "EventLog",
      "timestamp": "2008-07-21T01:18:02+00:00",
      "computer": "JEAN-13FBF038A3",
      "level": "Information",
      "channel": "SysEvent",
      "record_id": 452,
      "event_data": {}
    },
    {
      "source_format": "evt",
      "file": "SysEvent.Evt",
      "event_id": 1073,
      "provider": "USER32",
      "timestamp": "2008-07-20T23:36:02+00:00",
      "computer": "JEAN-13FBF038A3",
      "level": "Warning",
      "channel": "SysEvent",
      "record_id": 451,
      "event_data": {
        "String0": "reboot",
        "String1": "JEAN-13FBF038A3"
      }
    },
    {
      "source_format": "evt",
      "file": "SysEvent.Evt",
      "event_id": 36,
      "provider": "W32Time",
      "timestamp": "2008-07-20T13:29:37+00:00",
      "computer": "JEAN-13FBF038A3",
      "level": "Warning",
      "channel": "SysEvent",
      "record_id": 450,
      "event_data": {
        "String0": "49152"
      }
    },
    {
      "source_format": "evt",
      "file": "SysEvent.Evt",
      "event_id": 18,
      "provider": "Windows Update Agent",
      "timestamp": "2008-07-20T02:00:33+00:00",
      "computer": "JEAN-13FBF038A3",
      "level": "Information",
      "channel": "SysEvent",
      "record_id": 448,
      "event_data": {
        "String0": "Monday, July 21, 2008",
        "String1": "3:00 AM",
        "String2": "\n- Cumulative Security Update for ActiveX Killbits for Windows XP (KB950760)\n- Cumulative Security Update for Internet Explorer 6 for Windows XP (KB950759)\n- Security Update for Windows XP (KB950762)\n- Security Update for Windows XP (KB951698)\n- Update for Windows XP (KB951978)"
      }
    },
    {
      "source_format": "evt",
      "file": "SysEvent.Evt",
      "event_id": 18,
      "provider": "Windows Update Agent",
      "timestamp": "2008-07-20T02:00:33+00:00",
      "computer": "JEAN-13FBF038A3",
      "level": "Information",
      "channel": "SysEvent",
      "record_id": 449,
      "event_data": {
        "String0": "Monday, July 21, 2008",
        "String1": "3:00 AM",
        "String2": "\n- Cumulative Security Update for ActiveX Killbits for Windows XP (KB950760)\n- Cumulative Security Update for Internet Explorer 6 for Windows XP (KB950759)\n- Security Update for Windows XP (KB950762)\n- Security Update for Windows XP (KB951698)\n- Update for Windows XP (KB951978)\n- Security Update for Windows XP (KB951376)"
      }
    },
    {
      "source_format": "evt",
      "file": "SysEvent.Evt",
      "event_id": 18,
      "provider": "Windows Update Agent",
      "timestamp": "2008-07-20T02:00:29+00:00",
      "computer": "JEAN-13FBF038A3",
      "level": "Information",
      "channel": "SysEvent",
      "record_id": 444,
      "event_data": {
        "String0": "Monday, July 21, 2008",
        "String1": "3:00 AM",
        "String2": "\n- Cumulative Security Update for ActiveX Killbits for Windows XP (KB950760)"
      }
    },
    {
      "source_format": "evt",
      "file": "SysEvent.Evt",
      "event_id": 18,
      "provider": "Windows Update Agent",
      "timestamp": "2008-07-20T02:00:29+00:00",
      "computer": "JEAN-13FBF038A3",
      "level": "Information",
      "channel": "SysEvent",
      "record_id": 445,
      "event_data": {
        "String0": "Monday, July 21, 2008",
        "String1": "3:00 AM",
        "String2": "\n- Cumulative Security Update for ActiveX Killbits for Windows XP (KB950760)\n- Cumulative Security Update for Internet Explorer 6 for Windows XP (KB950759)"
      }
    },
    {
      "source_format": "evt",
      "file": "SysEvent.Evt",
      "event_id": 18,
      "provider": "Windows Update Agent",
      "timestamp": "2008-07-20T02:00:29+00:00",
      "computer": "JEAN-13FBF038A3",
      "level": "Information",
      "channel": "SysEvent",
      "record_id": 446,
      "event_data": {
        "String0": "Monday, July 21, 2008",
        "String1": "3:00 AM",
        "String2": "\n- Cumulative Security Update for ActiveX Killbits for Windows XP (KB950760)\n- Cumulative Security Update for Internet Explorer 6 for Windows XP (KB950759)\n- Security Update for Windows XP (KB950762)"
      }
    },
    {
      "source_format": "evt",
      "file": "SysEvent.Evt",
      "event_id": 18,
      "provider": "Windows Update Agent",
      "timestamp": "2008-07-20T02:00:29+00:00",
      "computer": "JEAN-13FBF038A3",
      "level": "Information",
      "channel": "SysEvent",
      "record_id": 447,
      "event_data": {
        "String0": "Monday, July 21, 2008",
        "String1": "3:00 AM",
        "String2": "\n- Cumulative Security Update for ActiveX Killbits for Windows XP (KB950760)\n- Cumulative Security Update for Internet Explorer 6 for Windows XP (KB950759)\n- Security Update for Windows XP (KB950762)\n- Security Update for Windows XP (KB951698)"
      }
    },
    {
      "source_format": "evt",
      "file": "SysEvent.Evt",
      "event_id": 7036,
      "provider": "Service Control Manager",
      "timestamp": "2008-07-20T00:00:59+00:00",
      "computer": "JEAN-13FBF038A3",
      "level": "Information",
      "channel": "SysEvent",
      "record_id": 443,
      "event_data": {
        "String0": "IMAPI CD-Burning COM Service",
        "String1": "stopped"
      }
    },
    {
      "source_format": "evt",
      "file": "SysEvent.Evt",
      "event_id": 7035,
      "provider": "Service Control Manager",
      "timestamp": "2008-07-20T00:00:53+00:00",
      "computer": "JEAN-13FBF038A3",
      "level": "Information",
      "channel": "SysEvent",
      "record_id": 441,
      "event_data": {
        "String0": "IMAPI CD-Burning COM Service",
        "String1": "start"
      }
    },
    {
      "source_format": "evt",
      "file": "SysEvent.Evt",
      "event_id": 7036,
      "provider": "Service Control Manager",
      "timestamp": "2008-07-20T00:00:53+00:00",
      "computer": "JEAN-13FBF038A3",
      "level": "Information",
      "channel": "SysEvent",
      "record_id": 442,
      "event_data": {
        "String0": "IMAPI CD-Burning COM Service",
        "String1": "running"
      }
    },
    {
      "source_format": "evt",
      "file": "SysEvent.Evt",
      "event_id": 18,
      "provider": "Windows Update Agent",
      "timestamp": "2008-07-19T23:51:17+00:00",
      "computer": "JEAN-13FBF038A3",
      "level": "Information",
      "channel": "SysEvent",
      "record_id": 440,
      "event_data": {
        "String0": "Sunday, July 20, 2008",
        "String1": "3:00 AM",
        "String2": "\n- Cumulative Security Update for ActiveX Killbits for Windows XP (KB950760)\n- Cumulative Security Update for Internet Explorer 6 for Windows XP (KB950759)\n- Security Update for Windows XP (KB950762)\n- Security Update for Windows XP (KB951698)\n- Update for Windows XP (KB951978)\n- Security Update for Windows XP (KB951376)"
      }
    },
    {
      "source_format": "evt",
      "file": "SysEvent.Evt",
      "event_id": 7036,
      "provider": "Service Control Manager",
      "timestamp": "2008-07-19T23:50:27+00:00",
      "computer": "JEAN-13FBF038A3",
      "level": "Information",
      "channel": "SysEvent",
      "record_id": 439,
      "event_data": {
        "String0": "IMAPI CD-Burning COM Service",
        "String1": "stopped"
      }
    },
    {
      "source_format": "evt",
      "file": "SysEvent.Evt",
      "event_id": 4201,
      "provider": "Tcpip",
      "timestamp": "2008-07-19T23:50:23+00:00",
      "computer": "JEAN-13FBF038A3",
      "level": "Information",
      "channel": "SysEvent",
      "record_id": 438,
      "event_data": {
        "String0": "",
        "String1": "\\DEVICE\\TCPIP_{75511F16-E7C3-483D-844F-587965FC214F}"
      }
    },
    {
      "source_format": "evt",
      "file": "SysEvent.Evt",
      "event_id": 7035,
      "provider": "Service Control Manager",
      "timestamp": "2008-07-19T23:50:21+00:00",
      "computer": "JEAN-13FBF038A3",
      "level": "Information",
      "channel": "SysEvent",
      "record_id": 433,
      "event_data": {
        "String0": "IMAPI CD-Burning COM Service",
        "String1": "start"
      }
    },
    {
      "source_format": "evt",
      "file": "SysEvent.Evt",
      "event_id": 7036,
      "provider": "Service Control Manager",
      "timestamp": "2008-07-19T23:50:21+00:00",
      "computer": "JEAN-13FBF038A3",
      "level": "Information",
      "channel": "SysEvent",
      "record_id": 434,
      "event_data": {
        "String0": "IMAPI CD-Burning COM Service",
        "String1": "running"
      }
    },
    {
      "source_format": "evt",
      "file": "SysEvent.Evt",
      "event_id": 7036,
      "provider": "Service Control Manager",
      "timestamp": "2008-07-19T23:50:21+00:00",
      "computer": "JEAN-13FBF038A3",
      "level": "Information",
      "channel": "SysEvent",
      "record_id": 435,
      "event_data": {
        "String0": "Computer Browser",
        "String1": "stopped"
      }
    },
    {
      "source_format": "evt",
      "file": "SysEvent.Evt",
      "event_id": 7035,
      "provider": "Service Control Manager",
      "timestamp": "2008-07-19T23:50:21+00:00",
      "computer": "JEAN-13FBF038A3",
      "level": "Information",
      "channel": "SysEvent",
      "record_id": 436,
      "event_data": {
        "String0": "SSDP Discovery Service",
        "String1": "start"
      }
    },
    {
      "source_format": "evt",
      "file": "SysEvent.Evt",
      "event_id": 7036,
      "provider": "Service Control Manager",
      "timestamp": "2008-07-19T23:50:21+00:00",
      "computer": "JEAN-13FBF038A3",
      "level": "Information",
      "channel": "SysEvent",
      "record_id": 437,
      "event_data": {
        "String0": "SSDP Discovery Service",
        "String1": "running"
      }
    },
    {
      "source_format": "evt",
      "file": "SysEvent.Evt",
      "event_id": 7036,
      "provider": "Service Control Manager",
      "timestamp": "2008-07-19T23:50:20+00:00",
      "computer": "JEAN-13FBF038A3",
      "level": "Information",
      "channel": "SysEvent",
      "record_id": 427,
      "event_data": {
        "String0": "Terminal Services",
        "String1": "running"
      }
    },
    {
      "source_format": "evt",
      "file": "SysEvent.Evt",
      "event_id": 7035,
      "provider": "Service Control Manager",
      "timestamp": "2008-07-19T23:50:20+00:00",
      "computer": "JEAN-13FBF038A3",
      "level": "Information",
      "channel": "SysEvent",
      "record_id": 428,
      "event_data": {
        "String0": "Fast User Switching Compatibility",
        "String1": "start"
      }
    },
    {
      "source_format": "evt",
      "file": "SysEvent.Evt",
      "event_id": 7036,
      "provider": "Service Control Manager",
      "timestamp": "2008-07-19T23:50:20+00:00",
      "computer": "JEAN-13FBF038A3",
      "level": "Information",
      "channel": "SysEvent",
      "record_id": 429,
      "event_data": {
        "String0": "Fast User Switching Compatibility",
        "String1": "running"
      }
    },
    {
      "source_format": "evt",
      "file": "SysEvent.Evt",
      "event_id": 7035,
      "provider": "Service Control Manager",
      "timestamp": "2008-07-19T23:50:20+00:00",
      "computer": "JEAN-13FBF038A3",
      "level": "Information",
      "channel": "SysEvent",
      "record_id": 430,
      "event_data": {
        "String0": "Network Location Awareness (NLA)",
        "String1": "start"
      }
    },
    {
      "source_format": "evt",
      "file": "SysEvent.Evt",
      "event_id": 7036,
      "provider": "Service Control Manager",
      "timestamp": "2008-07-19T23:50:20+00:00",
      "computer": "JEAN-13FBF038A3",
      "level": "Information",
      "channel": "SysEvent",
      "record_id": 431,
      "event_data": {
        "String0": "Network Location Awareness (NLA)",
        "String1": "running"
      }
    },
    {
      "source_format": "evt",
      "file": "SysEvent.Evt",
      "event_id": 7035,
      "provider": "Service Control Manager",
      "timestamp": "2008-07-19T23:50:20+00:00",
      "computer": "JEAN-13FBF038A3",
      "level": "Information",
      "channel": "SysEvent",
      "record_id": 432,
      "event_data": {
        "String0": "Application Layer Gateway Service",
        "String1": "start"
      }
    },
    {
      "source_format": "evt",
      "file": "AppEvent.Evt",
      "event_id": 1800,
      "provider": "SecurityCenter",
      "timestamp": "2008-07-19T23:50:20+00:00",
      "computer": "JEAN-13FBF038A3",
      "level": "Information",
      "channel": "AppEvent",
      "record_id": 102,
      "event_data": {}
    },
    {
      "source_format": "evt",
      "file": "AppEvent.Evt",
      "event_id": 0,
      "provider": "Viewpoint Manager Service",
      "timestamp": "2008-07-19T23:50:17+00:00",
      "computer": "JEAN-13FBF038A3",
      "level": "Information",
      "channel": "AppEvent",
      "record_id": 100,
      "event_data": {
        "String0": "Service started"
      }
    },
    {
      "source_format": "evt",
      "file": "AppEvent.Evt",
      "event_id": 105,
      "provider": "VMTools",
      "timestamp": "2008-07-19T23:50:17+00:00",
      "computer": "JEAN-13FBF038A3",
      "level": "Information",
      "channel": "AppEvent",
      "record_id": 101,
      "event_data": {}
    },
    {
      "source_format": "evt",
      "file": "SysEvent.Evt",
      "event_id": 1,
      "provider": "LGTO_Sync",
      "timestamp": "2008-07-19T23:50:16+00:00",
      "computer": "JEAN-13FBF038A3",
      "level": "Information",
      "channel": "SysEvent",
      "record_id": 426,
      "event_data": {
        "String0": "",
        "String1": "The Driver was loaded successfully "
      }
    },
    {
      "source_format": "evt",
      "file": "SysEvent.Evt",
      "event_id": 6009,
      "provider": "EventLog",
      "timestamp": "2008-07-19T23:50:12+00:00",
      "computer": "JEAN-13FBF038A3",
      "level": "Information",
      "channel": "SysEvent",
      "record_id": 424,
      "event_data": {
        "String0": "5.01.",
        "String1": "2600",
        "String2": "Service Pack 3",
        "String3": "Uniprocessor Free"
      }
    },
    {
      "source_format": "evt",
      "file": "SysEvent.Evt",
      "event_id": 6005,
      "provider": "EventLog",
      "timestamp": "2008-07-19T23:50:12+00:00",
      "computer": "JEAN-13FBF038A3",
      "level": "Information",
      "channel": "SysEvent",
      "record_id": 425,
      "event_data": {}
    },
    {
      "source_format": "evt",
      "file": "SysEvent.Evt",
      "event_id": 6006,
      "provider": "EventLog",
      "timestamp": "2008-07-19T23:49:22+00:00",
      "computer": "JEAN-13FBF038A3",
      "level": "Information",
      "channel": "SysEvent",
      "record_id": 423,
      "event_data": {}
    },
    {
      "source_format": "evt",
      "file": "SysEvent.Evt",
      "event_id": 26,
      "provider": "Application Popup",
      "timestamp": "2008-07-19T23:48:55+00:00",
      "computer": "JEAN-13FBF038A3",
      "level": "Information",
      "channel": "SysEvent",
      "record_id": 422,
      "event_data": {
        "String0": "Windows",
        "String1": "Other people are logged on to this computer. Restarting Windows might cause them to lose data.\r\n\r\nDo you want to continue restarting?"
      }
    },
    {
      "source_format": "evt",
      "file": "SysEvent.Evt",
      "event_id": 7036,
      "provider": "Service Control Manager",
      "timestamp": "2008-07-19T23:43:21+00:00",
      "computer": "JEAN-13FBF038A3",
      "level": "Information",
      "channel": "SysEvent",
      "record_id": 421,
      "event_data": {
        "String0": "Windows Installer",
        "String1": "stopped"
      }
    },
    {
      "source_format": "evt",
      "file": "AppEvent.Evt",
      "event_id": 11728,
      "provider": "MsiInstaller",
      "timestamp": "2008-07-19T23:33:21+00:00",
      "computer": "JEAN-13FBF038A3",
      "level": "Information",
      "channel": "AppEvent",
      "record_id": 99,
      "event_data": {
        "String0": "Product: VMware Tools -- Configuration completed successfully.",
        "String1": "(NULL)",
        "String2": "(NULL)",
        "String3": "(NULL)"
      }
    },
    {
      "source_format": "evt",
      "file": "AppEvent.Evt",
      "event_id": 7,
      "provider": "crypt32",
      "timestamp": "2008-07-19T23:31:42+00:00",
      "computer": "JEAN-13FBF038A3",
      "level": "Information",
      "channel": "AppEvent",
      "record_id": 98,
      "event_data": {
        "String0": "http://www.download.windowsupdate.com/msdownload/update/v3/static/trustedr/en/authrootseq.txt"
      }
    },
    {
      "source_format": "evt",
      "file": "AppEvent.Evt",
      "event_id": 11728,
      "provider": "MsiInstaller",
      "timestamp": "2008-07-19T23:31:39+00:00",
      "computer": "JEAN-13FBF038A3",
      "level": "Information",
      "channel": "AppEvent",
      "record_id": 97,
      "event_data": {
        "String0": "Product: Microsoft Visual C++ 2005 Redistributable -- Configuration completed successfully.",
        "String1": "(NULL)",
        "String2": "(NULL)",
        "String3": "(NULL)"
      }
    },
    {
      "source_format": "evt",
      "file": "SysEvent.Evt",
      "event_id": 7035,
      "provider": "Service Control Manager",
      "timestamp": "2008-07-19T23:31:34+00:00",
      "computer": "JEAN-13FBF038A3",
      "level": "Information",
      "channel": "SysEvent",
      "record_id": 419,
      "event_data": {
        "String0": "Windows Installer",
        "String1": "start"
      }
    },
    {
      "source_format": "evt",
      "file": "SysEvent.Evt",
      "event_id": 7036,
      "provider": "Service Control Manager",
      "timestamp": "2008-07-19T23:31:34+00:00",
      "computer": "JEAN-13FBF038A3",
      "level": "Information",
      "channel": "SysEvent",
      "record_id": 420,
      "event_data": {
        "String0": "Windows Installer",
        "String1": "running"
      }
    },
    {
      "source_format": "evt",
      "file": "SysEvent.Evt",
      "event_id": 36,
      "provider": "W32Time",
      "timestamp": "2008-07-19T19:28:48+00:00",
      "computer": "JEAN-13FBF038A3",
      "level": "Warning",
      "channel": "SysEvent",
      "record_id": 418,
      "event_data": {
        "String0": "49152"
      }
    },
    {
      "source_format": "evt",
      "file": "SysEvent.Evt",
      "event_id": 35,
      "provider": "W32Time",
      "timestamp": "2008-07-19T05:49:35+00:00",
      "computer": "JEAN-13FBF038A3",
      "level": "Information",
      "channel": "SysEvent",
      "record_id": 417,
      "event_data": {
        "String0": "time.windows.com (ntp.m|0x1|192.168.117.129:123->207.46.197.32:123)"
      }
    },
    {
      "source_format": "evt",
      "file": "SysEvent.Evt",
      "event_id": 4201,
      "provider": "Tcpip",
      "timestamp": "2008-07-19T05:49:16+00:00",
      "computer": "JEAN-13FBF038A3",
      "level": "Information",
      "channel": "SysEvent",
      "record_id": 416,
      "event_data": {
        "String0": "",
        "String1": "\\DEVICE\\TCPIP_{75511F16-E7C3-483D-844F-587965FC214F}"
      }
    },
    {
      "source_format": "evt",
      "file": "SysEvent.Evt",
      "event_id": 4202,
      "provider": "Tcpip",
      "timestamp": "2008-07-19T05:48:51+00:00",
      "computer": "JEAN-13FBF038A3",
      "level": "Information",
      "channel": "SysEvent",
      "record_id": 415,
      "event_data": {
        "String0": "",
        "String1": "\\DEVICE\\TCPIP_{75511F16-E7C3-483D-844F-587965FC214F}"
      }
    },
    {
      "source_format": "evt",
      "file": "SysEvent.Evt",
      "event_id": 18,
      "provider": "Windows Update Agent",
      "timestamp": "2008-07-19T02:00:33+00:00",
      "computer": "JEAN-13FBF038A3",
      "level": "Information",
      "channel": "SysEvent",
      "record_id": 413,
      "event_data": {
        "String0": "Sunday, July 20, 2008",
        "String1": "3:00 AM",
        "String2": "\n- Cumulative Security Update for ActiveX Killbits for Windows XP (KB950760)\n- Cumulative Security Update for Internet Explorer 6 for Windows XP (KB950759)\n- Security Update for Windows XP (KB950762)\n- Security Update for Windows XP (KB951698)\n- Update for Windows XP (KB951978)"
      }
    },
    {
      "source_format": "evt",
      "file": "SysEvent.Evt",
      "event_id": 18,
      "provider": "Windows Update Agent",
      "timestamp": "2008-07-19T02:00:33+00:00",
      "computer": "JEAN-13FBF038A3",
      "level": "Information",
      "channel": "SysEvent",
      "record_id": 414,
      "event_data": {
        "String0": "Sunday, July 20, 2008",
        "String1": "3:00 AM",
        "String2": "\n- Cumulative Security Update for ActiveX Killbits for Windows XP (KB950760)\n- Cumulative Security Update for Internet Explorer 6 for Windows XP (KB950759)\n- Security Update for Windows XP (KB950762)\n- Security Update for Windows XP (KB951698)\n- Update for Windows XP (KB951978)\n- Security Update for Windows XP (KB951376)"
      }
    },
    {
      "source_format": "evt",
      "file": "SysEvent.Evt",
      "event_id": 18,
      "provider": "Windows Update Agent",
      "timestamp": "2008-07-19T02:00:29+00:00",
      "computer": "JEAN-13FBF038A3",
      "level": "Information",
      "channel": "SysEvent",
      "record_id": 409,
      "event_data": {
        "String0": "Sunday, July 20, 2008",
        "String1": "3:00 AM",
        "String2": "\n- Cumulative Security Update for ActiveX Killbits for Windows XP (KB950760)"
      }
    },
    {
      "source_format": "evt",
      "file": "SysEvent.Evt",
      "event_id": 18,
      "provider": "Windows Update Agent",
      "timestamp": "2008-07-19T02:00:29+00:00",
      "computer": "JEAN-13FBF038A3",
      "level": "Information",
      "channel": "SysEvent",
      "record_id": 410,
      "event_data": {
        "String0": "Sunday, July 20, 2008",
        "String1": "3:00 AM",
        "String2": "\n- Cumulative Security Update for ActiveX Killbits for Windows XP (KB950760)\n- Cumulative Security Update for Internet Explorer 6 for Windows XP (KB950759)"
      }
    },
    {
      "source_format": "evt",
      "file": "SysEvent.Evt",
      "event_id": 18,
      "provider": "Windows Update Agent",
      "timestamp": "2008-07-19T02:00:29+00:00",
      "computer": "JEAN-13FBF038A3",
      "level": "Information",
      "channel": "SysEvent",
      "record_id": 411,
      "event_data": {
        "String0": "Sunday, July 20, 2008",
        "String1": "3:00 AM",
        "String2": "\n- Cumulative Security Update for ActiveX Killbits for Windows XP (KB950760)\n- Cumulative Security Update for Internet Explorer 6 for Windows XP (KB950759)\n- Security Update for Windows XP (KB950762)"
      }
    },
    {
      "source_format": "evt",
      "file": "SysEvent.Evt",
      "event_id": 18,
      "provider": "Windows Update Agent",
      "timestamp": "2008-07-19T02:00:29+00:00",
      "computer": "JEAN-13FBF038A3",
      "level": "Information",
      "channel": "SysEvent",
      "record_id": 412,
      "event_data": {
        "String0": "Sunday, July 20, 2008",
        "String1": "3:00 AM",
        "String2": "\n- Cumulative Security Update for ActiveX Killbits for Windows XP (KB950760)\n- Cumulative Security Update for Internet Explorer 6 for Windows XP (KB950759)\n- Security Update for Windows XP (KB950762)\n- Security Update for Windows XP (KB951698)"
      }
    },
    {
      "source_format": "evt",
      "file": "SysEvent.Evt",
      "event_id": 7036,
      "provider": "Service Control Manager",
      "timestamp": "2008-07-18T04:33:41+00:00",
      "computer": "JEAN-13FBF038A3",
      "level": "Information",
      "channel": "SysEvent",
      "record_id": 408,
      "event_data": {
        "String0": "Telephony",
        "String1": "stopped"
      }
    },
    {
      "source_format": "evt",
      "file": "SysEvent.Evt",
      "event_id": 7035,
      "provider": "Service Control Manager",
      "timestamp": "2008-07-18T04:29:27+00:00",
      "computer": "JEAN-13FBF038A3",
      "level": "Information",
      "channel": "SysEvent",
      "record_id": 406,
      "event_data": {
        "String0": "Viewpoint Manager Service",
        "String1": "start"
      }
    },
    {
      "source_format": "evt",
      "file": "SysEvent.Evt",
      "event_id": 7036,
      "provider": "Service Control Manager",
      "timestamp": "2008-07-18T04:29:27+00:00",
      "computer": "JEAN-13FBF038A3",
      "level": "Information",
      "channel": "SysEvent",
      "record_id": 407,
      "event_data": {
        "String0": "Viewpoint Manager Service",
        "String1": "running"
      }
    },
    {
      "source_format": "evt",
      "file": "AppEvent.Evt",
      "event_id": 0,
      "provider": "Viewpoint Manager Service",
      "timestamp": "2008-07-18T04:29:26+00:00",
      "computer": "JEAN-13FBF038A3",
      "level": "Information",
      "channel": "AppEvent",
      "record_id": 96,
      "event_data": {
        "String0": "Service started"
      }
    },
    {
      "source_format": "evt",
      "file": "SysEvent.Evt",
      "event_id": 18,
      "provider": "Windows Update Agent",
      "timestamp": "2008-07-18T02:00:38+00:00",
      "computer": "JEAN-13FBF038A3",
      "level": "Information",
      "channel": "SysEvent",
      "record_id": 403,
      "event_data": {
        "String0": "Saturday, July 19, 2008",
        "String1": "3:00 AM",
        "String2": "\n- Cumulative Security Update for ActiveX Killbits for Windows XP (KB950760)\n- Cumulative Security Update for Internet Explorer 6 for Windows XP (KB950759)\n- Security Update for Windows XP (KB950762)\n- Security Update for Windows XP (KB951698)"
      }
    },
    {
      "source_format": "evt",
      "file": "SysEvent.Evt",
      "event_id": 18,
      "provider": "Windows Update Agent",
      "timestamp": "2008-07-18T02:00:38+00:00",
      "computer": "JEAN-13FBF038A3",
      "level": "Information",
      "channel": "SysEvent",
      "record_id": 404,
      "event_data": {
        "String0": "Saturday, July 19, 2008",
        "String1": "3:00 AM",
        "String2": "\n- Cumulative Security Update for ActiveX Killbits for Windows XP (KB950760)\n- Cumulative Security Update for Internet Explorer 6 for Windows XP (KB950759)\n- Security Update for Windows XP (KB950762)\n- Security Update for Windows XP (KB951698)\n- Update for Windows XP (KB951978)"
      }
    },
    {
      "source_format": "evt",
      "file": "SysEvent.Evt",
      "event_id": 18,
      "provider": "Windows Update Agent",
      "timestamp": "2008-07-18T02:00:38+00:00",
      "computer": "JEAN-13FBF038A3",
      "level": "Information",
      "channel": "SysEvent",
      "record_id": 405,
      "event_data": {
        "String0": "Saturday, July 19, 2008",
        "String1": "3:00 AM",
        "String2": "\n- Cumulative Security Update for ActiveX Killbits for Windows XP (KB950760)\n- Cumulative Security Update for Internet Explorer 6 for Windows XP (KB950759)\n- Security Update for Windows XP (KB950762)\n- Security Update for Windows XP (KB951698)\n- Update for Windows XP (KB951978)\n- Security Update for Windows XP (KB951376)"
      }
    },
