    {
      "source_format": "evt",
      "file": "AppEvent.Evt",
      "event_id": 7,
      "provider": "crypt32",
      "timestamp": "2008-07-04T22:45:13+00:00",
      "computer": "JEAN-13FBF038A3",
      "level": "Information",
      "channel": "AppEvent",
      "record_id": 60,
      "event_data": {
        "String0": "http://www.download.windowsupdate.com/msdownload/update/v3/static/trustedr/en/authrootseq.txt"
      }
    },
    {
      "source_format": "evt",
      "file": "AppEvent.Evt",
      "event_id": 2,
      "provider": "crypt32",
      "timestamp": "2008-07-04T22:45:13+00:00",
      "computer": "JEAN-13FBF038A3",
      "level": "Information",
      "channel": "AppEvent",
      "record_id": 61,
      "event_data": {
        "String0": "http://www.download.windowsupdate.com/msdownload/update/v3/static/trustedr/en/authrootstl.cab"
      }
    },
    {
      "source_format": "evt",
      "file": "AppEvent.Evt",
      "event_id": 11707,
      "provider": "MsiInstaller",
      "timestamp": "2008-07-04T22:45:10+00:00",
      "computer": "JEAN-13FBF038A3",
      "level": "Information",
      "channel": "AppEvent",
      "record_id": 59,
      "event_data": {
        "String0": "Product: Microsoft Visual C++ 2005 Redistributable -- Installation completed successfully.",
        "String1": "(NULL)",
        "String2": "(NULL)",
        "String3": "(NULL)"
      }
    },
    {
      "source_format": "evt",
      "file": "SysEvent.Evt",
      "event_id": 7036,
      "provider": "Service Control Manager",
      "timestamp": "2008-07-04T22:44:45+00:00",
      "computer": "JEAN-13FBF038A3",
      "level": "Information",
      "channel": "SysEvent",
      "record_id": 113,
      "event_data": {
        "String0": "IMAPI CD-Burning COM Service",
        "String1": "stopped"
      }
    },
    {
      "source_format": "evt",
      "file": "SysEvent.Evt",
      "event_id": 7035,
      "provider": "Service Control Manager",
      "timestamp": "2008-07-04T22:44:45+00:00",
      "computer": "JEAN-13FBF038A3",
      "level": "Information",
      "channel": "SysEvent",
      "record_id": 114,
      "event_data": {
        "String0": "Windows Installer",
        "String1": "start"
      }
    },
    {
      "source_format": "evt",
      "file": "SysEvent.Evt",
      "event_id": 7036,
      "provider": "Service Control Manager",
      "timestamp": "2008-07-04T22:44:45+00:00",
      "computer": "JEAN-13FBF038A3",
      "level": "Information",
      "channel": "SysEvent",
      "record_id": 115,
      "event_data": {
        "String0": "Windows Installer",
        "String1": "running"
      }
    },
    {
      "source_format": "evt",
      "file": "SysEvent.Evt",
      "event_id": 1,
      "provider": "LGTO_Sync",
      "timestamp": "2008-07-04T22:44:40+00:00",
      "computer": "JEAN-13FBF038A3",
      "level": "Information",
      "channel": "SysEvent",
      "record_id": 99,
      "event_data": {
        "String0": "",
        "String1": "The Driver was loaded successfully "
      }
    },
    {
      "source_format": "evt",
      "file": "SysEvent.Evt",
      "event_id": 7035,
      "provider": "Service Control Manager",
      "timestamp": "2008-07-04T22:44:40+00:00",
      "computer": "JEAN-13FBF038A3",
      "level": "Information",
      "channel": "SysEvent",
      "record_id": 111,
      "event_data": {
        "String0": "SSDP Discovery Service",
        "String1": "start"
      }
    },
    {
      "source_format": "evt",
      "file": "SysEvent.Evt",
      "event_id": 7036,
      "provider": "Service Control Manager",
      "timestamp": "2008-07-04T22:44:40+00:00",
      "computer": "JEAN-13FBF038A3",
      "level": "Information",
      "channel": "SysEvent",
      "record_id": 112,
      "event_data": {
        "String0": "SSDP Discovery Service",
        "String1": "running"
      }
    },
    {
      "source_format": "evt",
      "file": "AppEvent.Evt",
      "event_id": 105,
      "provider": "VMTools",
      "timestamp": "2008-07-04T22:44:40+00:00",
      "computer": "JEAN-13FBF038A3",
      "level": "Information",
      "channel": "AppEvent",
      "record_id": 57,
      "event_data": {}
    },
    {
      "source_format": "evt",
      "file": "SysEvent.Evt",
      "event_id": 7036,
      "provider": "Service Control Manager",
      "timestamp": "2008-07-04T22:44:39+00:00",
      "computer": "JEAN-13FBF038A3",
      "level": "Information",
      "channel": "SysEvent",
      "record_id": 110,
      "event_data": {
        "String0": "Computer Browser",
        "String1": "stopped"
      }
    },
    {
      "source_format": "evt",
      "file": "SysEvent.Evt",
      "event_id": 35,
      "provider": "W32Time",
      "timestamp": "2008-07-04T22:44:38+00:00",
      "computer": "JEAN-13FBF038A3",
      "level": "Information",
      "channel": "SysEvent",
      "record_id": 107,
      "event_data": {
        "String0": "time.windows.com (ntp.m|0x1|172.16.66.129:123->207.46.232.182:123)"
      }
    },
    {
      "source_format": "evt",
      "file": "SysEvent.Evt",
      "event_id": 7035,
      "provider": "Service Control Manager",
      "timestamp": "2008-07-04T22:44:38+00:00",
      "computer": "JEAN-13FBF038A3",
      "level": "Information",
      "channel": "SysEvent",
      "record_id": 108,
      "event_data": {
        "String0": "Application Layer Gateway Service",
        "String1": "start"
      }
    },
    {
      "source_format": "evt",
      "file": "SysEvent.Evt",
      "event_id": 7036,
      "provider": "Service Control Manager",
      "timestamp": "2008-07-04T22:44:38+00:00",
      "computer": "JEAN-13FBF038A3",
      "level": "Information",
      "channel": "SysEvent",
      "record_id": 109,
      "event_data": {
        "String0": "Application Layer Gateway Service",
        "String1": "running"
      }
    },
    {
      "source_format": "evt",
      "file": "SysEvent.Evt",
      "event_id": 4201,
      "provider": "Tcpip",
      "timestamp": "2008-07-04T22:44:34+00:00",
      "computer": "JEAN-13FBF038A3",
      "level": "Information",
      "channel": "SysEvent",
      "record_id": 98,
      "event_data": {
        "String0": "",
        "String1": "\\DEVICE\\TCPIP_{75511F16-E7C3-483D-844F-587965FC214F}"
      }
    },
    {
      "source_format": "evt",
      "file": "SysEvent.Evt",
      "event_id": 6009,
      "provider": "EventLog",
      "timestamp": "2008-07-04T22:44:31+00:00",
      "computer": "JEAN-13FBF038A3",
      "level": "Information",
      "channel": "SysEvent",
      "record_id": 96,
      "event_data": {
        "String0": "5.01.",
        "String1": "2600",
        "String2": "Service Pack 3",
        "String3": "Uniprocessor Free"
      }
    },
    {
      "source_format": "evt",
      "file": "SysEvent.Evt",
      "event_id": 6005,
      "provider": "EventLog",
      "timestamp": "2008-07-04T22:44:31+00:00",
      "computer": "JEAN-13FBF038A3",
      "level": "Information",
      "channel": "SysEvent",
      "record_id": 97,
      "event_data": {}
    },
    {
      "source_format": "evt",
      "file": "SysEvent.Evt",
      "event_id": 7035,
      "provider": "Service Control Manager",
      "timestamp": "2008-07-04T22:44:08+00:00",
      "computer": "JEAN-13FBF038A3",
      "level": "Information",
      "channel": "SysEvent",
      "record_id": 105,
      "event_data": {
        "String0": "IMAPI CD-Burning COM Service",
        "String1": "start"
      }
    },
    {
      "source_format": "evt",
      "file": "SysEvent.Evt",
      "event_id": 7036,
      "provider": "Service Control Manager",
      "timestamp": "2008-07-04T22:44:08+00:00",
      "computer": "JEAN-13FBF038A3",
      "level": "Information",
      "channel": "SysEvent",
      "record_id": 106,
      "event_data": {
        "String0": "IMAPI CD-Burning COM Service",
        "String1": "running"
      }
    },
    {
      "source_format": "evt",
      "file": "SysEvent.Evt",
      "event_id": 7036,
      "provider": "Service Control Manager",
      "timestamp": "2008-07-04T22:44:07+00:00",
      "computer": "JEAN-13FBF038A3",
      "level": "Information",
      "channel": "SysEvent",
      "record_id": 100,
      "event_data": {
        "String0": "Terminal Services",
        "String1": "running"
      }
    },
    {
      "source_format": "evt",
      "file": "SysEvent.Evt",
      "event_id": 7035,
      "provider": "Service Control Manager",
      "timestamp": "2008-07-04T22:44:07+00:00",
      "computer": "JEAN-13FBF038A3",
      "level": "Information",
      "channel": "SysEvent",
      "record_id": 101,
      "event_data": {
        "String0": "Fast User Switching Compatibility",
        "String1": "start"
      }
    },
    {
      "source_format": "evt",
      "file": "SysEvent.Evt",
      "event_id": 7036,
      "provider": "Service Control Manager",
      "timestamp": "2008-07-04T22:44:07+00:00",
      "computer": "JEAN-13FBF038A3",
      "level": "Information",
      "channel": "SysEvent",
      "record_id": 102,
      "event_data": {
        "String0": "Fast User Switching Compatibility",
        "String1": "running"
      }
    },
    {
      "source_format": "evt",
      "file": "SysEvent.Evt",
      "event_id": 7035,
      "provider": "Service Control Manager",
      "timestamp": "2008-07-04T22:44:07+00:00",
      "computer": "JEAN-13FBF038A3",
      "level": "Information",
      "channel": "SysEvent",
      "record_id": 103,
      "event_data": {
        "String0": "Network Location Awareness (NLA)",
        "String1": "start"
      }
    },
    {
      "source_format": "evt",
      "file": "SysEvent.Evt",
      "event_id": 7036,
      "provider": "Service Control Manager",
      "timestamp": "2008-07-04T22:44:07+00:00",
      "computer": "JEAN-13FBF038A3",
      "level": "Information",
      "channel": "SysEvent",
      "record_id": 104,
      "event_data": {
        "String0": "Network Location Awareness (NLA)",
        "String1": "running"
      }
    },
    {
      "source_format": "evt",
      "file": "AppEvent.Evt",
      "event_id": 1800,
      "provider": "SecurityCenter",
      "timestamp": "2008-07-04T22:44:07+00:00",
      "computer": "JEAN-13FBF038A3",
      "level": "Information",
      "channel": "AppEvent",
      "record_id": 58,
      "event_data": {}
    },
    {
      "source_format": "evt",
      "file": "SysEvent.Evt",
      "event_id": 6006,
      "provider": "EventLog",
      "timestamp": "2008-06-07T05:11:22+00:00",
      "computer": "JEAN-13FBF038A3",
      "level": "Information",
      "channel": "SysEvent",
      "record_id": 95,
      "event_data": {}
    },
    {
      "source_format": "evt",
      "file": "SysEvent.Evt",
      "event_id": 4377,
      "provider": "NtServicePack",
      "timestamp": "2008-06-07T05:11:18+00:00",
      "computer": "JEAN-13FBF038A3",
      "level": "Information",
      "channel": "SysEvent",
      "record_id": 93,
      "event_data": {
        "String0": "Windows XP",
        "String1": "KB942763"
      }
    },
    {
      "source_format": "evt",
      "file": "SysEvent.Evt",
      "event_id": 19,
      "provider": "Windows Update Agent",
      "timestamp": "2008-06-07T05:11:18+00:00",
      "computer": "JEAN-13FBF038A3",
      "level": "Information",
      "channel": "SysEvent",
      "record_id": 94,
      "event_data": {
        "String0": "Update for Windows XP (KB942763)"
      }
    },
    {
      "source_format": "evt",
      "file": "SysEvent.Evt",
      "event_id": 19,
      "provider": "Windows Update Agent",
      "timestamp": "2008-06-07T05:11:11+00:00",
      "computer": "JEAN-13FBF038A3",
      "level": "Information",
      "channel": "SysEvent",
      "record_id": 92,
      "event_data": {
        "String0": "Security Update for Flash Player (KB923789)"
      }
    },
    {
      "source_format": "evt",
      "file": "SysEvent.Evt",
      "event_id": 7036,
      "provider": "Service Control Manager",
      "timestamp": "2008-06-07T05:10:58+00:00",
      "computer": "JEAN-13FBF038A3",
      "level": "Information",
      "channel": "SysEvent",
      "record_id": 91,
      "event_data": {
        "String0": "Windows Installer",
        "String1": "stopped"
      }
    },
    {
      "source_format": "evt",
      "file": "SysEvent.Evt",
      "event_id": 18,
      "provider": "Windows Update Agent",
      "timestamp": "2008-06-07T05:09:37+00:00",
      "computer": "JEAN-13FBF038A3",
      "level": "Information",
      "channel": "SysEvent",
      "record_id": 89,
      "event_data": {
        "String0": "Sunday, June 08, 2008",
        "String1": "3:00 AM",
        "String2": "\n- Security Update for Flash Player (KB923789)"
      }
    },
    {
      "source_format": "evt",
      "file": "SysEvent.Evt",
      "event_id": 18,
      "provider": "Windows Update Agent",
      "timestamp": "2008-06-07T05:09:37+00:00",
      "computer": "JEAN-13FBF038A3",
      "level": "Information",
      "channel": "SysEvent",
      "record_id": 90,
      "event_data": {
        "String0": "Sunday, June 08, 2008",
        "String1": "3:00 AM",
        "String2": "\n- Security Update for Flash Player (KB923789)\n- Update for Windows XP (KB942763)"
      }
    },
    {
      "source_format": "evt",
      "file": "SysEvent.Evt",
      "event_id": 7036,
      "provider": "Service Control Manager",
      "timestamp": "2008-06-07T05:08:38+00:00",
      "computer": "JEAN-13FBF038A3",
      "level": "Information",
      "channel": "SysEvent",
      "record_id": 88,
      "event_data": {
        "String0": "Background Intelligent Transfer Service",
        "String1": "running"
      }
    },
    {
      "source_format": "evt",
      "file": "SysEvent.Evt",
      "event_id": 7035,
      "provider": "Service Control Manager",
      "timestamp": "2008-06-07T05:08:37+00:00",
      "computer": "JEAN-13FBF038A3",
      "level": "Information",
      "channel": "SysEvent",
      "record_id": 87,
      "event_data": {
        "String0": "Background Intelligent Transfer Service",
        "String1": "start"
      }
    },
    {
      "source_format": "evt",
      "file": "AppEvent.Evt",
      "event_id": 1001,
      "provider": "LoadPerf",
      "timestamp": "2008-06-07T05:07:18+00:00",
      "computer": "JEAN-13FBF038A3",
      "level": "Information",
      "channel": "AppEvent",
      "record_id": 55,
      "event_data": {
        "String0": "WmiApRpl",
        "String1": "WmiApRpl"
      }
    },
    {
      "source_format": "evt",
      "file": "AppEvent.Evt",
      "event_id": 1000,
      "provider": "LoadPerf",
      "timestamp": "2008-06-07T05:07:18+00:00",
      "computer": "JEAN-13FBF038A3",
      "level": "Information",
      "channel": "AppEvent",
      "record_id": 56,
      "event_data": {
        "String0": "WmiApRpl",
        "String1": "WmiApRpl"
      }
    },
    {
      "source_format": "evt",
      "file": "SysEvent.Evt",
      "event_id": 7036,
      "provider": "Service Control Manager",
      "timestamp": "2008-06-07T05:07:00+00:00",
      "computer": "JEAN-13FBF038A3",
      "level": "Information",
      "channel": "SysEvent",
      "record_id": 86,
      "event_data": {
        "String0": "IMAPI CD-Burning COM Service",
        "String1": "stopped"
      }
    },
    {
      "source_format": "evt",
      "file": "SysEvent.Evt",
      "event_id": 7035,
      "provider": "Service Control Manager",
      "timestamp": "2008-06-07T05:06:54+00:00",
      "computer": "JEAN-13FBF038A3",
      "level": "Information",
      "channel": "SysEvent",
      "record_id": 84,
      "event_data": {
        "String0": "SSDP Discovery Service",
        "String1": "start"
      }
    },
    {
      "source_format": "evt",
      "file": "SysEvent.Evt",
      "event_id": 7036,
      "provider": "Service Control Manager",
      "timestamp": "2008-06-07T05:06:54+00:00",
      "computer": "JEAN-13FBF038A3",
      "level": "Information",
      "channel": "SysEvent",
      "record_id": 85,
      "event_data": {
        "String0": "SSDP Discovery Service",
        "String1": "running"
      }
    },
    {
      "source_format": "evt",
      "file": "SysEvent.Evt",
      "event_id": 7035,
      "provider": "Service Control Manager",
      "timestamp": "2008-06-07T05:06:53+00:00",
      "computer": "JEAN-13FBF038A3",
      "level": "Information",
      "channel": "SysEvent",
      "record_id": 82,
      "event_data": {
        "String0": "IMAPI CD-Burning COM Service",
        "String1": "start"
      }
    },
    {
      "source_format": "evt",
      "file": "SysEvent.Evt",
      "event_id": 7036,
      "provider": "Service Control Manager",
      "timestamp": "2008-06-07T05:06:53+00:00",
      "computer": "JEAN-13FBF038A3",
      "level": "Information",
      "channel": "SysEvent",
      "record_id": 83,
      "event_data": {
        "String0": "IMAPI CD-Burning COM Service",
        "String1": "running"
      }
    },
    {
      "source_format": "evt",
      "file": "AppEvent.Evt",
      "event_id": 11728,
      "provider": "MsiInstaller",
      "timestamp": "2008-06-07T05:06:47+00:00",
      "computer": "JEAN-13FBF038A3",
      "level": "Information",
      "channel": "AppEvent",
      "record_id": 54,
      "event_data": {
        "String0": "Product: WebFldrs XP -- Configuration completed successfully.",
        "String1": "(NULL)",
        "String2": "(NULL)",
        "String3": "(NULL)"
      }
    },
    {
      "source_format": "evt",
      "file": "SysEvent.Evt",
      "event_id": 7035,
      "provider": "Service Control Manager",
      "timestamp": "2008-06-07T05:06:40+00:00",
      "computer": "JEAN-13FBF038A3",
      "level": "Information",
      "channel": "SysEvent",
      "record_id": 80,
      "event_data": {
        "String0": "Windows Installer",
        "String1": "start"
      }
    },
    {
      "source_format": "evt",
      "file": "SysEvent.Evt",
      "event_id": 7036,
      "provider": "Service Control Manager",
      "timestamp": "2008-06-07T05:06:40+00:00",
      "computer": "JEAN-13FBF038A3",
      "level": "Information",
      "channel": "SysEvent",
      "record_id": 81,
      "event_data": {
        "String0": "Windows Installer",
        "String1": "running"
      }
    },
    {
      "source_format": "evt",
      "file": "SysEvent.Evt",
      "event_id": 7036,
      "provider": "Service Control Manager",
      "timestamp": "2008-06-07T05:06:29+00:00",
      "computer": "JEAN-13FBF038A3",
      "level": "Information",
      "channel": "SysEvent",
      "record_id": 77,
      "event_data": {
        "String0": "Terminal Services",
        "String1": "running"
      }
    },
    {
      "source_format": "evt",
      "file": "SysEvent.Evt",
      "event_id": 7035,
      "provider": "Service Control Manager",
      "timestamp": "2008-06-07T05:06:29+00:00",
      "computer": "JEAN-13FBF038A3",
      "level": "Information",
      "channel": "SysEvent",
      "record_id": 78,
      "event_data": {
        "String0": "Fast User Switching Compatibility",
        "String1": "start"
      }
    },
    {
      "source_format": "evt",
      "file": "SysEvent.Evt",
      "event_id": 7036,
      "provider": "Service Control Manager",
      "timestamp": "2008-06-07T05:06:29+00:00",
      "computer": "JEAN-13FBF038A3",
      "level": "Information",
      "channel": "SysEvent",
      "record_id": 79,
      "event_data": {
        "String0": "Fast User Switching Compatibility",
        "String1": "running"
      }
    },
    {
      "source_format": "evt",
      "file": "SysEvent.Evt",
      "event_id": 7036,
      "provider": "Service Control Manager",
      "timestamp": "2008-06-07T05:06:25+00:00",
      "computer": "JEAN-13FBF038A3",
      "level": "Information",
      "channel": "SysEvent",
      "record_id": 76,
      "event_data": {
        "String0": "Windows Service Pack Installer update service",
        "String1": "stopped"
      }
    },
    {
      "source_format": "evt",
      "file": "SysEvent.Evt",
      "event_id": 35,
      "provider": "W32Time",
      "timestamp": "2008-06-07T05:06:24+00:00",
      "computer": "JEAN-13FBF038A3",
      "level": "Information",
      "channel": "SysEvent",
      "record_id": 75,
      "event_data": {
        "String0": "time.windows.com (ntp.m|0x1|172.16.66.129:123->207.46.197.32:123)"
      }
    },
    {
      "source_format": "evt",
      "file": "AppEvent.Evt",
      "event_id": 5603,
      "provider": "WinMgmt",
      "timestamp": "2008-06-07T05:06:17+00:00",
      "computer": "JEAN-13FBF038A3",
      "level": "Warning",
      "channel": "AppEvent",
      "record_id": 52,
      "event_data": {
        "String0": "Rsop Planning Mode Provider",
        "String1": "root\\RSOP"
      }
    },
    {
      "source_format": "evt",
      "file": "AppEvent.Evt",
      "event_id": 5603,
      "provider": "WinMgmt",
      "timestamp": "2008-06-07T05:06:17+00:00",
      "computer": "JEAN-13FBF038A3",
      "level": "Warning",
      "channel": "AppEvent",
      "record_id": 53,
      "event_data": {
        "String0": "Rsop Planning Mode Provider",
        "String1": "root\\RSOP"
      }
    },
    {
      "source_format": "evt",
      "file": "SysEvent.Evt",
      "event_id": 7035,
      "provider": "Service Control Manager",
      "timestamp": "2008-06-07T05:06:16+00:00",
      "computer": "JEAN-13FBF038A3",
      "level": "Information",
      "channel": "SysEvent",
      "record_id": 74,
      "event_data": {
        "String0": "HTTP",
        "String1": "start"
      }
    },
    {
      "source_format": "evt",
      "file": "SysEvent.Evt",
      "event_id": 7035,
      "provider": "Service Control Manager",
      "timestamp": "2008-06-07T05:06:14+00:00",
      "computer": "JEAN-13FBF038A3",
      "level": "Information",
      "channel": "SysEvent",
      "record_id": 69,
      "event_data": {
        "String0": "Network Location Awareness (NLA)",
        "String1": "start"
      }
    },
    {
      "source_format": "evt",
      "file": "SysEvent.Evt",
      "event_id": 7036,
      "provider": "Service Control Manager",
      "timestamp": "2008-06-07T05:06:14+00:00",
      "computer": "JEAN-13FBF038A3",
      "level": "Information",
      "channel": "SysEvent",
      "record_id": 70,
      "event_data": {
        "String0": "Network Location Awareness (NLA)",
        "String1": "running"
      }
    },
    {
      "source_format": "evt",
      "file": "SysEvent.Evt",
      "event_id": 7035,
      "provider": "Service Control Manager",
      "timestamp": "2008-06-07T05:06:14+00:00",
      "computer": "JEAN-13FBF038A3",
      "level": "Information",
      "channel": "SysEvent",
      "record_id": 71,
      "event_data": {
        "String0": "Application Layer Gateway Service",
        "String1": "start"
      }
    },
    {
      "source_format": "evt",
      "file": "SysEvent.Evt",
      "event_id": 7036,
      "provider": "Service Control Manager",
      "timestamp": "2008-06-07T05:06:14+00:00",
      "computer": "JEAN-13FBF038A3",
      "level": "Information",
      "channel": "SysEvent",
      "record_id": 72,
      "event_data": {
        "String0": "Application Layer Gateway Service",
        "String1": "running"
      }
    },
    {
      "source_format": "evt",
      "file": "SysEvent.Evt",
      "event_id": 7036,
      "provider": "Service Control Manager",
      "timestamp": "2008-06-07T05:06:14+00:00",
      "computer": "JEAN-13FBF038A3",
      "level": "Information",
      "channel": "SysEvent",
      "record_id": 73,
      "event_data": {
        "String0": "Computer Browser",
        "String1": "stopped"
      }
    },
    {
      "source_format": "evt",
      "file": "AppEvent.Evt",
      "event_id": 1800,
      "provider": "SecurityCenter",
      "timestamp": "2008-06-07T05:06:11+00:00",
      "computer": "JEAN-13FBF038A3",
      "level": "Information",
      "channel": "AppEvent",
      "record_id": 51,
      "event_data": {}
    },
    {
      "source_format": "evt",
      "file": "AppEvent.Evt",
      "event_id": 105,
      "provider": "VMTools",
      "timestamp": "2008-06-07T05:06:07+00:00",
      "computer": "JEAN-13FBF038A3",
      "level": "Information",
      "channel": "AppEvent",
      "record_id": 50,
      "event_data": {}
    },
    {
      "source_format": "evt",
      "file": "SysEvent.Evt",
      "event_id": 1,
      "provider": "LGTO_Sync",
      "timestamp": "2008-06-07T05:06:06+00:00",
      "computer": "JEAN-13FBF038A3",
      "level": "Information",
      "channel": "SysEvent",
      "record_id": 68,
      "event_data": {
        "String0": "",
        "String1": "The Driver was loaded successfully "
      }
    },
    {
      "source_format": "evt",
      "file": "SysEvent.Evt",
      "event_id": 6009,
      "provider": "EventLog",
      "timestamp": "2008-06-07T05:05:51+00:00",
      "computer": "JEAN-13FBF038A3",
      "level": "Information",
      "channel": "SysEvent",
      "record_id": 66,
      "event_data": {
        "String0": "5.01.",
        "String1": "2600",
        "String2": "Service Pack 3",
        "String3": "Uniprocessor Free"
      }
    },
    {
      "source_format": "evt",
      "file": "SysEvent.Evt",
      "event_id": 6005,
      "provider": "EventLog",
      "timestamp": "2008-06-07T05:05:51+00:00",
      "computer": "JEAN-13FBF038A3",
      "level": "Information",
      "channel": "SysEvent",
      "record_id": 67,
      "event_data": {}
    },
    {
      "source_format": "evt",
      "file": "SysEvent.Evt",
      "event_id": 6006,
      "provider": "EventLog",
      "timestamp": "2008-05-14T07:32:33+00:00",
      "computer": "JEAN-13FBF038A3",
      "level": "Information",
      "channel": "SysEvent",
      "record_id": 65,
      "event_data": {}
    },
    {
      "source_format": "evt",
      "file": "SysEvent.Evt",
      "event_id": 19,
      "provider": "Windows Update Agent",
      "timestamp": "2008-05-14T07:26:16+00:00",
      "computer": "JEAN-13FBF038A3",
      "level": "Information",
      "channel": "SysEvent",
      "record_id": 64,
      "event_data": {
        "String0": "Windows XP Service Pack 3 (KB936929)"
      }
    },
    {
      "source_format": "evt",
      "file": "SysEvent.Evt",
      "event_id": 4371,
      "provider": "NtServicePack",
      "timestamp": "2008-05-14T07:26:08+00:00",
      "computer": "JEAN-13FBF038A3",
      "level": "Information",
      "channel": "SysEvent",
      "record_id": 63,
      "event_data": {
        "String0": "Windows XP",
        "String1": "Service Pack 3",
        "String2": "Service Pack 2"
      }
    },
    {
      "source_format": "evt",
      "file": "AppEvent.Evt",
      "event_id": 63,
      "provider": "WinMgmt",
      "timestamp": "2008-05-14T07:22:02+00:00",
      "computer": "JEAN-13FBF038A3",
      "level": "Warning",
      "channel": "AppEvent",
      "record_id": 49,
      "event_data": {
        "String0": "HiPerfCooker_v1",
        "String1": "Root\\WMI"
      }
    },
    {
      "source_format": "evt",
      "file": "SysEvent.Evt",
      "event_id": 19,
      "provider": "Windows Update Agent",
      "timestamp": "2008-05-14T06:32:18+00:00",
      "computer": "JEAN-13FBF038A3",
      "level": "Information",
      "channel": "SysEvent",
      "record_id": 62,
      "event_data": {
        "String0": "Windows Genuine Advantage Validation Tool (KB892130)"
      }
    },
    {
      "source_format": "evt",
      "file": "SysEvent.Evt",
      "event_id": 4377,
      "provider": "WGA",
      "timestamp": "2008-05-14T06:32:13+00:00",
      "computer": "JEAN-13FBF038A3",
      "level": "Information",
      "channel": "SysEvent",
      "record_id": 61,
      "event_data": {
        "String0": "Windows XP",
        "String1": "KB892130"
      }
    },
    {
      "source_format": "evt",
      "file": "SysEvent.Evt",
      "event_id": 19,
      "provider": "Windows Update Agent",
      "timestamp": "2008-05-14T06:32:11+00:00",
      "computer": "JEAN-13FBF038A3",
      "level": "Information",
      "channel": "SysEvent",
      "record_id": 60,
      "event_data": {
        "String0": "Update for Windows XP (KB898461)"
      }
    },
    {
      "source_format": "evt",
      "file": "SysEvent.Evt",
      "event_id": 4377,
      "provider": "NtServicePack",
      "timestamp": "2008-05-14T06:32:06+00:00",
      "computer": "JEAN-13FBF038A3",
      "level": "Information",
      "channel": "SysEvent",
      "record_id": 59,
      "event_data": {
        "String0": "Windows XP",
        "String1": "KB898461"
      }
    },
    {
      "source_format": "evt",
      "file": "SysEvent.Evt",
      "event_id": 7035,
      "provider": "Service Control Manager",
      "timestamp": "2008-05-14T06:31:54+00:00",
      "computer": "JEAN-13FBF038A3",
      "level": "Information",
      "channel": "SysEvent",
      "record_id": 57,
      "event_data": {
        "String0": "Background Intelligent Transfer Service",
        "String1": "start"
      }
    },
    {
      "source_format": "evt",
      "file": "SysEvent.Evt",
      "event_id": 7036,
      "provider": "Service Control Manager",
      "timestamp": "2008-05-14T06:31:54+00:00",
      "computer": "JEAN-13FBF038A3",
      "level": "Information",
      "channel": "SysEvent",
      "record_id": 58,
      "event_data": {
        "String0": "Background Intelligent Transfer Service",
        "String1": "running"
      }
    },
    {
      "source_format": "evt",
      "file": "SysEvent.Evt",
      "event_id": 7035,
      "provider": "Service Control Manager",
      "timestamp": "2008-05-14T06:27:39+00:00",
      "computer": "JEAN-13FBF038A3",
      "level": "Information",
      "channel": "SysEvent",
      "record_id": 55,
      "event_data": {
        "String0": "Automatic Updates",
        "String1": "start"
      }
    },
    {
      "source_format": "evt",
      "file": "SysEvent.Evt",
      "event_id": 7036,
      "provider": "Service Control Manager",
      "timestamp": "2008-05-14T06:27:39+00:00",
      "computer": "JEAN-13FBF038A3",
      "level": "Information",
      "channel": "SysEvent",
      "record_id": 56,
      "event_data": {
        "String0": "Automatic Updates",
        "String1": "running"
      }
    },
    {
      "source_format": "evt",
      "file": "SysEvent.Evt",
      "event_id": 7035,
      "provider": "Service Control Manager",
      "timestamp": "2008-05-14T06:27:33+00:00",
      "computer": "JEAN-13FBF038A3",
      "level": "Information",
      "channel": "SysEvent",
      "record_id": 53,
      "event_data": {
        "String0": "Automatic Updates",
        "String1": "stop"
      }
    },
    {
      "source_format": "evt",
      "file": "SysEvent.Evt",
      "event_id": 7036,
      "provider": "Service Control Manager",
      "timestamp": "2008-05-14T06:27:33+00:00",
      "computer": "JEAN-13FBF038A3",
      "level": "Information",
      "channel": "SysEvent",
      "record_id": 54,
      "event_data": {
        "String0": "Automatic Updates",
        "String1": "stopped"
      }
    },
    {
      "source_format": "evt",
      "file": "AppEvent.Evt",
      "event_id": 103,
      "provider": "ESENT",
      "timestamp": "2008-05-14T06:27:33+00:00",
      "computer": "JEAN-13FBF038A3",
      "level": "Information",
      "channel": "AppEvent",
      "record_id": 47,
      "event_data": {
        "String0": "wuaueng.dll",
        "String1": "1360",
        "String2": "SUS20ClientDataStore: ",
        "String3": "0"
      }
    },
    {
      "source_format": "evt",
      "file": "AppEvent.Evt",
      "event_id": 101,
      "provider": "ESENT",
      "timestamp": "2008-05-14T06:27:33+00:00",
      "computer": "JEAN-13FBF038A3",
      "level": "Information",
      "channel": "AppEvent",
      "record_id": 48,
      "event_data": {
        "String0": "wuauclt",
        "String1": "1360",
        "String2": ""
      }
    },
    {
      "source_format": "evt",
      "file": "AppEvent.Evt",
      "event_id": 100,
      "provider": "ESENT",
      "timestamp": "2008-05-14T06:27:00+00:00",
      "computer": "JEAN-13FBF038A3",
      "level": "Information",
      "channel": "AppEvent",
      "record_id": 45,
      "event_data": {
        "String0": "wuauclt",
        "String1": "1360",
        "String2": "",
        "String3": "5",
        "String4": "01",
        "String5": "2600",
        "String6": "2180"
      }
    },
    {
      "source_format": "evt",
      "file": "AppEvent.Evt",
      "event_id": 102,
      "provider": "ESENT",
      "timestamp": "2008-05-14T06:27:00+00:00",
      "computer": "JEAN-13FBF038A3",
      "level": "Information",
      "channel": "AppEvent",
      "record_id": 46,
      "event_data": {
        "String0": "wuaueng.dll",
        "String1": "1360",
        "String2": "SUS20ClientDataStore: ",
        "String3": "0"
      }
    },
    {
      "source_format": "evt",
      "file": "AppEvent.Evt",
      "event_id": 103,
      "provider": "ESENT",
      "timestamp": "2008-05-14T05:37:47+00:00",
      "computer": "JEAN-13FBF038A3",
      "level": "Information",
      "channel": "AppEvent",
      "record_id": 43,
      "event_data": {
        "String0": "wuaueng.dll",
        "String1": "1800",
        "String2": "SUS20ClientDataStore: ",
        "String3": "0"
      }
    },
    {
      "source_format": "evt",
      "file": "AppEvent.Evt",
      "event_id": 101,
      "provider": "ESENT",
      "timestamp": "2008-05-14T05:37:47+00:00",
      "computer": "JEAN-13FBF038A3",
      "level": "Information",
      "channel": "AppEvent",
      "record_id": 44,
      "event_data": {
        "String0": "wuauclt",
        "String1": "1800",
        "String2": ""
      }
    },
    {
      "source_format": "evt",
      "file": "AppEvent.Evt",
      "event_id": 1001,
      "provider": "LoadPerf",
      "timestamp": "2008-05-14T05:33:05+00:00",
      "computer": "JEAN-13FBF038A3",
      "level": "Information",
      "channel": "AppEvent",
      "record_id": 41,
      "event_data": {
        "String0": "WmiApRpl",
        "String1": "WmiApRpl"
      }
    },
    {
      "source_format": "evt",
      "file": "AppEvent.Evt",
      "event_id": 1000,
      "provider": "LoadPerf",
      "timestamp": "2008-05-14T05:33:05+00:00",
      "computer": "JEAN-13FBF038A3",
      "level": "Information",
      "channel": "AppEvent",
      "record_id": 42,
      "event_data": {
        "String0": "WmiApRpl",
        "String1": "WmiApRpl"
      }
    },
    {
      "source_format": "evt",
      "file": "AppEvent.Evt",
      "event_id": 100,
      "provider": "ESENT",
      "timestamp": "2008-05-14T05:32:47+00:00",
      "computer": "JEAN-13FBF038A3",
      "level": "Information",
      "channel": "AppEvent",
      "record_id": 39,
      "event_data": {
        "String0": "wuauclt",
        "String1": "1800",
        "String2": "",
        "String3": "5",
        "String4": "01",
        "String5": "2600",
        "String6": "2180"
      }
    },
    {
      "source_format": "evt",
      "file": "AppEvent.Evt",
      "event_id": 102,
      "provider": "ESENT",
      "timestamp": "2008-05-14T05:32:47+00:00",
      "computer": "JEAN-13FBF038A3",
      "level": "Information",
      "channel": "AppEvent",
      "record_id": 40,
      "event_data": {
        "String0": "wuaueng.dll",
        "String1": "1800",
        "String2": "SUS20ClientDataStore: ",
        "String3": "0"
      }
    },
    {
      "source_format": "evt",
      "file": "SysEvent.Evt",
      "event_id": 7036,
      "provider": "Service Control Manager",
      "timestamp": "2008-05-14T05:32:09+00:00",
      "computer": "JEAN-13FBF038A3",
      "level": "Information",
      "channel": "SysEvent",
      "record_id": 52,
      "event_data": {
        "String0": "IMAPI CD-Burning COM Service",
        "String1": "stopped"
      }
    },
    {
      "source_format": "evt",
      "file": "SysEvent.Evt",
      "event_id": 7036,
      "provider": "Service Control Manager",
      "timestamp": "2008-05-14T05:32:03+00:00",
      "computer": "JEAN-13FBF038A3",
      "level": "Information",
      "channel": "SysEvent",
      "record_id": 40,
      "event_data": {
        "String0": "Terminal Services",
        "String1": "running"
      }
    },
    {
      "source_format": "evt",
      "file": "SysEvent.Evt",
      "event_id": 7035,
      "provider": "Service Control Manager",
      "timestamp": "2008-05-14T05:32:03+00:00",
      "computer": "JEAN-13FBF038A3",
      "level": "Information",
      "channel": "SysEvent",
      "record_id": 41,
      "event_data": {
        "String0": "Fast User Switching Compatibility",
        "String1": "start"
      }
    },
    {
      "source_format": "evt",
      "file": "SysEvent.Evt",
      "event_id": 7036,
      "provider": "Service Control Manager",
      "timestamp": "2008-05-14T05:32:03+00:00",
      "computer": "JEAN-13FBF038A3",
      "level": "Information",
      "channel": "SysEvent",
      "record_id": 42,
      "event_data": {
        "String0": "Fast User Switching Compatibility",
        "String1": "running"
      }
    },
    {
      "source_format": "evt",
      "file": "SysEvent.Evt",
      "event_id": 7035,
      "provider": "Service Control Manager",
      "timestamp": "2008-05-14T05:32:03+00:00",
      "computer": "JEAN-13FBF038A3",
      "level": "Information",
      "channel": "SysEvent",
      "record_id": 43,
      "event_data": {
        "String0": "IMAPI CD-Burning COM Service",
        "String1": "start"
      }
    },
    {
      "source_format": "evt",
      "file": "SysEvent.Evt",
      "event_id": 7035,
      "provider": "Service Control Manager",
      "timestamp": "2008-05-14T05:32:03+00:00",
      "computer": "JEAN-13FBF038A3",
      "level": "Information",
      "channel": "SysEvent",
      "record_id": 44,
      "event_data": {
        "String0": "Network Location Awareness (NLA)",
        "String1": "start"
      }
    },
    {
      "source_format": "evt",
      "file": "SysEvent.Evt",
      "event_id": 7036,
      "provider": "Service Control Manager",
      "timestamp": "2008-05-14T05:32:03+00:00",
      "computer": "JEAN-13FBF038A3",
      "level": "Information",
      "channel": "SysEvent",
      "record_id": 45,
      "event_data": {
        "String0": "Network Location Awareness (NLA)",
        "String1": "running"
      }
    },
    {
      "source_format": "evt",
      "file": "SysEvent.Evt",
      "event_id": 7036,
      "provider": "Service Control Manager",
      "timestamp": "2008-05-14T05:32:03+00:00",
      "computer": "JEAN-13FBF038A3",
      "level": "Information",
      "channel": "SysEvent",
      "record_id": 46,
      "event_data": {
        "String0": "IMAPI CD-Burning COM Service",
        "String1": "running"
      }
    },
    {
      "source_format": "evt",
      "file": "SysEvent.Evt",
      "event_id": 7035,
      "provider": "Service Control Manager",
      "timestamp": "2008-05-14T05:32:03+00:00",
      "computer": "JEAN-13FBF038A3",
      "level": "Information",
      "channel": "SysEvent",
      "record_id": 47,
      "event_data": {
        "String0": "SSDP Discovery Service",
        "String1": "start"
      }
    },
    {
      "source_format": "evt",
      "file": "SysEvent.Evt",
      "event_id": 7036,
      "provider": "Service Control Manager",
      "timestamp": "2008-05-14T05:32:03+00:00",
      "computer": "JEAN-13FBF038A3",
      "level": "Information",
      "channel": "SysEvent",
      "record_id": 48,
      "event_data": {
        "String0": "SSDP Discovery Service",
        "String1": "running"
      }
    },
    {
      "source_format": "evt",
      "file": "SysEvent.Evt",
      "event_id": 7035,
      "provider": "Service Control Manager",
      "timestamp": "2008-05-14T05:32:03+00:00",
      "computer": "JEAN-13FBF038A3",
      "level": "Information",
      "channel": "SysEvent",
      "record_id": 49,
      "event_data": {
        "String0": "Application Layer Gateway Service",
        "String1": "start"
      }
    },
    {
      "source_format": "evt",
      "file": "SysEvent.Evt",
      "event_id": 7036,
      "provider": "Service Control Manager",
      "timestamp": "2008-05-14T05:32:03+00:00",
      "computer": "JEAN-13FBF038A3",
      "level": "Information",
      "channel": "SysEvent",
      "record_id": 50,
      "event_data": {
        "String0": "Application Layer Gateway Service",
        "String1": "running"
      }
    },
    {
      "source_format": "evt",
      "file": "SysEvent.Evt",
      "event_id": 7036,
      "provider": "Service Control Manager",
      "timestamp": "2008-05-14T05:32:03+00:00",
      "computer": "JEAN-13FBF038A3",
      "level": "Information",
      "channel": "SysEvent",
      "record_id": 51,
      "event_data": {
        "String0": "Computer Browser",
        "String1": "stopped"
      }
    },
    {
      "source_format": "evt",
      "file": "AppEvent.Evt",
      "event_id": 1800,
      "provider": "SecurityCenter",
      "timestamp": "2008-05-14T05:32:02+00:00",
      "computer": "JEAN-13FBF038A3",
      "level": "Information",
      "channel": "AppEvent",
      "record_id": 38,
      "event_data": {}
    },
    {
      "source_format": "evt",
      "file": "SysEvent.Evt",
      "event_id": 1,
      "provider": "LGTO_Sync",
      "timestamp": "2008-05-14T05:31:57+00:00",
      "computer": "JEAN-13FBF038A3",
      "level": "Information",
      "channel": "SysEvent",
      "record_id": 39,
      "event_data": {
        "String0": "",
        "String1": "The Driver was loaded successfully "
      }
    },
    {
      "source_format": "evt",
      "file": "AppEvent.Evt",
      "event_id": 105,
      "provider": "VMTools",
      "timestamp": "2008-05-14T05:31:57+00:00",
      "computer": "JEAN-13FBF038A3",
      "level": "Information",
      "channel": "AppEvent",
      "record_id": 37,
      "event_data": {}
    },
    {
      "source_format": "evt",
      "file": "SysEvent.Evt",
      "event_id": 6009,
      "provider": "EventLog",
      "timestamp": "2008-05-14T05:31:48+00:00",
      "computer": "JEAN-13FBF038A3",
      "level": "Information",
      "channel": "SysEvent",
      "record_id": 37,
      "event_data": {
        "String0": "5.01.",
        "String1": "2600",
        "String2": "Service Pack 2",
        "String3": "Uniprocessor Free"
      }
    },
    {
      "source_format": "evt",
      "file": "SysEvent.Evt",
      "event_id": 6005,
      "provider": "EventLog",
      "timestamp": "2008-05-14T05:31:48+00:00",
      "computer": "JEAN-13FBF038A3",
      "level": "Information",
      "channel": "SysEvent",
      "record_id": 38,
      "event_data": {}
    },
    {
      "source_format": "evt",
      "file": "SysEvent.Evt",
      "event_id": 6006,
      "provider": "EventLog",
      "timestamp": "2008-05-14T05:31:35+00:00",
      "computer": "JEAN-13FBF038A3",
      "level": "Information",
      "channel": "SysEvent",
      "record_id": 36,
      "event_data": {}
    },
    {
      "source_format": "evt",
      "file": "SysEvent.Evt",
      "event_id": 1074,
      "provider": "USER32",
      "timestamp": "2008-05-14T05:31:28+00:00",
      "computer": "JEAN-13FBF038A3",
      "level": "Information",
      "channel": "SysEvent",
      "record_id": 34,
      "event_data": {
        "String0": "msiexec.exe",
        "String1": "JEAN-13FBF038A3",
        "String2": "No title for this reason could be found",
        "String3": "0x2",
        "String4": "reboot",
        "String5": "The Windows Installer initiated a system restart to complete or continue the configuration of 'VMware Tools'."
      }
    },
    {
      "source_format": "evt",
      "file": "SysEvent.Evt",
      "event_id": 7036,
      "provider": "Service Control Manager",
      "timestamp": "2008-05-14T05:31:28+00:00",
      "computer": "JEAN-13FBF038A3",
      "level": "Information",
      "channel": "SysEvent",
      "record_id": 35,
      "event_data": {
        "String0": "Windows Installer",
        "String1": "stopped"
      }
    },
    {
      "source_format": "evt",
      "file": "AppEvent.Evt",
      "event_id": 11707,
      "provider": "MsiInstaller",
      "timestamp": "2008-05-14T05:31:28+00:00",
      "computer": "JEAN-13FBF038A3",
      "level": "Information",
      "channel": "AppEvent",
      "record_id": 35,
      "event_data": {
        "String0": "Product: VMware Tools -- Installation operation completed successfully.",
        "String1": "(NULL)",
        "String2": "(NULL)",
        "String3": "(NULL)"
      }
    },
    {
      "source_format": "evt",
      "file": "AppEvent.Evt",
      "event_id": 1005,
      "provider": "MsiInstaller",
      "timestamp": "2008-05-14T05:31:28+00:00",
      "computer": "JEAN-13FBF038A3",
      "level": "Information",
      "channel": "AppEvent",
      "record_id": 36,
      "event_data": {
        "String0": "VMware Tools",
        "String1": "(NULL)",
        "String2": "(NULL)",
        "String3": "(NULL)"
      }
    },
    {
      "source_format": "evt",
      "file": "SysEvent.Evt",
      "event_id": 7035,
      "provider": "Service Control Manager",
      "timestamp": "2008-05-14T05:31:18+00:00",
      "computer": "JEAN-13FBF038A3",
      "level": "Information",
      "channel": "SysEvent",
      "record_id": 32,
      "event_data": {
        "String0": "VMware Physical Disk Helper Service",
        "String1": "start"
      }
    },
    {
      "source_format": "evt",
      "file": "SysEvent.Evt",
      "event_id": 7036,
      "provider": "Service Control Manager",
      "timestamp": "2008-05-14T05:31:18+00:00",
      "computer": "JEAN-13FBF038A3",
      "level": "Information",
      "channel": "SysEvent",
      "record_id": 33,
      "event_data": {
        "String0": "VMware Physical Disk Helper Service",
        "String1": "running"
      }
    },
    {
      "source_format": "evt",
      "file": "SysEvent.Evt",
      "event_id": 6009,
      "provider": "EventLog",
      "timestamp": "2008-05-13T22:20:14+00:00",
      "computer": "MACHINENAME",
      "level": "Information",
      "channel": "SysEvent",
      "record_id": 1,
      "event_data": {
        "String0": "5.01.",
        "String1": "2600",
        "String2": "Service Pack 2",
        "String3": "Uniprocessor Free"
      }
    },
    {
      "source_format": "evt",
      "file": "SysEvent.Evt",
      "event_id": 6005,
      "provider": "EventLog",
      "timestamp": "2008-05-13T22:20:14+00:00",
      "computer": "MACHINENAME",
      "level": "Information",
      "channel": "SysEvent",
      "record_id": 2,
      "event_data": {}
    },
    {
      "source_format": "evt",
      "file": "SysEvent.Evt",
      "event_id": 2,
      "provider": "Serial",
      "timestamp": "2008-05-13T22:20:12+00:00",
      "computer": "MACHINENAME",
      "level": "Information",
      "channel": "SysEvent",
      "record_id": 3,
      "event_data": {
        "String0": "\\Device\\Serial0",
        "String1": "\\Device\\Serial0"
      }
    },
    {
      "source_format": "evt",
      "file": "SysEvent.Evt",
      "event_id": 2,
      "provider": "Serial",
      "timestamp": "2008-05-13T22:20:12+00:00",
      "computer": "MACHINENAME",
      "level": "Information",
      "channel": "SysEvent",
      "record_id": 4,
      "event_data": {
        "String0": "\\Device\\Serial1",
        "String1": "\\Device\\Serial1"
      }
    },
    {
      "source_format": "evt",
      "file": "SysEvent.Evt",
      "event_id": 7035,
      "provider": "Service Control Manager",
      "timestamp": "2008-05-13T21:31:16+00:00",
      "computer": "JEAN-13FBF038A3",
      "level": "Information",
      "channel": "SysEvent",
      "record_id": 30,
      "event_data": {
        "String0": "VMware Tools Service",
        "String1": "start"
      }
    },
    {
      "source_format": "evt",
      "file": "SysEvent.Evt",
      "event_id": 7036,
      "provider": "Service Control Manager",
      "timestamp": "2008-05-13T21:31:16+00:00",
      "computer": "JEAN-13FBF038A3",
      "level": "Information",
      "channel": "SysEvent",
      "record_id": 31,
      "event_data": {
        "String0": "VMware Tools Service",
        "String1": "running"
      }
    },
    {
      "source_format": "evt",
      "file": "AppEvent.Evt",
      "event_id": 105,
      "provider": "VMTools",
      "timestamp": "2008-05-13T21:31:16+00:00",
      "computer": "JEAN-13FBF038A3",
      "level": "Information",
      "channel": "AppEvent",
      "record_id": 34,
      "event_data": {}
    },
    {
      "source_format": "evt",
      "file": "AppEvent.Evt",
      "event_id": 5603,
      "provider": "WinMgmt",
      "timestamp": "2008-05-13T21:31:15+00:00",
      "computer": "JEAN-13FBF038A3",
      "level": "Warning",
      "channel": "AppEvent",
      "record_id": 31,
      "event_data": {
        "String0": "TPAutoConnDLL",
        "String1": "Root\\ThinPrint"
      }
    },
    {
      "source_format": "evt",
      "file": "AppEvent.Evt",
      "event_id": 5603,
      "provider": "WinMgmt",
      "timestamp": "2008-05-13T21:31:15+00:00",
      "computer": "JEAN-13FBF038A3",
      "level": "Warning",
      "channel": "AppEvent",
      "record_id": 32,
      "event_data": {
        "String0": "TPAutoConnDLL",
        "String1": "Root\\ThinPrint"
      }
    },
    {
      "source_format": "evt",
      "file": "AppEvent.Evt",
      "event_id": 5603,
      "provider": "WinMgmt",
      "timestamp": "2008-05-13T21:31:15+00:00",
      "computer": "JEAN-13FBF038A3",
      "level": "Warning",
      "channel": "AppEvent",
      "record_id": 33,
      "event_data": {
        "String0": "TPAutoConnDLL",
        "String1": "Root\\ThinPrint"
      }
    },
