    {
      "source_format": "evt",
      "file": "SysEvent.Evt",
      "event_id": 20,
      "provider": "Print",
      "timestamp": "2008-05-13T21:31:13+00:00",
      "computer": "JEAN-13FBF038A3",
      "level": "Warning",
      "channel": "SysEvent",
      "record_id": 29,
      "event_data": {
        "String0": "TP Output Gateway",
        "String1": "Windows NT x86",
        "String2": "Version-3",
        "String3": "TPPRN.DLL, TPPrnUI.DLL, TPOG.bin, TPOG.hlp"
      }
    },
    {
      "source_format": "evt",
      "file": "AppEvent.Evt",
      "event_id": 100,
      "provider": "ESENT",
      "timestamp": "2008-05-13T21:31:01+00:00",
      "computer": "JEAN-13FBF038A3",
      "level": "Information",
      "channel": "AppEvent",
      "record_id": 29,
      "event_data": {
        "String0": "wuauclt",
        "String1": "192",
        "String2": "",
        "String3": "5",
        "String4": "01",
        "String5": "2600",
        "String6": "2180"
      }
    },
    {
      "source_format": "evt",
      "file": "AppEvent.Evt",
      "event_id": 102,
      "provider": "ESENT",
      "timestamp": "2008-05-13T21:31:01+00:00",
      "computer": "JEAN-13FBF038A3",
      "level": "Information",
      "channel": "AppEvent",
      "record_id": 30,
      "event_data": {
        "String0": "wuaueng.dll",
        "String1": "192",
        "String2": "SUS20ClientDataStore: ",
        "String3": "0"
      }
    },
    {
      "source_format": "evt",
      "file": "AppEvent.Evt",
      "event_id": 2,
      "provider": "crypt32",
      "timestamp": "2008-05-13T21:30:51+00:00",
      "computer": "JEAN-13FBF038A3",
      "level": "Information",
      "channel": "AppEvent",
      "record_id": 28,
      "event_data": {
        "String0": "http://www.download.windowsupdate.com/msdownload/update/v3/static/trustedr/en/authrootstl.cab"
      }
    },
    {
      "source_format": "evt",
      "file": "SysEvent.Evt",
      "event_id": 7036,
      "provider": "Service Control Manager",
      "timestamp": "2008-05-13T21:30:46+00:00",
      "computer": "JEAN-13FBF038A3",
      "level": "Information",
      "channel": "SysEvent",
      "record_id": 28,
      "event_data": {
        "String0": "IMAPI CD-Burning COM Service",
        "String1": "stopped"
      }
    },
    {
      "source_format": "evt",
      "file": "AppEvent.Evt",
      "event_id": 7,
      "provider": "crypt32",
      "timestamp": "2008-05-13T21:30:40+00:00",
      "computer": "JEAN-13FBF038A3",
      "level": "Information",
      "channel": "AppEvent",
      "record_id": 27,
      "event_data": {
        "String0": "http://www.download.windowsupdate.com/msdownload/update/v3/static/trustedr/en/authrootseq.txt"
      }
    },
    {
      "source_format": "evt",
      "file": "SysEvent.Evt",
      "event_id": 7035,
      "provider": "Service Control Manager",
      "timestamp": "2008-05-13T21:30:39+00:00",
      "computer": "JEAN-13FBF038A3",
      "level": "Information",
      "channel": "SysEvent",
      "record_id": 26,
      "event_data": {
        "String0": "IMAPI CD-Burning COM Service",
        "String1": "start"
      }
    },
    {
      "source_format": "evt",
      "file": "SysEvent.Evt",
      "event_id": 7036,
      "provider": "Service Control Manager",
      "timestamp": "2008-05-13T21:30:39+00:00",
      "computer": "JEAN-13FBF038A3",
      "level": "Information",
      "channel": "SysEvent",
      "record_id": 27,
      "event_data": {
        "String0": "IMAPI CD-Burning COM Service",
        "String1": "running"
      }
    },
    {
      "source_format": "evt",
      "file": "SysEvent.Evt",
      "event_id": 7035,
      "provider": "Service Control Manager",
      "timestamp": "2008-05-13T21:30:35+00:00",
      "computer": "JEAN-13FBF038A3",
      "level": "Information",
      "channel": "SysEvent",
      "record_id": 24,
      "event_data": {
        "String0": "SSDP Discovery Service",
        "String1": "start"
      }
    },
    {
      "source_format": "evt",
      "file": "SysEvent.Evt",
      "event_id": 7036,
      "provider": "Service Control Manager",
      "timestamp": "2008-05-13T21:30:35+00:00",
      "computer": "JEAN-13FBF038A3",
      "level": "Information",
      "channel": "SysEvent",
      "record_id": 25,
      "event_data": {
        "String0": "SSDP Discovery Service",
        "String1": "running"
      }
    },
    {
      "source_format": "evt",
      "file": "AppEvent.Evt",
      "event_id": 11707,
      "provider": "MsiInstaller",
      "timestamp": "2008-05-13T21:30:33+00:00",
      "computer": "JEAN-13FBF038A3",
      "level": "Information",
      "channel": "AppEvent",
      "record_id": 26,
      "event_data": {
        "String0": "Product: WebFldrs XP -- Installation operation completed successfully.",
        "String1": "(NULL)",
        "String2": "(NULL)",
        "String3": "(NULL)"
      }
    },
    {
      "source_format": "evt",
      "file": "SysEvent.Evt",
      "event_id": 7035,
      "provider": "Service Control Manager",
      "timestamp": "2008-05-13T21:30:31+00:00",
      "computer": "JEAN-13FBF038A3",
      "level": "Information",
      "channel": "SysEvent",
      "record_id": 22,
      "event_data": {
        "String0": "Windows Installer",
        "String1": "start"
      }
    },
    {
      "source_format": "evt",
      "file": "SysEvent.Evt",
      "event_id": 7036,
      "provider": "Service Control Manager",
      "timestamp": "2008-05-13T21:30:31+00:00",
      "computer": "JEAN-13FBF038A3",
      "level": "Information",
      "channel": "SysEvent",
      "record_id": 23,
      "event_data": {
        "String0": "Windows Installer",
        "String1": "running"
      }
    },
    {
      "source_format": "evt",
      "file": "SysEvent.Evt",
      "event_id": 7036,
      "provider": "Service Control Manager",
      "timestamp": "2008-05-13T21:30:11+00:00",
      "computer": "JEAN-13FBF038A3",
      "level": "Information",
      "channel": "SysEvent",
      "record_id": 19,
      "event_data": {
        "String0": "Terminal Services",
        "String1": "running"
      }
    },
    {
      "source_format": "evt",
      "file": "SysEvent.Evt",
      "event_id": 7035,
      "provider": "Service Control Manager",
      "timestamp": "2008-05-13T21:30:11+00:00",
      "computer": "JEAN-13FBF038A3",
      "level": "Information",
      "channel": "SysEvent",
      "record_id": 20,
      "event_data": {
        "String0": "Fast User Switching Compatibility",
        "String1": "start"
      }
    },
    {
      "source_format": "evt",
      "file": "SysEvent.Evt",
      "event_id": 7036,
      "provider": "Service Control Manager",
      "timestamp": "2008-05-13T21:30:11+00:00",
      "computer": "JEAN-13FBF038A3",
      "level": "Information",
      "channel": "SysEvent",
      "record_id": 21,
      "event_data": {
        "String0": "Fast User Switching Compatibility",
        "String1": "running"
      }
    },
    {
      "source_format": "evt",
      "file": "SysEvent.Evt",
      "event_id": 7036,
      "provider": "Service Control Manager",
      "timestamp": "2008-05-13T21:30:10+00:00",
      "computer": "JEAN-13FBF038A3",
      "level": "Information",
      "channel": "SysEvent",
      "record_id": 18,
      "event_data": {
        "String0": "Computer Browser",
        "String1": "stopped"
      }
    },
    {
      "source_format": "evt",
      "file": "SysEvent.Evt",
      "event_id": 7035,
      "provider": "Service Control Manager",
      "timestamp": "2008-05-13T21:30:09+00:00",
      "computer": "JEAN-13FBF038A3",
      "level": "Information",
      "channel": "SysEvent",
      "record_id": 12,
      "event_data": {
        "String0": "DCOM Server Process Launcher",
        "String1": "start"
      }
    },
    {
      "source_format": "evt",
      "file": "SysEvent.Evt",
      "event_id": 7035,
      "provider": "Service Control Manager",
      "timestamp": "2008-05-13T21:30:09+00:00",
      "computer": "JEAN-13FBF038A3",
      "level": "Information",
      "channel": "SysEvent",
      "record_id": 13,
      "event_data": {
        "String0": "Telephony",
        "String1": "start"
      }
    },
    {
      "source_format": "evt",
      "file": "SysEvent.Evt",
      "event_id": 7035,
      "provider": "Service Control Manager",
      "timestamp": "2008-05-13T21:30:09+00:00",
      "computer": "JEAN-13FBF038A3",
      "level": "Information",
      "channel": "SysEvent",
      "record_id": 14,
      "event_data": {
        "String0": "Network Location Awareness (NLA)",
        "String1": "start"
      }
    },
    {
      "source_format": "evt",
      "file": "SysEvent.Evt",
      "event_id": 7036,
      "provider": "Service Control Manager",
      "timestamp": "2008-05-13T21:30:09+00:00",
      "computer": "JEAN-13FBF038A3",
      "level": "Information",
      "channel": "SysEvent",
      "record_id": 15,
      "event_data": {
        "String0": "Network Location Awareness (NLA)",
        "String1": "running"
      }
    },
    {
      "source_format": "evt",
      "file": "SysEvent.Evt",
      "event_id": 7035,
      "provider": "Service Control Manager",
      "timestamp": "2008-05-13T21:30:09+00:00",
      "computer": "JEAN-13FBF038A3",
      "level": "Information",
      "channel": "SysEvent",
      "record_id": 16,
      "event_data": {
        "String0": "Application Layer Gateway Service",
        "String1": "start"
      }
    },
    {
      "source_format": "evt",
      "file": "SysEvent.Evt",
      "event_id": 7036,
      "provider": "Service Control Manager",
      "timestamp": "2008-05-13T21:30:09+00:00",
      "computer": "JEAN-13FBF038A3",
      "level": "Information",
      "channel": "SysEvent",
      "record_id": 17,
      "event_data": {
        "String0": "Application Layer Gateway Service",
        "String1": "running"
      }
    },
    {
      "source_format": "evt",
      "file": "AppEvent.Evt",
      "event_id": 1800,
      "provider": "SecurityCenter",
      "timestamp": "2008-05-13T21:30:09+00:00",
      "computer": "JEAN-13FBF038A3",
      "level": "Information",
      "channel": "AppEvent",
      "record_id": 25,
      "event_data": {}
    },
    {
      "source_format": "evt",
      "file": "SysEvent.Evt",
      "event_id": 115,
      "provider": "SRService",
      "timestamp": "2008-05-13T21:30:06+00:00",
      "computer": "JEAN-13FBF038A3",
      "level": "Information",
      "channel": "SysEvent",
      "record_id": 11,
      "event_data": {}
    },
    {
      "source_format": "evt",
      "file": "SysEvent.Evt",
      "event_id": 6009,
      "provider": "EventLog",
      "timestamp": "2008-05-13T21:29:56+00:00",
      "computer": "JEAN-13FBF038A3",
      "level": "Information",
      "channel": "SysEvent",
      "record_id": 9,
      "event_data": {
        "String0": "5.01.",
        "String1": "2600",
        "String2": "Service Pack 2",
        "String3": "Uniprocessor Free"
      }
    },
    {
      "source_format": "evt",
      "file": "SysEvent.Evt",
      "event_id": 6005,
      "provider": "EventLog",
      "timestamp": "2008-05-13T21:29:56+00:00",
      "computer": "JEAN-13FBF038A3",
      "level": "Information",
      "channel": "SysEvent",
      "record_id": 10,
      "event_data": {}
    },
    {
      "source_format": "evt",
      "file": "SysEvent.Evt",
      "event_id": 60054,
      "provider": "Setup",
      "timestamp": "2008-05-13T21:29:39+00:00",
      "computer": "JEAN-13FBF038A3",
      "level": "Information",
      "channel": "SysEvent",
      "record_id": 8,
      "event_data": {
        "String0": "2600"
      }
    },
    {
      "source_format": "evt",
      "file": "AppEvent.Evt",
      "event_id": 1500,
      "provider": "SceCli",
      "timestamp": "2008-05-13T21:26:53+00:00",
      "computer": "JEAN-13FBF038A3",
      "level": "Information",
      "channel": "AppEvent",
      "record_id": 24,
      "event_data": {
        "String0": "C:\\WINDOWS\\security\\templates\\setup security.inf"
      }
    },
    {
      "source_format": "evt",
      "file": "AppEvent.Evt",
      "event_id": 100,
      "provider": "WmdmPmSN",
      "timestamp": "2008-05-13T21:26:21+00:00",
      "computer": "JEAN-13FBF038A3",
      "level": "Information",
      "channel": "AppEvent",
      "record_id": 23,
      "event_data": {
        "String0": "WmdmPmSN"
      }
    },
    {
      "source_format": "evt",
      "file": "AppEvent.Evt",
      "event_id": 4156,
      "provider": "COM+",
      "timestamp": "2008-05-13T21:26:15+00:00",
      "computer": "JEAN-13FBF038A3",
      "level": "Information",
      "channel": "AppEvent",
      "record_id": 19,
      "event_data": {
        "String0": "First attemp to CoCreateInstance(CLSID_ComSystemAppEventData) failed!"
      }
    },
    {
      "source_format": "evt",
      "file": "AppEvent.Evt",
      "event_id": 4156,
      "provider": "COM+",
      "timestamp": "2008-05-13T21:26:15+00:00",
      "computer": "JEAN-13FBF038A3",
      "level": "Information",
      "channel": "AppEvent",
      "record_id": 20,
      "event_data": {
        "String0": "Remove old EventClass(CLSID_ComSystemAppEventData) from event system!."
      }
    },
    {
      "source_format": "evt",
      "file": "AppEvent.Evt",
      "event_id": 4156,
      "provider": "COM+",
      "timestamp": "2008-05-13T21:26:15+00:00",
      "computer": "JEAN-13FBF038A3",
      "level": "Information",
      "channel": "AppEvent",
      "record_id": 21,
      "event_data": {
        "String0": "Added EventClass(CLSID_ComSystemAppEventData) to event system!."
      }
    },
    {
      "source_format": "evt",
      "file": "AppEvent.Evt",
      "event_id": 4156,
      "provider": "COM+",
      "timestamp": "2008-05-13T21:26:15+00:00",
      "computer": "JEAN-13FBF038A3",
      "level": "Information",
      "channel": "AppEvent",
      "record_id": 22,
      "event_data": {
        "String0": "RegisterComSystemAppEventData() succeeded!  Will re-try CoCreateInstance(CLSID_ComSystemAppEventData)"
      }
    },
    {
      "source_format": "evt",
      "file": "AppEvent.Evt",
      "event_id": 5603,
      "provider": "WinMgmt",
      "timestamp": "2008-05-13T21:26:13+00:00",
      "computer": "JEAN-13FBF038A3",
      "level": "Warning",
      "channel": "AppEvent",
      "record_id": 17,
      "event_data": {
        "String0": "Rsop Planning Mode Provider",
        "String1": "root\\RSOP"
      }
    },
    {
      "source_format": "evt",
      "file": "AppEvent.Evt",
      "event_id": 5603,
      "provider": "WinMgmt",
      "timestamp": "2008-05-13T21:26:13+00:00",
      "computer": "JEAN-13FBF038A3",
      "level": "Warning",
      "channel": "AppEvent",
      "record_id": 18,
      "event_data": {
        "String0": "Rsop Planning Mode Provider",
        "String1": "root\\RSOP"
      }
    },
    {
      "source_format": "evt",
      "file": "SysEvent.Evt",
      "event_id": 15007,
      "provider": "HTTP",
      "timestamp": "2008-05-13T21:25:14+00:00",
      "computer": "JEAN-13FBF038A3",
      "level": "Information",
      "channel": "SysEvent",
      "record_id": 7,
      "event_data": {
        "String0": "",
        "String1": "http://*:2869/"
      }
    },
    {
      "source_format": "evt",
      "file": "AppEvent.Evt",
      "event_id": 1000,
      "provider": "LoadPerf",
      "timestamp": "2008-05-13T21:24:45+00:00",
      "computer": "JEAN-13FBF038A3",
      "level": "Information",
      "channel": "AppEvent",
      "record_id": 14,
      "event_data": {
        "String0": "ContentIndex",
        "String1": "ContentIndex"
      }
    },
    {
      "source_format": "evt",
      "file": "AppEvent.Evt",
      "event_id": 1000,
      "provider": "LoadPerf",
      "timestamp": "2008-05-13T21:24:45+00:00",
      "computer": "JEAN-13FBF038A3",
      "level": "Information",
      "channel": "AppEvent",
      "record_id": 15,
      "event_data": {
        "String0": "ContentFilter",
        "String1": "ContentFilter"
      }
    },
    {
      "source_format": "evt",
      "file": "AppEvent.Evt",
      "event_id": 1000,
      "provider": "LoadPerf",
      "timestamp": "2008-05-13T21:24:45+00:00",
      "computer": "JEAN-13FBF038A3",
      "level": "Information",
      "channel": "AppEvent",
      "record_id": 16,
      "event_data": {
        "String0": "ISAPISearch",
        "String1": "ISAPISearch"
      }
    },
    {
      "source_format": "evt",
      "file": "AppEvent.Evt",
      "event_id": 63,
      "provider": "WinMgmt",
      "timestamp": "2008-05-13T21:24:43+00:00",
      "computer": "JEAN-13FBF038A3",
      "level": "Warning",
      "channel": "AppEvent",
      "record_id": 12,
      "event_data": {
        "String0": "CmdTriggerConsumer",
        "String1": "Root\\cimv2"
      }
    },
    {
      "source_format": "evt",
      "file": "AppEvent.Evt",
      "event_id": 63,
      "provider": "WinMgmt",
      "timestamp": "2008-05-13T21:24:43+00:00",
      "computer": "JEAN-13FBF038A3",
      "level": "Warning",
      "channel": "AppEvent",
      "record_id": 13,
      "event_data": {
        "String0": "CmdTriggerConsumer",
        "String1": "Root\\cimv2"
      }
    },
    {
      "source_format": "evt",
      "file": "AppEvent.Evt",
      "event_id": 63,
      "provider": "WinMgmt",
      "timestamp": "2008-05-13T21:24:42+00:00",
      "computer": "JEAN-13FBF038A3",
      "level": "Warning",
      "channel": "AppEvent",
      "record_id": 11,
      "event_data": {
        "String0": "HiPerfCooker_v1",
        "String1": "Root\\WMI"
      }
    },
    {
      "source_format": "evt",
      "file": "AppEvent.Evt",
      "event_id": 1000,
      "provider": "LoadPerf",
      "timestamp": "2008-05-13T21:24:36+00:00",
      "computer": "JEAN-13FBF038A3",
      "level": "Information",
      "channel": "AppEvent",
      "record_id": 8,
      "event_data": {
        "String0": "WmiApRpl",
        "String1": "WmiApRpl"
      }
    },
    {
      "source_format": "evt",
      "file": "AppEvent.Evt",
      "event_id": 1001,
      "provider": "LoadPerf",
      "timestamp": "2008-05-13T21:24:36+00:00",
      "computer": "JEAN-13FBF038A3",
      "level": "Information",
      "channel": "AppEvent",
      "record_id": 9,
      "event_data": {
        "String0": "WmiApRpl",
        "String1": "WmiApRpl"
      }
    },
    {
      "source_format": "evt",
      "file": "AppEvent.Evt",
      "event_id": 1000,
      "provider": "LoadPerf",
      "timestamp": "2008-05-13T21:24:36+00:00",
      "computer": "JEAN-13FBF038A3",
      "level": "Information",
      "channel": "AppEvent",
      "record_id": 10,
      "event_data": {
        "String0": "WmiApRpl",
        "String1": "WmiApRpl"
      }
    },
    {
      "source_format": "evt",
      "file": "AppEvent.Evt",
      "event_id": 4104,
      "provider": "MSDTC",
      "timestamp": "2008-05-13T21:24:30+00:00",
      "computer": "JEAN-13FBF038A3",
      "level": "Information",
      "channel": "AppEvent",
      "record_id": 6,
      "event_data": {}
    },
    {
      "source_format": "evt",
      "file": "AppEvent.Evt",
      "event_id": 2444,
      "provider": "MSDTC",
      "timestamp": "2008-05-13T21:24:30+00:00",
      "computer": "JEAN-13FBF038A3",
      "level": "Information",
      "channel": "AppEvent",
      "record_id": 7,
      "event_data": {
        "String0": "0",
        "String1": "0",
        "String2": "0",
        "String3": "0",
        "String4": "0",
        "String5": "0"
      }
    },
    {
      "source_format": "evt",
      "file": "AppEvent.Evt",
      "event_id": 1000,
      "provider": "LoadPerf",
      "timestamp": "2008-05-13T21:24:29+00:00",
      "computer": "JEAN-13FBF038A3",
      "level": "Information",
      "channel": "AppEvent",
      "record_id": 5,
      "event_data": {
        "String0": "MSDTC",
        "String1": "MSDTC"
      }
    },
    {
      "source_format": "evt",
      "file": "AppEvent.Evt",
      "event_id": 1000,
      "provider": "LoadPerf",
      "timestamp": "2008-05-13T21:24:20+00:00",
      "computer": "JEAN-13FBF038A3",
      "level": "Information",
      "channel": "AppEvent",
      "record_id": 4,
      "event_data": {
        "String0": "TermService",
        "String1": "Terminal Services"
      }
    },
    {
      "source_format": "evt",
      "file": "SysEvent.Evt",
      "event_id": 3260,
      "provider": "Workstation",
      "timestamp": "2008-05-13T21:23:59+00:00",
      "computer": "JEAN-13FBF038A3",
      "level": "Information",
      "channel": "SysEvent",
      "record_id": 6,
      "event_data": {
        "String0": "workgroup",
        "String1": "WORKGROUP"
      }
    },
    {
      "source_format": "evt",
      "file": "AppEvent.Evt",
      "event_id": 1000,
      "provider": "LoadPerf",
      "timestamp": "2008-05-13T21:23:58+00:00",
      "computer": "JEAN-13FBF038A3",
      "level": "Information",
      "channel": "AppEvent",
      "record_id": 3,
      "event_data": {
        "String0": "RemoteAccess",
        "String1": "Routing and Remote Access"
      }
    },
    {
      "source_format": "evt",
      "file": "AppEvent.Evt",
      "event_id": 1000,
      "provider": "LoadPerf",
      "timestamp": "2008-05-13T21:23:56+00:00",
      "computer": "JEAN-13FBF038A3",
      "level": "Information",
      "channel": "AppEvent",
      "record_id": 2,
      "event_data": {
        "String0": "PSched",
        "String1": "PSched"
      }
    },
    {
      "source_format": "evt",
      "file": "AppEvent.Evt",
      "event_id": 1000,
      "provider": "LoadPerf",
      "timestamp": "2008-05-13T21:23:42+00:00",
      "computer": "JEAN-13FBF038A3",
      "level": "Information",
      "channel": "AppEvent",
      "record_id": 1,
      "event_data": {
        "String0": "RSVP",
        "String1": "QoS RSVP"
      }
    },
    {
      "source_format": "evt",
      "file": "SysEvent.Evt",
      "event_id": 6011,
      "provider": "EventLog",
      "timestamp": "2008-05-13T21:23:41+00:00",
      "computer": "JEAN-13FBF038A3",
      "level": "Information",
      "channel": "SysEvent",
      "record_id": 5,
      "event_data": {
        "String0": "MACHINENAME",
        "String1": "JEAN-13FBF038A3"
      }
    }
  ]
}