    {
      "source_format": "evt",
      "file": "SysEvent.Evt",
      "event_id": 18,
      "provider": "Windows Update Agent",
      "timestamp": "2008-07-18T02:00:35+00:00",
      "computer": "JEAN-13FBF038A3",
      "level": "Information",
      "channel": "SysEvent",
      "record_id": 400,
      "event_data": {
        "String0": "Saturday, July 19, 2008",
        "String1": "3:00 AM",
        "String2": "\n- Cumulative Security Update for ActiveX Killbits for Windows XP (KB950760)"
      }
    },
    {
      "source_format": "evt",
      "file": "SysEvent.Evt",
      "event_id": 18,
      "provider": "Windows Update Agent",
      "timestamp": "2008-07-18T02:00:35+00:00",
      "computer": "JEAN-13FBF038A3",
      "level": "Information",
      "channel": "SysEvent",
      "record_id": 401,
      "event_data": {
        "String0": "Saturday, July 19, 2008",
        "String1": "3:00 AM",
        "String2": "\n- Cumulative Security Update for ActiveX Killbits for Windows XP (KB950760)\n- Cumulative Security Update for Internet Explorer 6 for Windows XP (KB950759)"
      }
    },
    {
      "source_format": "evt",
      "file": "SysEvent.Evt",
      "event_id": 18,
      "provider": "Windows Update Agent",
      "timestamp": "2008-07-18T02:00:35+00:00",
      "computer": "JEAN-13FBF038A3",
      "level": "Information",
      "channel": "SysEvent",
      "record_id": 402,
      "event_data": {
        "String0": "Saturday, July 19, 2008",
        "String1": "3:00 AM",
        "String2": "\n- Cumulative Security Update for ActiveX Killbits for Windows XP (KB950760)\n- Cumulative Security Update for Internet Explorer 6 for Windows XP (KB950759)\n- Security Update for Windows XP (KB950762)"
      }
    },
    {
      "source_format": "evt",
      "file": "SysEvent.Evt",
      "event_id": 7035,
      "provider": "Service Control Manager",
      "timestamp": "2008-07-18T01:22:39+00:00",
      "computer": "JEAN-13FBF038A3",
      "level": "Information",
      "channel": "SysEvent",
      "record_id": 398,
      "event_data": {
        "String0": "Telephony",
        "String1": "start"
      }
    },
    {
      "source_format": "evt",
      "file": "SysEvent.Evt",
      "event_id": 7036,
      "provider": "Service Control Manager",
      "timestamp": "2008-07-18T01:22:39+00:00",
      "computer": "JEAN-13FBF038A3",
      "level": "Information",
      "channel": "SysEvent",
      "record_id": 399,
      "event_data": {
        "String0": "Telephony",
        "String1": "running"
      }
    },
    {
      "source_format": "evt",
      "file": "SysEvent.Evt",
      "event_id": 18,
      "provider": "Windows Update Agent",
      "timestamp": "2008-07-17T02:00:27+00:00",
      "computer": "JEAN-13FBF038A3",
      "level": "Information",
      "channel": "SysEvent",
      "record_id": 395,
      "event_data": {
        "String0": "Friday, July 18, 2008",
        "String1": "3:00 AM",
        "String2": "\n- Cumulative Security Update for ActiveX Killbits for Windows XP (KB950760)\n- Cumulative Security Update for Internet Explorer 6 for Windows XP (KB950759)\n- Security Update for Windows XP (KB950762)\n- Security Update for Windows XP (KB951698)"
      }
    },
    {
      "source_format": "evt",
      "file": "SysEvent.Evt",
      "event_id": 18,
      "provider": "Windows Update Agent",
      "timestamp": "2008-07-17T02:00:27+00:00",
      "computer": "JEAN-13FBF038A3",
      "level": "Information",
      "channel": "SysEvent",
      "record_id": 396,
      "event_data": {
        "String0": "Friday, July 18, 2008",
        "String1": "3:00 AM",
        "String2": "\n- Cumulative Security Update for ActiveX Killbits for Windows XP (KB950760)\n- Cumulative Security Update for Internet Explorer 6 for Windows XP (KB950759)\n- Security Update for Windows XP (KB950762)\n- Security Update for Windows XP (KB951698)\n- Update for Windows XP (KB951978)"
      }
    },
    {
      "source_format": "evt",
      "file": "SysEvent.Evt",
      "event_id": 18,
      "provider": "Windows Update Agent",
      "timestamp": "2008-07-17T02:00:27+00:00",
      "computer": "JEAN-13FBF038A3",
      "level": "Information",
      "channel": "SysEvent",
      "record_id": 397,
      "event_data": {
        "String0": "Friday, July 18, 2008",
        "String1": "3:00 AM",
        "String2": "\n- Cumulative Security Update for ActiveX Killbits for Windows XP (KB950760)\n- Cumulative Security Update for Internet Explorer 6 for Windows XP (KB950759)\n- Security Update for Windows XP (KB950762)\n- Security Update for Windows XP (KB951698)\n- Update for Windows XP (KB951978)\n- Security Update for Windows XP (KB951376)"
      }
    },
    {
      "source_format": "evt",
      "file": "SysEvent.Evt",
      "event_id": 18,
      "provider": "Windows Update Agent",
      "timestamp": "2008-07-17T02:00:25+00:00",
      "computer": "JEAN-13FBF038A3",
      "level": "Information",
      "channel": "SysEvent",
      "record_id": 392,
      "event_data": {
        "String0": "Friday, July 18, 2008",
        "String1": "3:00 AM",
        "String2": "\n- Cumulative Security Update for ActiveX Killbits for Windows XP (KB950760)"
      }
    },
    {
      "source_format": "evt",
      "file": "SysEvent.Evt",
      "event_id": 18,
      "provider": "Windows Update Agent",
      "timestamp": "2008-07-17T02:00:25+00:00",
      "computer": "JEAN-13FBF038A3",
      "level": "Information",
      "channel": "SysEvent",
      "record_id": 393,
      "event_data": {
        "String0": "Friday, July 18, 2008",
        "String1": "3:00 AM",
        "String2": "\n- Cumulative Security Update for ActiveX Killbits for Windows XP (KB950760)\n- Cumulative Security Update for Internet Explorer 6 for Windows XP (KB950759)"
      }
    },
    {
      "source_format": "evt",
      "file": "SysEvent.Evt",
      "event_id": 18,
      "provider": "Windows Update Agent",
      "timestamp": "2008-07-17T02:00:25+00:00",
      "computer": "JEAN-13FBF038A3",
      "level": "Information",
      "channel": "SysEvent",
      "record_id": 394,
      "event_data": {
        "String0": "Friday, July 18, 2008",
        "String1": "3:00 AM",
        "String2": "\n- Cumulative Security Update for ActiveX Killbits for Windows XP (KB950760)\n- Cumulative Security Update for Internet Explorer 6 for Windows XP (KB950759)\n- Security Update for Windows XP (KB950762)"
      }
    },
    {
      "source_format": "evt",
      "file": "SysEvent.Evt",
      "event_id": 18,
      "provider": "Windows Update Agent",
      "timestamp": "2008-07-16T02:00:27+00:00",
      "computer": "JEAN-13FBF038A3",
      "level": "Information",
      "channel": "SysEvent",
      "record_id": 389,
      "event_data": {
        "String0": "Thursday, July 17, 2008",
        "String1": "3:00 AM",
        "String2": "\n- Cumulative Security Update for ActiveX Killbits for Windows XP (KB950760)\n- Cumulative Security Update for Internet Explorer 6 for Windows XP (KB950759)\n- Security Update for Windows XP (KB950762)\n- Security Update for Windows XP (KB951698)"
      }
    },
    {
      "source_format": "evt",
      "file": "SysEvent.Evt",
      "event_id": 18,
      "provider": "Windows Update Agent",
      "timestamp": "2008-07-16T02:00:27+00:00",
      "computer": "JEAN-13FBF038A3",
      "level": "Information",
      "channel": "SysEvent",
      "record_id": 390,
      "event_data": {
        "String0": "Thursday, July 17, 2008",
        "String1": "3:00 AM",
        "String2": "\n- Cumulative Security Update for ActiveX Killbits for Windows XP (KB950760)\n- Cumulative Security Update for Internet Explorer 6 for Windows XP (KB950759)\n- Security Update for Windows XP (KB950762)\n- Security Update for Windows XP (KB951698)\n- Update for Windows XP (KB951978)"
      }
    },
    {
      "source_format": "evt",
      "file": "SysEvent.Evt",
      "event_id": 18,
      "provider": "Windows Update Agent",
      "timestamp": "2008-07-16T02:00:27+00:00",
      "computer": "JEAN-13FBF038A3",
      "level": "Information",
      "channel": "SysEvent",
      "record_id": 391,
      "event_data": {
        "String0": "Thursday, July 17, 2008",
        "String1": "3:00 AM",
        "String2": "\n- Cumulative Security Update for ActiveX Killbits for Windows XP (KB950760)\n- Cumulative Security Update for Internet Explorer 6 for Windows XP (KB950759)\n- Security Update for Windows XP (KB950762)\n- Security Update for Windows XP (KB951698)\n- Update for Windows XP (KB951978)\n- Security Update for Windows XP (KB951376)"
      }
    },
    {
      "source_format": "evt",
      "file": "SysEvent.Evt",
      "event_id": 18,
      "provider": "Windows Update Agent",
      "timestamp": "2008-07-16T02:00:24+00:00",
      "computer": "JEAN-13FBF038A3",
      "level": "Information",
      "channel": "SysEvent",
      "record_id": 386,
      "event_data": {
        "String0": "Thursday, July 17, 2008",
        "String1": "3:00 AM",
        "String2": "\n- Cumulative Security Update for ActiveX Killbits for Windows XP (KB950760)"
      }
    },
    {
      "source_format": "evt",
      "file": "SysEvent.Evt",
      "event_id": 18,
      "provider": "Windows Update Agent",
      "timestamp": "2008-07-16T02:00:24+00:00",
      "computer": "JEAN-13FBF038A3",
      "level": "Information",
      "channel": "SysEvent",
      "record_id": 387,
      "event_data": {
        "String0": "Thursday, July 17, 2008",
        "String1": "3:00 AM",
        "String2": "\n- Cumulative Security Update for ActiveX Killbits for Windows XP (KB950760)\n- Cumulative Security Update for Internet Explorer 6 for Windows XP (KB950759)"
      }
    },
    {
      "source_format": "evt",
      "file": "SysEvent.Evt",
      "event_id": 18,
      "provider": "Windows Update Agent",
      "timestamp": "2008-07-16T02:00:24+00:00",
      "computer": "JEAN-13FBF038A3",
      "level": "Information",
      "channel": "SysEvent",
      "record_id": 388,
      "event_data": {
        "String0": "Thursday, July 17, 2008",
        "String1": "3:00 AM",
        "String2": "\n- Cumulative Security Update for ActiveX Killbits for Windows XP (KB950760)\n- Cumulative Security Update for Internet Explorer 6 for Windows XP (KB950759)\n- Security Update for Windows XP (KB950762)"
      }
    },
    {
      "source_format": "evt",
      "file": "SysEvent.Evt",
      "event_id": 18,
      "provider": "Windows Update Agent",
      "timestamp": "2008-07-15T02:00:39+00:00",
      "computer": "JEAN-13FBF038A3",
      "level": "Information",
      "channel": "SysEvent",
      "record_id": 384,
      "event_data": {
        "String0": "Wednesday, July 16, 2008",
        "String1": "3:00 AM",
        "String2": "\n- Cumulative Security Update for ActiveX Killbits for Windows XP (KB950760)\n- Cumulative Security Update for Internet Explorer 6 for Windows XP (KB950759)\n- Security Update for Windows XP (KB950762)\n- Security Update for Windows XP (KB951698)\n- Update for Windows XP (KB951978)"
      }
    },
    {
      "source_format": "evt",
      "file": "SysEvent.Evt",
      "event_id": 18,
      "provider": "Windows Update Agent",
      "timestamp": "2008-07-15T02:00:39+00:00",
      "computer": "JEAN-13FBF038A3",
      "level": "Information",
      "channel": "SysEvent",
      "record_id": 385,
      "event_data": {
        "String0": "Wednesday, July 16, 2008",
        "String1": "3:00 AM",
        "String2": "\n- Cumulative Security Update for ActiveX Killbits for Windows XP (KB950760)\n- Cumulative Security Update for Internet Explorer 6 for Windows XP (KB950759)\n- Security Update for Windows XP (KB950762)\n- Security Update for Windows XP (KB951698)\n- Update for Windows XP (KB951978)\n- Security Update for Windows XP (KB951376)"
      }
    },
    {
      "source_format": "evt",
      "file": "SysEvent.Evt",
      "event_id": 18,
      "provider": "Windows Update Agent",
      "timestamp": "2008-07-15T02:00:34+00:00",
      "computer": "JEAN-13FBF038A3",
      "level": "Information",
      "channel": "SysEvent",
      "record_id": 380,
      "event_data": {
        "String0": "Wednesday, July 16, 2008",
        "String1": "3:00 AM",
        "String2": "\n- Cumulative Security Update for ActiveX Killbits for Windows XP (KB950760)"
      }
    },
    {
      "source_format": "evt",
      "file": "SysEvent.Evt",
      "event_id": 18,
      "provider": "Windows Update Agent",
      "timestamp": "2008-07-15T02:00:34+00:00",
      "computer": "JEAN-13FBF038A3",
      "level": "Information",
      "channel": "SysEvent",
      "record_id": 381,
      "event_data": {
        "String0": "Wednesday, July 16, 2008",
        "String1": "3:00 AM",
        "String2": "\n- Cumulative Security Update for ActiveX Killbits for Windows XP (KB950760)\n- Cumulative Security Update for Internet Explorer 6 for Windows XP (KB950759)"
      }
    },
    {
      "source_format": "evt",
      "file": "SysEvent.Evt",
      "event_id": 18,
      "provider": "Windows Update Agent",
      "timestamp": "2008-07-15T02:00:34+00:00",
      "computer": "JEAN-13FBF038A3",
      "level": "Information",
      "channel": "SysEvent",
      "record_id": 382,
      "event_data": {
        "String0": "Wednesday, July 16, 2008",
        "String1": "3:00 AM",
        "String2": "\n- Cumulative Security Update for ActiveX Killbits for Windows XP (KB950760)\n- Cumulative Security Update for Internet Explorer 6 for Windows XP (KB950759)\n- Security Update for Windows XP (KB950762)"
      }
    },
    {
      "source_format": "evt",
      "file": "SysEvent.Evt",
      "event_id": 18,
      "provider": "Windows Update Agent",
      "timestamp": "2008-07-15T02:00:34+00:00",
      "computer": "JEAN-13FBF038A3",
      "level": "Information",
      "channel": "SysEvent",
      "record_id": 383,
      "event_data": {
        "String0": "Wednesday, July 16, 2008",
        "String1": "3:00 AM",
        "String2": "\n- Cumulative Security Update for ActiveX Killbits for Windows XP (KB950760)\n- Cumulative Security Update for Internet Explorer 6 for Windows XP (KB950759)\n- Security Update for Windows XP (KB950762)\n- Security Update for Windows XP (KB951698)"
      }
    },
    {
      "source_format": "evt",
      "file": "SysEvent.Evt",
      "event_id": 18,
      "provider": "Windows Update Agent",
      "timestamp": "2008-07-14T02:00:39+00:00",
      "computer": "JEAN-13FBF038A3",
      "level": "Information",
      "channel": "SysEvent",
      "record_id": 378,
      "event_data": {
        "String0": "Tuesday, July 15, 2008",
        "String1": "3:00 AM",
        "String2": "\n- Cumulative Security Update for ActiveX Killbits for Windows XP (KB950760)\n- Cumulative Security Update for Internet Explorer 6 for Windows XP (KB950759)\n- Security Update for Windows XP (KB950762)\n- Security Update for Windows XP (KB951698)\n- Update for Windows XP (KB951978)"
      }
    },
    {
      "source_format": "evt",
      "file": "SysEvent.Evt",
      "event_id": 18,
      "provider": "Windows Update Agent",
      "timestamp": "2008-07-14T02:00:39+00:00",
      "computer": "JEAN-13FBF038A3",
      "level": "Information",
      "channel": "SysEvent",
      "record_id": 379,
      "event_data": {
        "String0": "Tuesday, July 15, 2008",
        "String1": "3:00 AM",
        "String2": "\n- Cumulative Security Update for ActiveX Killbits for Windows XP (KB950760)\n- Cumulative Security Update for Internet Explorer 6 for Windows XP (KB950759)\n- Security Update for Windows XP (KB950762)\n- Security Update for Windows XP (KB951698)\n- Update for Windows XP (KB951978)\n- Security Update for Windows XP (KB951376)"
      }
    },
    {
      "source_format": "evt",
      "file": "SysEvent.Evt",
      "event_id": 18,
      "provider": "Windows Update Agent",
      "timestamp": "2008-07-14T02:00:34+00:00",
      "computer": "JEAN-13FBF038A3",
      "level": "Information",
      "channel": "SysEvent",
      "record_id": 374,
      "event_data": {
        "String0": "Tuesday, July 15, 2008",
        "String1": "3:00 AM",
        "String2": "\n- Cumulative Security Update for ActiveX Killbits for Windows XP (KB950760)"
      }
    },
    {
      "source_format": "evt",
      "file": "SysEvent.Evt",
      "event_id": 18,
      "provider": "Windows Update Agent",
      "timestamp": "2008-07-14T02:00:34+00:00",
      "computer": "JEAN-13FBF038A3",
      "level": "Information",
      "channel": "SysEvent",
      "record_id": 375,
      "event_data": {
        "String0": "Tuesday, July 15, 2008",
        "String1": "3:00 AM",
        "String2": "\n- Cumulative Security Update for ActiveX Killbits for Windows XP (KB950760)\n- Cumulative Security Update for Internet Explorer 6 for Windows XP (KB950759)"
      }
    },
    {
      "source_format": "evt",
      "file": "SysEvent.Evt",
      "event_id": 18,
      "provider": "Windows Update Agent",
      "timestamp": "2008-07-14T02:00:34+00:00",
      "computer": "JEAN-13FBF038A3",
      "level": "Information",
      "channel": "SysEvent",
      "record_id": 376,
      "event_data": {
        "String0": "Tuesday, July 15, 2008",
        "String1": "3:00 AM",
        "String2": "\n- Cumulative Security Update for ActiveX Killbits for Windows XP (KB950760)\n- Cumulative Security Update for Internet Explorer 6 for Windows XP (KB950759)\n- Security Update for Windows XP (KB950762)"
      }
    },
    {
      "source_format": "evt",
      "file": "SysEvent.Evt",
      "event_id": 18,
      "provider": "Windows Update Agent",
      "timestamp": "2008-07-14T02:00:34+00:00",
      "computer": "JEAN-13FBF038A3",
      "level": "Information",
      "channel": "SysEvent",
      "record_id": 377,
      "event_data": {
        "String0": "Tuesday, July 15, 2008",
        "String1": "3:00 AM",
        "String2": "\n- Cumulative Security Update for ActiveX Killbits for Windows XP (KB950760)\n- Cumulative Security Update for Internet Explorer 6 for Windows XP (KB950759)\n- Security Update for Windows XP (KB950762)\n- Security Update for Windows XP (KB951698)"
      }
    },
    {
      "source_format": "evt",
      "file": "SysEvent.Evt",
      "event_id": 18,
      "provider": "Windows Update Agent",
      "timestamp": "2008-07-13T05:06:58+00:00",
      "computer": "JEAN-13FBF038A3",
      "level": "Information",
      "channel": "SysEvent",
      "record_id": 373,
      "event_data": {
        "String0": "Monday, July 14, 2008",
        "String1": "3:00 AM",
        "String2": "\n- Cumulative Security Update for ActiveX Killbits for Windows XP (KB950760)\n- Cumulative Security Update for Internet Explorer 6 for Windows XP (KB950759)\n- Security Update for Windows XP (KB950762)\n- Security Update for Windows XP (KB951698)\n- Update for Windows XP (KB951978)\n- Security Update for Windows XP (KB951376)"
      }
    },
    {
      "source_format": "evt",
      "file": "SysEvent.Evt",
      "event_id": 18,
      "provider": "Windows Update Agent",
      "timestamp": "2008-07-13T02:00:41+00:00",
      "computer": "JEAN-13FBF038A3",
      "level": "Information",
      "channel": "SysEvent",
      "record_id": 371,
      "event_data": {
        "String0": "Monday, July 14, 2008",
        "String1": "3:00 AM",
        "String2": "\n- Cumulative Security Update for ActiveX Killbits for Windows XP (KB950760)\n- Cumulative Security Update for Internet Explorer 6 for Windows XP (KB950759)\n- Security Update for Windows XP (KB950762)\n- Security Update for Windows XP (KB951698)\n- Update for Windows XP (KB951978)"
      }
    },
    {
      "source_format": "evt",
      "file": "SysEvent.Evt",
      "event_id": 18,
      "provider": "Windows Update Agent",
      "timestamp": "2008-07-13T02:00:41+00:00",
      "computer": "JEAN-13FBF038A3",
      "level": "Information",
      "channel": "SysEvent",
      "record_id": 372,
      "event_data": {
        "String0": "Monday, July 14, 2008",
        "String1": "3:00 AM",
        "String2": "\n- Cumulative Security Update for ActiveX Killbits for Windows XP (KB950760)\n- Cumulative Security Update for Internet Explorer 6 for Windows XP (KB950759)\n- Security Update for Windows XP (KB950762)\n- Security Update for Windows XP (KB951698)\n- Update for Windows XP (KB951978)\n- Security Update for Windows XP (KB951376)"
      }
    },
    {
      "source_format": "evt",
      "file": "SysEvent.Evt",
      "event_id": 18,
      "provider": "Windows Update Agent",
      "timestamp": "2008-07-13T02:00:37+00:00",
      "computer": "JEAN-13FBF038A3",
      "level": "Information",
      "channel": "SysEvent",
      "record_id": 367,
      "event_data": {
        "String0": "Monday, July 14, 2008",
        "String1": "3:00 AM",
        "String2": "\n- Cumulative Security Update for ActiveX Killbits for Windows XP (KB950760)"
      }
    },
    {
      "source_format": "evt",
      "file": "SysEvent.Evt",
      "event_id": 18,
      "provider": "Windows Update Agent",
      "timestamp": "2008-07-13T02:00:37+00:00",
      "computer": "JEAN-13FBF038A3",
      "level": "Information",
      "channel": "SysEvent",
      "record_id": 368,
      "event_data": {
        "String0": "Monday, July 14, 2008",
        "String1": "3:00 AM",
        "String2": "\n- Cumulative Security Update for ActiveX Killbits for Windows XP (KB950760)\n- Cumulative Security Update for Internet Explorer 6 for Windows XP (KB950759)"
      }
    },
    {
      "source_format": "evt",
      "file": "SysEvent.Evt",
      "event_id": 18,
      "provider": "Windows Update Agent",
      "timestamp": "2008-07-13T02:00:37+00:00",
      "computer": "JEAN-13FBF038A3",
      "level": "Information",
      "channel": "SysEvent",
      "record_id": 369,
      "event_data": {
        "String0": "Monday, July 14, 2008",
        "String1": "3:00 AM",
        "String2": "\n- Cumulative Security Update for ActiveX Killbits for Windows XP (KB950760)\n- Cumulative Security Update for Internet Explorer 6 for Windows XP (KB950759)\n- Security Update for Windows XP (KB950762)"
      }
    },
    {
      "source_format": "evt",
      "file": "SysEvent.Evt",
      "event_id": 18,
      "provider": "Windows Update Agent",
      "timestamp": "2008-07-13T02:00:37+00:00",
      "computer": "JEAN-13FBF038A3",
      "level": "Information",
      "channel": "SysEvent",
      "record_id": 370,
      "event_data": {
        "String0": "Monday, July 14, 2008",
        "String1": "3:00 AM",
        "String2": "\n- Cumulative Security Update for ActiveX Killbits for Windows XP (KB950760)\n- Cumulative Security Update for Internet Explorer 6 for Windows XP (KB950759)\n- Security Update for Windows XP (KB950762)\n- Security Update for Windows XP (KB951698)"
      }
    },
    {
      "source_format": "evt",
      "file": "SysEvent.Evt",
      "event_id": 36,
      "provider": "W32Time",
      "timestamp": "2008-07-12T19:44:41+00:00",
      "computer": "JEAN-13FBF038A3",
      "level": "Warning",
      "channel": "SysEvent",
      "record_id": 366,
      "event_data": {
        "String0": "49152"
      }
    },
    {
      "source_format": "evt",
      "file": "SysEvent.Evt",
      "event_id": 18,
      "provider": "Windows Update Agent",
      "timestamp": "2008-07-12T06:06:39+00:00",
      "computer": "JEAN-13FBF038A3",
      "level": "Information",
      "channel": "SysEvent",
      "record_id": 365,
      "event_data": {
        "String0": "Sunday, July 13, 2008",
        "String1": "3:00 AM",
        "String2": "\n- Cumulative Security Update for ActiveX Killbits for Windows XP (KB950760)\n- Cumulative Security Update for Internet Explorer 6 for Windows XP (KB950759)\n- Security Update for Windows XP (KB950762)\n- Security Update for Windows XP (KB951698)\n- Update for Windows XP (KB951978)\n- Security Update for Windows XP (KB951376)"
      }
    },
    {
      "source_format": "evt",
      "file": "SysEvent.Evt",
      "event_id": 7035,
      "provider": "Service Control Manager",
      "timestamp": "2008-07-12T06:06:34+00:00",
      "computer": "JEAN-13FBF038A3",
      "level": "Information",
      "channel": "SysEvent",
      "record_id": 362,
      "event_data": {
        "String0": "Background Intelligent Transfer Service",
        "String1": "start"
      }
    },
    {
      "source_format": "evt",
      "file": "SysEvent.Evt",
      "event_id": 7036,
      "provider": "Service Control Manager",
      "timestamp": "2008-07-12T06:06:34+00:00",
      "computer": "JEAN-13FBF038A3",
      "level": "Information",
      "channel": "SysEvent",
      "record_id": 363,
      "event_data": {
        "String0": "Background Intelligent Transfer Service",
        "String1": "running"
      }
    },
    {
      "source_format": "evt",
      "file": "SysEvent.Evt",
      "event_id": 18,
      "provider": "Windows Update Agent",
      "timestamp": "2008-07-12T06:06:34+00:00",
      "computer": "JEAN-13FBF038A3",
      "level": "Information",
      "channel": "SysEvent",
      "record_id": 364,
      "event_data": {
        "String0": "Sunday, July 13, 2008",
        "String1": "3:00 AM",
        "String2": "\n- Cumulative Security Update for ActiveX Killbits for Windows XP (KB950760)\n- Cumulative Security Update for Internet Explorer 6 for Windows XP (KB950759)\n- Security Update for Windows XP (KB950762)\n- Security Update for Windows XP (KB951698)\n- Update for Windows XP (KB951978)\n- Security Update for Windows XP (KB951376)"
      }
    },
    {
      "source_format": "evt",
      "file": "SysEvent.Evt",
      "event_id": 7035,
      "provider": "Service Control Manager",
      "timestamp": "2008-07-12T06:05:33+00:00",
      "computer": "JEAN-13FBF038A3",
      "level": "Information",
      "channel": "SysEvent",
      "record_id": 360,
      "event_data": {
        "String0": "SSDP Discovery Service",
        "String1": "start"
      }
    },
    {
      "source_format": "evt",
      "file": "SysEvent.Evt",
      "event_id": 7036,
      "provider": "Service Control Manager",
      "timestamp": "2008-07-12T06:05:33+00:00",
      "computer": "JEAN-13FBF038A3",
      "level": "Information",
      "channel": "SysEvent",
      "record_id": 361,
      "event_data": {
        "String0": "SSDP Discovery Service",
        "String1": "running"
      }
    },
    {
      "source_format": "evt",
      "file": "SysEvent.Evt",
      "event_id": 7035,
      "provider": "Service Control Manager",
      "timestamp": "2008-07-12T06:05:31+00:00",
      "computer": "JEAN-13FBF038A3",
      "level": "Information",
      "channel": "SysEvent",
      "record_id": 358,
      "event_data": {
        "String0": "IMAPI CD-Burning COM Service",
        "String1": "start"
      }
    },
    {
      "source_format": "evt",
      "file": "SysEvent.Evt",
      "event_id": 7036,
      "provider": "Service Control Manager",
      "timestamp": "2008-07-12T06:05:31+00:00",
      "computer": "JEAN-13FBF038A3",
      "level": "Information",
      "channel": "SysEvent",
      "record_id": 359,
      "event_data": {
        "String0": "IMAPI CD-Burning COM Service",
        "String1": "running"
      }
    },
    {
      "source_format": "evt",
      "file": "SysEvent.Evt",
      "event_id": 7036,
      "provider": "Service Control Manager",
      "timestamp": "2008-07-12T06:05:30+00:00",
      "computer": "JEAN-13FBF038A3",
      "level": "Information",
      "channel": "SysEvent",
      "record_id": 356,
      "event_data": {
        "String0": "Application Layer Gateway Service",
        "String1": "running"
      }
    },
    {
      "source_format": "evt",
      "file": "SysEvent.Evt",
      "event_id": 7036,
      "provider": "Service Control Manager",
      "timestamp": "2008-07-12T06:05:30+00:00",
      "computer": "JEAN-13FBF038A3",
      "level": "Information",
      "channel": "SysEvent",
      "record_id": 357,
      "event_data": {
        "String0": "Computer Browser",
        "String1": "stopped"
      }
    },
    {
      "source_format": "evt",
      "file": "SysEvent.Evt",
      "event_id": 7036,
      "provider": "Service Control Manager",
      "timestamp": "2008-07-12T06:05:29+00:00",
      "computer": "JEAN-13FBF038A3",
      "level": "Information",
      "channel": "SysEvent",
      "record_id": 350,
      "event_data": {
        "String0": "Terminal Services",
        "String1": "running"
      }
    },
    {
      "source_format": "evt",
      "file": "SysEvent.Evt",
      "event_id": 7035,
      "provider": "Service Control Manager",
      "timestamp": "2008-07-12T06:05:29+00:00",
      "computer": "JEAN-13FBF038A3",
      "level": "Information",
      "channel": "SysEvent",
      "record_id": 351,
      "event_data": {
        "String0": "Fast User Switching Compatibility",
        "String1": "start"
      }
    },
    {
      "source_format": "evt",
      "file": "SysEvent.Evt",
      "event_id": 7036,
      "provider": "Service Control Manager",
      "timestamp": "2008-07-12T06:05:29+00:00",
      "computer": "JEAN-13FBF038A3",
      "level": "Information",
      "channel": "SysEvent",
      "record_id": 352,
      "event_data": {
        "String0": "Fast User Switching Compatibility",
        "String1": "running"
      }
    },
    {
      "source_format": "evt",
      "file": "SysEvent.Evt",
      "event_id": 7035,
      "provider": "Service Control Manager",
      "timestamp": "2008-07-12T06:05:29+00:00",
      "computer": "JEAN-13FBF038A3",
      "level": "Information",
      "channel": "SysEvent",
      "record_id": 353,
      "event_data": {
        "String0": "Network Location Awareness (NLA)",
        "String1": "start"
      }
    },
    {
      "source_format": "evt",
      "file": "SysEvent.Evt",
      "event_id": 7036,
      "provider": "Service Control Manager",
      "timestamp": "2008-07-12T06:05:29+00:00",
      "computer": "JEAN-13FBF038A3",
      "level": "Information",
      "channel": "SysEvent",
      "record_id": 354,
      "event_data": {
        "String0": "Network Location Awareness (NLA)",
        "String1": "running"
      }
    },
    {
      "source_format": "evt",
      "file": "SysEvent.Evt",
      "event_id": 7035,
      "provider": "Service Control Manager",
      "timestamp": "2008-07-12T06:05:29+00:00",
      "computer": "JEAN-13FBF038A3",
      "level": "Information",
      "channel": "SysEvent",
      "record_id": 355,
      "event_data": {
        "String0": "Application Layer Gateway Service",
        "String1": "start"
      }
    },
    {
      "source_format": "evt",
      "file": "AppEvent.Evt",
      "event_id": 1800,
      "provider": "SecurityCenter",
      "timestamp": "2008-07-12T06:05:29+00:00",
      "computer": "JEAN-13FBF038A3",
      "level": "Information",
      "channel": "AppEvent",
      "record_id": 95,
      "event_data": {}
    },
    {
      "source_format": "evt",
      "file": "SysEvent.Evt",
      "event_id": 4201,
      "provider": "Tcpip",
      "timestamp": "2008-07-12T06:05:26+00:00",
      "computer": "JEAN-13FBF038A3",
      "level": "Information",
      "channel": "SysEvent",
      "record_id": 349,
      "event_data": {
        "String0": "",
        "String1": "\\DEVICE\\TCPIP_{75511F16-E7C3-483D-844F-587965FC214F}"
      }
    },
    {
      "source_format": "evt",
      "file": "AppEvent.Evt",
      "event_id": 105,
      "provider": "VMTools",
      "timestamp": "2008-07-12T06:05:24+00:00",
      "computer": "JEAN-13FBF038A3",
      "level": "Information",
      "channel": "AppEvent",
      "record_id": 94,
      "event_data": {}
    },
    {
      "source_format": "evt",
      "file": "SysEvent.Evt",
      "event_id": 1,
      "provider": "LGTO_Sync",
      "timestamp": "2008-07-12T06:05:23+00:00",
      "computer": "JEAN-13FBF038A3",
      "level": "Information",
      "channel": "SysEvent",
      "record_id": 348,
      "event_data": {
        "String0": "",
        "String1": "The Driver was loaded successfully "
      }
    },
    {
      "source_format": "evt",
      "file": "SysEvent.Evt",
      "event_id": 6009,
      "provider": "EventLog",
      "timestamp": "2008-07-12T06:05:20+00:00",
      "computer": "JEAN-13FBF038A3",
      "level": "Information",
      "channel": "SysEvent",
      "record_id": 346,
      "event_data": {
        "String0": "5.01.",
        "String1": "2600",
        "String2": "Service Pack 3",
        "String3": "Uniprocessor Free"
      }
    },
    {
      "source_format": "evt",
      "file": "SysEvent.Evt",
      "event_id": 6005,
      "provider": "EventLog",
      "timestamp": "2008-07-12T06:05:20+00:00",
      "computer": "JEAN-13FBF038A3",
      "level": "Information",
      "channel": "SysEvent",
      "record_id": 347,
      "event_data": {}
    },
    {
      "source_format": "evt",
      "file": "SysEvent.Evt",
      "event_id": 6006,
      "provider": "EventLog",
      "timestamp": "2008-07-12T06:04:42+00:00",
      "computer": "JEAN-13FBF038A3",
      "level": "Information",
      "channel": "SysEvent",
      "record_id": 345,
      "event_data": {}
    },
    {
      "source_format": "evt",
      "file": "SysEvent.Evt",
      "event_id": 1074,
      "provider": "USER32",
      "timestamp": "2008-07-12T06:04:22+00:00",
      "computer": "JEAN-13FBF038A3",
      "level": "Information",
      "channel": "SysEvent",
      "record_id": 344,
      "event_data": {
        "String0": "winlogon.exe",
        "String1": "JEAN-13FBF038A3",
        "String2": "No title for this reason could be found",
        "String3": "0xff",
        "String4": "reboot",
        "String5": ""
      }
    },
    {
      "source_format": "evt",
      "file": "SysEvent.Evt",
      "event_id": 7036,
      "provider": "Service Control Manager",
      "timestamp": "2008-07-12T03:15:47+00:00",
      "computer": "JEAN-13FBF038A3",
      "level": "Information",
      "channel": "SysEvent",
      "record_id": 343,
      "event_data": {
        "String0": "Windows Installer",
        "String1": "stopped"
      }
    },
    {
      "source_format": "evt",
      "file": "AppEvent.Evt",
      "event_id": 11728,
      "provider": "MsiInstaller",
      "timestamp": "2008-07-12T03:05:47+00:00",
      "computer": "JEAN-13FBF038A3",
      "level": "Information",
      "channel": "AppEvent",
      "record_id": 93,
      "event_data": {
        "String0": "Product: WebFldrs XP -- Configuration completed successfully.",
        "String1": "(NULL)",
        "String2": "(NULL)",
        "String3": "(NULL)"
      }
    },
    {
      "source_format": "evt",
      "file": "SysEvent.Evt",
      "event_id": 7035,
      "provider": "Service Control Manager",
      "timestamp": "2008-07-12T03:05:37+00:00",
      "computer": "JEAN-13FBF038A3",
      "level": "Information",
      "channel": "SysEvent",
      "record_id": 341,
      "event_data": {
        "String0": "Windows Installer",
        "String1": "start"
      }
    },
    {
      "source_format": "evt",
      "file": "SysEvent.Evt",
      "event_id": 7036,
      "provider": "Service Control Manager",
      "timestamp": "2008-07-12T03:05:37+00:00",
      "computer": "JEAN-13FBF038A3",
      "level": "Information",
      "channel": "SysEvent",
      "record_id": 342,
      "event_data": {
        "String0": "Windows Installer",
        "String1": "running"
      }
    },
    {
      "source_format": "evt",
      "file": "SysEvent.Evt",
      "event_id": 2504,
      "provider": "Server",
      "timestamp": "2008-07-12T03:04:58+00:00",
      "computer": "JEAN-13FBF038A3",
      "level": "Warning",
      "channel": "SysEvent",
      "record_id": 340,
      "event_data": {
        "String0": "\\Device\\NetBT_Tcpip_{75511F16-E7C3-483D-844F-587965FC214F}"
      }
    },
    {
      "source_format": "evt",
      "file": "SysEvent.Evt",
      "event_id": 32003,
      "provider": "ipnathlp",
      "timestamp": "2008-07-12T03:04:43+00:00",
      "computer": "JEAN-13FBF038A3",
      "level": "Error",
      "channel": "SysEvent",
      "record_id": 339,
      "event_data": {}
    },
    {
      "source_format": "evt",
      "file": "SysEvent.Evt",
      "event_id": 4201,
      "provider": "Tcpip",
      "timestamp": "2008-07-12T03:04:24+00:00",
      "computer": "JEAN-13FBF038A3",
      "level": "Information",
      "channel": "SysEvent",
      "record_id": 338,
      "event_data": {
        "String0": "",
        "String1": "\\DEVICE\\TCPIP_{75511F16-E7C3-483D-844F-587965FC214F}"
      }
    },
    {
      "source_format": "evt",
      "file": "SysEvent.Evt",
      "event_id": 4202,
      "provider": "Tcpip",
      "timestamp": "2008-07-12T03:04:19+00:00",
      "computer": "JEAN-13FBF038A3",
      "level": "Information",
      "channel": "SysEvent",
      "record_id": 337,
      "event_data": {
        "String0": "",
        "String1": "\\DEVICE\\TCPIP_{75511F16-E7C3-483D-844F-587965FC214F}"
      }
    },
    {
      "source_format": "evt",
      "file": "SysEvent.Evt",
      "event_id": 18,
      "provider": "Windows Update Agent",
      "timestamp": "2008-07-12T02:06:33+00:00",
      "computer": "JEAN-13FBF038A3",
      "level": "Information",
      "channel": "SysEvent",
      "record_id": 335,
      "event_data": {
        "String0": "Sunday, July 13, 2008",
        "String1": "3:00 AM",
        "String2": "\n- Cumulative Security Update for ActiveX Killbits for Windows XP (KB950760)\n- Cumulative Security Update for Internet Explorer 6 for Windows XP (KB950759)\n- Security Update for Windows XP (KB950762)\n- Security Update for Windows XP (KB951698)\n- Update for Windows XP (KB951978)"
      }
    },
    {
      "source_format": "evt",
      "file": "SysEvent.Evt",
      "event_id": 18,
      "provider": "Windows Update Agent",
      "timestamp": "2008-07-12T02:06:33+00:00",
      "computer": "JEAN-13FBF038A3",
      "level": "Information",
      "channel": "SysEvent",
      "record_id": 336,
      "event_data": {
        "String0": "Sunday, July 13, 2008",
        "String1": "3:00 AM",
        "String2": "\n- Cumulative Security Update for ActiveX Killbits for Windows XP (KB950760)\n- Cumulative Security Update for Internet Explorer 6 for Windows XP (KB950759)\n- Security Update for Windows XP (KB950762)\n- Security Update for Windows XP (KB951698)\n- Update for Windows XP (KB951978)\n- Security Update for Windows XP (KB951376)"
      }
    },
    {
      "source_format": "evt",
      "file": "SysEvent.Evt",
      "event_id": 18,
      "provider": "Windows Update Agent",
      "timestamp": "2008-07-12T02:06:31+00:00",
      "computer": "JEAN-13FBF038A3",
      "level": "Information",
      "channel": "SysEvent",
      "record_id": 331,
      "event_data": {
        "String0": "Sunday, July 13, 2008",
        "String1": "3:00 AM",
        "String2": "\n- Cumulative Security Update for ActiveX Killbits for Windows XP (KB950760)"
      }
    },
    {
      "source_format": "evt",
      "file": "SysEvent.Evt",
      "event_id": 18,
      "provider": "Windows Update Agent",
      "timestamp": "2008-07-12T02:06:31+00:00",
      "computer": "JEAN-13FBF038A3",
      "level": "Information",
      "channel": "SysEvent",
      "record_id": 332,
      "event_data": {
        "String0": "Sunday, July 13, 2008",
        "String1": "3:00 AM",
        "String2": "\n- Cumulative Security Update for ActiveX Killbits for Windows XP (KB950760)\n- Cumulative Security Update for Internet Explorer 6 for Windows XP (KB950759)"
      }
    },
    {
      "source_format": "evt",
      "file": "SysEvent.Evt",
      "event_id": 18,
      "provider": "Windows Update Agent",
      "timestamp": "2008-07-12T02:06:31+00:00",
      "computer": "JEAN-13FBF038A3",
      "level": "Information",
      "channel": "SysEvent",
      "record_id": 333,
      "event_data": {
        "String0": "Sunday, July 13, 2008",
        "String1": "3:00 AM",
        "String2": "\n- Cumulative Security Update for ActiveX Killbits for Windows XP (KB950760)\n- Cumulative Security Update for Internet Explorer 6 for Windows XP (KB950759)\n- Security Update for Windows XP (KB950762)"
      }
    },
    {
      "source_format": "evt",
      "file": "SysEvent.Evt",
      "event_id": 18,
      "provider": "Windows Update Agent",
      "timestamp": "2008-07-12T02:06:31+00:00",
      "computer": "JEAN-13FBF038A3",
      "level": "Information",
      "channel": "SysEvent",
      "record_id": 334,
      "event_data": {
        "String0": "Sunday, July 13, 2008",
        "String1": "3:00 AM",
        "String2": "\n- Cumulative Security Update for ActiveX Killbits for Windows XP (KB950760)\n- Cumulative Security Update for Internet Explorer 6 for Windows XP (KB950759)\n- Security Update for Windows XP (KB950762)\n- Security Update for Windows XP (KB951698)"
      }
    },
    {
      "source_format": "evt",
      "file": "SysEvent.Evt",
      "event_id": 35,
      "provider": "W32Time",
      "timestamp": "2008-07-11T22:43:43+00:00",
      "computer": "JEAN-13FBF038A3",
      "level": "Information",
      "channel": "SysEvent",
      "record_id": 330,
      "event_data": {
        "String0": "time.windows.com (ntp.m|0x1|192.168.117.129:123->207.46.232.182:123)"
      }
    },
    {
      "source_format": "evt",
      "file": "SysEvent.Evt",
      "event_id": 36,
      "provider": "W32Time",
      "timestamp": "2008-07-11T18:45:34+00:00",
      "computer": "JEAN-13FBF038A3",
      "level": "Warning",
      "channel": "SysEvent",
      "record_id": 329,
      "event_data": {
        "String0": "49152"
      }
    },
    {
      "source_format": "evt",
      "file": "SysEvent.Evt",
      "event_id": 7036,
      "provider": "Service Control Manager",
      "timestamp": "2008-07-11T05:33:41+00:00",
      "computer": "JEAN-13FBF038A3",
      "level": "Information",
      "channel": "SysEvent",
      "record_id": 328,
      "event_data": {
        "String0": "Windows Installer",
        "String1": "stopped"
      }
    },
    {
      "source_format": "evt",
      "file": "AppEvent.Evt",
      "event_id": 11728,
      "provider": "MsiInstaller",
      "timestamp": "2008-07-11T05:23:41+00:00",
      "computer": "JEAN-13FBF038A3",
      "level": "Information",
      "channel": "AppEvent",
      "record_id": 92,
      "event_data": {
        "String0": "Product: VMware Tools -- Configuration completed successfully.",
        "String1": "(NULL)",
        "String2": "(NULL)",
        "String3": "(NULL)"
      }
    },
    {
      "source_format": "evt",
      "file": "AppEvent.Evt",
      "event_id": 11728,
      "provider": "MsiInstaller",
      "timestamp": "2008-07-11T05:23:12+00:00",
      "computer": "JEAN-13FBF038A3",
      "level": "Information",
      "channel": "AppEvent",
      "record_id": 91,
      "event_data": {
        "String0": "Product: Microsoft Visual C++ 2005 Redistributable -- Configuration completed successfully.",
        "String1": "(NULL)",
        "String2": "(NULL)",
        "String3": "(NULL)"
      }
    },
    {
      "source_format": "evt",
      "file": "SysEvent.Evt",
      "event_id": 7035,
      "provider": "Service Control Manager",
      "timestamp": "2008-07-11T05:23:05+00:00",
      "computer": "JEAN-13FBF038A3",
      "level": "Information",
      "channel": "SysEvent",
      "record_id": 326,
      "event_data": {
        "String0": "Windows Installer",
        "String1": "start"
      }
    },
    {
      "source_format": "evt",
      "file": "SysEvent.Evt",
      "event_id": 7036,
      "provider": "Service Control Manager",
      "timestamp": "2008-07-11T05:23:05+00:00",
      "computer": "JEAN-13FBF038A3",
      "level": "Information",
      "channel": "SysEvent",
      "record_id": 327,
      "event_data": {
        "String0": "Windows Installer",
        "String1": "running"
      }
    },
    {
      "source_format": "evt",
      "file": "SysEvent.Evt",
      "event_id": 18,
      "provider": "Windows Update Agent",
      "timestamp": "2008-07-11T05:07:54+00:00",
      "computer": "JEAN-13FBF038A3",
      "level": "Information",
      "channel": "SysEvent",
      "record_id": 325,
      "event_data": {
        "String0": "Saturday, July 12, 2008",
        "String1": "3:00 AM",
        "String2": "\n- Cumulative Security Update for ActiveX Killbits for Windows XP (KB950760)\n- Cumulative Security Update for Internet Explorer 6 for Windows XP (KB950759)\n- Security Update for Windows XP (KB950762)\n- Security Update for Windows XP (KB951698)\n- Update for Windows XP (KB951978)\n- Security Update for Windows XP (KB951376)"
      }
    },
    {
      "source_format": "evt",
      "file": "SysEvent.Evt",
      "event_id": 18,
      "provider": "Windows Update Agent",
      "timestamp": "2008-07-11T05:07:46+00:00",
      "computer": "JEAN-13FBF038A3",
      "level": "Information",
      "channel": "SysEvent",
      "record_id": 324,
      "event_data": {
        "String0": "Saturday, July 12, 2008",
        "String1": "3:00 AM",
        "String2": "\n- Cumulative Security Update for ActiveX Killbits for Windows XP (KB950760)\n- Cumulative Security Update for Internet Explorer 6 for Windows XP (KB950759)\n- Security Update for Windows XP (KB950762)\n- Security Update for Windows XP (KB951698)\n- Security Update for Windows XP (KB951376)"
      }
    },
    {
      "source_format": "evt",
      "file": "SysEvent.Evt",
      "event_id": 18,
      "provider": "Windows Update Agent",
      "timestamp": "2008-07-11T05:07:14+00:00",
      "computer": "JEAN-13FBF038A3",
      "level": "Information",
      "channel": "SysEvent",
      "record_id": 323,
      "event_data": {
        "String0": "Saturday, July 12, 2008",
        "String1": "3:00 AM",
        "String2": "\n- Cumulative Security Update for ActiveX Killbits for Windows XP (KB950760)\n- Cumulative Security Update for Internet Explorer 6 for Windows XP (KB950759)\n- Security Update for Windows XP (KB950762)\n- Security Update for Windows XP (KB951698)\n- Security Update for Windows XP (KB951376)"
      }
    },
    {
      "source_format": "evt",
      "file": "SysEvent.Evt",
      "event_id": 18,
      "provider": "Windows Update Agent",
      "timestamp": "2008-07-11T05:07:09+00:00",
      "computer": "JEAN-13FBF038A3",
      "level": "Information",
      "channel": "SysEvent",
      "record_id": 319,
      "event_data": {
        "String0": "Saturday, July 12, 2008",
        "String1": "3:00 AM",
        "String2": "\n- Cumulative Security Update for ActiveX Killbits for Windows XP (KB950760)"
      }
    },
    {
      "source_format": "evt",
      "file": "SysEvent.Evt",
      "event_id": 18,
      "provider": "Windows Update Agent",
      "timestamp": "2008-07-11T05:07:09+00:00",
      "computer": "JEAN-13FBF038A3",
      "level": "Information",
      "channel": "SysEvent",
      "record_id": 320,
      "event_data": {
        "String0": "Saturday, July 12, 2008",
        "String1": "3:00 AM",
        "String2": "\n- Cumulative Security Update for ActiveX Killbits for Windows XP (KB950760)\n- Cumulative Security Update for Internet Explorer 6 for Windows XP (KB950759)"
      }
    },
    {
      "source_format": "evt",
      "file": "SysEvent.Evt",
      "event_id": 18,
      "provider": "Windows Update Agent",
      "timestamp": "2008-07-11T05:07:09+00:00",
      "computer": "JEAN-13FBF038A3",
      "level": "Information",
      "channel": "SysEvent",
      "record_id": 321,
      "event_data": {
        "String0": "Saturday, July 12, 2008",
        "String1": "3:00 AM",
        "String2": "\n- Cumulative Security Update for ActiveX Killbits for Windows XP (KB950760)\n- Cumulative Security Update for Internet Explorer 6 for Windows XP (KB950759)\n- Security Update for Windows XP (KB950762)"
      }
    },
    {
      "source_format": "evt",
      "file": "SysEvent.Evt",
      "event_id": 18,
      "provider": "Windows Update Agent",
      "timestamp": "2008-07-11T05:07:09+00:00",
      "computer": "JEAN-13FBF038A3",
      "level": "Information",
      "channel": "SysEvent",
      "record_id": 322,
      "event_data": {
        "String0": "Saturday, July 12, 2008",
        "String1": "3:00 AM",
        "String2": "\n- Cumulative Security Update for ActiveX Killbits for Windows XP (KB950760)\n- Cumulative Security Update for Internet Explorer 6 for Windows XP (KB950759)\n- Security Update for Windows XP (KB950762)\n- Security Update for Windows XP (KB951698)"
      }
    },
    {
      "source_format": "evt",
      "file": "SysEvent.Evt",
      "event_id": 7035,
      "provider": "Service Control Manager",
      "timestamp": "2008-07-11T05:06:56+00:00",
      "computer": "JEAN-13FBF038A3",
      "level": "Information",
      "channel": "SysEvent",
      "record_id": 317,
      "event_data": {
        "String0": "Background Intelligent Transfer Service",
        "String1": "start"
      }
    },
    {
      "source_format": "evt",
      "file": "SysEvent.Evt",
      "event_id": 7036,
      "provider": "Service Control Manager",
      "timestamp": "2008-07-11T05:06:56+00:00",
      "computer": "JEAN-13FBF038A3",
      "level": "Information",
      "channel": "SysEvent",
      "record_id": 318,
      "event_data": {
        "String0": "Background Intelligent Transfer Service",
        "String1": "running"
      }
    },
    {
      "source_format": "evt",
      "file": "SysEvent.Evt",
      "event_id": 7035,
      "provider": "Service Control Manager",
      "timestamp": "2008-07-11T05:06:20+00:00",
      "computer": "JEAN-13FBF038A3",
      "level": "Information",
      "channel": "SysEvent",
      "record_id": 314,
      "event_data": {
        "String0": "SSDP Discovery Service",
        "String1": "start"
      }
    },
