    {
      "source_format": "evt",
      "file": "SysEvent.Evt",
      "event_id": 7036,
      "provider": "Service Control Manager",
      "timestamp": "2008-07-06T06:11:43+00:00",
      "computer": "JEAN-13FBF038A3",
      "level": "Information",
      "channel": "SysEvent",
      "record_id": 211,
      "event_data": {
        "String0": "IMAPI CD-Burning COM Service",
        "String1": "running"
      }
    },
    {
      "source_format": "evt",
      "file": "SysEvent.Evt",
      "event_id": 4201,
      "provider": "Tcpip",
      "timestamp": "2008-07-06T06:11:41+00:00",
      "computer": "JEAN-13FBF038A3",
      "level": "Information",
      "channel": "SysEvent",
      "record_id": 209,
      "event_data": {
        "String0": "",
        "String1": "\\DEVICE\\TCPIP_{75511F16-E7C3-483D-844F-587965FC214F}"
      }
    },
    {
      "source_format": "evt",
      "file": "AppEvent.Evt",
      "event_id": 11728,
      "provider": "MsiInstaller",
      "timestamp": "2008-07-06T06:11:35+00:00",
      "computer": "JEAN-13FBF038A3",
      "level": "Information",
      "channel": "AppEvent",
      "record_id": 74,
      "event_data": {
        "String0": "Product: WebFldrs XP -- Configuration completed successfully.",
        "String1": "(NULL)",
        "String2": "(NULL)",
        "String3": "(NULL)"
      }
    },
    {
      "source_format": "evt",
      "file": "SysEvent.Evt",
      "event_id": 7035,
      "provider": "Service Control Manager",
      "timestamp": "2008-07-06T06:11:34+00:00",
      "computer": "JEAN-13FBF038A3",
      "level": "Information",
      "channel": "SysEvent",
      "record_id": 207,
      "event_data": {
        "String0": "Windows Installer",
        "String1": "start"
      }
    },
    {
      "source_format": "evt",
      "file": "SysEvent.Evt",
      "event_id": 7036,
      "provider": "Service Control Manager",
      "timestamp": "2008-07-06T06:11:34+00:00",
      "computer": "JEAN-13FBF038A3",
      "level": "Information",
      "channel": "SysEvent",
      "record_id": 208,
      "event_data": {
        "String0": "Windows Installer",
        "String1": "running"
      }
    },
    {
      "source_format": "evt",
      "file": "SysEvent.Evt",
      "event_id": 4202,
      "provider": "Tcpip",
      "timestamp": "2008-07-06T06:11:21+00:00",
      "computer": "JEAN-13FBF038A3",
      "level": "Information",
      "channel": "SysEvent",
      "record_id": 206,
      "event_data": {
        "String0": "",
        "String1": "\\DEVICE\\TCPIP_{75511F16-E7C3-483D-844F-587965FC214F}"
      }
    },
    {
      "source_format": "evt",
      "file": "SysEvent.Evt",
      "event_id": 18,
      "provider": "Windows Update Agent",
      "timestamp": "2008-07-06T02:00:39+00:00",
      "computer": "JEAN-13FBF038A3",
      "level": "Information",
      "channel": "SysEvent",
      "record_id": 203,
      "event_data": {
        "String0": "Monday, July 07, 2008",
        "String1": "3:00 AM",
        "String2": "\n- Cumulative Security Update for ActiveX Killbits for Windows XP (KB950760)\n- Cumulative Security Update for Internet Explorer 6 for Windows XP (KB950759)\n- Security Update for Windows XP (KB950762)\n- Security Update for Windows XP (KB951698)"
      }
    },
    {
      "source_format": "evt",
      "file": "SysEvent.Evt",
      "event_id": 18,
      "provider": "Windows Update Agent",
      "timestamp": "2008-07-06T02:00:39+00:00",
      "computer": "JEAN-13FBF038A3",
      "level": "Information",
      "channel": "SysEvent",
      "record_id": 204,
      "event_data": {
        "String0": "Monday, July 07, 2008",
        "String1": "3:00 AM",
        "String2": "\n- Cumulative Security Update for ActiveX Killbits for Windows XP (KB950760)\n- Cumulative Security Update for Internet Explorer 6 for Windows XP (KB950759)\n- Security Update for Windows XP (KB950762)\n- Security Update for Windows XP (KB951698)\n- Windows Malicious Software Removal Tool - June 2008 (KB890830)"
      }
    },
    {
      "source_format": "evt",
      "file": "SysEvent.Evt",
      "event_id": 18,
      "provider": "Windows Update Agent",
      "timestamp": "2008-07-06T02:00:39+00:00",
      "computer": "JEAN-13FBF038A3",
      "level": "Information",
      "channel": "SysEvent",
      "record_id": 205,
      "event_data": {
        "String0": "Monday, July 07, 2008",
        "String1": "3:00 AM",
        "String2": "\n- Cumulative Security Update for ActiveX Killbits for Windows XP (KB950760)\n- Cumulative Security Update for Internet Explorer 6 for Windows XP (KB950759)\n- Security Update for Windows XP (KB950762)\n- Security Update for Windows XP (KB951698)\n- Windows Malicious Software Removal Tool - June 2008 (KB890830)\n- Security Update for Windows XP (KB951376)"
      }
    },
    {
      "source_format": "evt",
      "file": "SysEvent.Evt",
      "event_id": 18,
      "provider": "Windows Update Agent",
      "timestamp": "2008-07-06T02:00:35+00:00",
      "computer": "JEAN-13FBF038A3",
      "level": "Information",
      "channel": "SysEvent",
      "record_id": 200,
      "event_data": {
        "String0": "Monday, July 07, 2008",
        "String1": "3:00 AM",
        "String2": "\n- Cumulative Security Update for ActiveX Killbits for Windows XP (KB950760)"
      }
    },
    {
      "source_format": "evt",
      "file": "SysEvent.Evt",
      "event_id": 18,
      "provider": "Windows Update Agent",
      "timestamp": "2008-07-06T02:00:35+00:00",
      "computer": "JEAN-13FBF038A3",
      "level": "Information",
      "channel": "SysEvent",
      "record_id": 201,
      "event_data": {
        "String0": "Monday, July 07, 2008",
        "String1": "3:00 AM",
        "String2": "\n- Cumulative Security Update for ActiveX Killbits for Windows XP (KB950760)\n- Cumulative Security Update for Internet Explorer 6 for Windows XP (KB950759)"
      }
    },
    {
      "source_format": "evt",
      "file": "SysEvent.Evt",
      "event_id": 18,
      "provider": "Windows Update Agent",
      "timestamp": "2008-07-06T02:00:35+00:00",
      "computer": "JEAN-13FBF038A3",
      "level": "Information",
      "channel": "SysEvent",
      "record_id": 202,
      "event_data": {
        "String0": "Monday, July 07, 2008",
        "String1": "3:00 AM",
        "String2": "\n- Cumulative Security Update for ActiveX Killbits for Windows XP (KB950760)\n- Cumulative Security Update for Internet Explorer 6 for Windows XP (KB950759)\n- Security Update for Windows XP (KB950762)"
      }
    },
    {
      "source_format": "evt",
      "file": "SysEvent.Evt",
      "event_id": 18,
      "provider": "Windows Update Agent",
      "timestamp": "2008-07-05T22:08:21+00:00",
      "computer": "JEAN-13FBF038A3",
      "level": "Information",
      "channel": "SysEvent",
      "record_id": 197,
      "event_data": {
        "String0": "Sunday, July 06, 2008",
        "String1": "3:00 AM",
        "String2": "\n- Cumulative Security Update for ActiveX Killbits for Windows XP (KB950760)\n- Cumulative Security Update for Internet Explorer 6 for Windows XP (KB950759)\n- Security Update for Windows XP (KB950762)\n- Security Update for Windows XP (KB951698)"
      }
    },
    {
      "source_format": "evt",
      "file": "SysEvent.Evt",
      "event_id": 18,
      "provider": "Windows Update Agent",
      "timestamp": "2008-07-05T22:08:21+00:00",
      "computer": "JEAN-13FBF038A3",
      "level": "Information",
      "channel": "SysEvent",
      "record_id": 198,
      "event_data": {
        "String0": "Sunday, July 06, 2008",
        "String1": "3:00 AM",
        "String2": "\n- Cumulative Security Update for ActiveX Killbits for Windows XP (KB950760)\n- Cumulative Security Update for Internet Explorer 6 for Windows XP (KB950759)\n- Security Update for Windows XP (KB950762)\n- Security Update for Windows XP (KB951698)\n- Windows Malicious Software Removal Tool - June 2008 (KB890830)"
      }
    },
    {
      "source_format": "evt",
      "file": "SysEvent.Evt",
      "event_id": 18,
      "provider": "Windows Update Agent",
      "timestamp": "2008-07-05T22:08:21+00:00",
      "computer": "JEAN-13FBF038A3",
      "level": "Information",
      "channel": "SysEvent",
      "record_id": 199,
      "event_data": {
        "String0": "Sunday, July 06, 2008",
        "String1": "3:00 AM",
        "String2": "\n- Cumulative Security Update for ActiveX Killbits for Windows XP (KB950760)\n- Cumulative Security Update for Internet Explorer 6 for Windows XP (KB950759)\n- Security Update for Windows XP (KB950762)\n- Security Update for Windows XP (KB951698)\n- Windows Malicious Software Removal Tool - June 2008 (KB890830)\n- Security Update for Windows XP (KB951376)"
      }
    },
    {
      "source_format": "evt",
      "file": "SysEvent.Evt",
      "event_id": 18,
      "provider": "Windows Update Agent",
      "timestamp": "2008-07-05T22:08:17+00:00",
      "computer": "JEAN-13FBF038A3",
      "level": "Information",
      "channel": "SysEvent",
      "record_id": 194,
      "event_data": {
        "String0": "Sunday, July 06, 2008",
        "String1": "3:00 AM",
        "String2": "\n- Cumulative Security Update for ActiveX Killbits for Windows XP (KB950760)"
      }
    },
    {
      "source_format": "evt",
      "file": "SysEvent.Evt",
      "event_id": 18,
      "provider": "Windows Update Agent",
      "timestamp": "2008-07-05T22:08:17+00:00",
      "computer": "JEAN-13FBF038A3",
      "level": "Information",
      "channel": "SysEvent",
      "record_id": 195,
      "event_data": {
        "String0": "Sunday, July 06, 2008",
        "String1": "3:00 AM",
        "String2": "\n- Cumulative Security Update for ActiveX Killbits for Windows XP (KB950760)\n- Cumulative Security Update for Internet Explorer 6 for Windows XP (KB950759)"
      }
    },
    {
      "source_format": "evt",
      "file": "SysEvent.Evt",
      "event_id": 18,
      "provider": "Windows Update Agent",
      "timestamp": "2008-07-05T22:08:17+00:00",
      "computer": "JEAN-13FBF038A3",
      "level": "Information",
      "channel": "SysEvent",
      "record_id": 196,
      "event_data": {
        "String0": "Sunday, July 06, 2008",
        "String1": "3:00 AM",
        "String2": "\n- Cumulative Security Update for ActiveX Killbits for Windows XP (KB950760)\n- Cumulative Security Update for Internet Explorer 6 for Windows XP (KB950759)\n- Security Update for Windows XP (KB950762)"
      }
    },
    {
      "source_format": "evt",
      "file": "SysEvent.Evt",
      "event_id": 7035,
      "provider": "Service Control Manager",
      "timestamp": "2008-07-05T22:07:58+00:00",
      "computer": "JEAN-13FBF038A3",
      "level": "Information",
      "channel": "SysEvent",
      "record_id": 192,
      "event_data": {
        "String0": "Background Intelligent Transfer Service",
        "String1": "start"
      }
    },
    {
      "source_format": "evt",
      "file": "SysEvent.Evt",
      "event_id": 7036,
      "provider": "Service Control Manager",
      "timestamp": "2008-07-05T22:07:58+00:00",
      "computer": "JEAN-13FBF038A3",
      "level": "Information",
      "channel": "SysEvent",
      "record_id": 193,
      "event_data": {
        "String0": "Background Intelligent Transfer Service",
        "String1": "running"
      }
    },
    {
      "source_format": "evt",
      "file": "SysEvent.Evt",
      "event_id": 18,
      "provider": "Windows Update Agent",
      "timestamp": "2008-07-05T22:07:45+00:00",
      "computer": "JEAN-13FBF038A3",
      "level": "Information",
      "channel": "SysEvent",
      "record_id": 191,
      "event_data": {
        "String0": "Saturday, July 05, 2008",
        "String1": "11:07 PM",
        "String2": "\n- Cumulative Security Update for ActiveX Killbits for Windows XP (KB950760)\n- Cumulative Security Update for Internet Explorer 6 for Windows XP (KB950759)\n- Security Update for Windows XP (KB950762)\n- Security Update for Windows XP (KB951698)\n- Windows Malicious Software Removal Tool - June 2008 (KB890830)\n- Security Update for Windows XP (KB951376)"
      }
    },
    {
      "source_format": "evt",
      "file": "SysEvent.Evt",
      "event_id": 18,
      "provider": "Windows Update Agent",
      "timestamp": "2008-07-05T22:07:40+00:00",
      "computer": "JEAN-13FBF038A3",
      "level": "Information",
      "channel": "SysEvent",
      "record_id": 190,
      "event_data": {
        "String0": "Saturday, July 05, 2008",
        "String1": "11:07 PM",
        "String2": "\n- Cumulative Security Update for ActiveX Killbits for Windows XP (KB950760)\n- Cumulative Security Update for Internet Explorer 6 for Windows XP (KB950759)\n- Security Update for Windows XP (KB950762)\n- Security Update for Windows XP (KB951698)\n- Windows Malicious Software Removal Tool - June 2008 (KB890830)\n- Security Update for Windows XP (KB951376)"
      }
    },
    {
      "source_format": "evt",
      "file": "SysEvent.Evt",
      "event_id": 7036,
      "provider": "Service Control Manager",
      "timestamp": "2008-07-05T22:06:42+00:00",
      "computer": "JEAN-13FBF038A3",
      "level": "Information",
      "channel": "SysEvent",
      "record_id": 189,
      "event_data": {
        "String0": "IMAPI CD-Burning COM Service",
        "String1": "stopped"
      }
    },
    {
      "source_format": "evt",
      "file": "SysEvent.Evt",
      "event_id": 7036,
      "provider": "Service Control Manager",
      "timestamp": "2008-07-05T22:06:36+00:00",
      "computer": "JEAN-13FBF038A3",
      "level": "Information",
      "channel": "SysEvent",
      "record_id": 186,
      "event_data": {
        "String0": "IMAPI CD-Burning COM Service",
        "String1": "running"
      }
    },
    {
      "source_format": "evt",
      "file": "SysEvent.Evt",
      "event_id": 7035,
      "provider": "Service Control Manager",
      "timestamp": "2008-07-05T22:06:36+00:00",
      "computer": "JEAN-13FBF038A3",
      "level": "Information",
      "channel": "SysEvent",
      "record_id": 187,
      "event_data": {
        "String0": "SSDP Discovery Service",
        "String1": "start"
      }
    },
    {
      "source_format": "evt",
      "file": "SysEvent.Evt",
      "event_id": 7036,
      "provider": "Service Control Manager",
      "timestamp": "2008-07-05T22:06:36+00:00",
      "computer": "JEAN-13FBF038A3",
      "level": "Information",
      "channel": "SysEvent",
      "record_id": 188,
      "event_data": {
        "String0": "SSDP Discovery Service",
        "String1": "running"
      }
    },
    {
      "source_format": "evt",
      "file": "SysEvent.Evt",
      "event_id": 7035,
      "provider": "Service Control Manager",
      "timestamp": "2008-07-05T22:06:35+00:00",
      "computer": "JEAN-13FBF038A3",
      "level": "Information",
      "channel": "SysEvent",
      "record_id": 185,
      "event_data": {
        "String0": "IMAPI CD-Burning COM Service",
        "String1": "start"
      }
    },
    {
      "source_format": "evt",
      "file": "SysEvent.Evt",
      "event_id": 7036,
      "provider": "Service Control Manager",
      "timestamp": "2008-07-05T22:06:33+00:00",
      "computer": "JEAN-13FBF038A3",
      "level": "Information",
      "channel": "SysEvent",
      "record_id": 184,
      "event_data": {
        "String0": "Computer Browser",
        "String1": "stopped"
      }
    },
    {
      "source_format": "evt",
      "file": "SysEvent.Evt",
      "event_id": 7035,
      "provider": "Service Control Manager",
      "timestamp": "2008-07-05T22:06:32+00:00",
      "computer": "JEAN-13FBF038A3",
      "level": "Information",
      "channel": "SysEvent",
      "record_id": 182,
      "event_data": {
        "String0": "Application Layer Gateway Service",
        "String1": "start"
      }
    },
    {
      "source_format": "evt",
      "file": "SysEvent.Evt",
      "event_id": 7036,
      "provider": "Service Control Manager",
      "timestamp": "2008-07-05T22:06:32+00:00",
      "computer": "JEAN-13FBF038A3",
      "level": "Information",
      "channel": "SysEvent",
      "record_id": 183,
      "event_data": {
        "String0": "Application Layer Gateway Service",
        "String1": "running"
      }
    },
    {
      "source_format": "evt",
      "file": "SysEvent.Evt",
      "event_id": 7036,
      "provider": "Service Control Manager",
      "timestamp": "2008-07-05T22:06:31+00:00",
      "computer": "JEAN-13FBF038A3",
      "level": "Information",
      "channel": "SysEvent",
      "record_id": 177,
      "event_data": {
        "String0": "Terminal Services",
        "String1": "running"
      }
    },
    {
      "source_format": "evt",
      "file": "SysEvent.Evt",
      "event_id": 7035,
      "provider": "Service Control Manager",
      "timestamp": "2008-07-05T22:06:31+00:00",
      "computer": "JEAN-13FBF038A3",
      "level": "Information",
      "channel": "SysEvent",
      "record_id": 178,
      "event_data": {
        "String0": "Fast User Switching Compatibility",
        "String1": "start"
      }
    },
    {
      "source_format": "evt",
      "file": "SysEvent.Evt",
      "event_id": 7036,
      "provider": "Service Control Manager",
      "timestamp": "2008-07-05T22:06:31+00:00",
      "computer": "JEAN-13FBF038A3",
      "level": "Information",
      "channel": "SysEvent",
      "record_id": 179,
      "event_data": {
        "String0": "Fast User Switching Compatibility",
        "String1": "running"
      }
    },
    {
      "source_format": "evt",
      "file": "SysEvent.Evt",
      "event_id": 7035,
      "provider": "Service Control Manager",
      "timestamp": "2008-07-05T22:06:31+00:00",
      "computer": "JEAN-13FBF038A3",
      "level": "Information",
      "channel": "SysEvent",
      "record_id": 180,
      "event_data": {
        "String0": "Network Location Awareness (NLA)",
        "String1": "start"
      }
    },
    {
      "source_format": "evt",
      "file": "SysEvent.Evt",
      "event_id": 7036,
      "provider": "Service Control Manager",
      "timestamp": "2008-07-05T22:06:31+00:00",
      "computer": "JEAN-13FBF038A3",
      "level": "Information",
      "channel": "SysEvent",
      "record_id": 181,
      "event_data": {
        "String0": "Network Location Awareness (NLA)",
        "String1": "running"
      }
    },
    {
      "source_format": "evt",
      "file": "AppEvent.Evt",
      "event_id": 1800,
      "provider": "SecurityCenter",
      "timestamp": "2008-07-05T22:06:31+00:00",
      "computer": "JEAN-13FBF038A3",
      "level": "Information",
      "channel": "AppEvent",
      "record_id": 73,
      "event_data": {}
    },
    {
      "source_format": "evt",
      "file": "SysEvent.Evt",
      "event_id": 4201,
      "provider": "Tcpip",
      "timestamp": "2008-07-05T22:06:27+00:00",
      "computer": "JEAN-13FBF038A3",
      "level": "Information",
      "channel": "SysEvent",
      "record_id": 176,
      "event_data": {
        "String0": "",
        "String1": "\\DEVICE\\TCPIP_{75511F16-E7C3-483D-844F-587965FC214F}"
      }
    },
    {
      "source_format": "evt",
      "file": "AppEvent.Evt",
      "event_id": 105,
      "provider": "VMTools",
      "timestamp": "2008-07-05T22:06:27+00:00",
      "computer": "JEAN-13FBF038A3",
      "level": "Information",
      "channel": "AppEvent",
      "record_id": 72,
      "event_data": {}
    },
    {
      "source_format": "evt",
      "file": "SysEvent.Evt",
      "event_id": 1,
      "provider": "LGTO_Sync",
      "timestamp": "2008-07-05T22:06:26+00:00",
      "computer": "JEAN-13FBF038A3",
      "level": "Information",
      "channel": "SysEvent",
      "record_id": 175,
      "event_data": {
        "String0": "",
        "String1": "The Driver was loaded successfully "
      }
    },
    {
      "source_format": "evt",
      "file": "SysEvent.Evt",
      "event_id": 6009,
      "provider": "EventLog",
      "timestamp": "2008-07-05T22:06:23+00:00",
      "computer": "JEAN-13FBF038A3",
      "level": "Information",
      "channel": "SysEvent",
      "record_id": 173,
      "event_data": {
        "String0": "5.01.",
        "String1": "2600",
        "String2": "Service Pack 3",
        "String3": "Uniprocessor Free"
      }
    },
    {
      "source_format": "evt",
      "file": "SysEvent.Evt",
      "event_id": 6005,
      "provider": "EventLog",
      "timestamp": "2008-07-05T22:06:23+00:00",
      "computer": "JEAN-13FBF038A3",
      "level": "Information",
      "channel": "SysEvent",
      "record_id": 174,
      "event_data": {}
    },
    {
      "source_format": "evt",
      "file": "SysEvent.Evt",
      "event_id": 6006,
      "provider": "EventLog",
      "timestamp": "2008-07-05T01:58:47+00:00",
      "computer": "JEAN-13FBF038A3",
      "level": "Information",
      "channel": "SysEvent",
      "record_id": 172,
      "event_data": {}
    },
    {
      "source_format": "evt",
      "file": "SysEvent.Evt",
      "event_id": 18,
      "provider": "Windows Update Agent",
      "timestamp": "2008-07-05T01:54:18+00:00",
      "computer": "JEAN-13FBF038A3",
      "level": "Information",
      "channel": "SysEvent",
      "record_id": 171,
      "event_data": {
        "String0": "Saturday, July 05, 2008",
        "String1": "3:00 AM",
        "String2": "\n- Cumulative Security Update for ActiveX Killbits for Windows XP (KB950760)\n- Cumulative Security Update for Internet Explorer 6 for Windows XP (KB950759)\n- Security Update for Windows XP (KB950762)\n- Security Update for Windows XP (KB951698)\n- Windows Malicious Software Removal Tool - June 2008 (KB890830)\n- Security Update for Windows XP (KB951376)"
      }
    },
    {
      "source_format": "evt",
      "file": "SysEvent.Evt",
      "event_id": 4201,
      "provider": "Tcpip",
      "timestamp": "2008-07-05T01:53:42+00:00",
      "computer": "JEAN-13FBF038A3",
      "level": "Information",
      "channel": "SysEvent",
      "record_id": 170,
      "event_data": {
        "String0": "",
        "String1": "\\DEVICE\\TCPIP_{75511F16-E7C3-483D-844F-587965FC214F}"
      }
    },
    {
      "source_format": "evt",
      "file": "SysEvent.Evt",
      "event_id": 7036,
      "provider": "Service Control Manager",
      "timestamp": "2008-07-05T01:53:37+00:00",
      "computer": "JEAN-13FBF038A3",
      "level": "Information",
      "channel": "SysEvent",
      "record_id": 169,
      "event_data": {
        "String0": "IMAPI CD-Burning COM Service",
        "String1": "stopped"
      }
    },
    {
      "source_format": "evt",
      "file": "AppEvent.Evt",
      "event_id": 105,
      "provider": "VMTools",
      "timestamp": "2008-07-05T01:53:33+00:00",
      "computer": "JEAN-13FBF038A3",
      "level": "Information",
      "channel": "AppEvent",
      "record_id": 70,
      "event_data": {}
    },
    {
      "source_format": "evt",
      "file": "SysEvent.Evt",
      "event_id": 1,
      "provider": "LGTO_Sync",
      "timestamp": "2008-07-05T01:53:32+00:00",
      "computer": "JEAN-13FBF038A3",
      "level": "Information",
      "channel": "SysEvent",
      "record_id": 156,
      "event_data": {
        "String0": "",
        "String1": "The Driver was loaded successfully "
      }
    },
    {
      "source_format": "evt",
      "file": "SysEvent.Evt",
      "event_id": 7035,
      "provider": "Service Control Manager",
      "timestamp": "2008-07-05T01:53:31+00:00",
      "computer": "JEAN-13FBF038A3",
      "level": "Information",
      "channel": "SysEvent",
      "record_id": 167,
      "event_data": {
        "String0": "SSDP Discovery Service",
        "String1": "start"
      }
    },
    {
      "source_format": "evt",
      "file": "SysEvent.Evt",
      "event_id": 7036,
      "provider": "Service Control Manager",
      "timestamp": "2008-07-05T01:53:31+00:00",
      "computer": "JEAN-13FBF038A3",
      "level": "Information",
      "channel": "SysEvent",
      "record_id": 168,
      "event_data": {
        "String0": "SSDP Discovery Service",
        "String1": "running"
      }
    },
    {
      "source_format": "evt",
      "file": "SysEvent.Evt",
      "event_id": 7035,
      "provider": "Service Control Manager",
      "timestamp": "2008-07-05T01:53:30+00:00",
      "computer": "JEAN-13FBF038A3",
      "level": "Information",
      "channel": "SysEvent",
      "record_id": 165,
      "event_data": {
        "String0": "IMAPI CD-Burning COM Service",
        "String1": "start"
      }
    },
    {
      "source_format": "evt",
      "file": "SysEvent.Evt",
      "event_id": 7036,
      "provider": "Service Control Manager",
      "timestamp": "2008-07-05T01:53:30+00:00",
      "computer": "JEAN-13FBF038A3",
      "level": "Information",
      "channel": "SysEvent",
      "record_id": 166,
      "event_data": {
        "String0": "IMAPI CD-Burning COM Service",
        "String1": "running"
      }
    },
    {
      "source_format": "evt",
      "file": "SysEvent.Evt",
      "event_id": 6009,
      "provider": "EventLog",
      "timestamp": "2008-07-05T01:53:29+00:00",
      "computer": "JEAN-13FBF038A3",
      "level": "Information",
      "channel": "SysEvent",
      "record_id": 154,
      "event_data": {
        "String0": "5.01.",
        "String1": "2600",
        "String2": "Service Pack 3",
        "String3": "Uniprocessor Free"
      }
    },
    {
      "source_format": "evt",
      "file": "SysEvent.Evt",
      "event_id": 6005,
      "provider": "EventLog",
      "timestamp": "2008-07-05T01:53:29+00:00",
      "computer": "JEAN-13FBF038A3",
      "level": "Information",
      "channel": "SysEvent",
      "record_id": 155,
      "event_data": {}
    },
    {
      "source_format": "evt",
      "file": "SysEvent.Evt",
      "event_id": 7036,
      "provider": "Service Control Manager",
      "timestamp": "2008-07-05T01:53:28+00:00",
      "computer": "JEAN-13FBF038A3",
      "level": "Information",
      "channel": "SysEvent",
      "record_id": 164,
      "event_data": {
        "String0": "Computer Browser",
        "String1": "stopped"
      }
    },
    {
      "source_format": "evt",
      "file": "SysEvent.Evt",
      "event_id": 7036,
      "provider": "Service Control Manager",
      "timestamp": "2008-07-05T01:53:27+00:00",
      "computer": "JEAN-13FBF038A3",
      "level": "Information",
      "channel": "SysEvent",
      "record_id": 157,
      "event_data": {
        "String0": "Terminal Services",
        "String1": "running"
      }
    },
    {
      "source_format": "evt",
      "file": "SysEvent.Evt",
      "event_id": 7035,
      "provider": "Service Control Manager",
      "timestamp": "2008-07-05T01:53:27+00:00",
      "computer": "JEAN-13FBF038A3",
      "level": "Information",
      "channel": "SysEvent",
      "record_id": 158,
      "event_data": {
        "String0": "Fast User Switching Compatibility",
        "String1": "start"
      }
    },
    {
      "source_format": "evt",
      "file": "SysEvent.Evt",
      "event_id": 7036,
      "provider": "Service Control Manager",
      "timestamp": "2008-07-05T01:53:27+00:00",
      "computer": "JEAN-13FBF038A3",
      "level": "Information",
      "channel": "SysEvent",
      "record_id": 159,
      "event_data": {
        "String0": "Fast User Switching Compatibility",
        "String1": "running"
      }
    },
    {
      "source_format": "evt",
      "file": "SysEvent.Evt",
      "event_id": 7035,
      "provider": "Service Control Manager",
      "timestamp": "2008-07-05T01:53:27+00:00",
      "computer": "JEAN-13FBF038A3",
      "level": "Information",
      "channel": "SysEvent",
      "record_id": 160,
      "event_data": {
        "String0": "Network Location Awareness (NLA)",
        "String1": "start"
      }
    },
    {
      "source_format": "evt",
      "file": "SysEvent.Evt",
      "event_id": 7036,
      "provider": "Service Control Manager",
      "timestamp": "2008-07-05T01:53:27+00:00",
      "computer": "JEAN-13FBF038A3",
      "level": "Information",
      "channel": "SysEvent",
      "record_id": 161,
      "event_data": {
        "String0": "Network Location Awareness (NLA)",
        "String1": "running"
      }
    },
    {
      "source_format": "evt",
      "file": "SysEvent.Evt",
      "event_id": 7035,
      "provider": "Service Control Manager",
      "timestamp": "2008-07-05T01:53:27+00:00",
      "computer": "JEAN-13FBF038A3",
      "level": "Information",
      "channel": "SysEvent",
      "record_id": 162,
      "event_data": {
        "String0": "Application Layer Gateway Service",
        "String1": "start"
      }
    },
    {
      "source_format": "evt",
      "file": "SysEvent.Evt",
      "event_id": 7036,
      "provider": "Service Control Manager",
      "timestamp": "2008-07-05T01:53:27+00:00",
      "computer": "JEAN-13FBF038A3",
      "level": "Information",
      "channel": "SysEvent",
      "record_id": 163,
      "event_data": {
        "String0": "Application Layer Gateway Service",
        "String1": "running"
      }
    },
    {
      "source_format": "evt",
      "file": "AppEvent.Evt",
      "event_id": 1800,
      "provider": "SecurityCenter",
      "timestamp": "2008-07-05T01:53:26+00:00",
      "computer": "JEAN-13FBF038A3",
      "level": "Information",
      "channel": "AppEvent",
      "record_id": 71,
      "event_data": {}
    },
    {
      "source_format": "evt",
      "file": "SysEvent.Evt",
      "event_id": 6006,
      "provider": "EventLog",
      "timestamp": "2008-07-04T22:56:27+00:00",
      "computer": "JEAN-13FBF038A3",
      "level": "Information",
      "channel": "SysEvent",
      "record_id": 153,
      "event_data": {}
    },
    {
      "source_format": "evt",
      "file": "SysEvent.Evt",
      "event_id": 18,
      "provider": "Windows Update Agent",
      "timestamp": "2008-07-04T22:54:22+00:00",
      "computer": "JEAN-13FBF038A3",
      "level": "Information",
      "channel": "SysEvent",
      "record_id": 151,
      "event_data": {
        "String0": "Saturday, July 05, 2008",
        "String1": "3:00 AM",
        "String2": "\n- Cumulative Security Update for ActiveX Killbits for Windows XP (KB950760)\n- Cumulative Security Update for Internet Explorer 6 for Windows XP (KB950759)\n- Security Update for Windows XP (KB950762)\n- Security Update for Windows XP (KB951376)"
      }
    },
    {
      "source_format": "evt",
      "file": "SysEvent.Evt",
      "event_id": 18,
      "provider": "Windows Update Agent",
      "timestamp": "2008-07-04T22:54:22+00:00",
      "computer": "JEAN-13FBF038A3",
      "level": "Information",
      "channel": "SysEvent",
      "record_id": 152,
      "event_data": {
        "String0": "Saturday, July 05, 2008",
        "String1": "3:00 AM",
        "String2": "\n- Cumulative Security Update for ActiveX Killbits for Windows XP (KB950760)\n- Cumulative Security Update for Internet Explorer 6 for Windows XP (KB950759)\n- Security Update for Windows XP (KB950762)\n- Security Update for Windows XP (KB951698)\n- Security Update for Windows XP (KB951376)"
      }
    },
    {
      "source_format": "evt",
      "file": "SysEvent.Evt",
      "event_id": 18,
      "provider": "Windows Update Agent",
      "timestamp": "2008-07-04T22:54:03+00:00",
      "computer": "JEAN-13FBF038A3",
      "level": "Information",
      "channel": "SysEvent",
      "record_id": 149,
      "event_data": {
        "String0": "Saturday, July 05, 2008",
        "String1": "3:00 AM",
        "String2": "\n- Cumulative Security Update for ActiveX Killbits for Windows XP (KB950760)\n- Security Update for Windows XP (KB951376)"
      }
    },
    {
      "source_format": "evt",
      "file": "SysEvent.Evt",
      "event_id": 18,
      "provider": "Windows Update Agent",
      "timestamp": "2008-07-04T22:54:03+00:00",
      "computer": "JEAN-13FBF038A3",
      "level": "Information",
      "channel": "SysEvent",
      "record_id": 150,
      "event_data": {
        "String0": "Saturday, July 05, 2008",
        "String1": "3:00 AM",
        "String2": "\n- Cumulative Security Update for ActiveX Killbits for Windows XP (KB950760)\n- Security Update for Windows XP (KB950762)\n- Security Update for Windows XP (KB951376)"
      }
    },
    {
      "source_format": "evt",
      "file": "SysEvent.Evt",
      "event_id": 18,
      "provider": "Windows Update Agent",
      "timestamp": "2008-07-04T22:53:59+00:00",
      "computer": "JEAN-13FBF038A3",
      "level": "Information",
      "channel": "SysEvent",
      "record_id": 148,
      "event_data": {
        "String0": "Saturday, July 05, 2008",
        "String1": "3:00 AM",
        "String2": "\n- Security Update for Windows XP (KB951376)"
      }
    },
    {
      "source_format": "evt",
      "file": "SysEvent.Evt",
      "event_id": 7036,
      "provider": "Service Control Manager",
      "timestamp": "2008-07-04T22:52:27+00:00",
      "computer": "JEAN-13FBF038A3",
      "level": "Information",
      "channel": "SysEvent",
      "record_id": 147,
      "event_data": {
        "String0": "IMAPI CD-Burning COM Service",
        "String1": "stopped"
      }
    },
    {
      "source_format": "evt",
      "file": "SysEvent.Evt",
      "event_id": 7035,
      "provider": "Service Control Manager",
      "timestamp": "2008-07-04T22:52:21+00:00",
      "computer": "JEAN-13FBF038A3",
      "level": "Information",
      "channel": "SysEvent",
      "record_id": 144,
      "event_data": {
        "String0": "SSDP Discovery Service",
        "String1": "start"
      }
    },
    {
      "source_format": "evt",
      "file": "SysEvent.Evt",
      "event_id": 7036,
      "provider": "Service Control Manager",
      "timestamp": "2008-07-04T22:52:21+00:00",
      "computer": "JEAN-13FBF038A3",
      "level": "Information",
      "channel": "SysEvent",
      "record_id": 145,
      "event_data": {
        "String0": "SSDP Discovery Service",
        "String1": "running"
      }
    },
    {
      "source_format": "evt",
      "file": "SysEvent.Evt",
      "event_id": 4201,
      "provider": "Tcpip",
      "timestamp": "2008-07-04T22:52:21+00:00",
      "computer": "JEAN-13FBF038A3",
      "level": "Information",
      "channel": "SysEvent",
      "record_id": 146,
      "event_data": {
        "String0": "",
        "String1": "\\DEVICE\\TCPIP_{75511F16-E7C3-483D-844F-587965FC214F}"
      }
    },
    {
      "source_format": "evt",
      "file": "SysEvent.Evt",
      "event_id": 7035,
      "provider": "Service Control Manager",
      "timestamp": "2008-07-04T22:52:20+00:00",
      "computer": "JEAN-13FBF038A3",
      "level": "Information",
      "channel": "SysEvent",
      "record_id": 142,
      "event_data": {
        "String0": "IMAPI CD-Burning COM Service",
        "String1": "start"
      }
    },
    {
      "source_format": "evt",
      "file": "SysEvent.Evt",
      "event_id": 7036,
      "provider": "Service Control Manager",
      "timestamp": "2008-07-04T22:52:20+00:00",
      "computer": "JEAN-13FBF038A3",
      "level": "Information",
      "channel": "SysEvent",
      "record_id": 143,
      "event_data": {
        "String0": "IMAPI CD-Burning COM Service",
        "String1": "running"
      }
    },
    {
      "source_format": "evt",
      "file": "SysEvent.Evt",
      "event_id": 7036,
      "provider": "Service Control Manager",
      "timestamp": "2008-07-04T22:52:15+00:00",
      "computer": "JEAN-13FBF038A3",
      "level": "Information",
      "channel": "SysEvent",
      "record_id": 141,
      "event_data": {
        "String0": "Computer Browser",
        "String1": "stopped"
      }
    },
    {
      "source_format": "evt",
      "file": "SysEvent.Evt",
      "event_id": 7035,
      "provider": "Service Control Manager",
      "timestamp": "2008-07-04T22:52:14+00:00",
      "computer": "JEAN-13FBF038A3",
      "level": "Information",
      "channel": "SysEvent",
      "record_id": 139,
      "event_data": {
        "String0": "Application Layer Gateway Service",
        "String1": "start"
      }
    },
    {
      "source_format": "evt",
      "file": "SysEvent.Evt",
      "event_id": 7036,
      "provider": "Service Control Manager",
      "timestamp": "2008-07-04T22:52:14+00:00",
      "computer": "JEAN-13FBF038A3",
      "level": "Information",
      "channel": "SysEvent",
      "record_id": 140,
      "event_data": {
        "String0": "Application Layer Gateway Service",
        "String1": "running"
      }
    },
    {
      "source_format": "evt",
      "file": "AppEvent.Evt",
      "event_id": 1800,
      "provider": "SecurityCenter",
      "timestamp": "2008-07-04T22:52:14+00:00",
      "computer": "JEAN-13FBF038A3",
      "level": "Information",
      "channel": "AppEvent",
      "record_id": 69,
      "event_data": {}
    },
    {
      "source_format": "evt",
      "file": "SysEvent.Evt",
      "event_id": 7036,
      "provider": "Service Control Manager",
      "timestamp": "2008-07-04T22:52:13+00:00",
      "computer": "JEAN-13FBF038A3",
      "level": "Information",
      "channel": "SysEvent",
      "record_id": 134,
      "event_data": {
        "String0": "Terminal Services",
        "String1": "running"
      }
    },
    {
      "source_format": "evt",
      "file": "SysEvent.Evt",
      "event_id": 7035,
      "provider": "Service Control Manager",
      "timestamp": "2008-07-04T22:52:13+00:00",
      "computer": "JEAN-13FBF038A3",
      "level": "Information",
      "channel": "SysEvent",
      "record_id": 135,
      "event_data": {
        "String0": "Fast User Switching Compatibility",
        "String1": "start"
      }
    },
    {
      "source_format": "evt",
      "file": "SysEvent.Evt",
      "event_id": 7036,
      "provider": "Service Control Manager",
      "timestamp": "2008-07-04T22:52:13+00:00",
      "computer": "JEAN-13FBF038A3",
      "level": "Information",
      "channel": "SysEvent",
      "record_id": 136,
      "event_data": {
        "String0": "Fast User Switching Compatibility",
        "String1": "running"
      }
    },
    {
      "source_format": "evt",
      "file": "SysEvent.Evt",
      "event_id": 7035,
      "provider": "Service Control Manager",
      "timestamp": "2008-07-04T22:52:13+00:00",
      "computer": "JEAN-13FBF038A3",
      "level": "Information",
      "channel": "SysEvent",
      "record_id": 137,
      "event_data": {
        "String0": "Network Location Awareness (NLA)",
        "String1": "start"
      }
    },
    {
      "source_format": "evt",
      "file": "SysEvent.Evt",
      "event_id": 7036,
      "provider": "Service Control Manager",
      "timestamp": "2008-07-04T22:52:13+00:00",
      "computer": "JEAN-13FBF038A3",
      "level": "Information",
      "channel": "SysEvent",
      "record_id": 138,
      "event_data": {
        "String0": "Network Location Awareness (NLA)",
        "String1": "running"
      }
    },
    {
      "source_format": "evt",
      "file": "SysEvent.Evt",
      "event_id": 1,
      "provider": "LGTO_Sync",
      "timestamp": "2008-07-04T22:52:12+00:00",
      "computer": "JEAN-13FBF038A3",
      "level": "Information",
      "channel": "SysEvent",
      "record_id": 133,
      "event_data": {
        "String0": "",
        "String1": "The Driver was loaded successfully "
      }
    },
    {
      "source_format": "evt",
      "file": "AppEvent.Evt",
      "event_id": 105,
      "provider": "VMTools",
      "timestamp": "2008-07-04T22:52:12+00:00",
      "computer": "JEAN-13FBF038A3",
      "level": "Information",
      "channel": "AppEvent",
      "record_id": 68,
      "event_data": {}
    },
    {
      "source_format": "evt",
      "file": "SysEvent.Evt",
      "event_id": 6009,
      "provider": "EventLog",
      "timestamp": "2008-07-04T22:52:09+00:00",
      "computer": "JEAN-13FBF038A3",
      "level": "Information",
      "channel": "SysEvent",
      "record_id": 131,
      "event_data": {
        "String0": "5.01.",
        "String1": "2600",
        "String2": "Service Pack 3",
        "String3": "Uniprocessor Free"
      }
    },
    {
      "source_format": "evt",
      "file": "SysEvent.Evt",
      "event_id": 6005,
      "provider": "EventLog",
      "timestamp": "2008-07-04T22:52:09+00:00",
      "computer": "JEAN-13FBF038A3",
      "level": "Information",
      "channel": "SysEvent",
      "record_id": 132,
      "event_data": {}
    },
    {
      "source_format": "evt",
      "file": "SysEvent.Evt",
      "event_id": 6006,
      "provider": "EventLog",
      "timestamp": "2008-07-04T22:46:41+00:00",
      "computer": "JEAN-13FBF038A3",
      "level": "Information",
      "channel": "SysEvent",
      "record_id": 130,
      "event_data": {}
    },
    {
      "source_format": "evt",
      "file": "SysEvent.Evt",
      "event_id": 7036,
      "provider": "Service Control Manager",
      "timestamp": "2008-07-04T22:46:29+00:00",
      "computer": "JEAN-13FBF038A3",
      "level": "Information",
      "channel": "SysEvent",
      "record_id": 129,
      "event_data": {
        "String0": "Windows Installer",
        "String1": "stopped"
      }
    },
    {
      "source_format": "evt",
      "file": "SysEvent.Evt",
      "event_id": 4201,
      "provider": "Tcpip",
      "timestamp": "2008-07-04T22:46:27+00:00",
      "computer": "JEAN-13FBF038A3",
      "level": "Information",
      "channel": "SysEvent",
      "record_id": 128,
      "event_data": {
        "String0": "",
        "String1": "\\DEVICE\\TCPIP_{75511F16-E7C3-483D-844F-587965FC214F}"
      }
    },
    {
      "source_format": "evt",
      "file": "AppEvent.Evt",
      "event_id": 11728,
      "provider": "MsiInstaller",
      "timestamp": "2008-07-04T22:46:12+00:00",
      "computer": "JEAN-13FBF038A3",
      "level": "Information",
      "channel": "AppEvent",
      "record_id": 66,
      "event_data": {
        "String0": "Product: VMware Tools -- Configuration completed successfully.",
        "String1": "(NULL)",
        "String2": "(NULL)",
        "String3": "(NULL)"
      }
    },
    {
      "source_format": "evt",
      "file": "AppEvent.Evt",
      "event_id": 1005,
      "provider": "MsiInstaller",
      "timestamp": "2008-07-04T22:46:12+00:00",
      "computer": "JEAN-13FBF038A3",
      "level": "Information",
      "channel": "AppEvent",
      "record_id": 67,
      "event_data": {
        "String0": "VMware Tools",
        "String1": "(NULL)",
        "String2": "(NULL)",
        "String3": "(NULL)"
      }
    },
    {
      "source_format": "evt",
      "file": "SysEvent.Evt",
      "event_id": 18,
      "provider": "Windows Update Agent",
      "timestamp": "2008-07-04T22:45:57+00:00",
      "computer": "JEAN-13FBF038A3",
      "level": "Information",
      "channel": "SysEvent",
      "record_id": 124,
      "event_data": {
        "String0": "Saturday, July 05, 2008",
        "String1": "3:00 AM",
        "String2": "\n- Cumulative Security Update for ActiveX Killbits for Windows XP (KB950760)"
      }
    },
    {
      "source_format": "evt",
      "file": "SysEvent.Evt",
      "event_id": 18,
      "provider": "Windows Update Agent",
      "timestamp": "2008-07-04T22:45:57+00:00",
      "computer": "JEAN-13FBF038A3",
      "level": "Information",
      "channel": "SysEvent",
      "record_id": 125,
      "event_data": {
        "String0": "Saturday, July 05, 2008",
        "String1": "3:00 AM",
        "String2": "\n- Cumulative Security Update for ActiveX Killbits for Windows XP (KB950760)\n- Security Update for Windows XP (KB950762)"
      }
    },
    {
      "source_format": "evt",
      "file": "SysEvent.Evt",
      "event_id": 7035,
      "provider": "Service Control Manager",
      "timestamp": "2008-07-04T22:45:57+00:00",
      "computer": "JEAN-13FBF038A3",
      "level": "Information",
      "channel": "SysEvent",
      "record_id": 126,
      "event_data": {
        "String0": "VMware Physical Disk Helper Service",
        "String1": "start"
      }
    },
    {
      "source_format": "evt",
      "file": "SysEvent.Evt",
      "event_id": 7036,
      "provider": "Service Control Manager",
      "timestamp": "2008-07-04T22:45:57+00:00",
      "computer": "JEAN-13FBF038A3",
      "level": "Information",
      "channel": "SysEvent",
      "record_id": 127,
      "event_data": {
        "String0": "VMware Physical Disk Helper Service",
        "String1": "running"
      }
    },
    {
      "source_format": "evt",
      "file": "AppEvent.Evt",
      "event_id": 5603,
      "provider": "WinMgmt",
      "timestamp": "2008-07-04T22:45:57+00:00",
      "computer": "JEAN-13FBF038A3",
      "level": "Warning",
      "channel": "AppEvent",
      "record_id": 63,
      "event_data": {
        "String0": "TPAutoConnDLL",
        "String1": "Root\\ThinPrint"
      }
    },
    {
      "source_format": "evt",
      "file": "AppEvent.Evt",
      "event_id": 5603,
      "provider": "WinMgmt",
      "timestamp": "2008-07-04T22:45:57+00:00",
      "computer": "JEAN-13FBF038A3",
      "level": "Warning",
      "channel": "AppEvent",
      "record_id": 64,
      "event_data": {
        "String0": "TPAutoConnDLL",
        "String1": "Root\\ThinPrint"
      }
    },
    {
      "source_format": "evt",
      "file": "AppEvent.Evt",
      "event_id": 5603,
      "provider": "WinMgmt",
      "timestamp": "2008-07-04T22:45:57+00:00",
      "computer": "JEAN-13FBF038A3",
      "level": "Warning",
      "channel": "AppEvent",
      "record_id": 65,
      "event_data": {
        "String0": "TPAutoConnDLL",
        "String1": "Root\\ThinPrint"
      }
    },
    {
      "source_format": "evt",
      "file": "SysEvent.Evt",
      "event_id": 20,
      "provider": "Print",
      "timestamp": "2008-07-04T22:45:56+00:00",
      "computer": "JEAN-13FBF038A3",
      "level": "Warning",
      "channel": "SysEvent",
      "record_id": 123,
      "event_data": {
        "String0": "TP Output Gateway PS",
        "String1": "Windows NT x86",
        "String2": "Version-3",
        "String3": "PSCRIPT5.DLL, PS5UI.DLL, TPPS.PPD, PSCRIPT.HLP, PSCRIPT.NTF, TPPS.INI, TPPS.DLL"
      }
    },
    {
      "source_format": "evt",
      "file": "SysEvent.Evt",
      "event_id": 20,
      "provider": "Print",
      "timestamp": "2008-07-04T22:45:50+00:00",
      "computer": "JEAN-13FBF038A3",
      "level": "Warning",
      "channel": "SysEvent",
      "record_id": 122,
      "event_data": {
        "String0": "TP Output Gateway",
        "String1": "Windows NT x86",
        "String2": "Version-3",
        "String3": "TPPRN.DLL, TPPrnUI.DLL, TPOG.bin, TPOG.hlp, TPPrndeu.dll, TPPrnjpn.dll, TPPrnUIdeu.dll, TPPrnUIjpn.dll"
      }
    },
    {
      "source_format": "evt",
      "file": "SysEvent.Evt",
      "event_id": 18,
      "provider": "Windows Update Agent",
      "timestamp": "2008-07-04T22:45:39+00:00",
      "computer": "JEAN-13FBF038A3",
      "level": "Information",
      "channel": "SysEvent",
      "record_id": 121,
      "event_data": {
        "String0": "Friday, July 04, 2008",
        "String1": "11:45 PM",
        "String2": "\n- Cumulative Security Update for ActiveX Killbits for Windows XP (KB950760)\n- Security Update for Windows XP (KB950762)"
      }
    },
    {
      "source_format": "evt",
      "file": "AppEvent.Evt",
      "event_id": 1025,
      "provider": "MsiInstaller",
      "timestamp": "2008-07-04T22:45:38+00:00",
      "computer": "JEAN-13FBF038A3",
      "level": "Information",
      "channel": "AppEvent",
      "record_id": 62,
      "event_data": {
        "String0": "VMware Tools",
        "String1": "C:\\Program Files\\VMware\\VMware Tools\\VMwareService.exe",
        "String2": "VMwareService",
        "String3": "1768"
      }
    },
    {
      "source_format": "evt",
      "file": "SysEvent.Evt",
      "event_id": 7036,
      "provider": "Service Control Manager",
      "timestamp": "2008-07-04T22:45:34+00:00",
      "computer": "JEAN-13FBF038A3",
      "level": "Information",
      "channel": "SysEvent",
      "record_id": 119,
      "event_data": {
        "String0": "VMware Physical Disk Helper Service",
        "String1": "stopped"
      }
    },
    {
      "source_format": "evt",
      "file": "SysEvent.Evt",
      "event_id": 7035,
      "provider": "Service Control Manager",
      "timestamp": "2008-07-04T22:45:34+00:00",
      "computer": "JEAN-13FBF038A3",
      "level": "Information",
      "channel": "SysEvent",
      "record_id": 120,
      "event_data": {
        "String0": "VMware Physical Disk Helper Service",
        "String1": "stop"
      }
    },
    {
      "source_format": "evt",
      "file": "SysEvent.Evt",
      "event_id": 3,
      "provider": "Print",
      "timestamp": "2008-07-04T22:45:30+00:00",
      "computer": "JEAN-13FBF038A3",
      "level": "Warning",
      "channel": "SysEvent",
      "record_id": 118,
      "event_data": {
        "String0": "_#VMwareVirtualPrinter"
      }
    },
    {
      "source_format": "evt",
      "file": "SysEvent.Evt",
      "event_id": 18,
      "provider": "Windows Update Agent",
      "timestamp": "2008-07-04T22:45:27+00:00",
      "computer": "JEAN-13FBF038A3",
      "level": "Information",
      "channel": "SysEvent",
      "record_id": 116,
      "event_data": {
        "String0": "Friday, July 04, 2008",
        "String1": "11:45 PM",
        "String2": "\n- Cumulative Security Update for ActiveX Killbits for Windows XP (KB950760)"
      }
    },
    {
      "source_format": "evt",
      "file": "SysEvent.Evt",
      "event_id": 4,
      "provider": "Print",
      "timestamp": "2008-07-04T22:45:27+00:00",
      "computer": "JEAN-13FBF038A3",
      "level": "Warning",
      "channel": "SysEvent",
      "record_id": 117,
      "event_data": {
        "String0": "_#VMwareVirtualPrinter"
      }
    },
