    {
      "source_format": "evt",
      "file": "SysEvent.Evt",
      "event_id": 7036,
      "provider": "Service Control Manager",
      "timestamp": "2008-07-11T05:06:20+00:00",
      "computer": "JEAN-13FBF038A3",
      "level": "Information",
      "channel": "SysEvent",
      "record_id": 315,
      "event_data": {
        "String0": "SSDP Discovery Service",
        "String1": "running"
      }
    },
    {
      "source_format": "evt",
      "file": "SysEvent.Evt",
      "event_id": 4201,
      "provider": "Tcpip",
      "timestamp": "2008-07-11T05:06:20+00:00",
      "computer": "JEAN-13FBF038A3",
      "level": "Information",
      "channel": "SysEvent",
      "record_id": 316,
      "event_data": {
        "String0": "",
        "String1": "\\DEVICE\\TCPIP_{75511F16-E7C3-483D-844F-587965FC214F}"
      }
    },
    {
      "source_format": "evt",
      "file": "SysEvent.Evt",
      "event_id": 7035,
      "provider": "Service Control Manager",
      "timestamp": "2008-07-11T05:06:19+00:00",
      "computer": "JEAN-13FBF038A3",
      "level": "Information",
      "channel": "SysEvent",
      "record_id": 311,
      "event_data": {
        "String0": "IMAPI CD-Burning COM Service",
        "String1": "start"
      }
    },
    {
      "source_format": "evt",
      "file": "SysEvent.Evt",
      "event_id": 7036,
      "provider": "Service Control Manager",
      "timestamp": "2008-07-11T05:06:19+00:00",
      "computer": "JEAN-13FBF038A3",
      "level": "Information",
      "channel": "SysEvent",
      "record_id": 312,
      "event_data": {
        "String0": "IMAPI CD-Burning COM Service",
        "String1": "running"
      }
    },
    {
      "source_format": "evt",
      "file": "SysEvent.Evt",
      "event_id": 7036,
      "provider": "Service Control Manager",
      "timestamp": "2008-07-11T05:06:19+00:00",
      "computer": "JEAN-13FBF038A3",
      "level": "Information",
      "channel": "SysEvent",
      "record_id": 313,
      "event_data": {
        "String0": "Computer Browser",
        "String1": "stopped"
      }
    },
    {
      "source_format": "evt",
      "file": "AppEvent.Evt",
      "event_id": 1800,
      "provider": "SecurityCenter",
      "timestamp": "2008-07-11T05:06:19+00:00",
      "computer": "JEAN-13FBF038A3",
      "level": "Information",
      "channel": "AppEvent",
      "record_id": 90,
      "event_data": {}
    },
    {
      "source_format": "evt",
      "file": "SysEvent.Evt",
      "event_id": 7036,
      "provider": "Service Control Manager",
      "timestamp": "2008-07-11T05:06:18+00:00",
      "computer": "JEAN-13FBF038A3",
      "level": "Information",
      "channel": "SysEvent",
      "record_id": 305,
      "event_data": {
        "String0": "Terminal Services",
        "String1": "running"
      }
    },
    {
      "source_format": "evt",
      "file": "SysEvent.Evt",
      "event_id": 7035,
      "provider": "Service Control Manager",
      "timestamp": "2008-07-11T05:06:18+00:00",
      "computer": "JEAN-13FBF038A3",
      "level": "Information",
      "channel": "SysEvent",
      "record_id": 306,
      "event_data": {
        "String0": "Fast User Switching Compatibility",
        "String1": "start"
      }
    },
    {
      "source_format": "evt",
      "file": "SysEvent.Evt",
      "event_id": 7035,
      "provider": "Service Control Manager",
      "timestamp": "2008-07-11T05:06:18+00:00",
      "computer": "JEAN-13FBF038A3",
      "level": "Information",
      "channel": "SysEvent",
      "record_id": 307,
      "event_data": {
        "String0": "Network Location Awareness (NLA)",
        "String1": "start"
      }
    },
    {
      "source_format": "evt",
      "file": "SysEvent.Evt",
      "event_id": 7036,
      "provider": "Service Control Manager",
      "timestamp": "2008-07-11T05:06:18+00:00",
      "computer": "JEAN-13FBF038A3",
      "level": "Information",
      "channel": "SysEvent",
      "record_id": 308,
      "event_data": {
        "String0": "Fast User Switching Compatibility",
        "String1": "running"
      }
    },
    {
      "source_format": "evt",
      "file": "SysEvent.Evt",
      "event_id": 7036,
      "provider": "Service Control Manager",
      "timestamp": "2008-07-11T05:06:18+00:00",
      "computer": "JEAN-13FBF038A3",
      "level": "Information",
      "channel": "SysEvent",
      "record_id": 309,
      "event_data": {
        "String0": "Network Location Awareness (NLA)",
        "String1": "running"
      }
    },
    {
      "source_format": "evt",
      "file": "SysEvent.Evt",
      "event_id": 7036,
      "provider": "Service Control Manager",
      "timestamp": "2008-07-11T05:06:18+00:00",
      "computer": "JEAN-13FBF038A3",
      "level": "Information",
      "channel": "SysEvent",
      "record_id": 310,
      "event_data": {
        "String0": "Application Layer Gateway Service",
        "String1": "running"
      }
    },
    {
      "source_format": "evt",
      "file": "AppEvent.Evt",
      "event_id": 105,
      "provider": "VMTools",
      "timestamp": "2008-07-11T05:06:15+00:00",
      "computer": "JEAN-13FBF038A3",
      "level": "Information",
      "channel": "AppEvent",
      "record_id": 89,
      "event_data": {}
    },
    {
      "source_format": "evt",
      "file": "SysEvent.Evt",
      "event_id": 1,
      "provider": "LGTO_Sync",
      "timestamp": "2008-07-11T05:06:14+00:00",
      "computer": "JEAN-13FBF038A3",
      "level": "Information",
      "channel": "SysEvent",
      "record_id": 304,
      "event_data": {
        "String0": "",
        "String1": "The Driver was loaded successfully "
      }
    },
    {
      "source_format": "evt",
      "file": "SysEvent.Evt",
      "event_id": 6009,
      "provider": "EventLog",
      "timestamp": "2008-07-11T05:06:10+00:00",
      "computer": "JEAN-13FBF038A3",
      "level": "Information",
      "channel": "SysEvent",
      "record_id": 302,
      "event_data": {
        "String0": "5.01.",
        "String1": "2600",
        "String2": "Service Pack 3",
        "String3": "Uniprocessor Free"
      }
    },
    {
      "source_format": "evt",
      "file": "SysEvent.Evt",
      "event_id": 6005,
      "provider": "EventLog",
      "timestamp": "2008-07-11T05:06:10+00:00",
      "computer": "JEAN-13FBF038A3",
      "level": "Information",
      "channel": "SysEvent",
      "record_id": 303,
      "event_data": {}
    },
    {
      "source_format": "evt",
      "file": "SysEvent.Evt",
      "event_id": 6006,
      "provider": "EventLog",
      "timestamp": "2008-07-11T05:05:25+00:00",
      "computer": "JEAN-13FBF038A3",
      "level": "Information",
      "channel": "SysEvent",
      "record_id": 301,
      "event_data": {}
    },
    {
      "source_format": "evt",
      "file": "SysEvent.Evt",
      "event_id": 4201,
      "provider": "Tcpip",
      "timestamp": "2008-07-11T05:05:21+00:00",
      "computer": "JEAN-13FBF038A3",
      "level": "Information",
      "channel": "SysEvent",
      "record_id": 300,
      "event_data": {
        "String0": "",
        "String1": "\\DEVICE\\TCPIP_{75511F16-E7C3-483D-844F-587965FC214F}"
      }
    },
    {
      "source_format": "evt",
      "file": "SysEvent.Evt",
      "event_id": 4202,
      "provider": "Tcpip",
      "timestamp": "2008-07-11T05:05:06+00:00",
      "computer": "JEAN-13FBF038A3",
      "level": "Information",
      "channel": "SysEvent",
      "record_id": 299,
      "event_data": {
        "String0": "",
        "String1": "\\DEVICE\\TCPIP_{75511F16-E7C3-483D-844F-587965FC214F}"
      }
    },
    {
      "source_format": "evt",
      "file": "SysEvent.Evt",
      "event_id": 1074,
      "provider": "USER32",
      "timestamp": "2008-07-11T05:04:15+00:00",
      "computer": "JEAN-13FBF038A3",
      "level": "Information",
      "channel": "SysEvent",
      "record_id": 298,
      "event_data": {
        "String0": "winlogon.exe",
        "String1": "JEAN-13FBF038A3",
        "String2": "No title for this reason could be found",
        "String3": "0xff",
        "String4": "reboot",
        "String5": ""
      }
    },
    {
      "source_format": "evt",
      "file": "SysEvent.Evt",
      "event_id": 2504,
      "provider": "Server",
      "timestamp": "2008-07-11T04:30:26+00:00",
      "computer": "JEAN-13FBF038A3",
      "level": "Warning",
      "channel": "SysEvent",
      "record_id": 297,
      "event_data": {
        "String0": "\\Device\\NetBT_Tcpip_{75511F16-E7C3-483D-844F-587965FC214F}"
      }
    },
    {
      "source_format": "evt",
      "file": "SysEvent.Evt",
      "event_id": 4201,
      "provider": "Tcpip",
      "timestamp": "2008-07-11T04:30:00+00:00",
      "computer": "JEAN-13FBF038A3",
      "level": "Information",
      "channel": "SysEvent",
      "record_id": 296,
      "event_data": {
        "String0": "",
        "String1": "\\DEVICE\\TCPIP_{75511F16-E7C3-483D-844F-587965FC214F}"
      }
    },
    {
      "source_format": "evt",
      "file": "SysEvent.Evt",
      "event_id": 4202,
      "provider": "Tcpip",
      "timestamp": "2008-07-11T04:29:45+00:00",
      "computer": "JEAN-13FBF038A3",
      "level": "Information",
      "channel": "SysEvent",
      "record_id": 295,
      "event_data": {
        "String0": "",
        "String1": "\\DEVICE\\TCPIP_{75511F16-E7C3-483D-844F-587965FC214F}"
      }
    },
    {
      "source_format": "evt",
      "file": "SysEvent.Evt",
      "event_id": 7036,
      "provider": "Service Control Manager",
      "timestamp": "2008-07-10T14:57:57+00:00",
      "computer": "JEAN-13FBF038A3",
      "level": "Information",
      "channel": "SysEvent",
      "record_id": 294,
      "event_data": {
        "String0": "Windows Image Acquisition (WIA)",
        "String1": "running"
      }
    },
    {
      "source_format": "evt",
      "file": "SysEvent.Evt",
      "event_id": 7035,
      "provider": "Service Control Manager",
      "timestamp": "2008-07-10T14:57:56+00:00",
      "computer": "JEAN-13FBF038A3",
      "level": "Information",
      "channel": "SysEvent",
      "record_id": 293,
      "event_data": {
        "String0": "Windows Image Acquisition (WIA)",
        "String1": "start"
      }
    },
    {
      "source_format": "evt",
      "file": "SysEvent.Evt",
      "event_id": 4201,
      "provider": "Tcpip",
      "timestamp": "2008-07-10T07:49:46+00:00",
      "computer": "JEAN-13FBF038A3",
      "level": "Information",
      "channel": "SysEvent",
      "record_id": 292,
      "event_data": {
        "String0": "",
        "String1": "\\DEVICE\\TCPIP_{75511F16-E7C3-483D-844F-587965FC214F}"
      }
    },
    {
      "source_format": "evt",
      "file": "SysEvent.Evt",
      "event_id": 7035,
      "provider": "Service Control Manager",
      "timestamp": "2008-07-10T07:49:44+00:00",
      "computer": "JEAN-13FBF038A3",
      "level": "Information",
      "channel": "SysEvent",
      "record_id": 290,
      "event_data": {
        "String0": "SSDP Discovery Service",
        "String1": "start"
      }
    },
    {
      "source_format": "evt",
      "file": "SysEvent.Evt",
      "event_id": 7036,
      "provider": "Service Control Manager",
      "timestamp": "2008-07-10T07:49:44+00:00",
      "computer": "JEAN-13FBF038A3",
      "level": "Information",
      "channel": "SysEvent",
      "record_id": 291,
      "event_data": {
        "String0": "SSDP Discovery Service",
        "String1": "running"
      }
    },
    {
      "source_format": "evt",
      "file": "SysEvent.Evt",
      "event_id": 7035,
      "provider": "Service Control Manager",
      "timestamp": "2008-07-10T07:49:43+00:00",
      "computer": "JEAN-13FBF038A3",
      "level": "Information",
      "channel": "SysEvent",
      "record_id": 288,
      "event_data": {
        "String0": "IMAPI CD-Burning COM Service",
        "String1": "start"
      }
    },
    {
      "source_format": "evt",
      "file": "SysEvent.Evt",
      "event_id": 7036,
      "provider": "Service Control Manager",
      "timestamp": "2008-07-10T07:49:43+00:00",
      "computer": "JEAN-13FBF038A3",
      "level": "Information",
      "channel": "SysEvent",
      "record_id": 289,
      "event_data": {
        "String0": "IMAPI CD-Burning COM Service",
        "String1": "running"
      }
    },
    {
      "source_format": "evt",
      "file": "SysEvent.Evt",
      "event_id": 7036,
      "provider": "Service Control Manager",
      "timestamp": "2008-07-10T07:49:40+00:00",
      "computer": "JEAN-13FBF038A3",
      "level": "Information",
      "channel": "SysEvent",
      "record_id": 287,
      "event_data": {
        "String0": "Computer Browser",
        "String1": "stopped"
      }
    },
    {
      "source_format": "evt",
      "file": "SysEvent.Evt",
      "event_id": 7036,
      "provider": "Service Control Manager",
      "timestamp": "2008-07-10T07:49:38+00:00",
      "computer": "JEAN-13FBF038A3",
      "level": "Information",
      "channel": "SysEvent",
      "record_id": 280,
      "event_data": {
        "String0": "Terminal Services",
        "String1": "running"
      }
    },
    {
      "source_format": "evt",
      "file": "SysEvent.Evt",
      "event_id": 7035,
      "provider": "Service Control Manager",
      "timestamp": "2008-07-10T07:49:38+00:00",
      "computer": "JEAN-13FBF038A3",
      "level": "Information",
      "channel": "SysEvent",
      "record_id": 281,
      "event_data": {
        "String0": "Fast User Switching Compatibility",
        "String1": "start"
      }
    },
    {
      "source_format": "evt",
      "file": "SysEvent.Evt",
      "event_id": 7036,
      "provider": "Service Control Manager",
      "timestamp": "2008-07-10T07:49:38+00:00",
      "computer": "JEAN-13FBF038A3",
      "level": "Information",
      "channel": "SysEvent",
      "record_id": 282,
      "event_data": {
        "String0": "Fast User Switching Compatibility",
        "String1": "running"
      }
    },
    {
      "source_format": "evt",
      "file": "SysEvent.Evt",
      "event_id": 7035,
      "provider": "Service Control Manager",
      "timestamp": "2008-07-10T07:49:38+00:00",
      "computer": "JEAN-13FBF038A3",
      "level": "Information",
      "channel": "SysEvent",
      "record_id": 283,
      "event_data": {
        "String0": "Network Location Awareness (NLA)",
        "String1": "start"
      }
    },
    {
      "source_format": "evt",
      "file": "SysEvent.Evt",
      "event_id": 7036,
      "provider": "Service Control Manager",
      "timestamp": "2008-07-10T07:49:38+00:00",
      "computer": "JEAN-13FBF038A3",
      "level": "Information",
      "channel": "SysEvent",
      "record_id": 284,
      "event_data": {
        "String0": "Network Location Awareness (NLA)",
        "String1": "running"
      }
    },
    {
      "source_format": "evt",
      "file": "SysEvent.Evt",
      "event_id": 7035,
      "provider": "Service Control Manager",
      "timestamp": "2008-07-10T07:49:38+00:00",
      "computer": "JEAN-13FBF038A3",
      "level": "Information",
      "channel": "SysEvent",
      "record_id": 285,
      "event_data": {
        "String0": "Application Layer Gateway Service",
        "String1": "start"
      }
    },
    {
      "source_format": "evt",
      "file": "SysEvent.Evt",
      "event_id": 7036,
      "provider": "Service Control Manager",
      "timestamp": "2008-07-10T07:49:38+00:00",
      "computer": "JEAN-13FBF038A3",
      "level": "Information",
      "channel": "SysEvent",
      "record_id": 286,
      "event_data": {
        "String0": "Application Layer Gateway Service",
        "String1": "running"
      }
    },
    {
      "source_format": "evt",
      "file": "AppEvent.Evt",
      "event_id": 1800,
      "provider": "SecurityCenter",
      "timestamp": "2008-07-10T07:49:37+00:00",
      "computer": "JEAN-13FBF038A3",
      "level": "Information",
      "channel": "AppEvent",
      "record_id": 88,
      "event_data": {}
    },
    {
      "source_format": "evt",
      "file": "SysEvent.Evt",
      "event_id": 1,
      "provider": "LGTO_Sync",
      "timestamp": "2008-07-10T07:49:36+00:00",
      "computer": "JEAN-13FBF038A3",
      "level": "Information",
      "channel": "SysEvent",
      "record_id": 279,
      "event_data": {
        "String0": "",
        "String1": "The Driver was loaded successfully "
      }
    },
    {
      "source_format": "evt",
      "file": "AppEvent.Evt",
      "event_id": 105,
      "provider": "VMTools",
      "timestamp": "2008-07-10T07:49:36+00:00",
      "computer": "JEAN-13FBF038A3",
      "level": "Information",
      "channel": "AppEvent",
      "record_id": 87,
      "event_data": {}
    },
    {
      "source_format": "evt",
      "file": "SysEvent.Evt",
      "event_id": 6009,
      "provider": "EventLog",
      "timestamp": "2008-07-10T07:49:33+00:00",
      "computer": "JEAN-13FBF038A3",
      "level": "Information",
      "channel": "SysEvent",
      "record_id": 277,
      "event_data": {
        "String0": "5.01.",
        "String1": "2600",
        "String2": "Service Pack 3",
        "String3": "Uniprocessor Free"
      }
    },
    {
      "source_format": "evt",
      "file": "SysEvent.Evt",
      "event_id": 6005,
      "provider": "EventLog",
      "timestamp": "2008-07-10T07:49:33+00:00",
      "computer": "JEAN-13FBF038A3",
      "level": "Information",
      "channel": "SysEvent",
      "record_id": 278,
      "event_data": {}
    },
    {
      "source_format": "evt",
      "file": "SysEvent.Evt",
      "event_id": 6006,
      "provider": "EventLog",
      "timestamp": "2008-07-10T07:49:02+00:00",
      "computer": "JEAN-13FBF038A3",
      "level": "Information",
      "channel": "SysEvent",
      "record_id": 276,
      "event_data": {}
    },
    {
      "source_format": "evt",
      "file": "SysEvent.Evt",
      "event_id": 7035,
      "provider": "Service Control Manager",
      "timestamp": "2008-07-10T07:47:11+00:00",
      "computer": "JEAN-13FBF038A3",
      "level": "Information",
      "channel": "SysEvent",
      "record_id": 274,
      "event_data": {
        "String0": "Telephony",
        "String1": "start"
      }
    },
    {
      "source_format": "evt",
      "file": "SysEvent.Evt",
      "event_id": 7036,
      "provider": "Service Control Manager",
      "timestamp": "2008-07-10T07:47:11+00:00",
      "computer": "JEAN-13FBF038A3",
      "level": "Information",
      "channel": "SysEvent",
      "record_id": 275,
      "event_data": {
        "String0": "Telephony",
        "String1": "running"
      }
    },
    {
      "source_format": "evt",
      "file": "SysEvent.Evt",
      "event_id": 7035,
      "provider": "Service Control Manager",
      "timestamp": "2008-07-10T07:47:05+00:00",
      "computer": "JEAN-13FBF038A3",
      "level": "Information",
      "channel": "SysEvent",
      "record_id": 272,
      "event_data": {
        "String0": "SSDP Discovery Service",
        "String1": "start"
      }
    },
    {
      "source_format": "evt",
      "file": "SysEvent.Evt",
      "event_id": 7036,
      "provider": "Service Control Manager",
      "timestamp": "2008-07-10T07:47:05+00:00",
      "computer": "JEAN-13FBF038A3",
      "level": "Information",
      "channel": "SysEvent",
      "record_id": 273,
      "event_data": {
        "String0": "SSDP Discovery Service",
        "String1": "running"
      }
    },
    {
      "source_format": "evt",
      "file": "SysEvent.Evt",
      "event_id": 7036,
      "provider": "Service Control Manager",
      "timestamp": "2008-07-10T07:47:04+00:00",
      "computer": "JEAN-13FBF038A3",
      "level": "Information",
      "channel": "SysEvent",
      "record_id": 271,
      "event_data": {
        "String0": "IMAPI CD-Burning COM Service",
        "String1": "running"
      }
    },
    {
      "source_format": "evt",
      "file": "SysEvent.Evt",
      "event_id": 7035,
      "provider": "Service Control Manager",
      "timestamp": "2008-07-10T07:47:03+00:00",
      "computer": "JEAN-13FBF038A3",
      "level": "Information",
      "channel": "SysEvent",
      "record_id": 270,
      "event_data": {
        "String0": "IMAPI CD-Burning COM Service",
        "String1": "start"
      }
    },
    {
      "source_format": "evt",
      "file": "SysEvent.Evt",
      "event_id": 4201,
      "provider": "Tcpip",
      "timestamp": "2008-07-10T07:47:00+00:00",
      "computer": "JEAN-13FBF038A3",
      "level": "Information",
      "channel": "SysEvent",
      "record_id": 269,
      "event_data": {
        "String0": "",
        "String1": "\\DEVICE\\TCPIP_{75511F16-E7C3-483D-844F-587965FC214F}"
      }
    },
    {
      "source_format": "evt",
      "file": "SysEvent.Evt",
      "event_id": 7036,
      "provider": "Service Control Manager",
      "timestamp": "2008-07-10T07:46:47+00:00",
      "computer": "JEAN-13FBF038A3",
      "level": "Information",
      "channel": "SysEvent",
      "record_id": 268,
      "event_data": {
        "String0": "Computer Browser",
        "String1": "stopped"
      }
    },
    {
      "source_format": "evt",
      "file": "SysEvent.Evt",
      "event_id": 7035,
      "provider": "Service Control Manager",
      "timestamp": "2008-07-10T07:46:46+00:00",
      "computer": "JEAN-13FBF038A3",
      "level": "Information",
      "channel": "SysEvent",
      "record_id": 263,
      "event_data": {
        "String0": "Application Layer Gateway Service",
        "String1": "start"
      }
    },
    {
      "source_format": "evt",
      "file": "SysEvent.Evt",
      "event_id": 7036,
      "provider": "Service Control Manager",
      "timestamp": "2008-07-10T07:46:46+00:00",
      "computer": "JEAN-13FBF038A3",
      "level": "Information",
      "channel": "SysEvent",
      "record_id": 264,
      "event_data": {
        "String0": "Terminal Services",
        "String1": "running"
      }
    },
    {
      "source_format": "evt",
      "file": "SysEvent.Evt",
      "event_id": 7035,
      "provider": "Service Control Manager",
      "timestamp": "2008-07-10T07:46:46+00:00",
      "computer": "JEAN-13FBF038A3",
      "level": "Information",
      "channel": "SysEvent",
      "record_id": 265,
      "event_data": {
        "String0": "Fast User Switching Compatibility",
        "String1": "start"
      }
    },
    {
      "source_format": "evt",
      "file": "SysEvent.Evt",
      "event_id": 7036,
      "provider": "Service Control Manager",
      "timestamp": "2008-07-10T07:46:46+00:00",
      "computer": "JEAN-13FBF038A3",
      "level": "Information",
      "channel": "SysEvent",
      "record_id": 266,
      "event_data": {
        "String0": "Fast User Switching Compatibility",
        "String1": "running"
      }
    },
    {
      "source_format": "evt",
      "file": "SysEvent.Evt",
      "event_id": 7036,
      "provider": "Service Control Manager",
      "timestamp": "2008-07-10T07:46:46+00:00",
      "computer": "JEAN-13FBF038A3",
      "level": "Information",
      "channel": "SysEvent",
      "record_id": 267,
      "event_data": {
        "String0": "Application Layer Gateway Service",
        "String1": "running"
      }
    },
    {
      "source_format": "evt",
      "file": "AppEvent.Evt",
      "event_id": 1800,
      "provider": "SecurityCenter",
      "timestamp": "2008-07-10T07:46:45+00:00",
      "computer": "JEAN-13FBF038A3",
      "level": "Information",
      "channel": "AppEvent",
      "record_id": 86,
      "event_data": {}
    },
    {
      "source_format": "evt",
      "file": "SysEvent.Evt",
      "event_id": 7035,
      "provider": "Service Control Manager",
      "timestamp": "2008-07-10T07:46:44+00:00",
      "computer": "JEAN-13FBF038A3",
      "level": "Information",
      "channel": "SysEvent",
      "record_id": 262,
      "event_data": {
        "String0": "Network Location Awareness (NLA)",
        "String1": "start"
      }
    },
    {
      "source_format": "evt",
      "file": "AppEvent.Evt",
      "event_id": 105,
      "provider": "VMTools",
      "timestamp": "2008-07-10T07:46:42+00:00",
      "computer": "JEAN-13FBF038A3",
      "level": "Information",
      "channel": "AppEvent",
      "record_id": 85,
      "event_data": {}
    },
    {
      "source_format": "evt",
      "file": "SysEvent.Evt",
      "event_id": 1,
      "provider": "LGTO_Sync",
      "timestamp": "2008-07-10T07:46:41+00:00",
      "computer": "JEAN-13FBF038A3",
      "level": "Information",
      "channel": "SysEvent",
      "record_id": 261,
      "event_data": {
        "String0": "",
        "String1": "The Driver was loaded successfully "
      }
    },
    {
      "source_format": "evt",
      "file": "SysEvent.Evt",
      "event_id": 6009,
      "provider": "EventLog",
      "timestamp": "2008-07-10T07:46:39+00:00",
      "computer": "JEAN-13FBF038A3",
      "level": "Information",
      "channel": "SysEvent",
      "record_id": 259,
      "event_data": {
        "String0": "5.01.",
        "String1": "2600",
        "String2": "Service Pack 3",
        "String3": "Uniprocessor Free"
      }
    },
    {
      "source_format": "evt",
      "file": "SysEvent.Evt",
      "event_id": 6005,
      "provider": "EventLog",
      "timestamp": "2008-07-10T07:46:39+00:00",
      "computer": "JEAN-13FBF038A3",
      "level": "Information",
      "channel": "SysEvent",
      "record_id": 260,
      "event_data": {}
    },
    {
      "source_format": "evt",
      "file": "SysEvent.Evt",
      "event_id": 4201,
      "provider": "Tcpip",
      "timestamp": "2008-07-07T03:55:04+00:00",
      "computer": "JEAN-13FBF038A3",
      "level": "Information",
      "channel": "SysEvent",
      "record_id": 258,
      "event_data": {
        "String0": "",
        "String1": "\\DEVICE\\TCPIP_{75511F16-E7C3-483D-844F-587965FC214F}"
      }
    },
    {
      "source_format": "evt",
      "file": "SysEvent.Evt",
      "event_id": 36,
      "provider": "W32Time",
      "timestamp": "2008-07-07T03:54:42+00:00",
      "computer": "JEAN-13FBF038A3",
      "level": "Warning",
      "channel": "SysEvent",
      "record_id": 257,
      "event_data": {
        "String0": "49152"
      }
    },
    {
      "source_format": "evt",
      "file": "SysEvent.Evt",
      "event_id": 4202,
      "provider": "Tcpip",
      "timestamp": "2008-07-07T03:54:39+00:00",
      "computer": "JEAN-13FBF038A3",
      "level": "Information",
      "channel": "SysEvent",
      "record_id": 256,
      "event_data": {
        "String0": "",
        "String1": "\\DEVICE\\TCPIP_{75511F16-E7C3-483D-844F-587965FC214F}"
      }
    },
    {
      "source_format": "evt",
      "file": "AppEvent.Evt",
      "event_id": 7,
      "provider": "crypt32",
      "timestamp": "2008-07-06T07:51:18+00:00",
      "computer": "JEAN-13FBF038A3",
      "level": "Information",
      "channel": "AppEvent",
      "record_id": 83,
      "event_data": {
        "String0": "http://www.download.windowsupdate.com/msdownload/update/v3/static/trustedr/en/authrootseq.txt"
      }
    },
    {
      "source_format": "evt",
      "file": "AppEvent.Evt",
      "event_id": 2,
      "provider": "crypt32",
      "timestamp": "2008-07-06T07:51:18+00:00",
      "computer": "JEAN-13FBF038A3",
      "level": "Information",
      "channel": "AppEvent",
      "record_id": 84,
      "event_data": {
        "String0": "http://www.download.windowsupdate.com/msdownload/update/v3/static/trustedr/en/authrootstl.cab"
      }
    },
    {
      "source_format": "evt",
      "file": "SysEvent.Evt",
      "event_id": 7036,
      "provider": "Service Control Manager",
      "timestamp": "2008-07-06T07:48:43+00:00",
      "computer": "JEAN-13FBF038A3",
      "level": "Information",
      "channel": "SysEvent",
      "record_id": 255,
      "event_data": {
        "String0": "Windows Installer",
        "String1": "stopped"
      }
    },
    {
      "source_format": "evt",
      "file": "SysEvent.Evt",
      "event_id": 7036,
      "provider": "Service Control Manager",
      "timestamp": "2008-07-06T07:39:56+00:00",
      "computer": "JEAN-13FBF038A3",
      "level": "Information",
      "channel": "SysEvent",
      "record_id": 254,
      "event_data": {
        "String0": "Telephony",
        "String1": "stopped"
      }
    },
    {
      "source_format": "evt",
      "file": "AppEvent.Evt",
      "event_id": 11728,
      "provider": "MsiInstaller",
      "timestamp": "2008-07-06T07:38:43+00:00",
      "computer": "JEAN-13FBF038A3",
      "level": "Information",
      "channel": "AppEvent",
      "record_id": 82,
      "event_data": {
        "String0": "Product: Microsoft Office 2000 Premium -- Configuration completed successfully.",
        "String1": "(NULL)",
        "String2": "(NULL)",
        "String3": "(NULL)"
      }
    },
    {
      "source_format": "evt",
      "file": "SysEvent.Evt",
      "event_id": 7035,
      "provider": "Service Control Manager",
      "timestamp": "2008-07-06T07:37:55+00:00",
      "computer": "JEAN-13FBF038A3",
      "level": "Information",
      "channel": "SysEvent",
      "record_id": 252,
      "event_data": {
        "String0": "Telephony",
        "String1": "start"
      }
    },
    {
      "source_format": "evt",
      "file": "SysEvent.Evt",
      "event_id": 7036,
      "provider": "Service Control Manager",
      "timestamp": "2008-07-06T07:37:55+00:00",
      "computer": "JEAN-13FBF038A3",
      "level": "Information",
      "channel": "SysEvent",
      "record_id": 253,
      "event_data": {
        "String0": "Telephony",
        "String1": "running"
      }
    },
    {
      "source_format": "evt",
      "file": "SysEvent.Evt",
      "event_id": 7036,
      "provider": "Service Control Manager",
      "timestamp": "2008-07-06T07:37:45+00:00",
      "computer": "JEAN-13FBF038A3",
      "level": "Information",
      "channel": "SysEvent",
      "record_id": 251,
      "event_data": {
        "String0": "IMAPI CD-Burning COM Service",
        "String1": "stopped"
      }
    },
    {
      "source_format": "evt",
      "file": "SysEvent.Evt",
      "event_id": 7035,
      "provider": "Service Control Manager",
      "timestamp": "2008-07-06T07:37:39+00:00",
      "computer": "JEAN-13FBF038A3",
      "level": "Information",
      "channel": "SysEvent",
      "record_id": 249,
      "event_data": {
        "String0": "IMAPI CD-Burning COM Service",
        "String1": "start"
      }
    },
    {
      "source_format": "evt",
      "file": "SysEvent.Evt",
      "event_id": 7036,
      "provider": "Service Control Manager",
      "timestamp": "2008-07-06T07:37:39+00:00",
      "computer": "JEAN-13FBF038A3",
      "level": "Information",
      "channel": "SysEvent",
      "record_id": 250,
      "event_data": {
        "String0": "IMAPI CD-Burning COM Service",
        "String1": "running"
      }
    },
    {
      "source_format": "evt",
      "file": "AppEvent.Evt",
      "event_id": 11728,
      "provider": "MsiInstaller",
      "timestamp": "2008-07-06T07:37:39+00:00",
      "computer": "JEAN-13FBF038A3",
      "level": "Information",
      "channel": "AppEvent",
      "record_id": 81,
      "event_data": {
        "String0": "Product: Microsoft Office 2000 Premium -- Configuration completed successfully.",
        "String1": "(NULL)",
        "String2": "(NULL)",
        "String3": "(NULL)"
      }
    },
    {
      "source_format": "evt",
      "file": "SysEvent.Evt",
      "event_id": 7035,
      "provider": "Service Control Manager",
      "timestamp": "2008-07-06T07:37:37+00:00",
      "computer": "JEAN-13FBF038A3",
      "level": "Information",
      "channel": "SysEvent",
      "record_id": 247,
      "event_data": {
        "String0": "Windows Installer",
        "String1": "start"
      }
    },
    {
      "source_format": "evt",
      "file": "SysEvent.Evt",
      "event_id": 7036,
      "provider": "Service Control Manager",
      "timestamp": "2008-07-06T07:37:37+00:00",
      "computer": "JEAN-13FBF038A3",
      "level": "Information",
      "channel": "SysEvent",
      "record_id": 248,
      "event_data": {
        "String0": "Windows Installer",
        "String1": "running"
      }
    },
    {
      "source_format": "evt",
      "file": "AppEvent.Evt",
      "event_id": 1004,
      "provider": "MsiInstaller",
      "timestamp": "2008-07-06T07:37:36+00:00",
      "computer": "JEAN-13FBF038A3",
      "level": "Warning",
      "channel": "AppEvent",
      "record_id": 80,
      "event_data": {
        "String0": "{00000409-78E1-11D2-B60F-006097C998E7}",
        "String1": "OfficeUserData",
        "String2": "{C9AF9050-C8BE-11D1-9C67-0000F81F1B38}",
        "String3": "HKEY_CURRENT_USER\\Software\\Microsoft\\Office\\9.0\\Common\\UserData"
      }
    },
    {
      "source_format": "evt",
      "file": "SysEvent.Evt",
      "event_id": 7036,
      "provider": "Service Control Manager",
      "timestamp": "2008-07-06T07:37:27+00:00",
      "computer": "JEAN-13FBF038A3",
      "level": "Information",
      "channel": "SysEvent",
      "record_id": 246,
      "event_data": {
        "String0": "Windows Installer",
        "String1": "stopped"
      }
    },
    {
      "source_format": "evt",
      "file": "AppEvent.Evt",
      "event_id": 11707,
      "provider": "MsiInstaller",
      "timestamp": "2008-07-06T07:35:36+00:00",
      "computer": "JEAN-13FBF038A3",
      "level": "Information",
      "channel": "AppEvent",
      "record_id": 79,
      "event_data": {
        "String0": "Product: Microsoft Office 2000 Premium -- Installation operation completed successfully.",
        "String1": "(NULL)",
        "String2": "(NULL)",
        "String3": "(NULL)"
      }
    },
    {
      "source_format": "evt",
      "file": "SysEvent.Evt",
      "event_id": 7035,
      "provider": "Service Control Manager",
      "timestamp": "2008-07-06T07:21:53+00:00",
      "computer": "JEAN-13FBF038A3",
      "level": "Information",
      "channel": "SysEvent",
      "record_id": 244,
      "event_data": {
        "String0": "Print Spooler",
        "String1": "start"
      }
    },
    {
      "source_format": "evt",
      "file": "SysEvent.Evt",
      "event_id": 7036,
      "provider": "Service Control Manager",
      "timestamp": "2008-07-06T07:21:53+00:00",
      "computer": "JEAN-13FBF038A3",
      "level": "Information",
      "channel": "SysEvent",
      "record_id": 245,
      "event_data": {
        "String0": "Print Spooler",
        "String1": "running"
      }
    },
    {
      "source_format": "evt",
      "file": "AppEvent.Evt",
      "event_id": 5603,
      "provider": "WinMgmt",
      "timestamp": "2008-07-06T07:21:45+00:00",
      "computer": "JEAN-13FBF038A3",
      "level": "Warning",
      "channel": "AppEvent",
      "record_id": 77,
      "event_data": {
        "String0": "OffProv",
        "String1": "Root\\MSAPPS"
      }
    },
    {
      "source_format": "evt",
      "file": "AppEvent.Evt",
      "event_id": 5603,
      "provider": "WinMgmt",
      "timestamp": "2008-07-06T07:21:45+00:00",
      "computer": "JEAN-13FBF038A3",
      "level": "Warning",
      "channel": "AppEvent",
      "record_id": 78,
      "event_data": {
        "String0": "OffProv",
        "String1": "Root\\MSAPPS"
      }
    },
    {
      "source_format": "evt",
      "file": "SysEvent.Evt",
      "event_id": 7036,
      "provider": "Service Control Manager",
      "timestamp": "2008-07-06T07:20:49+00:00",
      "computer": "JEAN-13FBF038A3",
      "level": "Information",
      "channel": "SysEvent",
      "record_id": 242,
      "event_data": {
        "String0": "Print Spooler",
        "String1": "stopped"
      }
    },
    {
      "source_format": "evt",
      "file": "SysEvent.Evt",
      "event_id": 7035,
      "provider": "Service Control Manager",
      "timestamp": "2008-07-06T07:20:49+00:00",
      "computer": "JEAN-13FBF038A3",
      "level": "Information",
      "channel": "SysEvent",
      "record_id": 243,
      "event_data": {
        "String0": "Print Spooler",
        "String1": "stop"
      }
    },
    {
      "source_format": "evt",
      "file": "SysEvent.Evt",
      "event_id": 7035,
      "provider": "Service Control Manager",
      "timestamp": "2008-07-06T07:19:34+00:00",
      "computer": "JEAN-13FBF038A3",
      "level": "Information",
      "channel": "SysEvent",
      "record_id": 240,
      "event_data": {
        "String0": "Windows Installer",
        "String1": "start"
      }
    },
    {
      "source_format": "evt",
      "file": "SysEvent.Evt",
      "event_id": 7036,
      "provider": "Service Control Manager",
      "timestamp": "2008-07-06T07:19:34+00:00",
      "computer": "JEAN-13FBF038A3",
      "level": "Information",
      "channel": "SysEvent",
      "record_id": 241,
      "event_data": {
        "String0": "Windows Installer",
        "String1": "running"
      }
    },
    {
      "source_format": "evt",
      "file": "SysEvent.Evt",
      "event_id": 7036,
      "provider": "Service Control Manager",
      "timestamp": "2008-07-06T07:19:16+00:00",
      "computer": "JEAN-13FBF038A3",
      "level": "Information",
      "channel": "SysEvent",
      "record_id": 239,
      "event_data": {
        "String0": "IMAPI CD-Burning COM Service",
        "String1": "stopped"
      }
    },
    {
      "source_format": "evt",
      "file": "SysEvent.Evt",
      "event_id": 7035,
      "provider": "Service Control Manager",
      "timestamp": "2008-07-06T07:19:10+00:00",
      "computer": "JEAN-13FBF038A3",
      "level": "Information",
      "channel": "SysEvent",
      "record_id": 237,
      "event_data": {
        "String0": "IMAPI CD-Burning COM Service",
        "String1": "start"
      }
    },
    {
      "source_format": "evt",
      "file": "SysEvent.Evt",
      "event_id": 7036,
      "provider": "Service Control Manager",
      "timestamp": "2008-07-06T07:19:10+00:00",
      "computer": "JEAN-13FBF038A3",
      "level": "Information",
      "channel": "SysEvent",
      "record_id": 238,
      "event_data": {
        "String0": "IMAPI CD-Burning COM Service",
        "String1": "running"
      }
    },
    {
      "source_format": "evt",
      "file": "SysEvent.Evt",
      "event_id": 4201,
      "provider": "Tcpip",
      "timestamp": "2008-07-06T07:18:50+00:00",
      "computer": "JEAN-13FBF038A3",
      "level": "Information",
      "channel": "SysEvent",
      "record_id": 236,
      "event_data": {
        "String0": "",
        "String1": "\\DEVICE\\TCPIP_{75511F16-E7C3-483D-844F-587965FC214F}"
      }
    },
    {
      "source_format": "evt",
      "file": "SysEvent.Evt",
      "event_id": 4202,
      "provider": "Tcpip",
      "timestamp": "2008-07-06T07:18:40+00:00",
      "computer": "JEAN-13FBF038A3",
      "level": "Information",
      "channel": "SysEvent",
      "record_id": 235,
      "event_data": {
        "String0": "",
        "String1": "\\DEVICE\\TCPIP_{75511F16-E7C3-483D-844F-587965FC214F}"
      }
    },
    {
      "source_format": "evt",
      "file": "SysEvent.Evt",
      "event_id": 18,
      "provider": "Windows Update Agent",
      "timestamp": "2008-07-06T07:09:20+00:00",
      "computer": "JEAN-13FBF038A3",
      "level": "Information",
      "channel": "SysEvent",
      "record_id": 234,
      "event_data": {
        "String0": "Monday, July 07, 2008",
        "String1": "3:00 AM",
        "String2": "\n- Cumulative Security Update for ActiveX Killbits for Windows XP (KB950760)\n- Cumulative Security Update for Internet Explorer 6 for Windows XP (KB950759)\n- Security Update for Windows XP (KB950762)\n- Security Update for Windows XP (KB951698)\n- Windows Malicious Software Removal Tool - June 2008 (KB890830)\n- Security Update for Windows XP (KB951376)"
      }
    },
    {
      "source_format": "evt",
      "file": "SysEvent.Evt",
      "event_id": 4201,
      "provider": "Tcpip",
      "timestamp": "2008-07-06T07:08:41+00:00",
      "computer": "JEAN-13FBF038A3",
      "level": "Information",
      "channel": "SysEvent",
      "record_id": 233,
      "event_data": {
        "String0": "",
        "String1": "\\DEVICE\\TCPIP_{75511F16-E7C3-483D-844F-587965FC214F}"
      }
    },
    {
      "source_format": "evt",
      "file": "SysEvent.Evt",
      "event_id": 7036,
      "provider": "Service Control Manager",
      "timestamp": "2008-07-06T07:08:40+00:00",
      "computer": "JEAN-13FBF038A3",
      "level": "Information",
      "channel": "SysEvent",
      "record_id": 232,
      "event_data": {
        "String0": "IMAPI CD-Burning COM Service",
        "String1": "stopped"
      }
    },
    {
      "source_format": "evt",
      "file": "SysEvent.Evt",
      "event_id": 7035,
      "provider": "Service Control Manager",
      "timestamp": "2008-07-06T07:08:34+00:00",
      "computer": "JEAN-13FBF038A3",
      "level": "Information",
      "channel": "SysEvent",
      "record_id": 228,
      "event_data": {
        "String0": "IMAPI CD-Burning COM Service",
        "String1": "start"
      }
    },
    {
      "source_format": "evt",
      "file": "SysEvent.Evt",
      "event_id": 7036,
      "provider": "Service Control Manager",
      "timestamp": "2008-07-06T07:08:34+00:00",
      "computer": "JEAN-13FBF038A3",
      "level": "Information",
      "channel": "SysEvent",
      "record_id": 229,
      "event_data": {
        "String0": "IMAPI CD-Burning COM Service",
        "String1": "running"
      }
    },
    {
      "source_format": "evt",
      "file": "SysEvent.Evt",
      "event_id": 7035,
      "provider": "Service Control Manager",
      "timestamp": "2008-07-06T07:08:34+00:00",
      "computer": "JEAN-13FBF038A3",
      "level": "Information",
      "channel": "SysEvent",
      "record_id": 230,
      "event_data": {
        "String0": "SSDP Discovery Service",
        "String1": "start"
      }
    },
    {
      "source_format": "evt",
      "file": "SysEvent.Evt",
      "event_id": 7036,
      "provider": "Service Control Manager",
      "timestamp": "2008-07-06T07:08:34+00:00",
      "computer": "JEAN-13FBF038A3",
      "level": "Information",
      "channel": "SysEvent",
      "record_id": 231,
      "event_data": {
        "String0": "SSDP Discovery Service",
        "String1": "running"
      }
    },
    {
      "source_format": "evt",
      "file": "SysEvent.Evt",
      "event_id": 7036,
      "provider": "Service Control Manager",
      "timestamp": "2008-07-06T07:08:31+00:00",
      "computer": "JEAN-13FBF038A3",
      "level": "Information",
      "channel": "SysEvent",
      "record_id": 227,
      "event_data": {
        "String0": "Computer Browser",
        "String1": "stopped"
      }
    },
    {
      "source_format": "evt",
      "file": "SysEvent.Evt",
      "event_id": 7036,
      "provider": "Service Control Manager",
      "timestamp": "2008-07-06T07:08:30+00:00",
      "computer": "JEAN-13FBF038A3",
      "level": "Information",
      "channel": "SysEvent",
      "record_id": 224,
      "event_data": {
        "String0": "Network Location Awareness (NLA)",
        "String1": "running"
      }
    },
    {
      "source_format": "evt",
      "file": "SysEvent.Evt",
      "event_id": 7035,
      "provider": "Service Control Manager",
      "timestamp": "2008-07-06T07:08:30+00:00",
      "computer": "JEAN-13FBF038A3",
      "level": "Information",
      "channel": "SysEvent",
      "record_id": 225,
      "event_data": {
        "String0": "Application Layer Gateway Service",
        "String1": "start"
      }
    },
    {
      "source_format": "evt",
      "file": "SysEvent.Evt",
      "event_id": 7036,
      "provider": "Service Control Manager",
      "timestamp": "2008-07-06T07:08:30+00:00",
      "computer": "JEAN-13FBF038A3",
      "level": "Information",
      "channel": "SysEvent",
      "record_id": 226,
      "event_data": {
        "String0": "Application Layer Gateway Service",
        "String1": "running"
      }
    },
    {
      "source_format": "evt",
      "file": "SysEvent.Evt",
      "event_id": 7036,
      "provider": "Service Control Manager",
      "timestamp": "2008-07-06T07:08:29+00:00",
      "computer": "JEAN-13FBF038A3",
      "level": "Information",
      "channel": "SysEvent",
      "record_id": 220,
      "event_data": {
        "String0": "Terminal Services",
        "String1": "running"
      }
    },
    {
      "source_format": "evt",
      "file": "SysEvent.Evt",
      "event_id": 7035,
      "provider": "Service Control Manager",
      "timestamp": "2008-07-06T07:08:29+00:00",
      "computer": "JEAN-13FBF038A3",
      "level": "Information",
      "channel": "SysEvent",
      "record_id": 221,
      "event_data": {
        "String0": "Fast User Switching Compatibility",
        "String1": "start"
      }
    },
    {
      "source_format": "evt",
      "file": "SysEvent.Evt",
      "event_id": 7036,
      "provider": "Service Control Manager",
      "timestamp": "2008-07-06T07:08:29+00:00",
      "computer": "JEAN-13FBF038A3",
      "level": "Information",
      "channel": "SysEvent",
      "record_id": 222,
      "event_data": {
        "String0": "Fast User Switching Compatibility",
        "String1": "running"
      }
    },
    {
      "source_format": "evt",
      "file": "SysEvent.Evt",
      "event_id": 7035,
      "provider": "Service Control Manager",
      "timestamp": "2008-07-06T07:08:29+00:00",
      "computer": "JEAN-13FBF038A3",
      "level": "Information",
      "channel": "SysEvent",
      "record_id": 223,
      "event_data": {
        "String0": "Network Location Awareness (NLA)",
        "String1": "start"
      }
    },
    {
      "source_format": "evt",
      "file": "AppEvent.Evt",
      "event_id": 105,
      "provider": "VMTools",
      "timestamp": "2008-07-06T07:08:28+00:00",
      "computer": "JEAN-13FBF038A3",
      "level": "Information",
      "channel": "AppEvent",
      "record_id": 75,
      "event_data": {}
    },
    {
      "source_format": "evt",
      "file": "AppEvent.Evt",
      "event_id": 1800,
      "provider": "SecurityCenter",
      "timestamp": "2008-07-06T07:08:28+00:00",
      "computer": "JEAN-13FBF038A3",
      "level": "Information",
      "channel": "AppEvent",
      "record_id": 76,
      "event_data": {}
    },
    {
      "source_format": "evt",
      "file": "SysEvent.Evt",
      "event_id": 1,
      "provider": "LGTO_Sync",
      "timestamp": "2008-07-06T07:08:27+00:00",
      "computer": "JEAN-13FBF038A3",
      "level": "Information",
      "channel": "SysEvent",
      "record_id": 219,
      "event_data": {
        "String0": "",
        "String1": "The Driver was loaded successfully "
      }
    },
    {
      "source_format": "evt",
      "file": "SysEvent.Evt",
      "event_id": 6009,
      "provider": "EventLog",
      "timestamp": "2008-07-06T07:08:25+00:00",
      "computer": "JEAN-13FBF038A3",
      "level": "Information",
      "channel": "SysEvent",
      "record_id": 217,
      "event_data": {
        "String0": "5.01.",
        "String1": "2600",
        "String2": "Service Pack 3",
        "String3": "Uniprocessor Free"
      }
    },
    {
      "source_format": "evt",
      "file": "SysEvent.Evt",
      "event_id": 6005,
      "provider": "EventLog",
      "timestamp": "2008-07-06T07:08:25+00:00",
      "computer": "JEAN-13FBF038A3",
      "level": "Information",
      "channel": "SysEvent",
      "record_id": 218,
      "event_data": {}
    },
    {
      "source_format": "evt",
      "file": "SysEvent.Evt",
      "event_id": 6006,
      "provider": "EventLog",
      "timestamp": "2008-07-06T07:08:05+00:00",
      "computer": "JEAN-13FBF038A3",
      "level": "Information",
      "channel": "SysEvent",
      "record_id": 216,
      "event_data": {}
    },
    {
      "source_format": "evt",
      "file": "SysEvent.Evt",
      "event_id": 26,
      "provider": "Application Popup",
      "timestamp": "2008-07-06T07:07:47+00:00",
      "computer": "JEAN-13FBF038A3",
      "level": "Information",
      "channel": "SysEvent",
      "record_id": 215,
      "event_data": {
        "String0": "Windows",
        "String1": "Other people are logged on to this computer. Restarting Windows might cause them to lose data.\r\n\r\nDo you want to continue restarting?"
      }
    },
    {
      "source_format": "evt",
      "file": "SysEvent.Evt",
      "event_id": 7036,
      "provider": "Service Control Manager",
      "timestamp": "2008-07-06T06:21:35+00:00",
      "computer": "JEAN-13FBF038A3",
      "level": "Information",
      "channel": "SysEvent",
      "record_id": 214,
      "event_data": {
        "String0": "Windows Installer",
        "String1": "stopped"
      }
    },
    {
      "source_format": "evt",
      "file": "SysEvent.Evt",
      "event_id": 2504,
      "provider": "Server",
      "timestamp": "2008-07-06T06:12:01+00:00",
      "computer": "JEAN-13FBF038A3",
      "level": "Warning",
      "channel": "SysEvent",
      "record_id": 213,
      "event_data": {
        "String0": "\\Device\\NetBT_Tcpip_{75511F16-E7C3-483D-844F-587965FC214F}"
      }
    },
    {
      "source_format": "evt",
      "file": "SysEvent.Evt",
      "event_id": 7036,
      "provider": "Service Control Manager",
      "timestamp": "2008-07-06T06:11:50+00:00",
      "computer": "JEAN-13FBF038A3",
      "level": "Information",
      "channel": "SysEvent",
      "record_id": 212,
      "event_data": {
        "String0": "IMAPI CD-Burning COM Service",
        "String1": "stopped"
      }
    },
    {
      "source_format": "evt",
      "file": "SysEvent.Evt",
      "event_id": 7035,
      "provider": "Service Control Manager",
      "timestamp": "2008-07-06T06:11:43+00:00",
      "computer": "JEAN-13FBF038A3",
      "level": "Information",
      "channel": "SysEvent",
      "record_id": 210,
      "event_data": {
        "String0": "IMAPI CD-Burning COM Service",
        "String1": "start"
      }
    },
